<?xml version="1.0" encoding="utf-8"?>
<CoverageSession xmlns:xsd="http://www.w3.org/2001/XMLSchema" xmlns:xsi="http://www.w3.org/2001/XMLSchema-instance" Version="0.0.0.0">
  <Summary numSequencePoints="298" visitedSequencePoints="6" numBranchPoints="0" visitedBranchPoints="0" sequenceCoverage="2.01" branchCoverage="0.0" maxCyclomaticComplexity="10" minCyclomaticComplexity="0" maxCrapScore="110" minCrapScore="0" visitedClasses="1" numClasses="12" visitedMethods="1" numMethods="27" />
  <Modules>
    <Module>
      <Summary numSequencePoints="298" visitedSequencePoints="6" numBranchPoints="0" visitedBranchPoints="0" sequenceCoverage="2.01" branchCoverage="0.0" maxCyclomaticComplexity="10" minCyclomaticComplexity="0" maxCrapScore="110" minCrapScore="0" visitedClasses="1" numClasses="12" visitedMethods="1" numMethods="27" />
      <ModuleTime>0001-01-01T00:00:00</ModuleTime>
      <ModuleName>GDX</ModuleName>
      <Files>
        <File uid="1" fullPath="D:/BuildAgent/work/GDX-Documentation/Projects/GDX_Development/Packages/com.dotbunny.gdx/GDX/AddressablesExtensions.cs" />
        <File uid="2" fullPath="D:/BuildAgent/work/GDX-Documentation/Projects/GDX_Development/Packages/com.dotbunny.gdx/GDX/Array2DExtensions.cs" />
        <File uid="3" fullPath="D:/BuildAgent/work/GDX-Documentation/Projects/GDX_Development/Packages/com.dotbunny.gdx/GDX/ArrayExtensions.cs" />
        <File uid="4" fullPath="D:/BuildAgent/work/GDX-Documentation/Projects/GDX_Development/Packages/com.dotbunny.gdx/GDX/BoxColliderExtensions.cs" />
        <File uid="5" fullPath="D:/BuildAgent/work/GDX-Documentation/Projects/GDX_Development/Packages/com.dotbunny.gdx/GDX/ByteExtensions.cs" />
        <File uid="6" fullPath="D:/BuildAgent/work/GDX-Documentation/Projects/GDX_Development/Packages/com.dotbunny.gdx/GDX/CameraExtensions.cs" />
        <File uid="7" fullPath="D:/BuildAgent/work/GDX-Documentation/Projects/GDX_Development/Packages/com.dotbunny.gdx/GDX/CapsuleColliderExtensions.cs" />
        <File uid="8" fullPath="D:/BuildAgent/work/GDX-Documentation/Projects/GDX_Development/Packages/com.dotbunny.gdx/GDX/Config.cs" />
        <File uid="9" fullPath="D:/BuildAgent/work/GDX-Documentation/Projects/GDX_Development/Packages/com.dotbunny.gdx/GDX/Core.cs" />
        <File uid="10" fullPath="D:/BuildAgent/work/GDX-Documentation/Projects/GDX_Development/Packages/com.dotbunny.gdx/GDX/Display.cs" />
        <File uid="11" fullPath="D:/BuildAgent/work/GDX-Documentation/Projects/GDX_Development/Packages/com.dotbunny.gdx/GDX/EnumExtensions.cs" />
        <File uid="12" fullPath="D:/BuildAgent/work/GDX-Documentation/Projects/GDX_Development/Packages/com.dotbunny.gdx/GDX/GameObjectExtensions.cs" />
        <File uid="13" fullPath="D:/BuildAgent/work/GDX-Documentation/Projects/GDX_Development/Packages/com.dotbunny.gdx/GDX/IListExtensions.cs" />
        <File uid="14" fullPath="D:/BuildAgent/work/GDX-Documentation/Projects/GDX_Development/Packages/com.dotbunny.gdx/GDX/ITableExtensions.cs" />
        <File uid="15" fullPath="D:/BuildAgent/work/GDX-Documentation/Projects/GDX_Development/Packages/com.dotbunny.gdx/GDX/Localization.cs" />
        <File uid="16" fullPath="D:/BuildAgent/work/GDX-Documentation/Projects/GDX_Development/Packages/com.dotbunny.gdx/GDX/Memory.cs" />
        <File uid="17" fullPath="D:/BuildAgent/work/GDX-Documentation/Projects/GDX_Development/Packages/com.dotbunny.gdx/GDX/MeshExtensions.cs" />
        <File uid="18" fullPath="D:/BuildAgent/work/GDX-Documentation/Projects/GDX_Development/Packages/com.dotbunny.gdx/GDX/ObjectExtensions.cs" />
        <File uid="19" fullPath="D:/BuildAgent/work/GDX-Documentation/Projects/GDX_Development/Packages/com.dotbunny.gdx/GDX/Platform.cs" />
        <File uid="20" fullPath="D:/BuildAgent/work/GDX-Documentation/Projects/GDX_Development/Packages/com.dotbunny.gdx/GDX/PlayerLoopSystemExtensions.cs" />
        <File uid="21" fullPath="D:/BuildAgent/work/GDX-Documentation/Projects/GDX_Development/Packages/com.dotbunny.gdx/GDX/Reflection.cs" />
        <File uid="22" fullPath="D:/BuildAgent/work/GDX-Documentation/Projects/GDX_Development/Packages/com.dotbunny.gdx/GDX/RigidbodyExtensions.cs" />
        <File uid="23" fullPath="D:/BuildAgent/work/GDX-Documentation/Projects/GDX_Development/Packages/com.dotbunny.gdx/GDX/SegmentedString.cs" />
        <File uid="24" fullPath="D:/BuildAgent/work/GDX-Documentation/Projects/GDX_Development/Packages/com.dotbunny.gdx/GDX/Serializable.cs" />
        <File uid="25" fullPath="D:/BuildAgent/work/GDX-Documentation/Projects/GDX_Development/Packages/com.dotbunny.gdx/GDX/SimpleListExtensions.cs" />
        <File uid="26" fullPath="D:/BuildAgent/work/GDX-Documentation/Projects/GDX_Development/Packages/com.dotbunny.gdx/GDX/Space.cs" />
        <File uid="27" fullPath="D:/BuildAgent/work/GDX-Documentation/Projects/GDX_Development/Packages/com.dotbunny.gdx/GDX/StringExtensions.cs" />
        <File uid="28" fullPath="D:/BuildAgent/work/GDX-Documentation/Projects/GDX_Development/Packages/com.dotbunny.gdx/GDX/Trace.cs" />
        <File uid="29" fullPath="D:/BuildAgent/work/GDX-Documentation/Projects/GDX_Development/Packages/com.dotbunny.gdx/GDX/TransformExtensions.cs" />
        <File uid="30" fullPath="D:/BuildAgent/work/GDX-Documentation/Projects/GDX_Development/Packages/com.dotbunny.gdx/GDX/Vector2Extensions.cs" />
        <File uid="31" fullPath="D:/BuildAgent/work/GDX-Documentation/Projects/GDX_Development/Packages/com.dotbunny.gdx/GDX/Vector3Extensions.cs" />
        <File uid="32" fullPath="D:/BuildAgent/work/GDX-Documentation/Projects/GDX_Development/Packages/com.dotbunny.gdx/GDX/Threading/TaskBase.cs" />
        <File uid="33" fullPath="D:/BuildAgent/work/GDX-Documentation/Projects/GDX_Development/Packages/com.dotbunny.gdx/GDX/Threading/TaskDirector.cs" />
        <File uid="34" fullPath="D:/BuildAgent/work/GDX-Documentation/Projects/GDX_Development/Packages/com.dotbunny.gdx/GDX/Threading/TaskDirectorSystem.cs" />
        <File uid="35" fullPath="D:/BuildAgent/work/GDX-Documentation/Projects/GDX_Development/Packages/com.dotbunny.gdx/GDX/Tables/StableTable.cs" />
        <File uid="36" fullPath="D:/BuildAgent/work/GDX-Documentation/Projects/GDX_Development/Packages/com.dotbunny.gdx/GDX/Tables/CellValues/AnimationCurveCellValue.cs" />
        <File uid="37" fullPath="D:/BuildAgent/work/GDX-Documentation/Projects/GDX_Development/Packages/com.dotbunny.gdx/GDX/Tables/CellValues/BoolCellValue.cs" />
        <File uid="38" fullPath="D:/BuildAgent/work/GDX-Documentation/Projects/GDX_Development/Packages/com.dotbunny.gdx/GDX/Tables/CellValues/BoundsCellValue.cs" />
        <File uid="39" fullPath="D:/BuildAgent/work/GDX-Documentation/Projects/GDX_Development/Packages/com.dotbunny.gdx/GDX/Tables/CellValues/BoundsIntCellValue.cs" />
        <File uid="40" fullPath="D:/BuildAgent/work/GDX-Documentation/Projects/GDX_Development/Packages/com.dotbunny.gdx/GDX/Tables/CellValues/ByteCellValue.cs" />
        <File uid="41" fullPath="D:/BuildAgent/work/GDX-Documentation/Projects/GDX_Development/Packages/com.dotbunny.gdx/GDX/Tables/CellValues/CharCellValue.cs" />
        <File uid="42" fullPath="D:/BuildAgent/work/GDX-Documentation/Projects/GDX_Development/Packages/com.dotbunny.gdx/GDX/Tables/CellValues/ColorCellValue.cs" />
        <File uid="43" fullPath="D:/BuildAgent/work/GDX-Documentation/Projects/GDX_Development/Packages/com.dotbunny.gdx/GDX/Tables/CellValues/DoubleCellValue.cs" />
        <File uid="44" fullPath="D:/BuildAgent/work/GDX-Documentation/Projects/GDX_Development/Packages/com.dotbunny.gdx/GDX/Tables/CellValues/FloatCellValue.cs" />
        <File uid="45" fullPath="D:/BuildAgent/work/GDX-Documentation/Projects/GDX_Development/Packages/com.dotbunny.gdx/GDX/Tables/CellValues/GradientCellValue.cs" />
        <File uid="46" fullPath="D:/BuildAgent/work/GDX-Documentation/Projects/GDX_Development/Packages/com.dotbunny.gdx/GDX/Tables/CellValues/Hash128CellValue.cs" />
        <File uid="47" fullPath="D:/BuildAgent/work/GDX-Documentation/Projects/GDX_Development/Packages/com.dotbunny.gdx/GDX/Tables/CellValues/IntCellValue.cs" />
        <File uid="48" fullPath="D:/BuildAgent/work/GDX-Documentation/Projects/GDX_Development/Packages/com.dotbunny.gdx/GDX/Tables/CellValues/LayerMaskCellValue.cs" />
        <File uid="49" fullPath="D:/BuildAgent/work/GDX-Documentation/Projects/GDX_Development/Packages/com.dotbunny.gdx/GDX/Tables/CellValues/LongCellValue.cs" />
        <File uid="50" fullPath="D:/BuildAgent/work/GDX-Documentation/Projects/GDX_Development/Packages/com.dotbunny.gdx/GDX/Tables/CellValues/ObjectCellValue.cs" />
        <File uid="51" fullPath="D:/BuildAgent/work/GDX-Documentation/Projects/GDX_Development/Packages/com.dotbunny.gdx/GDX/Tables/CellValues/QuaternionCellValue.cs" />
        <File uid="52" fullPath="D:/BuildAgent/work/GDX-Documentation/Projects/GDX_Development/Packages/com.dotbunny.gdx/GDX/Tables/CellValues/RectCellValue.cs" />
        <File uid="53" fullPath="D:/BuildAgent/work/GDX-Documentation/Projects/GDX_Development/Packages/com.dotbunny.gdx/GDX/Tables/CellValues/RectIntCellValue.cs" />
        <File uid="54" fullPath="D:/BuildAgent/work/GDX-Documentation/Projects/GDX_Development/Packages/com.dotbunny.gdx/GDX/Tables/CellValues/SByteCellValue.cs" />
        <File uid="55" fullPath="D:/BuildAgent/work/GDX-Documentation/Projects/GDX_Development/Packages/com.dotbunny.gdx/GDX/Tables/CellValues/ShortCellValue.cs" />
        <File uid="56" fullPath="D:/BuildAgent/work/GDX-Documentation/Projects/GDX_Development/Packages/com.dotbunny.gdx/GDX/Tables/CellValues/StringCellValue.cs" />
        <File uid="57" fullPath="D:/BuildAgent/work/GDX-Documentation/Projects/GDX_Development/Packages/com.dotbunny.gdx/GDX/Tables/CellValues/UIntCellValue.cs" />
        <File uid="58" fullPath="D:/BuildAgent/work/GDX-Documentation/Projects/GDX_Development/Packages/com.dotbunny.gdx/GDX/Tables/CellValues/ULongCellValue.cs" />
        <File uid="59" fullPath="D:/BuildAgent/work/GDX-Documentation/Projects/GDX_Development/Packages/com.dotbunny.gdx/GDX/Tables/CellValues/UShortCellValue.cs" />
        <File uid="60" fullPath="D:/BuildAgent/work/GDX-Documentation/Projects/GDX_Development/Packages/com.dotbunny.gdx/GDX/Tables/CellValues/Vector2CellValue.cs" />
        <File uid="61" fullPath="D:/BuildAgent/work/GDX-Documentation/Projects/GDX_Development/Packages/com.dotbunny.gdx/GDX/Tables/CellValues/Vector2IntCellValue.cs" />
        <File uid="62" fullPath="D:/BuildAgent/work/GDX-Documentation/Projects/GDX_Development/Packages/com.dotbunny.gdx/GDX/Tables/CellValues/Vector3CellValue.cs" />
        <File uid="63" fullPath="D:/BuildAgent/work/GDX-Documentation/Projects/GDX_Development/Packages/com.dotbunny.gdx/GDX/Tables/CellValues/Vector3IntCellValue.cs" />
        <File uid="64" fullPath="D:/BuildAgent/work/GDX-Documentation/Projects/GDX_Development/Packages/com.dotbunny.gdx/GDX/Tables/CellValues/Vector4CellValue.cs" />
        <File uid="65" fullPath="D:/BuildAgent/work/GDX-Documentation/Projects/GDX_Development/Packages/com.dotbunny.gdx/GDX/Rendering/ShaderProvider.cs" />
        <File uid="66" fullPath="D:/BuildAgent/work/GDX-Documentation/Projects/GDX_Development/Packages/com.dotbunny.gdx/GDX/Mathematics/Byte2.cs" />
        <File uid="67" fullPath="D:/BuildAgent/work/GDX-Documentation/Projects/GDX_Development/Packages/com.dotbunny.gdx/GDX/Mathematics/FibonacciHash.cs" />
        <File uid="68" fullPath="D:/BuildAgent/work/GDX-Documentation/Projects/GDX_Development/Packages/com.dotbunny.gdx/GDX/Mathematics/Range.cs" />
        <File uid="69" fullPath="D:/BuildAgent/work/GDX-Documentation/Projects/GDX_Development/Packages/com.dotbunny.gdx/GDX/Mathematics/Rotate.cs" />
        <File uid="70" fullPath="D:/BuildAgent/work/GDX-Documentation/Projects/GDX_Development/Packages/com.dotbunny.gdx/GDX/Mathematics/Smooth.cs" />
        <File uid="71" fullPath="D:/BuildAgent/work/GDX-Documentation/Projects/GDX_Development/Packages/com.dotbunny.gdx/GDX/Mathematics/Random/RandomAdaptor.cs" />
        <File uid="72" fullPath="D:/BuildAgent/work/GDX-Documentation/Projects/GDX_Development/Packages/com.dotbunny.gdx/GDX/Mathematics/Random/RandomWrapper.cs" />
        <File uid="73" fullPath="D:/BuildAgent/work/GDX-Documentation/Projects/GDX_Development/Packages/com.dotbunny.gdx/GDX/Mathematics/Random/WELL1024a.cs" />
        <File uid="74" fullPath="D:/BuildAgent/work/GDX-Documentation/Projects/GDX_Development/Packages/com.dotbunny.gdx/GDX/Jobs/ParallelFor/Color32CompareJob.cs" />
        <File uid="75" fullPath="D:/BuildAgent/work/GDX-Documentation/Projects/GDX_Development/Packages/com.dotbunny.gdx/GDX/Jobs/ParallelFor/Color32MatchJob.cs" />
        <File uid="76" fullPath="D:/BuildAgent/work/GDX-Documentation/Projects/GDX_Development/Packages/com.dotbunny.gdx/GDX/Jobs/ParallelFor/ColorCompareJob.cs" />
        <File uid="77" fullPath="D:/BuildAgent/work/GDX-Documentation/Projects/GDX_Development/Packages/com.dotbunny.gdx/GDX/Jobs/ParallelFor/ColorMatchJob.cs" />
        <File uid="78" fullPath="D:/BuildAgent/work/GDX-Documentation/Projects/GDX_Development/Packages/com.dotbunny.gdx/GDX/Jobs/ParallelFor/IntegerBufferCopyJob.cs" />
        <File uid="79" fullPath="D:/BuildAgent/work/GDX-Documentation/Projects/GDX_Development/Packages/com.dotbunny.gdx/GDX/Jobs/ParallelFor/IntegerBufferFillJob.cs" />
        <File uid="80" fullPath="D:/BuildAgent/work/GDX-Documentation/Projects/GDX_Development/Packages/com.dotbunny.gdx/GDX/Jobs/ParallelFor/IntegerBufferSwapJob.cs" />
        <File uid="81" fullPath="D:/BuildAgent/work/GDX-Documentation/Projects/GDX_Development/Packages/com.dotbunny.gdx/GDX/IO/CoalesceStream.cs" />
        <File uid="82" fullPath="D:/BuildAgent/work/GDX-Documentation/Projects/GDX_Development/Packages/com.dotbunny.gdx/GDX/IO/Compression/TarFile.cs" />
        <File uid="83" fullPath="D:/BuildAgent/work/GDX-Documentation/Projects/GDX_Development/Packages/com.dotbunny.gdx/GDX/Developer/CommandLineParser.cs" />
        <File uid="84" fullPath="D:/BuildAgent/work/GDX-Documentation/Projects/GDX_Development/Packages/com.dotbunny.gdx/GDX/Developer/DebugDraw.cs" />
        <File uid="85" fullPath="D:/BuildAgent/work/GDX-Documentation/Projects/GDX_Development/Packages/com.dotbunny.gdx/GDX/Developer/DebugDrawBuffer.cs" />
        <File uid="86" fullPath="D:/BuildAgent/work/GDX-Documentation/Projects/GDX_Development/Packages/com.dotbunny.gdx/GDX/Developer/DebugDrawShapes.cs" />
        <File uid="87" fullPath="D:/BuildAgent/work/GDX-Documentation/Projects/GDX_Development/Packages/com.dotbunny.gdx/GDX/Developer/InputProxy.cs" />
        <File uid="88" fullPath="D:/BuildAgent/work/GDX-Documentation/Projects/GDX_Development/Packages/com.dotbunny.gdx/GDX/Developer/Profiling.cs" />
        <File uid="89" fullPath="D:/BuildAgent/work/GDX-Documentation/Projects/GDX_Development/Packages/com.dotbunny.gdx/GDX/Developer/SemanticVersion.cs" />
        <File uid="90" fullPath="D:/BuildAgent/work/GDX-Documentation/Projects/GDX_Development/Packages/com.dotbunny.gdx/GDX/Developer/TextGenerator.cs" />
        <File uid="91" fullPath="D:/BuildAgent/work/GDX-Documentation/Projects/GDX_Development/Packages/com.dotbunny.gdx/GDX/Developer/TransientReference.cs" />
        <File uid="92" fullPath="D:/BuildAgent/work/GDX-Documentation/Projects/GDX_Development/Packages/com.dotbunny.gdx/GDX/Developer/Reports/BuildVerificationReport.cs" />
        <File uid="93" fullPath="D:/BuildAgent/work/GDX-Documentation/Projects/GDX_Development/Packages/com.dotbunny.gdx/GDX/Developer/Reports/NUnitReport.cs" />
        <File uid="94" fullPath="D:/BuildAgent/work/GDX-Documentation/Projects/GDX_Development/Packages/com.dotbunny.gdx/GDX/Developer/Reports/ResourcesAuditReport.cs" />
        <File uid="95" fullPath="D:/BuildAgent/work/GDX-Documentation/Projects/GDX_Development/Packages/com.dotbunny.gdx/GDX/Developer/Reports/ResourcesDiffReport.cs" />
        <File uid="96" fullPath="D:/BuildAgent/work/GDX-Documentation/Projects/GDX_Development/Packages/com.dotbunny.gdx/GDX/Developer/Reports/Resource/IntegerDiff.cs" />
        <File uid="97" fullPath="D:/BuildAgent/work/GDX-Documentation/Projects/GDX_Development/Packages/com.dotbunny.gdx/GDX/Developer/Reports/Resource/LongDiff.cs" />
        <File uid="98" fullPath="D:/BuildAgent/work/GDX-Documentation/Projects/GDX_Development/Packages/com.dotbunny.gdx/GDX/Developer/Reports/Resource/ResourceReport.cs" />
        <File uid="99" fullPath="D:/BuildAgent/work/GDX-Documentation/Projects/GDX_Development/Packages/com.dotbunny.gdx/GDX/Developer/Reports/Resource/ResourceReportContext.cs" />
        <File uid="100" fullPath="D:/BuildAgent/work/GDX-Documentation/Projects/GDX_Development/Packages/com.dotbunny.gdx/GDX/Developer/Reports/Resource/Sections/ApplicationSection.cs" />
        <File uid="101" fullPath="D:/BuildAgent/work/GDX-Documentation/Projects/GDX_Development/Packages/com.dotbunny.gdx/GDX/Developer/Reports/Resource/Sections/MemoryDiffSection.cs" />
        <File uid="102" fullPath="D:/BuildAgent/work/GDX-Documentation/Projects/GDX_Development/Packages/com.dotbunny.gdx/GDX/Developer/Reports/Resource/Sections/MemorySection.cs" />
        <File uid="103" fullPath="D:/BuildAgent/work/GDX-Documentation/Projects/GDX_Development/Packages/com.dotbunny.gdx/GDX/Developer/Reports/Resource/Objects/AssetBundleObjectInfo.cs" />
        <File uid="104" fullPath="D:/BuildAgent/work/GDX-Documentation/Projects/GDX_Development/Packages/com.dotbunny.gdx/GDX/Developer/Reports/Resource/Objects/MeshObjectInfo.cs" />
        <File uid="105" fullPath="D:/BuildAgent/work/GDX-Documentation/Projects/GDX_Development/Packages/com.dotbunny.gdx/GDX/Developer/Reports/Resource/Objects/ObjectInfo.cs" />
        <File uid="106" fullPath="D:/BuildAgent/work/GDX-Documentation/Projects/GDX_Development/Packages/com.dotbunny.gdx/GDX/Developer/Reports/Resource/Objects/ObjectInfoFactory.cs" />
        <File uid="107" fullPath="D:/BuildAgent/work/GDX-Documentation/Projects/GDX_Development/Packages/com.dotbunny.gdx/GDX/Developer/Reports/Resource/Objects/ShaderObjectInfo.cs" />
        <File uid="108" fullPath="D:/BuildAgent/work/GDX-Documentation/Projects/GDX_Development/Packages/com.dotbunny.gdx/GDX/Developer/Reports/Resource/Objects/TextureObjectInfo.cs" />
        <File uid="109" fullPath="D:/BuildAgent/work/GDX-Documentation/Projects/GDX_Development/Packages/com.dotbunny.gdx/GDX/Developer/Reports/BuildVerification/SimpleTestBehaviour.cs" />
        <File uid="110" fullPath="D:/BuildAgent/work/GDX-Documentation/Projects/GDX_Development/Packages/com.dotbunny.gdx/GDX/Developer/Reports/BuildVerification/TestRunner.cs" />
        <File uid="111" fullPath="D:/BuildAgent/work/GDX-Documentation/Projects/GDX_Development/Packages/com.dotbunny.gdx/GDX/Developer/Reports/BuildVerification/TestScene.cs" />
        <File uid="112" fullPath="D:/BuildAgent/work/GDX-Documentation/Projects/GDX_Development/Packages/com.dotbunny.gdx/GDX/Collections/ArrayHolder.cs" />
        <File uid="113" fullPath="D:/BuildAgent/work/GDX-Documentation/Projects/GDX_Development/Packages/com.dotbunny.gdx/GDX/Collections/BitArray128.cs" />
        <File uid="114" fullPath="D:/BuildAgent/work/GDX-Documentation/Projects/GDX_Development/Packages/com.dotbunny.gdx/GDX/Collections/BitArray16.cs" />
        <File uid="115" fullPath="D:/BuildAgent/work/GDX-Documentation/Projects/GDX_Development/Packages/com.dotbunny.gdx/GDX/Collections/BitArray256.cs" />
        <File uid="116" fullPath="D:/BuildAgent/work/GDX-Documentation/Projects/GDX_Development/Packages/com.dotbunny.gdx/GDX/Collections/BitArray32.cs" />
        <File uid="117" fullPath="D:/BuildAgent/work/GDX-Documentation/Projects/GDX_Development/Packages/com.dotbunny.gdx/GDX/Collections/BitArray512.cs" />
        <File uid="118" fullPath="D:/BuildAgent/work/GDX-Documentation/Projects/GDX_Development/Packages/com.dotbunny.gdx/GDX/Collections/BitArray64.cs" />
        <File uid="119" fullPath="D:/BuildAgent/work/GDX-Documentation/Projects/GDX_Development/Packages/com.dotbunny.gdx/GDX/Collections/BitArray8.cs" />
        <File uid="120" fullPath="D:/BuildAgent/work/GDX-Documentation/Projects/GDX_Development/Packages/com.dotbunny.gdx/GDX/Collections/FreeList.cs" />
        <File uid="121" fullPath="D:/BuildAgent/work/GDX-Documentation/Projects/GDX_Development/Packages/com.dotbunny.gdx/GDX/Collections/NativeArraySparseSet.cs" />
        <File uid="122" fullPath="D:/BuildAgent/work/GDX-Documentation/Projects/GDX_Development/Packages/com.dotbunny.gdx/GDX/Collections/SparseSet.cs" />
        <File uid="123" fullPath="D:/BuildAgent/work/GDX-Documentation/Projects/GDX_Development/Packages/com.dotbunny.gdx/GDX/Collections/UnsafeSparseSet.cs" />
        <File uid="124" fullPath="D:/BuildAgent/work/GDX-Documentation/Projects/GDX_Development/Packages/com.dotbunny.gdx/GDX/Collections/Pooling/ArrayPool.cs" />
        <File uid="125" fullPath="D:/BuildAgent/work/GDX-Documentation/Projects/GDX_Development/Packages/com.dotbunny.gdx/GDX/Collections/Pooling/GameObjectPool.cs" />
        <File uid="126" fullPath="D:/BuildAgent/work/GDX-Documentation/Projects/GDX_Development/Packages/com.dotbunny.gdx/GDX/Collections/Pooling/ManagedPoolBuilder.cs" />
        <File uid="127" fullPath="D:/BuildAgent/work/GDX-Documentation/Projects/GDX_Development/Packages/com.dotbunny.gdx/GDX/Collections/Pooling/ManagedPools.cs" />
        <File uid="128" fullPath="D:/BuildAgent/work/GDX-Documentation/Projects/GDX_Development/Packages/com.dotbunny.gdx/GDX/Collections/Pooling/SimpleListManagedPool.cs" />
        <File uid="129" fullPath="D:/BuildAgent/work/GDX-Documentation/Projects/GDX_Development/Packages/com.dotbunny.gdx/GDX/Collections/Generic/Array2D.cs" />
        <File uid="130" fullPath="D:/BuildAgent/work/GDX-Documentation/Projects/GDX_Development/Packages/com.dotbunny.gdx/GDX/Collections/Generic/Array3D.cs" />
        <File uid="131" fullPath="D:/BuildAgent/work/GDX-Documentation/Projects/GDX_Development/Packages/com.dotbunny.gdx/GDX/Collections/Generic/CircularBuffer.cs" />
        <File uid="132" fullPath="D:/BuildAgent/work/GDX-Documentation/Projects/GDX_Development/Packages/com.dotbunny.gdx/GDX/Collections/Generic/CoalesceArray.cs" />
        <File uid="133" fullPath="D:/BuildAgent/work/GDX-Documentation/Projects/GDX_Development/Packages/com.dotbunny.gdx/GDX/Collections/Generic/DictionaryPrimes.cs" />
        <File uid="134" fullPath="D:/BuildAgent/work/GDX-Documentation/Projects/GDX_Development/Packages/com.dotbunny.gdx/GDX/Collections/Generic/IntKeyDictionary.cs" />
        <File uid="135" fullPath="D:/BuildAgent/work/GDX-Documentation/Projects/GDX_Development/Packages/com.dotbunny.gdx/GDX/Collections/Generic/NativeArray2D.cs" />
        <File uid="136" fullPath="D:/BuildAgent/work/GDX-Documentation/Projects/GDX_Development/Packages/com.dotbunny.gdx/GDX/Collections/Generic/NativeArray3D.cs" />
        <File uid="137" fullPath="D:/BuildAgent/work/GDX-Documentation/Projects/GDX_Development/Packages/com.dotbunny.gdx/GDX/Collections/Generic/NativeUniformArray3D.cs" />
        <File uid="138" fullPath="D:/BuildAgent/work/GDX-Documentation/Projects/GDX_Development/Packages/com.dotbunny.gdx/GDX/Collections/Generic/SerializableDictionary.cs" />
        <File uid="139" fullPath="D:/BuildAgent/work/GDX-Documentation/Projects/GDX_Development/Packages/com.dotbunny.gdx/GDX/Collections/Generic/SimpleList.cs" />
        <File uid="140" fullPath="D:/BuildAgent/work/GDX-Documentation/Projects/GDX_Development/Packages/com.dotbunny.gdx/GDX/Collections/Generic/StringKeyDictionary.cs" />
        <File uid="141" fullPath="D:/BuildAgent/work/GDX-Documentation/Projects/GDX_Development/Packages/com.dotbunny.gdx/GDX/Collections/Generic/UniformArray3D.cs" />
        <File uid="142" fullPath="D:/BuildAgent/work/GDX-Documentation/Projects/GDX_Development/Packages/com.dotbunny.gdx/GDX/Threading/TaskExtensions.cs" />
        <File uid="143" fullPath="D:/BuildAgent/work/GDX-Documentation/Projects/GDX_Development/Packages/com.dotbunny.gdx/GDX/Threading/WaitFor.cs" />
        <File uid="144" fullPath="D:/BuildAgent/work/GDX-Documentation/Projects/GDX_Development/Packages/com.dotbunny.gdx/GDX/Threading/WaitWhile.cs" />
      </Files>
      <Classes>
        <Class>
          <Summary numSequencePoints="99" visitedSequencePoints="0" numBranchPoints="0" visitedBranchPoints="0" sequenceCoverage="0.0" branchCoverage="0.0" maxCyclomaticComplexity="3" minCyclomaticComplexity="1" maxCrapScore="12" minCrapScore="2" visitedClasses="0" numClasses="1" visitedMethods="0" numMethods="9" />
          <FullName>GDX.ArrayExtensions</FullName>
          <Methods>
            <Method visited="false" cyclomaticComplexity="1" nPathComplexity="0" sequenceCoverage="0.0" branchCoverage="0" crapScore="2" isConstructor="false" isStatic="true" isGetter="false" isSetter="false">
              <Summary numSequencePoints="3" visitedSequencePoints="0" numBranchPoints="0" visitedBranchPoints="0" sequenceCoverage="0.0" branchCoverage="0" maxCyclomaticComplexity="1" minCyclomaticComplexity="1" maxCrapScore="2" minCrapScore="2" visitedClasses="0" numClasses="0" visitedMethods="0" numMethods="1" />
              <MetadataToken>100663305</MetadataToken>
              <Name>static System.Void GDX.ArrayExtensions::Clear[T]()</Name>
              <FileRef uid="3" />
              <SequencePoints>
                <SequencePoint vc="0" uspid="4815507" ordinal="0" offset="0" sl="26" sc="0" el="26" ec="0" bec="0" bev="0" fileid="3">
                  <TrackedMethodRefs>
                    <TrackedMethodRef uid="0" vc="0" />
                  </TrackedMethodRefs>
                </SequencePoint>
                <SequencePoint vc="0" uspid="4815508" ordinal="0" offset="1" sl="27" sc="0" el="27" ec="0" bec="0" bev="0" fileid="3">
                  <TrackedMethodRefs>
                    <TrackedMethodRef uid="0" vc="0" />
                  </TrackedMethodRefs>
                </SequencePoint>
                <SequencePoint vc="0" uspid="4815509" ordinal="0" offset="12" sl="28" sc="0" el="28" ec="0" bec="0" bev="0" fileid="3">
                  <TrackedMethodRefs>
                    <TrackedMethodRef uid="0" vc="0" />
                  </TrackedMethodRefs>
                </SequencePoint>
              </SequencePoints>
              <BranchPoints />
            </Method>
            <Method visited="false" cyclomaticComplexity="3" nPathComplexity="0" sequenceCoverage="0.0" branchCoverage="0" crapScore="12" isConstructor="false" isStatic="true" isGetter="false" isSetter="false">
              <Summary numSequencePoints="12" visitedSequencePoints="0" numBranchPoints="0" visitedBranchPoints="0" sequenceCoverage="0.0" branchCoverage="0" maxCyclomaticComplexity="3" minCyclomaticComplexity="3" maxCrapScore="12" minCrapScore="12" visitedClasses="0" numClasses="0" visitedMethods="0" numMethods="1" />
              <MetadataToken>100663306</MetadataToken>
              <Name>static System.Boolean GDX.ArrayExtensions::ContainsItem[T](, T)</Name>
              <FileRef uid="3" />
              <SequencePoints>
                <SequencePoint vc="0" uspid="4815510" ordinal="0" offset="0" sl="39" sc="0" el="39" ec="0" bec="0" bev="0" fileid="3">
                  <TrackedMethodRefs>
                    <TrackedMethodRef uid="0" vc="0" />
                  </TrackedMethodRefs>
                </SequencePoint>
                <SequencePoint vc="0" uspid="4815511" ordinal="0" offset="1" sl="40" sc="0" el="40" ec="0" bec="0" bev="0" fileid="3">
                  <TrackedMethodRefs>
                    <TrackedMethodRef uid="0" vc="0" />
                  </TrackedMethodRefs>
                </SequencePoint>
                <SequencePoint vc="0" uspid="4815512" ordinal="0" offset="5" sl="41" sc="0" el="41" ec="0" bec="0" bev="0" fileid="3">
                  <TrackedMethodRefs>
                    <TrackedMethodRef uid="0" vc="0" />
                  </TrackedMethodRefs>
                </SequencePoint>
                <SequencePoint vc="0" uspid="4815513" ordinal="0" offset="9" sl="42" sc="0" el="42" ec="0" bec="0" bev="0" fileid="3">
                  <TrackedMethodRefs>
                    <TrackedMethodRef uid="0" vc="0" />
                  </TrackedMethodRefs>
                </SequencePoint>
                <SequencePoint vc="0" uspid="4815514" ordinal="0" offset="10" sl="43" sc="0" el="43" ec="0" bec="0" bev="0" fileid="3">
                  <TrackedMethodRefs>
                    <TrackedMethodRef uid="0" vc="0" />
                  </TrackedMethodRefs>
                </SequencePoint>
                <SequencePoint vc="0" uspid="4815515" ordinal="0" offset="34" sl="44" sc="0" el="44" ec="0" bec="0" bev="0" fileid="3">
                  <TrackedMethodRefs>
                    <TrackedMethodRef uid="0" vc="0" />
                  </TrackedMethodRefs>
                </SequencePoint>
                <SequencePoint vc="0" uspid="4815516" ordinal="0" offset="35" sl="45" sc="0" el="45" ec="0" bec="0" bev="0" fileid="3">
                  <TrackedMethodRefs>
                    <TrackedMethodRef uid="0" vc="0" />
                  </TrackedMethodRefs>
                </SequencePoint>
                <SequencePoint vc="0" uspid="4815517" ordinal="0" offset="39" sl="47" sc="0" el="47" ec="0" bec="0" bev="0" fileid="3">
                  <TrackedMethodRefs>
                    <TrackedMethodRef uid="0" vc="0" />
                  </TrackedMethodRefs>
                </SequencePoint>
                <SequencePoint vc="0" uspid="4815518" ordinal="0" offset="40" sl="41" sc="0" el="41" ec="0" bec="0" bev="0" fileid="3">
                  <TrackedMethodRefs>
                    <TrackedMethodRef uid="0" vc="0" />
                  </TrackedMethodRefs>
                </SequencePoint>
                <SequencePoint vc="0" uspid="4815519" ordinal="0" offset="44" sl="41" sc="0" el="41" ec="0" bec="0" bev="0" fileid="3">
                  <TrackedMethodRefs>
                    <TrackedMethodRef uid="0" vc="0" />
                  </TrackedMethodRefs>
                </SequencePoint>
                <SequencePoint vc="0" uspid="4815520" ordinal="0" offset="54" sl="48" sc="0" el="48" ec="0" bec="0" bev="0" fileid="3">
                  <TrackedMethodRefs>
                    <TrackedMethodRef uid="0" vc="0" />
                  </TrackedMethodRefs>
                </SequencePoint>
                <SequencePoint vc="0" uspid="4815521" ordinal="0" offset="58" sl="49" sc="0" el="49" ec="0" bec="0" bev="0" fileid="3">
                  <TrackedMethodRefs>
                    <TrackedMethodRef uid="0" vc="0" />
                  </TrackedMethodRefs>
                </SequencePoint>
              </SequencePoints>
              <BranchPoints />
            </Method>
            <Method visited="false" cyclomaticComplexity="3" nPathComplexity="0" sequenceCoverage="0.0" branchCoverage="0" crapScore="12" isConstructor="false" isStatic="true" isGetter="false" isSetter="false">
              <Summary numSequencePoints="12" visitedSequencePoints="0" numBranchPoints="0" visitedBranchPoints="0" sequenceCoverage="0.0" branchCoverage="0" maxCyclomaticComplexity="3" minCyclomaticComplexity="3" maxCrapScore="12" minCrapScore="12" visitedClasses="0" numClasses="0" visitedMethods="0" numMethods="1" />
              <MetadataToken>100663307</MetadataToken>
              <Name>static System.Boolean GDX.ArrayExtensions::ContainsReference[T](, T)</Name>
              <FileRef uid="3" />
              <SequencePoints>
                <SequencePoint vc="0" uspid="4815522" ordinal="0" offset="0" sl="61" sc="0" el="61" ec="0" bec="0" bev="0" fileid="3">
                  <TrackedMethodRefs>
                    <TrackedMethodRef uid="0" vc="0" />
                  </TrackedMethodRefs>
                </SequencePoint>
                <SequencePoint vc="0" uspid="4815523" ordinal="0" offset="1" sl="62" sc="0" el="62" ec="0" bec="0" bev="0" fileid="3">
                  <TrackedMethodRefs>
                    <TrackedMethodRef uid="0" vc="0" />
                  </TrackedMethodRefs>
                </SequencePoint>
                <SequencePoint vc="0" uspid="4815524" ordinal="0" offset="5" sl="63" sc="0" el="63" ec="0" bec="0" bev="0" fileid="3">
                  <TrackedMethodRefs>
                    <TrackedMethodRef uid="0" vc="0" />
                  </TrackedMethodRefs>
                </SequencePoint>
                <SequencePoint vc="0" uspid="4815525" ordinal="0" offset="9" sl="64" sc="0" el="64" ec="0" bec="0" bev="0" fileid="3">
                  <TrackedMethodRefs>
                    <TrackedMethodRef uid="0" vc="0" />
                  </TrackedMethodRefs>
                </SequencePoint>
                <SequencePoint vc="0" uspid="4815526" ordinal="0" offset="10" sl="67" sc="0" el="67" ec="0" bec="0" bev="0" fileid="3">
                  <TrackedMethodRefs>
                    <TrackedMethodRef uid="0" vc="0" />
                  </TrackedMethodRefs>
                </SequencePoint>
                <SequencePoint vc="0" uspid="4815527" ordinal="0" offset="34" sl="68" sc="0" el="68" ec="0" bec="0" bev="0" fileid="3">
                  <TrackedMethodRefs>
                    <TrackedMethodRef uid="0" vc="0" />
                  </TrackedMethodRefs>
                </SequencePoint>
                <SequencePoint vc="0" uspid="4815528" ordinal="0" offset="35" sl="69" sc="0" el="69" ec="0" bec="0" bev="0" fileid="3">
                  <TrackedMethodRefs>
                    <TrackedMethodRef uid="0" vc="0" />
                  </TrackedMethodRefs>
                </SequencePoint>
                <SequencePoint vc="0" uspid="4815529" ordinal="0" offset="39" sl="73" sc="0" el="73" ec="0" bec="0" bev="0" fileid="3">
                  <TrackedMethodRefs>
                    <TrackedMethodRef uid="0" vc="0" />
                  </TrackedMethodRefs>
                </SequencePoint>
                <SequencePoint vc="0" uspid="4815530" ordinal="0" offset="40" sl="63" sc="0" el="63" ec="0" bec="0" bev="0" fileid="3">
                  <TrackedMethodRefs>
                    <TrackedMethodRef uid="0" vc="0" />
                  </TrackedMethodRefs>
                </SequencePoint>
                <SequencePoint vc="0" uspid="4815531" ordinal="0" offset="44" sl="63" sc="0" el="63" ec="0" bec="0" bev="0" fileid="3">
                  <TrackedMethodRefs>
                    <TrackedMethodRef uid="0" vc="0" />
                  </TrackedMethodRefs>
                </SequencePoint>
                <SequencePoint vc="0" uspid="4815532" ordinal="0" offset="54" sl="74" sc="0" el="74" ec="0" bec="0" bev="0" fileid="3">
                  <TrackedMethodRefs>
                    <TrackedMethodRef uid="0" vc="0" />
                  </TrackedMethodRefs>
                </SequencePoint>
                <SequencePoint vc="0" uspid="4815533" ordinal="0" offset="58" sl="75" sc="0" el="75" ec="0" bec="0" bev="0" fileid="3">
                  <TrackedMethodRefs>
                    <TrackedMethodRef uid="0" vc="0" />
                  </TrackedMethodRefs>
                </SequencePoint>
              </SequencePoints>
              <BranchPoints />
            </Method>
            <Method visited="false" cyclomaticComplexity="3" nPathComplexity="0" sequenceCoverage="0.0" branchCoverage="0" crapScore="12" isConstructor="false" isStatic="true" isGetter="false" isSetter="false">
              <Summary numSequencePoints="12" visitedSequencePoints="0" numBranchPoints="0" visitedBranchPoints="0" sequenceCoverage="0.0" branchCoverage="0" maxCyclomaticComplexity="3" minCyclomaticComplexity="3" maxCrapScore="12" minCrapScore="12" visitedClasses="0" numClasses="0" visitedMethods="0" numMethods="1" />
              <MetadataToken>100663308</MetadataToken>
              <Name>static System.Boolean GDX.ArrayExtensions::ContainsValue[T](, T)</Name>
              <FileRef uid="3" />
              <SequencePoints>
                <SequencePoint vc="0" uspid="4815534" ordinal="0" offset="0" sl="86" sc="0" el="86" ec="0" bec="0" bev="0" fileid="3">
                  <TrackedMethodRefs>
                    <TrackedMethodRef uid="0" vc="0" />
                  </TrackedMethodRefs>
                </SequencePoint>
                <SequencePoint vc="0" uspid="4815535" ordinal="0" offset="1" sl="87" sc="0" el="87" ec="0" bec="0" bev="0" fileid="3">
                  <TrackedMethodRefs>
                    <TrackedMethodRef uid="0" vc="0" />
                  </TrackedMethodRefs>
                </SequencePoint>
                <SequencePoint vc="0" uspid="4815536" ordinal="0" offset="5" sl="88" sc="0" el="88" ec="0" bec="0" bev="0" fileid="3">
                  <TrackedMethodRefs>
                    <TrackedMethodRef uid="0" vc="0" />
                  </TrackedMethodRefs>
                </SequencePoint>
                <SequencePoint vc="0" uspid="4815537" ordinal="0" offset="9" sl="89" sc="0" el="89" ec="0" bec="0" bev="0" fileid="3">
                  <TrackedMethodRefs>
                    <TrackedMethodRef uid="0" vc="0" />
                  </TrackedMethodRefs>
                </SequencePoint>
                <SequencePoint vc="0" uspid="4815538" ordinal="0" offset="10" sl="90" sc="0" el="90" ec="0" bec="0" bev="0" fileid="3">
                  <TrackedMethodRefs>
                    <TrackedMethodRef uid="0" vc="0" />
                  </TrackedMethodRefs>
                </SequencePoint>
                <SequencePoint vc="0" uspid="4815539" ordinal="0" offset="35" sl="91" sc="0" el="91" ec="0" bec="0" bev="0" fileid="3">
                  <TrackedMethodRefs>
                    <TrackedMethodRef uid="0" vc="0" />
                  </TrackedMethodRefs>
                </SequencePoint>
                <SequencePoint vc="0" uspid="4815540" ordinal="0" offset="36" sl="92" sc="0" el="92" ec="0" bec="0" bev="0" fileid="3">
                  <TrackedMethodRefs>
                    <TrackedMethodRef uid="0" vc="0" />
                  </TrackedMethodRefs>
                </SequencePoint>
                <SequencePoint vc="0" uspid="4815541" ordinal="0" offset="40" sl="94" sc="0" el="94" ec="0" bec="0" bev="0" fileid="3">
                  <TrackedMethodRefs>
                    <TrackedMethodRef uid="0" vc="0" />
                  </TrackedMethodRefs>
                </SequencePoint>
                <SequencePoint vc="0" uspid="4815542" ordinal="0" offset="41" sl="88" sc="0" el="88" ec="0" bec="0" bev="0" fileid="3">
                  <TrackedMethodRefs>
                    <TrackedMethodRef uid="0" vc="0" />
                  </TrackedMethodRefs>
                </SequencePoint>
                <SequencePoint vc="0" uspid="4815543" ordinal="0" offset="45" sl="88" sc="0" el="88" ec="0" bec="0" bev="0" fileid="3">
                  <TrackedMethodRefs>
                    <TrackedMethodRef uid="0" vc="0" />
                  </TrackedMethodRefs>
                </SequencePoint>
                <SequencePoint vc="0" uspid="4815544" ordinal="0" offset="55" sl="95" sc="0" el="95" ec="0" bec="0" bev="0" fileid="3">
                  <TrackedMethodRefs>
                    <TrackedMethodRef uid="0" vc="0" />
                  </TrackedMethodRefs>
                </SequencePoint>
                <SequencePoint vc="0" uspid="4815545" ordinal="0" offset="59" sl="96" sc="0" el="96" ec="0" bec="0" bev="0" fileid="3">
                  <TrackedMethodRefs>
                    <TrackedMethodRef uid="0" vc="0" />
                  </TrackedMethodRefs>
                </SequencePoint>
              </SequencePoints>
              <BranchPoints />
            </Method>
            <Method visited="false" cyclomaticComplexity="3" nPathComplexity="0" sequenceCoverage="0.0" branchCoverage="0" crapScore="12" isConstructor="false" isStatic="true" isGetter="false" isSetter="false">
              <Summary numSequencePoints="12" visitedSequencePoints="0" numBranchPoints="0" visitedBranchPoints="0" sequenceCoverage="0.0" branchCoverage="0" maxCyclomaticComplexity="3" minCyclomaticComplexity="3" maxCrapScore="12" minCrapScore="12" visitedClasses="0" numClasses="0" visitedMethods="0" numMethods="1" />
              <MetadataToken>100663309</MetadataToken>
              <Name>static System.Int32 GDX.ArrayExtensions::FirstIndexOf[T](, T)</Name>
              <FileRef uid="3" />
              <SequencePoints>
                <SequencePoint vc="0" uspid="4815546" ordinal="0" offset="0" sl="107" sc="0" el="107" ec="0" bec="0" bev="0" fileid="3">
                  <TrackedMethodRefs>
                    <TrackedMethodRef uid="0" vc="0" />
                  </TrackedMethodRefs>
                </SequencePoint>
                <SequencePoint vc="0" uspid="4815547" ordinal="0" offset="1" sl="108" sc="0" el="108" ec="0" bec="0" bev="0" fileid="3">
                  <TrackedMethodRefs>
                    <TrackedMethodRef uid="0" vc="0" />
                  </TrackedMethodRefs>
                </SequencePoint>
                <SequencePoint vc="0" uspid="4815548" ordinal="0" offset="5" sl="109" sc="0" el="109" ec="0" bec="0" bev="0" fileid="3">
                  <TrackedMethodRefs>
                    <TrackedMethodRef uid="0" vc="0" />
                  </TrackedMethodRefs>
                </SequencePoint>
                <SequencePoint vc="0" uspid="4815549" ordinal="0" offset="9" sl="110" sc="0" el="110" ec="0" bec="0" bev="0" fileid="3">
                  <TrackedMethodRefs>
                    <TrackedMethodRef uid="0" vc="0" />
                  </TrackedMethodRefs>
                </SequencePoint>
                <SequencePoint vc="0" uspid="4815550" ordinal="0" offset="10" sl="111" sc="0" el="111" ec="0" bec="0" bev="0" fileid="3">
                  <TrackedMethodRefs>
                    <TrackedMethodRef uid="0" vc="0" />
                  </TrackedMethodRefs>
                </SequencePoint>
                <SequencePoint vc="0" uspid="4815551" ordinal="0" offset="35" sl="112" sc="0" el="112" ec="0" bec="0" bev="0" fileid="3">
                  <TrackedMethodRefs>
                    <TrackedMethodRef uid="0" vc="0" />
                  </TrackedMethodRefs>
                </SequencePoint>
                <SequencePoint vc="0" uspid="4815552" ordinal="0" offset="36" sl="113" sc="0" el="113" ec="0" bec="0" bev="0" fileid="3">
                  <TrackedMethodRefs>
                    <TrackedMethodRef uid="0" vc="0" />
                  </TrackedMethodRefs>
                </SequencePoint>
                <SequencePoint vc="0" uspid="4815553" ordinal="0" offset="40" sl="115" sc="0" el="115" ec="0" bec="0" bev="0" fileid="3">
                  <TrackedMethodRefs>
                    <TrackedMethodRef uid="0" vc="0" />
                  </TrackedMethodRefs>
                </SequencePoint>
                <SequencePoint vc="0" uspid="4815554" ordinal="0" offset="41" sl="109" sc="0" el="109" ec="0" bec="0" bev="0" fileid="3">
                  <TrackedMethodRefs>
                    <TrackedMethodRef uid="0" vc="0" />
                  </TrackedMethodRefs>
                </SequencePoint>
                <SequencePoint vc="0" uspid="4815555" ordinal="0" offset="45" sl="109" sc="0" el="109" ec="0" bec="0" bev="0" fileid="3">
                  <TrackedMethodRefs>
                    <TrackedMethodRef uid="0" vc="0" />
                  </TrackedMethodRefs>
                </SequencePoint>
                <SequencePoint vc="0" uspid="4815556" ordinal="0" offset="55" sl="116" sc="0" el="116" ec="0" bec="0" bev="0" fileid="3">
                  <TrackedMethodRefs>
                    <TrackedMethodRef uid="0" vc="0" />
                  </TrackedMethodRefs>
                </SequencePoint>
                <SequencePoint vc="0" uspid="4815557" ordinal="0" offset="59" sl="117" sc="0" el="117" ec="0" bec="0" bev="0" fileid="3">
                  <TrackedMethodRefs>
                    <TrackedMethodRef uid="0" vc="0" />
                  </TrackedMethodRefs>
                </SequencePoint>
              </SequencePoints>
              <BranchPoints />
            </Method>
            <Method visited="false" cyclomaticComplexity="3" nPathComplexity="0" sequenceCoverage="0.0" branchCoverage="0" crapScore="12" isConstructor="false" isStatic="true" isGetter="false" isSetter="false">
              <Summary numSequencePoints="12" visitedSequencePoints="0" numBranchPoints="0" visitedBranchPoints="0" sequenceCoverage="0.0" branchCoverage="0" maxCyclomaticComplexity="3" minCyclomaticComplexity="3" maxCrapScore="12" minCrapScore="12" visitedClasses="0" numClasses="0" visitedMethods="0" numMethods="1" />
              <MetadataToken>100663310</MetadataToken>
              <Name>static System.Int32 GDX.ArrayExtensions::FirstIndexOfItem[T](, T)</Name>
              <FileRef uid="3" />
              <SequencePoints>
                <SequencePoint vc="0" uspid="4815558" ordinal="0" offset="0" sl="128" sc="0" el="128" ec="0" bec="0" bev="0" fileid="3">
                  <TrackedMethodRefs>
                    <TrackedMethodRef uid="0" vc="0" />
                  </TrackedMethodRefs>
                </SequencePoint>
                <SequencePoint vc="0" uspid="4815559" ordinal="0" offset="1" sl="129" sc="0" el="129" ec="0" bec="0" bev="0" fileid="3">
                  <TrackedMethodRefs>
                    <TrackedMethodRef uid="0" vc="0" />
                  </TrackedMethodRefs>
                </SequencePoint>
                <SequencePoint vc="0" uspid="4815560" ordinal="0" offset="5" sl="130" sc="0" el="130" ec="0" bec="0" bev="0" fileid="3">
                  <TrackedMethodRefs>
                    <TrackedMethodRef uid="0" vc="0" />
                  </TrackedMethodRefs>
                </SequencePoint>
                <SequencePoint vc="0" uspid="4815561" ordinal="0" offset="9" sl="131" sc="0" el="131" ec="0" bec="0" bev="0" fileid="3">
                  <TrackedMethodRefs>
                    <TrackedMethodRef uid="0" vc="0" />
                  </TrackedMethodRefs>
                </SequencePoint>
                <SequencePoint vc="0" uspid="4815562" ordinal="0" offset="10" sl="132" sc="0" el="132" ec="0" bec="0" bev="0" fileid="3">
                  <TrackedMethodRefs>
                    <TrackedMethodRef uid="0" vc="0" />
                  </TrackedMethodRefs>
                </SequencePoint>
                <SequencePoint vc="0" uspid="4815563" ordinal="0" offset="34" sl="133" sc="0" el="133" ec="0" bec="0" bev="0" fileid="3">
                  <TrackedMethodRefs>
                    <TrackedMethodRef uid="0" vc="0" />
                  </TrackedMethodRefs>
                </SequencePoint>
                <SequencePoint vc="0" uspid="4815564" ordinal="0" offset="35" sl="134" sc="0" el="134" ec="0" bec="0" bev="0" fileid="3">
                  <TrackedMethodRefs>
                    <TrackedMethodRef uid="0" vc="0" />
                  </TrackedMethodRefs>
                </SequencePoint>
                <SequencePoint vc="0" uspid="4815565" ordinal="0" offset="39" sl="136" sc="0" el="136" ec="0" bec="0" bev="0" fileid="3">
                  <TrackedMethodRefs>
                    <TrackedMethodRef uid="0" vc="0" />
                  </TrackedMethodRefs>
                </SequencePoint>
                <SequencePoint vc="0" uspid="4815566" ordinal="0" offset="40" sl="130" sc="0" el="130" ec="0" bec="0" bev="0" fileid="3">
                  <TrackedMethodRefs>
                    <TrackedMethodRef uid="0" vc="0" />
                  </TrackedMethodRefs>
                </SequencePoint>
                <SequencePoint vc="0" uspid="4815567" ordinal="0" offset="44" sl="130" sc="0" el="130" ec="0" bec="0" bev="0" fileid="3">
                  <TrackedMethodRefs>
                    <TrackedMethodRef uid="0" vc="0" />
                  </TrackedMethodRefs>
                </SequencePoint>
                <SequencePoint vc="0" uspid="4815568" ordinal="0" offset="54" sl="137" sc="0" el="137" ec="0" bec="0" bev="0" fileid="3">
                  <TrackedMethodRefs>
                    <TrackedMethodRef uid="0" vc="0" />
                  </TrackedMethodRefs>
                </SequencePoint>
                <SequencePoint vc="0" uspid="4815569" ordinal="0" offset="58" sl="138" sc="0" el="138" ec="0" bec="0" bev="0" fileid="3">
                  <TrackedMethodRefs>
                    <TrackedMethodRef uid="0" vc="0" />
                  </TrackedMethodRefs>
                </SequencePoint>
              </SequencePoints>
              <BranchPoints />
            </Method>
            <Method visited="false" cyclomaticComplexity="3" nPathComplexity="0" sequenceCoverage="0.0" branchCoverage="0" crapScore="12" isConstructor="false" isStatic="true" isGetter="false" isSetter="false">
              <Summary numSequencePoints="12" visitedSequencePoints="0" numBranchPoints="0" visitedBranchPoints="0" sequenceCoverage="0.0" branchCoverage="0" maxCyclomaticComplexity="3" minCyclomaticComplexity="3" maxCrapScore="12" minCrapScore="12" visitedClasses="0" numClasses="0" visitedMethods="0" numMethods="1" />
              <MetadataToken>100663311</MetadataToken>
              <Name>static System.Int32 GDX.ArrayExtensions::FirstIndexOfValue[T](, T)</Name>
              <FileRef uid="3" />
              <SequencePoints>
                <SequencePoint vc="0" uspid="4815570" ordinal="0" offset="0" sl="148" sc="0" el="148" ec="0" bec="0" bev="0" fileid="3">
                  <TrackedMethodRefs>
                    <TrackedMethodRef uid="0" vc="0" />
                  </TrackedMethodRefs>
                </SequencePoint>
                <SequencePoint vc="0" uspid="4815571" ordinal="0" offset="1" sl="149" sc="0" el="149" ec="0" bec="0" bev="0" fileid="3">
                  <TrackedMethodRefs>
                    <TrackedMethodRef uid="0" vc="0" />
                  </TrackedMethodRefs>
                </SequencePoint>
                <SequencePoint vc="0" uspid="4815572" ordinal="0" offset="5" sl="150" sc="0" el="150" ec="0" bec="0" bev="0" fileid="3">
                  <TrackedMethodRefs>
                    <TrackedMethodRef uid="0" vc="0" />
                  </TrackedMethodRefs>
                </SequencePoint>
                <SequencePoint vc="0" uspid="4815573" ordinal="0" offset="9" sl="151" sc="0" el="151" ec="0" bec="0" bev="0" fileid="3">
                  <TrackedMethodRefs>
                    <TrackedMethodRef uid="0" vc="0" />
                  </TrackedMethodRefs>
                </SequencePoint>
                <SequencePoint vc="0" uspid="4815574" ordinal="0" offset="10" sl="152" sc="0" el="152" ec="0" bec="0" bev="0" fileid="3">
                  <TrackedMethodRefs>
                    <TrackedMethodRef uid="0" vc="0" />
                  </TrackedMethodRefs>
                </SequencePoint>
                <SequencePoint vc="0" uspid="4815575" ordinal="0" offset="40" sl="153" sc="0" el="153" ec="0" bec="0" bev="0" fileid="3">
                  <TrackedMethodRefs>
                    <TrackedMethodRef uid="0" vc="0" />
                  </TrackedMethodRefs>
                </SequencePoint>
                <SequencePoint vc="0" uspid="4815576" ordinal="0" offset="41" sl="154" sc="0" el="154" ec="0" bec="0" bev="0" fileid="3">
                  <TrackedMethodRefs>
                    <TrackedMethodRef uid="0" vc="0" />
                  </TrackedMethodRefs>
                </SequencePoint>
                <SequencePoint vc="0" uspid="4815577" ordinal="0" offset="45" sl="156" sc="0" el="156" ec="0" bec="0" bev="0" fileid="3">
                  <TrackedMethodRefs>
                    <TrackedMethodRef uid="0" vc="0" />
                  </TrackedMethodRefs>
                </SequencePoint>
                <SequencePoint vc="0" uspid="4815578" ordinal="0" offset="46" sl="150" sc="0" el="150" ec="0" bec="0" bev="0" fileid="3">
                  <TrackedMethodRefs>
                    <TrackedMethodRef uid="0" vc="0" />
                  </TrackedMethodRefs>
                </SequencePoint>
                <SequencePoint vc="0" uspid="4815579" ordinal="0" offset="50" sl="150" sc="0" el="150" ec="0" bec="0" bev="0" fileid="3">
                  <TrackedMethodRefs>
                    <TrackedMethodRef uid="0" vc="0" />
                  </TrackedMethodRefs>
                </SequencePoint>
                <SequencePoint vc="0" uspid="4815580" ordinal="0" offset="60" sl="158" sc="0" el="158" ec="0" bec="0" bev="0" fileid="3">
                  <TrackedMethodRefs>
                    <TrackedMethodRef uid="0" vc="0" />
                  </TrackedMethodRefs>
                </SequencePoint>
                <SequencePoint vc="0" uspid="4815581" ordinal="0" offset="64" sl="159" sc="0" el="159" ec="0" bec="0" bev="0" fileid="3">
                  <TrackedMethodRefs>
                    <TrackedMethodRef uid="0" vc="0" />
                  </TrackedMethodRefs>
                </SequencePoint>
              </SequencePoints>
              <BranchPoints />
            </Method>
            <Method visited="false" cyclomaticComplexity="3" nPathComplexity="0" sequenceCoverage="0.0" branchCoverage="0" crapScore="12" isConstructor="false" isStatic="true" isGetter="false" isSetter="false">
              <Summary numSequencePoints="12" visitedSequencePoints="0" numBranchPoints="0" visitedBranchPoints="0" sequenceCoverage="0.0" branchCoverage="0" maxCyclomaticComplexity="3" minCyclomaticComplexity="3" maxCrapScore="12" minCrapScore="12" visitedClasses="0" numClasses="0" visitedMethods="0" numMethods="1" />
              <MetadataToken>100663312</MetadataToken>
              <Name>static System.Int32 GDX.ArrayExtensions::LastIndexOf[T](, T)</Name>
              <FileRef uid="3" />
              <SequencePoints>
                <SequencePoint vc="0" uspid="4815582" ordinal="0" offset="0" sl="170" sc="0" el="170" ec="0" bec="0" bev="0" fileid="3">
                  <TrackedMethodRefs>
                    <TrackedMethodRef uid="0" vc="0" />
                  </TrackedMethodRefs>
                </SequencePoint>
                <SequencePoint vc="0" uspid="4815583" ordinal="0" offset="1" sl="171" sc="0" el="171" ec="0" bec="0" bev="0" fileid="3">
                  <TrackedMethodRefs>
                    <TrackedMethodRef uid="0" vc="0" />
                  </TrackedMethodRefs>
                </SequencePoint>
                <SequencePoint vc="0" uspid="4815584" ordinal="0" offset="5" sl="172" sc="0" el="172" ec="0" bec="0" bev="0" fileid="3">
                  <TrackedMethodRefs>
                    <TrackedMethodRef uid="0" vc="0" />
                  </TrackedMethodRefs>
                </SequencePoint>
                <SequencePoint vc="0" uspid="4815585" ordinal="0" offset="11" sl="173" sc="0" el="173" ec="0" bec="0" bev="0" fileid="3">
                  <TrackedMethodRefs>
                    <TrackedMethodRef uid="0" vc="0" />
                  </TrackedMethodRefs>
                </SequencePoint>
                <SequencePoint vc="0" uspid="4815586" ordinal="0" offset="12" sl="174" sc="0" el="174" ec="0" bec="0" bev="0" fileid="3">
                  <TrackedMethodRefs>
                    <TrackedMethodRef uid="0" vc="0" />
                  </TrackedMethodRefs>
                </SequencePoint>
                <SequencePoint vc="0" uspid="4815587" ordinal="0" offset="37" sl="175" sc="0" el="175" ec="0" bec="0" bev="0" fileid="3">
                  <TrackedMethodRefs>
                    <TrackedMethodRef uid="0" vc="0" />
                  </TrackedMethodRefs>
                </SequencePoint>
                <SequencePoint vc="0" uspid="4815588" ordinal="0" offset="38" sl="176" sc="0" el="176" ec="0" bec="0" bev="0" fileid="3">
                  <TrackedMethodRefs>
                    <TrackedMethodRef uid="0" vc="0" />
                  </TrackedMethodRefs>
                </SequencePoint>
                <SequencePoint vc="0" uspid="4815589" ordinal="0" offset="42" sl="178" sc="0" el="178" ec="0" bec="0" bev="0" fileid="3">
                  <TrackedMethodRefs>
                    <TrackedMethodRef uid="0" vc="0" />
                  </TrackedMethodRefs>
                </SequencePoint>
                <SequencePoint vc="0" uspid="4815590" ordinal="0" offset="43" sl="172" sc="0" el="172" ec="0" bec="0" bev="0" fileid="3">
                  <TrackedMethodRefs>
                    <TrackedMethodRef uid="0" vc="0" />
                  </TrackedMethodRefs>
                </SequencePoint>
                <SequencePoint vc="0" uspid="4815591" ordinal="0" offset="47" sl="172" sc="0" el="172" ec="0" bec="0" bev="0" fileid="3">
                  <TrackedMethodRefs>
                    <TrackedMethodRef uid="0" vc="0" />
                  </TrackedMethodRefs>
                </SequencePoint>
                <SequencePoint vc="0" uspid="4815592" ordinal="0" offset="60" sl="180" sc="0" el="180" ec="0" bec="0" bev="0" fileid="3">
                  <TrackedMethodRefs>
                    <TrackedMethodRef uid="0" vc="0" />
                  </TrackedMethodRefs>
                </SequencePoint>
                <SequencePoint vc="0" uspid="4815593" ordinal="0" offset="64" sl="181" sc="0" el="181" ec="0" bec="0" bev="0" fileid="3">
                  <TrackedMethodRefs>
                    <TrackedMethodRef uid="0" vc="0" />
                  </TrackedMethodRefs>
                </SequencePoint>
              </SequencePoints>
              <BranchPoints />
            </Method>
            <Method visited="false" cyclomaticComplexity="3" nPathComplexity="0" sequenceCoverage="0.0" branchCoverage="0" crapScore="12" isConstructor="false" isStatic="true" isGetter="false" isSetter="false">
              <Summary numSequencePoints="12" visitedSequencePoints="0" numBranchPoints="0" visitedBranchPoints="0" sequenceCoverage="0.0" branchCoverage="0" maxCyclomaticComplexity="3" minCyclomaticComplexity="3" maxCrapScore="12" minCrapScore="12" visitedClasses="0" numClasses="0" visitedMethods="0" numMethods="1" />
              <MetadataToken>100663314</MetadataToken>
              <Name>static System.Int32 GDX.ArrayExtensions::LastIndexOfValue[T](, T)</Name>
              <FileRef uid="3" />
              <SequencePoints>
                <SequencePoint vc="0" uspid="4815606" ordinal="0" offset="0" sl="212" sc="0" el="212" ec="0" bec="0" bev="0" fileid="3">
                  <TrackedMethodRefs>
                    <TrackedMethodRef uid="0" vc="0" />
                  </TrackedMethodRefs>
                </SequencePoint>
                <SequencePoint vc="0" uspid="4815607" ordinal="0" offset="1" sl="213" sc="0" el="213" ec="0" bec="0" bev="0" fileid="3">
                  <TrackedMethodRefs>
                    <TrackedMethodRef uid="0" vc="0" />
                  </TrackedMethodRefs>
                </SequencePoint>
                <SequencePoint vc="0" uspid="4815608" ordinal="0" offset="5" sl="214" sc="0" el="214" ec="0" bec="0" bev="0" fileid="3">
                  <TrackedMethodRefs>
                    <TrackedMethodRef uid="0" vc="0" />
                  </TrackedMethodRefs>
                </SequencePoint>
                <SequencePoint vc="0" uspid="4815609" ordinal="0" offset="11" sl="215" sc="0" el="215" ec="0" bec="0" bev="0" fileid="3">
                  <TrackedMethodRefs>
                    <TrackedMethodRef uid="0" vc="0" />
                  </TrackedMethodRefs>
                </SequencePoint>
                <SequencePoint vc="0" uspid="4815610" ordinal="0" offset="12" sl="216" sc="0" el="216" ec="0" bec="0" bev="0" fileid="3">
                  <TrackedMethodRefs>
                    <TrackedMethodRef uid="0" vc="0" />
                  </TrackedMethodRefs>
                </SequencePoint>
                <SequencePoint vc="0" uspid="4815611" ordinal="0" offset="42" sl="217" sc="0" el="217" ec="0" bec="0" bev="0" fileid="3">
                  <TrackedMethodRefs>
                    <TrackedMethodRef uid="0" vc="0" />
                  </TrackedMethodRefs>
                </SequencePoint>
                <SequencePoint vc="0" uspid="4815612" ordinal="0" offset="43" sl="218" sc="0" el="218" ec="0" bec="0" bev="0" fileid="3">
                  <TrackedMethodRefs>
                    <TrackedMethodRef uid="0" vc="0" />
                  </TrackedMethodRefs>
                </SequencePoint>
                <SequencePoint vc="0" uspid="4815613" ordinal="0" offset="47" sl="220" sc="0" el="220" ec="0" bec="0" bev="0" fileid="3">
                  <TrackedMethodRefs>
                    <TrackedMethodRef uid="0" vc="0" />
                  </TrackedMethodRefs>
                </SequencePoint>
                <SequencePoint vc="0" uspid="4815614" ordinal="0" offset="48" sl="214" sc="0" el="214" ec="0" bec="0" bev="0" fileid="3">
                  <TrackedMethodRefs>
                    <TrackedMethodRef uid="0" vc="0" />
                  </TrackedMethodRefs>
                </SequencePoint>
                <SequencePoint vc="0" uspid="4815615" ordinal="0" offset="52" sl="214" sc="0" el="214" ec="0" bec="0" bev="0" fileid="3">
                  <TrackedMethodRefs>
                    <TrackedMethodRef uid="0" vc="0" />
                  </TrackedMethodRefs>
                </SequencePoint>
                <SequencePoint vc="0" uspid="4815616" ordinal="0" offset="65" sl="222" sc="0" el="222" ec="0" bec="0" bev="0" fileid="3">
                  <TrackedMethodRefs>
                    <TrackedMethodRef uid="0" vc="0" />
                  </TrackedMethodRefs>
                </SequencePoint>
                <SequencePoint vc="0" uspid="4815617" ordinal="0" offset="69" sl="223" sc="0" el="223" ec="0" bec="0" bev="0" fileid="3">
                  <TrackedMethodRefs>
                    <TrackedMethodRef uid="0" vc="0" />
                  </TrackedMethodRefs>
                </SequencePoint>
              </SequencePoints>
              <BranchPoints />
            </Method>
          </Methods>
        </Class>
        <Class>
          <Summary numSequencePoints="16" visitedSequencePoints="0" numBranchPoints="0" visitedBranchPoints="0" sequenceCoverage="0.0" branchCoverage="0.0" maxCyclomaticComplexity="3" minCyclomaticComplexity="1" maxCrapScore="12" minCrapScore="2" visitedClasses="0" numClasses="1" visitedMethods="0" numMethods="2" />
          <FullName>GDX.EnumExtensions</FullName>
          <Methods>
            <Method visited="false" cyclomaticComplexity="3" nPathComplexity="0" sequenceCoverage="0.0" branchCoverage="0" crapScore="12" isConstructor="false" isStatic="true" isGetter="false" isSetter="false">
              <Summary numSequencePoints="13" visitedSequencePoints="0" numBranchPoints="0" visitedBranchPoints="0" sequenceCoverage="0.0" branchCoverage="0" maxCyclomaticComplexity="3" minCyclomaticComplexity="3" maxCrapScore="12" minCrapScore="12" visitedClasses="0" numClasses="0" visitedMethods="0" numMethods="1" />
              <MetadataToken>100663330</MetadataToken>
              <Name>static System.Boolean GDX.EnumExtensions::HasFlags[T](, )</Name>
              <FileRef uid="11" />
              <SequencePoints>
                <SequencePoint vc="0" uspid="4815756" ordinal="0" offset="0" sl="25" sc="0" el="25" ec="0" bec="0" bev="0" fileid="11">
                  <TrackedMethodRefs>
                    <TrackedMethodRef uid="0" vc="0" />
                  </TrackedMethodRefs>
                </SequencePoint>
                <SequencePoint vc="0" uspid="4815757" ordinal="0" offset="1" sl="26" sc="0" el="26" ec="0" bec="0" bev="0" fileid="11">
                  <TrackedMethodRefs>
                    <TrackedMethodRef uid="0" vc="0" />
                  </TrackedMethodRefs>
                </SequencePoint>
                <SequencePoint vc="0" uspid="4815758" ordinal="0" offset="3" sl="27" sc="0" el="27" ec="0" bec="0" bev="0" fileid="11">
                  <TrackedMethodRefs>
                    <TrackedMethodRef uid="0" vc="0" />
                  </TrackedMethodRefs>
                </SequencePoint>
                <SequencePoint vc="0" uspid="4815759" ordinal="0" offset="5" sl="29" sc="0" el="29" ec="0" bec="0" bev="0" fileid="11">
                  <TrackedMethodRefs>
                    <TrackedMethodRef uid="0" vc="0" />
                  </TrackedMethodRefs>
                </SequencePoint>
                <SequencePoint vc="0" uspid="4815760" ordinal="0" offset="9" sl="30" sc="0" el="30" ec="0" bec="0" bev="0" fileid="11">
                  <TrackedMethodRefs>
                    <TrackedMethodRef uid="0" vc="0" />
                  </TrackedMethodRefs>
                </SequencePoint>
                <SequencePoint vc="0" uspid="4815761" ordinal="0" offset="10" sl="31" sc="0" el="31" ec="0" bec="0" bev="0" fileid="11">
                  <TrackedMethodRefs>
                    <TrackedMethodRef uid="0" vc="0" />
                  </TrackedMethodRefs>
                </SequencePoint>
                <SequencePoint vc="0" uspid="4815762" ordinal="0" offset="32" sl="32" sc="0" el="32" ec="0" bec="0" bev="0" fileid="11">
                  <TrackedMethodRefs>
                    <TrackedMethodRef uid="0" vc="0" />
                  </TrackedMethodRefs>
                </SequencePoint>
                <SequencePoint vc="0" uspid="4815763" ordinal="0" offset="33" sl="33" sc="0" el="33" ec="0" bec="0" bev="0" fileid="11">
                  <TrackedMethodRefs>
                    <TrackedMethodRef uid="0" vc="0" />
                  </TrackedMethodRefs>
                </SequencePoint>
                <SequencePoint vc="0" uspid="4815764" ordinal="0" offset="38" sl="35" sc="0" el="35" ec="0" bec="0" bev="0" fileid="11">
                  <TrackedMethodRefs>
                    <TrackedMethodRef uid="0" vc="0" />
                  </TrackedMethodRefs>
                </SequencePoint>
                <SequencePoint vc="0" uspid="4815765" ordinal="0" offset="39" sl="29" sc="0" el="29" ec="0" bec="0" bev="0" fileid="11">
                  <TrackedMethodRefs>
                    <TrackedMethodRef uid="0" vc="0" />
                  </TrackedMethodRefs>
                </SequencePoint>
                <SequencePoint vc="0" uspid="4815766" ordinal="0" offset="43" sl="29" sc="0" el="29" ec="0" bec="0" bev="0" fileid="11">
                  <TrackedMethodRefs>
                    <TrackedMethodRef uid="0" vc="0" />
                  </TrackedMethodRefs>
                </SequencePoint>
                <SequencePoint vc="0" uspid="4815767" ordinal="0" offset="58" sl="37" sc="0" el="37" ec="0" bec="0" bev="0" fileid="11">
                  <TrackedMethodRefs>
                    <TrackedMethodRef uid="0" vc="0" />
                  </TrackedMethodRefs>
                </SequencePoint>
                <SequencePoint vc="0" uspid="4815768" ordinal="0" offset="63" sl="38" sc="0" el="38" ec="0" bec="0" bev="0" fileid="11">
                  <TrackedMethodRefs>
                    <TrackedMethodRef uid="0" vc="0" />
                  </TrackedMethodRefs>
                </SequencePoint>
              </SequencePoints>
              <BranchPoints />
            </Method>
            <Method visited="false" cyclomaticComplexity="1" nPathComplexity="0" sequenceCoverage="0.0" branchCoverage="0" crapScore="2" isConstructor="false" isStatic="true" isGetter="false" isSetter="false">
              <Summary numSequencePoints="3" visitedSequencePoints="0" numBranchPoints="0" visitedBranchPoints="0" sequenceCoverage="0.0" branchCoverage="0" maxCyclomaticComplexity="1" minCyclomaticComplexity="1" maxCrapScore="2" minCrapScore="2" visitedClasses="0" numClasses="0" visitedMethods="0" numMethods="1" />
              <MetadataToken>100663331</MetadataToken>
              <Name>static System.Boolean GDX.EnumExtensions::HasFlags[T](T, T)</Name>
              <FileRef uid="11" />
              <SequencePoints>
                <SequencePoint vc="0" uspid="4815769" ordinal="0" offset="0" sl="50" sc="0" el="50" ec="0" bec="0" bev="0" fileid="11">
                  <TrackedMethodRefs>
                    <TrackedMethodRef uid="0" vc="0" />
                  </TrackedMethodRefs>
                </SequencePoint>
                <SequencePoint vc="0" uspid="4815770" ordinal="0" offset="1" sl="51" sc="0" el="51" ec="0" bec="0" bev="0" fileid="11">
                  <TrackedMethodRefs>
                    <TrackedMethodRef uid="0" vc="0" />
                  </TrackedMethodRefs>
                </SequencePoint>
                <SequencePoint vc="0" uspid="4815771" ordinal="0" offset="15" sl="52" sc="0" el="52" ec="0" bec="0" bev="0" fileid="11">
                  <TrackedMethodRefs>
                    <TrackedMethodRef uid="0" vc="0" />
                  </TrackedMethodRefs>
                </SequencePoint>
              </SequencePoints>
              <BranchPoints />
            </Method>
          </Methods>
        </Class>
        <Class>
          <Summary numSequencePoints="0" visitedSequencePoints="0" numBranchPoints="0" visitedBranchPoints="0" sequenceCoverage="0" branchCoverage="0" maxCyclomaticComplexity="0" minCyclomaticComplexity="0" maxCrapScore="0" minCrapScore="0" visitedClasses="0" numClasses="1" visitedMethods="0" numMethods="0" />
          <FullName>GDX.GameObjectExtensions</FullName>
          <Methods />
        </Class>
        <Class>
          <Summary numSequencePoints="58" visitedSequencePoints="0" numBranchPoints="0" visitedBranchPoints="0" sequenceCoverage="0.0" branchCoverage="0.0" maxCyclomaticComplexity="3" minCyclomaticComplexity="1" maxCrapScore="12" minCrapScore="2" visitedClasses="0" numClasses="1" visitedMethods="0" numMethods="6" />
          <FullName>GDX.IListExtensions</FullName>
          <Methods>
            <Method visited="false" cyclomaticComplexity="2" nPathComplexity="0" sequenceCoverage="0.0" branchCoverage="0" crapScore="6" isConstructor="false" isStatic="true" isGetter="false" isSetter="false">
              <Summary numSequencePoints="7" visitedSequencePoints="0" numBranchPoints="0" visitedBranchPoints="0" sequenceCoverage="0.0" branchCoverage="0" maxCyclomaticComplexity="2" minCyclomaticComplexity="2" maxCrapScore="6" minCrapScore="6" visitedClasses="0" numClasses="0" visitedMethods="0" numMethods="1" />
              <MetadataToken>100663337</MetadataToken>
              <Name>static System.Boolean GDX.IListExtensions::AddUniqueItem[T](System.Collections.Generic.IList[T], T)</Name>
              <FileRef uid="13" />
              <SequencePoints>
                <SequencePoint vc="0" uspid="4815790" ordinal="0" offset="0" sl="25" sc="0" el="25" ec="0" bec="0" bev="0" fileid="13">
                  <TrackedMethodRefs>
                    <TrackedMethodRef uid="0" vc="0" />
                  </TrackedMethodRefs>
                </SequencePoint>
                <SequencePoint vc="0" uspid="4815791" ordinal="0" offset="1" sl="26" sc="0" el="26" ec="0" bec="0" bev="0" fileid="13">
                  <TrackedMethodRefs>
                    <TrackedMethodRef uid="0" vc="0" />
                  </TrackedMethodRefs>
                </SequencePoint>
                <SequencePoint vc="0" uspid="4815792" ordinal="0" offset="12" sl="27" sc="0" el="27" ec="0" bec="0" bev="0" fileid="13">
                  <TrackedMethodRefs>
                    <TrackedMethodRef uid="0" vc="0" />
                  </TrackedMethodRefs>
                </SequencePoint>
                <SequencePoint vc="0" uspid="4815793" ordinal="0" offset="13" sl="28" sc="0" el="28" ec="0" bec="0" bev="0" fileid="13">
                  <TrackedMethodRefs>
                    <TrackedMethodRef uid="0" vc="0" />
                  </TrackedMethodRefs>
                </SequencePoint>
                <SequencePoint vc="0" uspid="4815794" ordinal="0" offset="17" sl="31" sc="0" el="31" ec="0" bec="0" bev="0" fileid="13">
                  <TrackedMethodRefs>
                    <TrackedMethodRef uid="0" vc="0" />
                  </TrackedMethodRefs>
                </SequencePoint>
                <SequencePoint vc="0" uspid="4815795" ordinal="0" offset="25" sl="32" sc="0" el="32" ec="0" bec="0" bev="0" fileid="13">
                  <TrackedMethodRefs>
                    <TrackedMethodRef uid="0" vc="0" />
                  </TrackedMethodRefs>
                </SequencePoint>
                <SequencePoint vc="0" uspid="4815796" ordinal="0" offset="29" sl="34" sc="0" el="34" ec="0" bec="0" bev="0" fileid="13">
                  <TrackedMethodRefs>
                    <TrackedMethodRef uid="0" vc="0" />
                  </TrackedMethodRefs>
                </SequencePoint>
              </SequencePoints>
              <BranchPoints />
            </Method>
            <Method visited="false" cyclomaticComplexity="2" nPathComplexity="0" sequenceCoverage="0.0" branchCoverage="0" crapScore="6" isConstructor="false" isStatic="true" isGetter="false" isSetter="false">
              <Summary numSequencePoints="9" visitedSequencePoints="0" numBranchPoints="0" visitedBranchPoints="0" sequenceCoverage="0.0" branchCoverage="0" maxCyclomaticComplexity="2" minCyclomaticComplexity="2" maxCrapScore="6" minCrapScore="6" visitedClasses="0" numClasses="0" visitedMethods="0" numMethods="1" />
              <MetadataToken>100663338</MetadataToken>
              <Name>static System.Void GDX.IListExtensions::AddUniqueRange[T](System.Collections.Generic.IList[T], )</Name>
              <FileRef uid="13" />
              <SequencePoints>
                <SequencePoint vc="0" uspid="4815797" ordinal="0" offset="0" sl="45" sc="0" el="45" ec="0" bec="0" bev="0" fileid="13">
                  <TrackedMethodRefs>
                    <TrackedMethodRef uid="0" vc="0" />
                  </TrackedMethodRefs>
                </SequencePoint>
                <SequencePoint vc="0" uspid="4815798" ordinal="0" offset="1" sl="46" sc="0" el="46" ec="0" bec="0" bev="0" fileid="13">
                  <TrackedMethodRefs>
                    <TrackedMethodRef uid="0" vc="0" />
                  </TrackedMethodRefs>
                </SequencePoint>
                <SequencePoint vc="0" uspid="4815799" ordinal="0" offset="5" sl="47" sc="0" el="47" ec="0" bec="0" bev="0" fileid="13">
                  <TrackedMethodRefs>
                    <TrackedMethodRef uid="0" vc="0" />
                  </TrackedMethodRefs>
                </SequencePoint>
                <SequencePoint vc="0" uspid="4815800" ordinal="0" offset="9" sl="48" sc="0" el="48" ec="0" bec="0" bev="0" fileid="13">
                  <TrackedMethodRefs>
                    <TrackedMethodRef uid="0" vc="0" />
                  </TrackedMethodRefs>
                </SequencePoint>
                <SequencePoint vc="0" uspid="4815801" ordinal="0" offset="10" sl="49" sc="0" el="49" ec="0" bec="0" bev="0" fileid="13">
                  <TrackedMethodRefs>
                    <TrackedMethodRef uid="0" vc="0" />
                  </TrackedMethodRefs>
                </SequencePoint>
                <SequencePoint vc="0" uspid="4815802" ordinal="0" offset="24" sl="50" sc="0" el="50" ec="0" bec="0" bev="0" fileid="13">
                  <TrackedMethodRefs>
                    <TrackedMethodRef uid="0" vc="0" />
                  </TrackedMethodRefs>
                </SequencePoint>
                <SequencePoint vc="0" uspid="4815803" ordinal="0" offset="25" sl="47" sc="0" el="47" ec="0" bec="0" bev="0" fileid="13">
                  <TrackedMethodRefs>
                    <TrackedMethodRef uid="0" vc="0" />
                  </TrackedMethodRefs>
                </SequencePoint>
                <SequencePoint vc="0" uspid="4815804" ordinal="0" offset="29" sl="47" sc="0" el="47" ec="0" bec="0" bev="0" fileid="13">
                  <TrackedMethodRefs>
                    <TrackedMethodRef uid="0" vc="0" />
                  </TrackedMethodRefs>
                </SequencePoint>
                <SequencePoint vc="0" uspid="4815805" ordinal="0" offset="37" sl="51" sc="0" el="51" ec="0" bec="0" bev="0" fileid="13">
                  <TrackedMethodRefs>
                    <TrackedMethodRef uid="0" vc="0" />
                  </TrackedMethodRefs>
                </SequencePoint>
              </SequencePoints>
              <BranchPoints />
            </Method>
            <Method visited="false" cyclomaticComplexity="3" nPathComplexity="0" sequenceCoverage="0.0" branchCoverage="0" crapScore="12" isConstructor="false" isStatic="true" isGetter="false" isSetter="false">
              <Summary numSequencePoints="12" visitedSequencePoints="0" numBranchPoints="0" visitedBranchPoints="0" sequenceCoverage="0.0" branchCoverage="0" maxCyclomaticComplexity="3" minCyclomaticComplexity="3" maxCrapScore="12" minCrapScore="12" visitedClasses="0" numClasses="0" visitedMethods="0" numMethods="1" />
              <MetadataToken>100663339</MetadataToken>
              <Name>static System.Boolean GDX.IListExtensions::ContainsItem[T](System.Collections.Generic.IList[T], T)</Name>
              <FileRef uid="13" />
              <SequencePoints>
                <SequencePoint vc="0" uspid="4815806" ordinal="0" offset="0" sl="63" sc="0" el="63" ec="0" bec="0" bev="0" fileid="13">
                  <TrackedMethodRefs>
                    <TrackedMethodRef uid="0" vc="0" />
                  </TrackedMethodRefs>
                </SequencePoint>
                <SequencePoint vc="0" uspid="4815807" ordinal="0" offset="1" sl="64" sc="0" el="64" ec="0" bec="0" bev="0" fileid="13">
                  <TrackedMethodRefs>
                    <TrackedMethodRef uid="0" vc="0" />
                  </TrackedMethodRefs>
                </SequencePoint>
                <SequencePoint vc="0" uspid="4815808" ordinal="0" offset="8" sl="65" sc="0" el="65" ec="0" bec="0" bev="0" fileid="13">
                  <TrackedMethodRefs>
                    <TrackedMethodRef uid="0" vc="0" />
                  </TrackedMethodRefs>
                </SequencePoint>
                <SequencePoint vc="0" uspid="4815809" ordinal="0" offset="12" sl="66" sc="0" el="66" ec="0" bec="0" bev="0" fileid="13">
                  <TrackedMethodRefs>
                    <TrackedMethodRef uid="0" vc="0" />
                  </TrackedMethodRefs>
                </SequencePoint>
                <SequencePoint vc="0" uspid="4815810" ordinal="0" offset="13" sl="67" sc="0" el="67" ec="0" bec="0" bev="0" fileid="13">
                  <TrackedMethodRefs>
                    <TrackedMethodRef uid="0" vc="0" />
                  </TrackedMethodRefs>
                </SequencePoint>
                <SequencePoint vc="0" uspid="4815811" ordinal="0" offset="37" sl="68" sc="0" el="68" ec="0" bec="0" bev="0" fileid="13">
                  <TrackedMethodRefs>
                    <TrackedMethodRef uid="0" vc="0" />
                  </TrackedMethodRefs>
                </SequencePoint>
                <SequencePoint vc="0" uspid="4815812" ordinal="0" offset="38" sl="69" sc="0" el="69" ec="0" bec="0" bev="0" fileid="13">
                  <TrackedMethodRefs>
                    <TrackedMethodRef uid="0" vc="0" />
                  </TrackedMethodRefs>
                </SequencePoint>
                <SequencePoint vc="0" uspid="4815813" ordinal="0" offset="42" sl="71" sc="0" el="71" ec="0" bec="0" bev="0" fileid="13">
                  <TrackedMethodRefs>
                    <TrackedMethodRef uid="0" vc="0" />
                  </TrackedMethodRefs>
                </SequencePoint>
                <SequencePoint vc="0" uspid="4815814" ordinal="0" offset="43" sl="65" sc="0" el="65" ec="0" bec="0" bev="0" fileid="13">
                  <TrackedMethodRefs>
                    <TrackedMethodRef uid="0" vc="0" />
                  </TrackedMethodRefs>
                </SequencePoint>
[...]
              <FileRef uid="25" />
              <SequencePoints>
                <SequencePoint vc="0" uspid="4816813" ordinal="0" offset="0" sl="373" sc="0" el="373" ec="0" bec="0" bev="0" fileid="25">
                  <TrackedMethodRefs>
                    <TrackedMethodRef uid="0" vc="0" />
                  </TrackedMethodRefs>
                </SequencePoint>
                <SequencePoint vc="0" uspid="4816814" ordinal="0" offset="1" sl="374" sc="0" el="374" ec="0" bec="0" bev="0" fileid="25">
                  <TrackedMethodRefs>
                    <TrackedMethodRef uid="0" vc="0" />
                  </TrackedMethodRefs>
                </SequencePoint>
                <SequencePoint vc="0" uspid="4816815" ordinal="0" offset="8" sl="375" sc="0" el="375" ec="0" bec="0" bev="0" fileid="25">
                  <TrackedMethodRefs>
                    <TrackedMethodRef uid="0" vc="0" />
                  </TrackedMethodRefs>
                </SequencePoint>
                <SequencePoint vc="0" uspid="4816816" ordinal="0" offset="15" sl="377" sc="0" el="377" ec="0" bec="0" bev="0" fileid="25">
                  <TrackedMethodRefs>
                    <TrackedMethodRef uid="0" vc="0" />
                  </TrackedMethodRefs>
                </SequencePoint>
                <SequencePoint vc="0" uspid="4816817" ordinal="0" offset="19" sl="378" sc="0" el="378" ec="0" bec="0" bev="0" fileid="25">
                  <TrackedMethodRefs>
                    <TrackedMethodRef uid="0" vc="0" />
                  </TrackedMethodRefs>
                </SequencePoint>
                <SequencePoint vc="0" uspid="4816818" ordinal="0" offset="20" sl="380" sc="0" el="380" ec="0" bec="0" bev="0" fileid="25">
                  <TrackedMethodRefs>
                    <TrackedMethodRef uid="0" vc="0" />
                  </TrackedMethodRefs>
                </SequencePoint>
                <SequencePoint vc="0" uspid="4816819" ordinal="0" offset="47" sl="381" sc="0" el="381" ec="0" bec="0" bev="0" fileid="25">
                  <TrackedMethodRefs>
                    <TrackedMethodRef uid="0" vc="0" />
                  </TrackedMethodRefs>
                </SequencePoint>
                <SequencePoint vc="0" uspid="4816820" ordinal="0" offset="48" sl="382" sc="0" el="382" ec="0" bec="0" bev="0" fileid="25">
                  <TrackedMethodRefs>
                    <TrackedMethodRef uid="0" vc="0" />
                  </TrackedMethodRefs>
                </SequencePoint>
                <SequencePoint vc="0" uspid="4816821" ordinal="0" offset="50" sl="385" sc="0" el="385" ec="0" bec="0" bev="0" fileid="25">
                  <TrackedMethodRefs>
                    <TrackedMethodRef uid="0" vc="0" />
                  </TrackedMethodRefs>
                </SequencePoint>
                <SequencePoint vc="0" uspid="4816822" ordinal="0" offset="58" sl="386" sc="0" el="386" ec="0" bec="0" bev="0" fileid="25">
                  <TrackedMethodRefs>
                    <TrackedMethodRef uid="0" vc="0" />
                  </TrackedMethodRefs>
                </SequencePoint>
                <SequencePoint vc="0" uspid="4816823" ordinal="0" offset="63" sl="377" sc="0" el="377" ec="0" bec="0" bev="0" fileid="25">
                  <TrackedMethodRefs>
                    <TrackedMethodRef uid="0" vc="0" />
                  </TrackedMethodRefs>
                </SequencePoint>
                <SequencePoint vc="0" uspid="4816824" ordinal="0" offset="67" sl="377" sc="0" el="377" ec="0" bec="0" bev="0" fileid="25">
                  <TrackedMethodRefs>
                    <TrackedMethodRef uid="0" vc="0" />
                  </TrackedMethodRefs>
                </SequencePoint>
                <SequencePoint vc="0" uspid="4816825" ordinal="0" offset="77" sl="389" sc="0" el="389" ec="0" bec="0" bev="0" fileid="25">
                  <TrackedMethodRefs>
                    <TrackedMethodRef uid="0" vc="0" />
                  </TrackedMethodRefs>
                </SequencePoint>
                <SequencePoint vc="0" uspid="4816826" ordinal="0" offset="82" sl="390" sc="0" el="390" ec="0" bec="0" bev="0" fileid="25">
                  <TrackedMethodRefs>
                    <TrackedMethodRef uid="0" vc="0" />
                  </TrackedMethodRefs>
                </SequencePoint>
              </SequencePoints>
              <BranchPoints />
            </Method>
            <Method visited="false" cyclomaticComplexity="3" nPathComplexity="0" sequenceCoverage="0.0" branchCoverage="0" crapScore="12" isConstructor="false" isStatic="true" isGetter="false" isSetter="false">
              <Summary numSequencePoints="14" visitedSequencePoints="0" numBranchPoints="0" visitedBranchPoints="0" sequenceCoverage="0.0" branchCoverage="0" maxCyclomaticComplexity="3" minCyclomaticComplexity="3" maxCrapScore="12" minCrapScore="12" visitedClasses="0" numClasses="0" visitedMethods="0" numMethods="1" />
              <MetadataToken>100663457</MetadataToken>
              <Name>static System.Boolean GDX.SimpleListExtensions::RemoveLastReference[T](, T)</Name>
              <FileRef uid="25" />
              <SequencePoints>
                <SequencePoint vc="0" uspid="4816887" ordinal="0" offset="0" sl="523" sc="0" el="523" ec="0" bec="0" bev="0" fileid="25">
                  <TrackedMethodRefs>
                    <TrackedMethodRef uid="0" vc="0" />
                  </TrackedMethodRefs>
                </SequencePoint>
                <SequencePoint vc="0" uspid="4816888" ordinal="0" offset="1" sl="524" sc="0" el="524" ec="0" bec="0" bev="0" fileid="25">
                  <TrackedMethodRefs>
                    <TrackedMethodRef uid="0" vc="0" />
                  </TrackedMethodRefs>
                </SequencePoint>
                <SequencePoint vc="0" uspid="4816889" ordinal="0" offset="8" sl="525" sc="0" el="525" ec="0" bec="0" bev="0" fileid="25">
                  <TrackedMethodRefs>
                    <TrackedMethodRef uid="0" vc="0" />
                  </TrackedMethodRefs>
                </SequencePoint>
                <SequencePoint vc="0" uspid="4816890" ordinal="0" offset="15" sl="527" sc="0" el="527" ec="0" bec="0" bev="0" fileid="25">
                  <TrackedMethodRefs>
                    <TrackedMethodRef uid="0" vc="0" />
                  </TrackedMethodRefs>
                </SequencePoint>
                <SequencePoint vc="0" uspid="4816891" ordinal="0" offset="21" sl="528" sc="0" el="528" ec="0" bec="0" bev="0" fileid="25">
                  <TrackedMethodRefs>
                    <TrackedMethodRef uid="0" vc="0" />
                  </TrackedMethodRefs>
                </SequencePoint>
                <SequencePoint vc="0" uspid="4816892" ordinal="0" offset="22" sl="531" sc="0" el="531" ec="0" bec="0" bev="0" fileid="25">
                  <TrackedMethodRefs>
                    <TrackedMethodRef uid="0" vc="0" />
                  </TrackedMethodRefs>
                </SequencePoint>
                <SequencePoint vc="0" uspid="4816893" ordinal="0" offset="46" sl="532" sc="0" el="532" ec="0" bec="0" bev="0" fileid="25">
                  <TrackedMethodRefs>
                    <TrackedMethodRef uid="0" vc="0" />
                  </TrackedMethodRefs>
                </SequencePoint>
                <SequencePoint vc="0" uspid="4816894" ordinal="0" offset="47" sl="533" sc="0" el="533" ec="0" bec="0" bev="0" fileid="25">
                  <TrackedMethodRefs>
                    <TrackedMethodRef uid="0" vc="0" />
                  </TrackedMethodRefs>
                </SequencePoint>
                <SequencePoint vc="0" uspid="4816895" ordinal="0" offset="55" sl="534" sc="0" el="534" ec="0" bec="0" bev="0" fileid="25">
                  <TrackedMethodRefs>
                    <TrackedMethodRef uid="0" vc="0" />
                  </TrackedMethodRefs>
                </SequencePoint>
                <SequencePoint vc="0" uspid="4816896" ordinal="0" offset="60" sl="538" sc="0" el="538" ec="0" bec="0" bev="0" fileid="25">
                  <TrackedMethodRefs>
                    <TrackedMethodRef uid="0" vc="0" />
                  </TrackedMethodRefs>
                </SequencePoint>
                <SequencePoint vc="0" uspid="4816897" ordinal="0" offset="61" sl="527" sc="0" el="527" ec="0" bec="0" bev="0" fileid="25">
                  <TrackedMethodRefs>
                    <TrackedMethodRef uid="0" vc="0" />
                  </TrackedMethodRefs>
                </SequencePoint>
                <SequencePoint vc="0" uspid="4816898" ordinal="0" offset="65" sl="527" sc="0" el="527" ec="0" bec="0" bev="0" fileid="25">
                  <TrackedMethodRefs>
                    <TrackedMethodRef uid="0" vc="0" />
                  </TrackedMethodRefs>
                </SequencePoint>
                <SequencePoint vc="0" uspid="4816899" ordinal="0" offset="78" sl="540" sc="0" el="540" ec="0" bec="0" bev="0" fileid="25">
                  <TrackedMethodRefs>
                    <TrackedMethodRef uid="0" vc="0" />
                  </TrackedMethodRefs>
                </SequencePoint>
                <SequencePoint vc="0" uspid="4816900" ordinal="0" offset="83" sl="541" sc="0" el="541" ec="0" bec="0" bev="0" fileid="25">
                  <TrackedMethodRefs>
                    <TrackedMethodRef uid="0" vc="0" />
                  </TrackedMethodRefs>
                </SequencePoint>
              </SequencePoints>
              <BranchPoints />
            </Method>
          </Methods>
        </Class>
        <Class>
          <Summary numSequencePoints="23" visitedSequencePoints="0" numBranchPoints="0" visitedBranchPoints="0" sequenceCoverage="0.0" branchCoverage="0.0" maxCyclomaticComplexity="10" minCyclomaticComplexity="10" maxCrapScore="110" minCrapScore="110" visitedClasses="0" numClasses="1" visitedMethods="0" numMethods="1" />
          <FullName>GDX.TransformExtensions</FullName>
          <Methods>
            <Method visited="false" cyclomaticComplexity="10" nPathComplexity="0" sequenceCoverage="0.0" branchCoverage="0" crapScore="110" isConstructor="false" isStatic="true" isGetter="false" isSetter="false">
              <Summary numSequencePoints="23" visitedSequencePoints="0" numBranchPoints="0" visitedBranchPoints="0" sequenceCoverage="0.0" branchCoverage="0" maxCyclomaticComplexity="10" minCyclomaticComplexity="10" maxCrapScore="110" minCrapScore="110" visitedClasses="0" numClasses="0" visitedMethods="0" numMethods="1" />
              <MetadataToken>100663487</MetadataToken>
              <Name>static T GDX.TransformExtensions::GetFirstComponentInChildrenComplex[T](UnityEngine.Transform, System.Boolean, System.Int32, System.Int32)</Name>
              <FileRef uid="29" />
              <SequencePoints>
                <SequencePoint vc="0" uspid="4817293" ordinal="0" offset="0" sl="88" sc="0" el="88" ec="0" bec="0" bev="0" fileid="29">
                  <TrackedMethodRefs>
                    <TrackedMethodRef uid="0" vc="0" />
                  </TrackedMethodRefs>
                </SequencePoint>
                <SequencePoint vc="0" uspid="4817294" ordinal="0" offset="1" sl="90" sc="0" el="90" ec="0" bec="0" bev="0" fileid="29">
                  <TrackedMethodRefs>
                    <TrackedMethodRef uid="0" vc="0" />
                  </TrackedMethodRefs>
                </SequencePoint>
                <SequencePoint vc="0" uspid="4817295" ordinal="0" offset="6" sl="92" sc="0" el="92" ec="0" bec="0" bev="0" fileid="29">
                  <TrackedMethodRefs>
                    <TrackedMethodRef uid="0" vc="0" />
                  </TrackedMethodRefs>
                </SequencePoint>
                <SequencePoint vc="0" uspid="4817296" ordinal="0" offset="21" sl="92" sc="0" el="92" ec="0" bec="0" bev="0" fileid="29">
                  <TrackedMethodRefs>
                    <TrackedMethodRef uid="0" vc="0" />
                  </TrackedMethodRefs>
                </SequencePoint>
                <SequencePoint vc="0" uspid="4817297" ordinal="0" offset="36" sl="94" sc="0" el="94" ec="0" bec="0" bev="0" fileid="29">
                  <TrackedMethodRefs>
                    <TrackedMethodRef uid="0" vc="0" />
                  </TrackedMethodRefs>
                </SequencePoint>
                <SequencePoint vc="0" uspid="4817298" ordinal="0" offset="43" sl="95" sc="0" el="95" ec="0" bec="0" bev="0" fileid="29">
                  <TrackedMethodRefs>
                    <TrackedMethodRef uid="0" vc="0" />
                  </TrackedMethodRefs>
                </SequencePoint>
                <SequencePoint vc="0" uspid="4817299" ordinal="0" offset="51" sl="96" sc="0" el="96" ec="0" bec="0" bev="0" fileid="29">
                  <TrackedMethodRefs>
                    <TrackedMethodRef uid="0" vc="0" />
                  </TrackedMethodRefs>
                </SequencePoint>
                <SequencePoint vc="0" uspid="4817300" ordinal="0" offset="52" sl="97" sc="0" el="97" ec="0" bec="0" bev="0" fileid="29">
                  <TrackedMethodRefs>
                    <TrackedMethodRef uid="0" vc="0" />
                  </TrackedMethodRefs>
                </SequencePoint>
                <SequencePoint vc="0" uspid="4817301" ordinal="0" offset="62" sl="100" sc="0" el="100" ec="0" bec="0" bev="0" fileid="29">
                  <TrackedMethodRefs>
                    <TrackedMethodRef uid="0" vc="0" />
                  </TrackedMethodRefs>
                </SequencePoint>
                <SequencePoint vc="0" uspid="4817302" ordinal="0" offset="89" sl="102" sc="0" el="102" ec="0" bec="0" bev="0" fileid="29">
                  <TrackedMethodRefs>
                    <TrackedMethodRef uid="0" vc="0" />
                  </TrackedMethodRefs>
                </SequencePoint>
                <SequencePoint vc="0" uspid="4817303" ordinal="0" offset="91" sl="105" sc="0" el="105" ec="0" bec="0" bev="0" fileid="29">
                  <TrackedMethodRefs>
                    <TrackedMethodRef uid="0" vc="0" />
                  </TrackedMethodRefs>
                </SequencePoint>
                <SequencePoint vc="0" uspid="4817304" ordinal="0" offset="100" sl="108" sc="0" el="108" ec="0" bec="0" bev="0" fileid="29">
                  <TrackedMethodRefs>
                    <TrackedMethodRef uid="0" vc="0" />
                  </TrackedMethodRefs>
                </SequencePoint>
                <SequencePoint vc="0" uspid="4817305" ordinal="0" offset="119" sl="108" sc="0" el="108" ec="0" bec="0" bev="0" fileid="29">
                  <TrackedMethodRefs>
                    <TrackedMethodRef uid="0" vc="0" />
                  </TrackedMethodRefs>
                </SequencePoint>
                <SequencePoint vc="0" uspid="4817306" ordinal="0" offset="124" sl="111" sc="0" el="111" ec="0" bec="0" bev="0" fileid="29">
                  <TrackedMethodRefs>
                    <TrackedMethodRef uid="0" vc="0" />
                  </TrackedMethodRefs>
                </SequencePoint>
                <SequencePoint vc="0" uspid="4817307" ordinal="0" offset="144" sl="111" sc="0" el="111" ec="0" bec="0" bev="0" fileid="29">
                  <TrackedMethodRefs>
                    <TrackedMethodRef uid="0" vc="0" />
                  </TrackedMethodRefs>
                </SequencePoint>
                <SequencePoint vc="0" uspid="4817308" ordinal="0" offset="146" sl="113" sc="0" el="113" ec="0" bec="0" bev="0" fileid="29">
                  <TrackedMethodRefs>
                    <TrackedMethodRef uid="0" vc="0" />
                  </TrackedMethodRefs>
                </SequencePoint>
                <SequencePoint vc="0" uspid="4817309" ordinal="0" offset="158" sl="115" sc="0" el="115" ec="0" bec="0" bev="0" fileid="29">
                  <TrackedMethodRefs>
                    <TrackedMethodRef uid="0" vc="0" />
                  </TrackedMethodRefs>
                </SequencePoint>
                <SequencePoint vc="0" uspid="4817310" ordinal="0" offset="177" sl="115" sc="0" el="115" ec="0" bec="0" bev="0" fileid="29">
                  <TrackedMethodRefs>
                    <TrackedMethodRef uid="0" vc="0" />
                  </TrackedMethodRefs>
                </SequencePoint>
                <SequencePoint vc="0" uspid="4817311" ordinal="0" offset="182" sl="116" sc="0" el="116" ec="0" bec="0" bev="0" fileid="29">
                  <TrackedMethodRefs>
                    <TrackedMethodRef uid="0" vc="0" />
                  </TrackedMethodRefs>
                </SequencePoint>
                <SequencePoint vc="0" uspid="4817312" ordinal="0" offset="183" sl="95" sc="0" el="95" ec="0" bec="0" bev="0" fileid="29">
                  <TrackedMethodRefs>
                    <TrackedMethodRef uid="0" vc="0" />
                  </TrackedMethodRefs>
                </SequencePoint>
                <SequencePoint vc="0" uspid="4817313" ordinal="0" offset="189" sl="95" sc="0" el="95" ec="0" bec="0" bev="0" fileid="29">
                  <TrackedMethodRefs>
                    <TrackedMethodRef uid="0" vc="0" />
                  </TrackedMethodRefs>
                </SequencePoint>
                <SequencePoint vc="0" uspid="4817314" ordinal="0" offset="203" sl="118" sc="0" el="118" ec="0" bec="0" bev="0" fileid="29">
                  <TrackedMethodRefs>
                    <TrackedMethodRef uid="0" vc="0" />
                  </TrackedMethodRefs>
                </SequencePoint>
                <SequencePoint vc="0" uspid="4817315" ordinal="0" offset="215" sl="119" sc="0" el="119" ec="0" bec="0" bev="0" fileid="29">
                  <TrackedMethodRefs>
                    <TrackedMethodRef uid="0" vc="0" />
                  </TrackedMethodRefs>
                </SequencePoint>
              </SequencePoints>
              <BranchPoints />
            </Method>
          </Methods>
        </Class>
        <Class>
          <Summary numSequencePoints="0" visitedSequencePoints="0" numBranchPoints="0" visitedBranchPoints="0" sequenceCoverage="0" branchCoverage="0" maxCyclomaticComplexity="0" minCyclomaticComplexity="0" maxCrapScore="0" minCrapScore="0" visitedClasses="0" numClasses="1" visitedMethods="0" numMethods="0" />
          <FullName>GDX.Tables.StableTable</FullName>
          <Methods />
        </Class>
        <Class>
          <Summary numSequencePoints="0" visitedSequencePoints="0" numBranchPoints="0" visitedBranchPoints="0" sequenceCoverage="0" branchCoverage="0" maxCyclomaticComplexity="0" minCyclomaticComplexity="0" maxCrapScore="0" minCrapScore="0" visitedClasses="0" numClasses="1" visitedMethods="0" numMethods="0" />
          <FullName>GDX.Developer.Reports.ResourcesAuditReport</FullName>
          <Methods />
        </Class>
        <Class>
          <Summary numSequencePoints="0" visitedSequencePoints="0" numBranchPoints="0" visitedBranchPoints="0" sequenceCoverage="0" branchCoverage="0" maxCyclomaticComplexity="0" minCyclomaticComplexity="0" maxCrapScore="0" minCrapScore="0" visitedClasses="0" numClasses="1" visitedMethods="0" numMethods="0" />
          <FullName>GDX.Collections.SparseSet</FullName>
          <Methods />
        </Class>
        <Class>
          <Summary numSequencePoints="0" visitedSequencePoints="0" numBranchPoints="0" visitedBranchPoints="0" sequenceCoverage="0" branchCoverage="0" maxCyclomaticComplexity="0" minCyclomaticComplexity="0" maxCrapScore="0" minCrapScore="0" visitedClasses="0" numClasses="1" visitedMethods="0" numMethods="0" />
          <FullName>GDX.Collections.Pooling.ManagedPools</FullName>
          <Methods />
        </Class>
      </Classes>
      <TrackedMethods>
        <TrackedMethod uid="0" token="100663340" name="System.Void GDX.LocalizationTests::GetHumanReadableFileSize_100_ReturnsValidString()" strategy="Test" />
      </TrackedMethods>
    </Module>
  </Modules>
</CoverageSession>