<?xml version="1.0" encoding="utf-8"?>
<CoverageSession xmlns:xsd="http://www.w3.org/2001/XMLSchema" xmlns:xsi="http://www.w3.org/2001/XMLSchema-instance" Version="0.0.0.0">
  <Summary numSequencePoints="633" visitedSequencePoints="238" numBranchPoints="0" visitedBranchPoints="0" sequenceCoverage="37.60" branchCoverage="0.0" maxCyclomaticComplexity="21" minCyclomaticComplexity="0" maxCrapScore="193.47" minCrapScore="0" visitedClasses="30" numClasses="54" visitedMethods="43" numMethods="62" />
  <Modules>
    <Module>
      <Summary numSequencePoints="633" visitedSequencePoints="238" numBranchPoints="0" visitedBranchPoints="0" sequenceCoverage="37.60" branchCoverage="0.0" maxCyclomaticComplexity="21" minCyclomaticComplexity="0" maxCrapScore="193.47" minCrapScore="0" visitedClasses="30" numClasses="54" visitedMethods="43" numMethods="62" />
      <ModuleTime>0001-01-01T00:00:00</ModuleTime>
      <ModuleName>GDX</ModuleName>
      <Files>
        <File uid="1" fullPath="./Packages/com.dotbunny.gdx/GDX/AddressablesExtensions.cs" />
        <File uid="2" fullPath="./Packages/com.dotbunny.gdx/GDX/ArrayExtensions.cs" />
        <File uid="3" fullPath="./Packages/com.dotbunny.gdx/GDX/BoxColliderExtensions.cs" />
        <File uid="4" fullPath="./Packages/com.dotbunny.gdx/GDX/ByteExtensions.cs" />
        <File uid="5" fullPath="./Packages/com.dotbunny.gdx/GDX/CameraExtensions.cs" />
        <File uid="6" fullPath="./Packages/com.dotbunny.gdx/GDX/CapsuleColliderExtensions.cs" />
        <File uid="7" fullPath="./Packages/com.dotbunny.gdx/GDX/Config.cs" />
        <File uid="8" fullPath="./Packages/com.dotbunny.gdx/GDX/Core.cs" />
        <File uid="9" fullPath="./Packages/com.dotbunny.gdx/GDX/Display.cs" />
        <File uid="10" fullPath="./Packages/com.dotbunny.gdx/GDX/EnumExtensions.cs" />
        <File uid="11" fullPath="./Packages/com.dotbunny.gdx/GDX/GameObjectExtensions.cs" />
        <File uid="12" fullPath="./Packages/com.dotbunny.gdx/GDX/Localization.cs" />
        <File uid="13" fullPath="./Packages/com.dotbunny.gdx/GDX/Memory.cs" />
        <File uid="14" fullPath="./Packages/com.dotbunny.gdx/GDX/MeshExtensions.cs" />
        <File uid="15" fullPath="./Packages/com.dotbunny.gdx/GDX/ObjectExtensions.cs" />
        <File uid="16" fullPath="./Packages/com.dotbunny.gdx/GDX/Platform.cs" />
        <File uid="17" fullPath="./Packages/com.dotbunny.gdx/GDX/PlayerLoopSystemExtensions.cs" />
        <File uid="18" fullPath="./Packages/com.dotbunny.gdx/GDX/RectExtensions.cs" />
        <File uid="19" fullPath="./Packages/com.dotbunny.gdx/GDX/Reflection.cs" />
        <File uid="20" fullPath="./Packages/com.dotbunny.gdx/GDX/RigidbodyExtensions.cs" />
        <File uid="21" fullPath="./Packages/com.dotbunny.gdx/GDX/SceneExtensions.cs" />
        <File uid="22" fullPath="./Packages/com.dotbunny.gdx/GDX/SegmentedString.cs" />
        <File uid="23" fullPath="./Packages/com.dotbunny.gdx/GDX/Serializable.cs" />
        <File uid="24" fullPath="./Packages/com.dotbunny.gdx/GDX/Space.cs" />
        <File uid="25" fullPath="./Packages/com.dotbunny.gdx/GDX/StringExtensions.cs" />
        <File uid="26" fullPath="./Packages/com.dotbunny.gdx/GDX/TransformExtensions.cs" />
        <File uid="27" fullPath="./Packages/com.dotbunny.gdx/GDX/Vector2Extensions.cs" />
        <File uid="28" fullPath="./Packages/com.dotbunny.gdx/GDX/Vector3Extensions.cs" />
        <File uid="29" fullPath="./Packages/com.dotbunny.gdx/GDX/VisualElementStyles.cs" />
        <File uid="30" fullPath="./Packages/com.dotbunny.gdx/GDX/Threading/TaskBase.cs" />
        <File uid="31" fullPath="./Packages/com.dotbunny.gdx/GDX/Threading/TaskDirector.cs" />
        <File uid="32" fullPath="./Packages/com.dotbunny.gdx/GDX/Threading/TaskDirectorSystem.cs" />
        <File uid="33" fullPath="./Packages/com.dotbunny.gdx/GDX/Threading/TaskExtensions.cs" />
        <File uid="34" fullPath="./Packages/com.dotbunny.gdx/GDX/Threading/WaitFor.cs" />
        <File uid="35" fullPath="./Packages/com.dotbunny.gdx/GDX/Threading/WaitWhile.cs" />
        <File uid="36" fullPath="./Packages/com.dotbunny.gdx/GDX/Mathematics/Byte2.cs" />
        <File uid="37" fullPath="./Packages/com.dotbunny.gdx/GDX/Mathematics/FibonacciHash.cs" />
        <File uid="38" fullPath="./Packages/com.dotbunny.gdx/GDX/Mathematics/Range.cs" />
        <File uid="39" fullPath="./Packages/com.dotbunny.gdx/GDX/Mathematics/Rotate.cs" />
        <File uid="40" fullPath="./Packages/com.dotbunny.gdx/GDX/Mathematics/Smooth.cs" />
        <File uid="41" fullPath="./Packages/com.dotbunny.gdx/GDX/Mathematics/Random/RandomAdaptor.cs" />
        <File uid="42" fullPath="./Packages/com.dotbunny.gdx/GDX/Mathematics/Random/RandomWrapper.cs" />
        <File uid="43" fullPath="./Packages/com.dotbunny.gdx/GDX/Mathematics/Random/WELL1024a.cs" />
        <File uid="44" fullPath="./Packages/com.dotbunny.gdx/GDX/Logging/LogEntry.cs" />
        <File uid="45" fullPath="./Packages/com.dotbunny.gdx/GDX/Logging/ManagedLog.cs" />
        <File uid="46" fullPath="./Packages/com.dotbunny.gdx/GDX/Logging/ManagedLogHandler.cs" />
        <File uid="47" fullPath="./Packages/com.dotbunny.gdx/GDX/Logging/ManagedLogWrapper.cs" />
        <File uid="48" fullPath="./Packages/com.dotbunny.gdx/GDX/Jobs/ParallelFor/Color32CompareJob.cs" />
        <File uid="49" fullPath="./Packages/com.dotbunny.gdx/GDX/Jobs/ParallelFor/Color32MatchJob.cs" />
        <File uid="50" fullPath="./Packages/com.dotbunny.gdx/GDX/Jobs/ParallelFor/ColorCompareJob.cs" />
        <File uid="51" fullPath="./Packages/com.dotbunny.gdx/GDX/Jobs/ParallelFor/ColorMatchJob.cs" />
        <File uid="52" fullPath="./Packages/com.dotbunny.gdx/GDX/Jobs/ParallelFor/IntegerBufferCopyJob.cs" />
        <File uid="53" fullPath="./Packages/com.dotbunny.gdx/GDX/Jobs/ParallelFor/IntegerBufferFillJob.cs" />
        <File uid="54" fullPath="./Packages/com.dotbunny.gdx/GDX/Jobs/ParallelFor/IntegerBufferSwapJob.cs" />
        <File uid="55" fullPath="./Packages/com.dotbunny.gdx/GDX/IO/CoalesceStream.cs" />
        <File uid="56" fullPath="./Packages/com.dotbunny.gdx/GDX/IO/Compression/TarFile.cs" />
        <File uid="57" fullPath="./Packages/com.dotbunny.gdx/GDX/Experimental/DebugDraw.cs" />
        <File uid="58" fullPath="./Packages/com.dotbunny.gdx/GDX/Experimental/DebugDrawBuffer.cs" />
        <File uid="59" fullPath="./Packages/com.dotbunny.gdx/GDX/Experimental/DebugDrawShapes.cs" />
        <File uid="60" fullPath="./Packages/com.dotbunny.gdx/GDX/Developer/CommandLineParser.cs" />
        <File uid="61" fullPath="./Packages/com.dotbunny.gdx/GDX/Developer/Console.cs" />
        <File uid="62" fullPath="./Packages/com.dotbunny.gdx/GDX/Developer/ConsoleAutoCompleteProvider.cs" />
        <File uid="63" fullPath="./Packages/com.dotbunny.gdx/GDX/Developer/ConsoleCommandBase.cs" />
        <File uid="64" fullPath="./Packages/com.dotbunny.gdx/GDX/Developer/ConsoleVariableBase.cs" />
        <File uid="65" fullPath="./Packages/com.dotbunny.gdx/GDX/Developer/ConsoleVariableSettings.cs" />
        <File uid="66" fullPath="./Packages/com.dotbunny.gdx/GDX/Developer/InputProxy.cs" />
        <File uid="67" fullPath="./Packages/com.dotbunny.gdx/GDX/Developer/ManagedUpdateSystem.cs" />
        <File uid="68" fullPath="./Packages/com.dotbunny.gdx/GDX/Developer/Profiling.cs" />
        <File uid="69" fullPath="./Packages/com.dotbunny.gdx/GDX/Developer/RuntimeConsoleController.cs" />
        <File uid="70" fullPath="./Packages/com.dotbunny.gdx/GDX/Developer/RuntimeWatchController.cs" />
        <File uid="71" fullPath="./Packages/com.dotbunny.gdx/GDX/Developer/SemanticVersion.cs" />
        <File uid="72" fullPath="./Packages/com.dotbunny.gdx/GDX/Developer/TextGenerator.cs" />
        <File uid="73" fullPath="./Packages/com.dotbunny.gdx/GDX/Developer/TransientReference.cs" />
        <File uid="74" fullPath="./Packages/com.dotbunny.gdx/GDX/Developer/WatchBase.cs" />
        <File uid="75" fullPath="./Packages/com.dotbunny.gdx/GDX/Developer/Watches/BooleanWatch.cs" />
        <File uid="76" fullPath="./Packages/com.dotbunny.gdx/GDX/Developer/Watches/FloatChartWatch.cs" />
        <File uid="77" fullPath="./Packages/com.dotbunny.gdx/GDX/Developer/Watches/FloatRangeWatch.cs" />
        <File uid="78" fullPath="./Packages/com.dotbunny.gdx/GDX/Developer/Watches/IntegerChartWatch.cs" />
        <File uid="79" fullPath="./Packages/com.dotbunny.gdx/GDX/Developer/Watches/IntegerRangeWatch.cs" />
        <File uid="80" fullPath="./Packages/com.dotbunny.gdx/GDX/Developer/Watches/SimpleWatch.cs" />
        <File uid="81" fullPath="./Packages/com.dotbunny.gdx/GDX/Developer/WatchProvider.cs" />
        <File uid="82" fullPath="./Packages/com.dotbunny.gdx/GDX/Developer/WatchSettings.cs" />
        <File uid="83" fullPath="./Packages/com.dotbunny.gdx/GDX/Developer/Reports/BuildVerificationReport.cs" />
        <File uid="84" fullPath="./Packages/com.dotbunny.gdx/GDX/Developer/Reports/NUnitReport.cs" />
        <File uid="85" fullPath="./Packages/com.dotbunny.gdx/GDX/Developer/Reports/ResourcesAuditReport.cs" />
        <File uid="86" fullPath="./Packages/com.dotbunny.gdx/GDX/Developer/Reports/ResourcesDiffReport.cs" />
        <File uid="87" fullPath="./Packages/com.dotbunny.gdx/GDX/Developer/Reports/Resource/IntegerDiff.cs" />
        <File uid="88" fullPath="./Packages/com.dotbunny.gdx/GDX/Developer/Reports/Resource/LongDiff.cs" />
        <File uid="89" fullPath="./Packages/com.dotbunny.gdx/GDX/Developer/Reports/Resource/ResourceReport.cs" />
        <File uid="90" fullPath="./Packages/com.dotbunny.gdx/GDX/Developer/Reports/Resource/ResourceReportContext.cs" />
        <File uid="91" fullPath="./Packages/com.dotbunny.gdx/GDX/Developer/Reports/Resource/Sections/ApplicationSection.cs" />
        <File uid="92" fullPath="./Packages/com.dotbunny.gdx/GDX/Developer/Reports/Resource/Sections/MemoryDiffSection.cs" />
        <File uid="93" fullPath="./Packages/com.dotbunny.gdx/GDX/Developer/Reports/Resource/Sections/MemorySection.cs" />
        <File uid="94" fullPath="./Packages/com.dotbunny.gdx/GDX/Developer/Reports/Resource/Objects/AssetBundleObjectInfo.cs" />
        <File uid="95" fullPath="./Packages/com.dotbunny.gdx/GDX/Developer/Reports/Resource/Objects/MeshObjectInfo.cs" />
        <File uid="96" fullPath="./Packages/com.dotbunny.gdx/GDX/Developer/Reports/Resource/Objects/ObjectInfo.cs" />
        <File uid="97" fullPath="./Packages/com.dotbunny.gdx/GDX/Developer/Reports/Resource/Objects/ObjectInfoFactory.cs" />
        <File uid="98" fullPath="./Packages/com.dotbunny.gdx/GDX/Developer/Reports/Resource/Objects/ShaderObjectInfo.cs" />
        <File uid="99" fullPath="./Packages/com.dotbunny.gdx/GDX/Developer/Reports/Resource/Objects/TextureObjectInfo.cs" />
        <File uid="100" fullPath="./Packages/com.dotbunny.gdx/GDX/Developer/Reports/BuildVerification/SimpleTestBehaviour.cs" />
        <File uid="101" fullPath="./Packages/com.dotbunny.gdx/GDX/Developer/Reports/BuildVerification/TestRunner.cs" />
        <File uid="102" fullPath="./Packages/com.dotbunny.gdx/GDX/Developer/Reports/BuildVerification/TestScene.cs" />
        <File uid="103" fullPath="./Packages/com.dotbunny.gdx/GDX/Developer/ConsoleVariables/BooleanConsoleVariable.cs" />
        <File uid="104" fullPath="./Packages/com.dotbunny.gdx/GDX/Developer/ConsoleVariables/FloatConsoleVariable.cs" />
        <File uid="105" fullPath="./Packages/com.dotbunny.gdx/GDX/Developer/ConsoleVariables/IntegerConsoleVariable.cs" />
        <File uid="106" fullPath="./Packages/com.dotbunny.gdx/GDX/Developer/ConsoleVariables/StringConsoleVariable.cs" />
        <File uid="107" fullPath="./Packages/com.dotbunny.gdx/GDX/Developer/ConsoleCommands/BuildVerificationTestConsoleCommand.cs" />
        <File uid="108" fullPath="./Packages/com.dotbunny.gdx/GDX/Developer/ConsoleCommands/ConsoleVariablesConsoleCommands.cs" />
        <File uid="109" fullPath="./Packages/com.dotbunny.gdx/GDX/Developer/ConsoleCommands/ExecConsoleCommand.cs" />
        <File uid="110" fullPath="./Packages/com.dotbunny.gdx/GDX/Developer/ConsoleCommands/GarbageCollectionConsoleCommand.cs" />
        <File uid="111" fullPath="./Packages/com.dotbunny.gdx/GDX/Developer/ConsoleCommands/HelpConsoleCommand.cs" />
        <File uid="112" fullPath="./Packages/com.dotbunny.gdx/GDX/Developer/ConsoleCommands/HideConsoleCommand.cs" />
        <File uid="113" fullPath="./Packages/com.dotbunny.gdx/GDX/Developer/ConsoleCommands/InputKeyPressConsoleCommand.cs" />
        <File uid="114" fullPath="./Packages/com.dotbunny.gdx/GDX/Developer/ConsoleCommands/PlayerLoopConsoleCommand.cs" />
        <File uid="115" fullPath="./Packages/com.dotbunny.gdx/GDX/Developer/ConsoleCommands/QuitConsoleCommand.cs" />
        <File uid="116" fullPath="./Packages/com.dotbunny.gdx/GDX/Developer/ConsoleCommands/SceneConsoleCommand.cs" />
        <File uid="117" fullPath="./Packages/com.dotbunny.gdx/GDX/Developer/ConsoleCommands/SceneListConsoleCommand.cs" />
        <File uid="118" fullPath="./Packages/com.dotbunny.gdx/GDX/Developer/ConsoleCommands/SceneWaitConsoleCommand.cs" />
        <File uid="119" fullPath="./Packages/com.dotbunny.gdx/GDX/Developer/ConsoleCommands/ScreenCaptureConsoleCommand.cs" />
        <File uid="120" fullPath="./Packages/com.dotbunny.gdx/GDX/Developer/ConsoleCommands/ShowConsoleCommand.cs" />
        <File uid="121" fullPath="./Packages/com.dotbunny.gdx/GDX/Developer/ConsoleCommands/VersionConsoleCommand.cs" />
        <File uid="122" fullPath="./Packages/com.dotbunny.gdx/GDX/Developer/ConsoleCommands/WaitConsoleCommand.cs" />
        <File uid="123" fullPath="./Packages/com.dotbunny.gdx/GDX/Developer/ConsoleCommands/WatchConsoleCommand.cs" />
        <File uid="124" fullPath="./Packages/com.dotbunny.gdx/GDX/Developer/ConsoleCommands/WatchListConsoleCommand.cs" />
        <File uid="125" fullPath="./Packages/com.dotbunny.gdx/GDX/DataTables/ColumnDescription.cs" />
        <File uid="126" fullPath="./Packages/com.dotbunny.gdx/GDX/DataTables/DataTableBase.cs" />
        <File uid="127" fullPath="./Packages/com.dotbunny.gdx/GDX/DataTables/DataTableExtensions.cs" />
        <File uid="128" fullPath="./Packages/com.dotbunny.gdx/GDX/DataTables/DataTableMetaData.cs" />
        <File uid="129" fullPath="./Packages/com.dotbunny.gdx/GDX/DataTables/RowDescription.cs" />
        <File uid="130" fullPath="./Packages/com.dotbunny.gdx/GDX/DataTables/StableDataTable.cs" />
        <File uid="131" fullPath="./Packages/com.dotbunny.gdx/GDX/DataTables/DataBinding/DataBindingProvider.cs" />
        <File uid="132" fullPath="./Packages/com.dotbunny.gdx/GDX/DataTables/DataBinding/SerializableRow.cs" />
        <File uid="133" fullPath="./Packages/com.dotbunny.gdx/GDX/DataTables/DataBinding/SerializableTable.cs" />
        <File uid="134" fullPath="./Packages/com.dotbunny.gdx/GDX/DataTables/DataBinding/Formats/CommaSeperatedValueFormat.cs" />
        <File uid="135" fullPath="./Packages/com.dotbunny.gdx/GDX/DataTables/DataBinding/Formats/JavaScriptObjectNotationFormat.cs" />
        <File uid="136" fullPath="./Packages/com.dotbunny.gdx/GDX/DataTables/ColumnSorters/BoolColumnSorter.cs" />
        <File uid="137" fullPath="./Packages/com.dotbunny.gdx/GDX/DataTables/ColumnSorters/ColumSorterBase.cs" />
        <File uid="138" fullPath="./Packages/com.dotbunny.gdx/GDX/DataTables/ColumnSorters/DoubleColumnSorter.cs" />
        <File uid="139" fullPath="./Packages/com.dotbunny.gdx/GDX/DataTables/ColumnSorters/EnumIntColumnSorter.cs" />
        <File uid="140" fullPath="./Packages/com.dotbunny.gdx/GDX/DataTables/ColumnSorters/FloatColumnSorter.cs" />
        <File uid="141" fullPath="./Packages/com.dotbunny.gdx/GDX/DataTables/ColumnSorters/IntColumnSorter.cs" />
        <File uid="142" fullPath="./Packages/com.dotbunny.gdx/GDX/DataTables/ColumnSorters/LongColumnSorter.cs" />
        <File uid="143" fullPath="./Packages/com.dotbunny.gdx/GDX/DataTables/ColumnSorters/RowNameColumnSorter.cs" />
        <File uid="144" fullPath="./Packages/com.dotbunny.gdx/GDX/DataTables/ColumnSorters/StringColumnSorter.cs" />
        <File uid="145" fullPath="./Packages/com.dotbunny.gdx/GDX/DataTables/ColumnSorters/UIntColumnSorter.cs" />
        <File uid="146" fullPath="./Packages/com.dotbunny.gdx/GDX/DataTables/ColumnSorters/ULongColumnSorter.cs" />
        <File uid="147" fullPath="./Packages/com.dotbunny.gdx/GDX/DataTables/CellValues/AnimationCurveCellValue.cs" />
        <File uid="148" fullPath="./Packages/com.dotbunny.gdx/GDX/DataTables/CellValues/BoolCellValue.cs" />
        <File uid="149" fullPath="./Packages/com.dotbunny.gdx/GDX/DataTables/CellValues/BoundsCellValue.cs" />
        <File uid="150" fullPath="./Packages/com.dotbunny.gdx/GDX/DataTables/CellValues/BoundsIntCellValue.cs" />
        <File uid="151" fullPath="./Packages/com.dotbunny.gdx/GDX/DataTables/CellValues/ByteCellValue.cs" />
        <File uid="152" fullPath="./Packages/com.dotbunny.gdx/GDX/DataTables/CellValues/CharCellValue.cs" />
        <File uid="153" fullPath="./Packages/com.dotbunny.gdx/GDX/DataTables/CellValues/ColorCellValue.cs" />
        <File uid="154" fullPath="./Packages/com.dotbunny.gdx/GDX/DataTables/CellValues/DoubleCellValue.cs" />
        <File uid="155" fullPath="./Packages/com.dotbunny.gdx/GDX/DataTables/CellValues/EnumIntCellValue.cs" />
        <File uid="156" fullPath="./Packages/com.dotbunny.gdx/GDX/DataTables/CellValues/FloatCellValue.cs" />
        <File uid="157" fullPath="./Packages/com.dotbunny.gdx/GDX/DataTables/CellValues/GradientCellValue.cs" />
        <File uid="158" fullPath="./Packages/com.dotbunny.gdx/GDX/DataTables/CellValues/Hash128CellValue.cs" />
        <File uid="159" fullPath="./Packages/com.dotbunny.gdx/GDX/DataTables/CellValues/IntCellValue.cs" />
        <File uid="160" fullPath="./Packages/com.dotbunny.gdx/GDX/DataTables/CellValues/LayerMaskCellValue.cs" />
        <File uid="161" fullPath="./Packages/com.dotbunny.gdx/GDX/DataTables/CellValues/LongCellValue.cs" />
        <File uid="162" fullPath="./Packages/com.dotbunny.gdx/GDX/DataTables/CellValues/ObjectCellValue.cs" />
        <File uid="163" fullPath="./Packages/com.dotbunny.gdx/GDX/DataTables/CellValues/QuaternionCellValue.cs" />
        <File uid="164" fullPath="./Packages/com.dotbunny.gdx/GDX/DataTables/CellValues/RectCellValue.cs" />
        <File uid="165" fullPath="./Packages/com.dotbunny.gdx/GDX/DataTables/CellValues/RectIntCellValue.cs" />
        <File uid="166" fullPath="./Packages/com.dotbunny.gdx/GDX/DataTables/CellValues/SByteCellValue.cs" />
        <File uid="167" fullPath="./Packages/com.dotbunny.gdx/GDX/DataTables/CellValues/ShortCellValue.cs" />
        <File uid="168" fullPath="./Packages/com.dotbunny.gdx/GDX/DataTables/CellValues/StringCellValue.cs" />
        <File uid="169" fullPath="./Packages/com.dotbunny.gdx/GDX/DataTables/CellValues/UIntCellValue.cs" />
        <File uid="170" fullPath="./Packages/com.dotbunny.gdx/GDX/DataTables/CellValues/ULongCellValue.cs" />
        <File uid="171" fullPath="./Packages/com.dotbunny.gdx/GDX/DataTables/CellValues/UShortCellValue.cs" />
        <File uid="172" fullPath="./Packages/com.dotbunny.gdx/GDX/DataTables/CellValues/Vector2CellValue.cs" />
        <File uid="173" fullPath="./Packages/com.dotbunny.gdx/GDX/DataTables/CellValues/Vector2IntCellValue.cs" />
        <File uid="174" fullPath="./Packages/com.dotbunny.gdx/GDX/DataTables/CellValues/Vector3CellValue.cs" />
        <File uid="175" fullPath="./Packages/com.dotbunny.gdx/GDX/DataTables/CellValues/Vector3IntCellValue.cs" />
        <File uid="176" fullPath="./Packages/com.dotbunny.gdx/GDX/DataTables/CellValues/Vector4CellValue.cs" />
        <File uid="177" fullPath="./Packages/com.dotbunny.gdx/GDX/Collections/ArrayHolder.cs" />
        <File uid="178" fullPath="./Packages/com.dotbunny.gdx/GDX/Collections/BitArray128.cs" />
        <File uid="179" fullPath="./Packages/com.dotbunny.gdx/GDX/Collections/BitArray16.cs" />
        <File uid="180" fullPath="./Packages/com.dotbunny.gdx/GDX/Collections/BitArray256.cs" />
        <File uid="181" fullPath="./Packages/com.dotbunny.gdx/GDX/Collections/BitArray32.cs" />
        <File uid="182" fullPath="./Packages/com.dotbunny.gdx/GDX/Collections/BitArray512.cs" />
        <File uid="183" fullPath="./Packages/com.dotbunny.gdx/GDX/Collections/BitArray64.cs" />
        <File uid="184" fullPath="./Packages/com.dotbunny.gdx/GDX/Collections/BitArray8.cs" />
        <File uid="185" fullPath="./Packages/com.dotbunny.gdx/GDX/Collections/FreeList.cs" />
        <File uid="186" fullPath="./Packages/com.dotbunny.gdx/GDX/Collections/NativeArraySparseSet.cs" />
        <File uid="187" fullPath="./Packages/com.dotbunny.gdx/GDX/Collections/SparseSet.cs" />
        <File uid="188" fullPath="./Packages/com.dotbunny.gdx/GDX/Collections/UnsafeSparseSet.cs" />
        <File uid="189" fullPath="./Packages/com.dotbunny.gdx/GDX/Collections/Pooling/ArrayPool.cs" />
        <File uid="190" fullPath="./Packages/com.dotbunny.gdx/GDX/Collections/Pooling/GameObjectPool.cs" />
        <File uid="191" fullPath="./Packages/com.dotbunny.gdx/GDX/Collections/Pooling/ManagedPoolBuilder.cs" />
        <File uid="192" fullPath="./Packages/com.dotbunny.gdx/GDX/Collections/Pooling/ManagedPools.cs" />
        <File uid="193" fullPath="./Packages/com.dotbunny.gdx/GDX/Collections/Pooling/SimpleListManagedPool.cs" />
        <File uid="194" fullPath="./Packages/com.dotbunny.gdx/GDX/Collections/Generic/Array2D.cs" />
        <File uid="195" fullPath="./Packages/com.dotbunny.gdx/GDX/Collections/Generic/Array2DExtensions.cs" />
        <File uid="196" fullPath="./Packages/com.dotbunny.gdx/GDX/Collections/Generic/Array3D.cs" />
        <File uid="197" fullPath="./Packages/com.dotbunny.gdx/GDX/Collections/Generic/CircularBuffer.cs" />
        <File uid="198" fullPath="./Packages/com.dotbunny.gdx/GDX/Collections/Generic/CoalesceArray.cs" />
        <File uid="199" fullPath="./Packages/com.dotbunny.gdx/GDX/Collections/Generic/ConcurrentCircularBuffer.cs" />
        <File uid="200" fullPath="./Packages/com.dotbunny.gdx/GDX/Collections/Generic/DictionaryPrimes.cs" />
        <File uid="201" fullPath="./Packages/com.dotbunny.gdx/GDX/Collections/Generic/IListExtensions.cs" />
        <File uid="202" fullPath="./Packages/com.dotbunny.gdx/GDX/Collections/Generic/IntKeyDictionary.cs" />
        <File uid="203" fullPath="./Packages/com.dotbunny.gdx/GDX/Collections/Generic/NativeArray2D.cs" />
        <File uid="204" fullPath="./Packages/com.dotbunny.gdx/GDX/Collections/Generic/NativeArray3D.cs" />
        <File uid="205" fullPath="./Packages/com.dotbunny.gdx/GDX/Collections/Generic/NativeUniformArray3D.cs" />
        <File uid="206" fullPath="./Packages/com.dotbunny.gdx/GDX/Collections/Generic/SerializableDictionary.cs" />
        <File uid="207" fullPath="./Packages/com.dotbunny.gdx/GDX/Collections/Generic/SimpleList.cs" />
        <File uid="208" fullPath="./Packages/com.dotbunny.gdx/GDX/Collections/Generic/SimpleListExtensions.cs" />
        <File uid="209" fullPath="./Packages/com.dotbunny.gdx/GDX/Collections/Generic/StringKeyDictionary.cs" />
        <File uid="210" fullPath="./Packages/com.dotbunny.gdx/GDX/Collections/Generic/UniformArray3D.cs" />
      </Files>
      <Classes>
        <Class>
          <Summary numSequencePoints="99" visitedSequencePoints="0" numBranchPoints="0" visitedBranchPoints="0" sequenceCoverage="0.0" branchCoverage="0.0" maxCyclomaticComplexity="3" minCyclomaticComplexity="1" maxCrapScore="12" minCrapScore="2" visitedClasses="0" numClasses="1" visitedMethods="0" numMethods="9" />
          <FullName>GDX.ArrayExtensions</FullName>
          <Methods>
            <Method visited="false" cyclomaticComplexity="1" nPathComplexity="0" sequenceCoverage="0.0" branchCoverage="0" crapScore="2" isConstructor="false" isStatic="true" isGetter="false" isSetter="false">
              <Summary numSequencePoints="3" visitedSequencePoints="0" numBranchPoints="0" visitedBranchPoints="0" sequenceCoverage="0.0" branchCoverage="0" maxCyclomaticComplexity="1" minCyclomaticComplexity="1" maxCrapScore="2" minCrapScore="2" visitedClasses="0" numClasses="0" visitedMethods="0" numMethods="1" />
              <MetadataToken>100663306</MetadataToken>
              <Name>static System.Void GDX.ArrayExtensions::Clear[T]()</Name>
              <FileRef uid="2" />
              <SequencePoints>
                <SequencePoint vc="0" uspid="10352038" ordinal="0" offset="0" sl="26" sc="0" el="26" ec="0" bec="0" bev="0" fileid="2">
                  <TrackedMethodRefs>
                    <TrackedMethodRef uid="0" vc="0" />
                  </TrackedMethodRefs>
                </SequencePoint>
                <SequencePoint vc="0" uspid="10352039" ordinal="0" offset="1" sl="27" sc="0" el="27" ec="0" bec="0" bev="0" fileid="2">
                  <TrackedMethodRefs>
                    <TrackedMethodRef uid="0" vc="0" />
                  </TrackedMethodRefs>
                </SequencePoint>
                <SequencePoint vc="0" uspid="10352040" ordinal="0" offset="12" sl="28" sc="0" el="28" ec="0" bec="0" bev="0" fileid="2">
                  <TrackedMethodRefs>
                    <TrackedMethodRef uid="0" vc="0" />
                  </TrackedMethodRefs>
                </SequencePoint>
              </SequencePoints>
              <BranchPoints />
            </Method>
            <Method visited="false" cyclomaticComplexity="3" nPathComplexity="0" sequenceCoverage="0.0" branchCoverage="0" crapScore="12" isConstructor="false" isStatic="true" isGetter="false" isSetter="false">
              <Summary numSequencePoints="12" visitedSequencePoints="0" numBranchPoints="0" visitedBranchPoints="0" sequenceCoverage="0.0" branchCoverage="0" maxCyclomaticComplexity="3" minCyclomaticComplexity="3" maxCrapScore="12" minCrapScore="12" visitedClasses="0" numClasses="0" visitedMethods="0" numMethods="1" />
              <MetadataToken>100663307</MetadataToken>
              <Name>static System.Boolean GDX.ArrayExtensions::ContainsItem[T](, T)</Name>
              <FileRef uid="2" />
              <SequencePoints>
                <SequencePoint vc="0" uspid="10352041" ordinal="0" offset="0" sl="39" sc="0" el="39" ec="0" bec="0" bev="0" fileid="2">
                  <TrackedMethodRefs>
                    <TrackedMethodRef uid="0" vc="0" />
                  </TrackedMethodRefs>
                </SequencePoint>
                <SequencePoint vc="0" uspid="10352042" ordinal="0" offset="1" sl="40" sc="0" el="40" ec="0" bec="0" bev="0" fileid="2">
                  <TrackedMethodRefs>
                    <TrackedMethodRef uid="0" vc="0" />
                  </TrackedMethodRefs>
                </SequencePoint>
                <SequencePoint vc="0" uspid="10352043" ordinal="0" offset="5" sl="41" sc="0" el="41" ec="0" bec="0" bev="0" fileid="2">
                  <TrackedMethodRefs>
                    <TrackedMethodRef uid="0" vc="0" />
                  </TrackedMethodRefs>
                </SequencePoint>
                <SequencePoint vc="0" uspid="10352044" ordinal="0" offset="9" sl="42" sc="0" el="42" ec="0" bec="0" bev="0" fileid="2">
                  <TrackedMethodRefs>
                    <TrackedMethodRef uid="0" vc="0" />
                  </TrackedMethodRefs>
                </SequencePoint>
                <SequencePoint vc="0" uspid="10352045" ordinal="0" offset="10" sl="43" sc="0" el="43" ec="0" bec="0" bev="0" fileid="2">
                  <TrackedMethodRefs>
                    <TrackedMethodRef uid="0" vc="0" />
                  </TrackedMethodRefs>
                </SequencePoint>
                <SequencePoint vc="0" uspid="10352046" ordinal="0" offset="34" sl="44" sc="0" el="44" ec="0" bec="0" bev="0" fileid="2">
                  <TrackedMethodRefs>
                    <TrackedMethodRef uid="0" vc="0" />
                  </TrackedMethodRefs>
                </SequencePoint>
                <SequencePoint vc="0" uspid="10352047" ordinal="0" offset="35" sl="45" sc="0" el="45" ec="0" bec="0" bev="0" fileid="2">
                  <TrackedMethodRefs>
                    <TrackedMethodRef uid="0" vc="0" />
                  </TrackedMethodRefs>
                </SequencePoint>
                <SequencePoint vc="0" uspid="10352048" ordinal="0" offset="39" sl="47" sc="0" el="47" ec="0" bec="0" bev="0" fileid="2">
                  <TrackedMethodRefs>
                    <TrackedMethodRef uid="0" vc="0" />
                  </TrackedMethodRefs>
                </SequencePoint>
                <SequencePoint vc="0" uspid="10352049" ordinal="0" offset="40" sl="41" sc="0" el="41" ec="0" bec="0" bev="0" fileid="2">
                  <TrackedMethodRefs>
                    <TrackedMethodRef uid="0" vc="0" />
                  </TrackedMethodRefs>
                </SequencePoint>
                <SequencePoint vc="0" uspid="10352050" ordinal="0" offset="44" sl="41" sc="0" el="41" ec="0" bec="0" bev="0" fileid="2">
                  <TrackedMethodRefs>
                    <TrackedMethodRef uid="0" vc="0" />
                  </TrackedMethodRefs>
                </SequencePoint>
                <SequencePoint vc="0" uspid="10352051" ordinal="0" offset="54" sl="49" sc="0" el="49" ec="0" bec="0" bev="0" fileid="2">
                  <TrackedMethodRefs>
                    <TrackedMethodRef uid="0" vc="0" />
                  </TrackedMethodRefs>
                </SequencePoint>
                <SequencePoint vc="0" uspid="10352052" ordinal="0" offset="58" sl="50" sc="0" el="50" ec="0" bec="0" bev="0" fileid="2">
                  <TrackedMethodRefs>
                    <TrackedMethodRef uid="0" vc="0" />
                  </TrackedMethodRefs>
                </SequencePoint>
              </SequencePoints>
              <BranchPoints />
            </Method>
            <Method visited="false" cyclomaticComplexity="3" nPathComplexity="0" sequenceCoverage="0.0" branchCoverage="0" crapScore="12" isConstructor="false" isStatic="true" isGetter="false" isSetter="false">
              <Summary numSequencePoints="12" visitedSequencePoints="0" numBranchPoints="0" visitedBranchPoints="0" sequenceCoverage="0.0" branchCoverage="0" maxCyclomaticComplexity="3" minCyclomaticComplexity="3" maxCrapScore="12" minCrapScore="12" visitedClasses="0" numClasses="0" visitedMethods="0" numMethods="1" />
              <MetadataToken>100663308</MetadataToken>
              <Name>static System.Boolean GDX.ArrayExtensions::ContainsReference[T](, T)</Name>
              <FileRef uid="2" />
              <SequencePoints>
                <SequencePoint vc="0" uspid="10352053" ordinal="0" offset="0" sl="62" sc="0" el="62" ec="0" bec="0" bev="0" fileid="2">
                  <TrackedMethodRefs>
                    <TrackedMethodRef uid="0" vc="0" />
                  </TrackedMethodRefs>
                </SequencePoint>
                <SequencePoint vc="0" uspid="10352054" ordinal="0" offset="1" sl="63" sc="0" el="63" ec="0" bec="0" bev="0" fileid="2">
                  <TrackedMethodRefs>
                    <TrackedMethodRef uid="0" vc="0" />
                  </TrackedMethodRefs>
                </SequencePoint>
                <SequencePoint vc="0" uspid="10352055" ordinal="0" offset="5" sl="64" sc="0" el="64" ec="0" bec="0" bev="0" fileid="2">
                  <TrackedMethodRefs>
                    <TrackedMethodRef uid="0" vc="0" />
                  </TrackedMethodRefs>
                </SequencePoint>
                <SequencePoint vc="0" uspid="10352056" ordinal="0" offset="9" sl="65" sc="0" el="65" ec="0" bec="0" bev="0" fileid="2">
                  <TrackedMethodRefs>
                    <TrackedMethodRef uid="0" vc="0" />
                  </TrackedMethodRefs>
                </SequencePoint>
                <SequencePoint vc="0" uspid="10352057" ordinal="0" offset="10" sl="68" sc="0" el="68" ec="0" bec="0" bev="0" fileid="2">
                  <TrackedMethodRefs>
                    <TrackedMethodRef uid="0" vc="0" />
                  </TrackedMethodRefs>
                </SequencePoint>
                <SequencePoint vc="0" uspid="10352058" ordinal="0" offset="34" sl="69" sc="0" el="69" ec="0" bec="0" bev="0" fileid="2">
                  <TrackedMethodRefs>
                    <TrackedMethodRef uid="0" vc="0" />
                  </TrackedMethodRefs>
                </SequencePoint>
                <SequencePoint vc="0" uspid="10352059" ordinal="0" offset="35" sl="70" sc="0" el="70" ec="0" bec="0" bev="0" fileid="2">
                  <TrackedMethodRefs>
                    <TrackedMethodRef uid="0" vc="0" />
                  </TrackedMethodRefs>
                </SequencePoint>
                <SequencePoint vc="0" uspid="10352060" ordinal="0" offset="39" sl="74" sc="0" el="74" ec="0" bec="0" bev="0" fileid="2">
                  <TrackedMethodRefs>
                    <TrackedMethodRef uid="0" vc="0" />
                  </TrackedMethodRefs>
                </SequencePoint>
                <SequencePoint vc="0" uspid="10352061" ordinal="0" offset="40" sl="64" sc="0" el="64" ec="0" bec="0" bev="0" fileid="2">
                  <TrackedMethodRefs>
                    <TrackedMethodRef uid="0" vc="0" />
                  </TrackedMethodRefs>
                </SequencePoint>
                <SequencePoint vc="0" uspid="10352062" ordinal="0" offset="44" sl="64" sc="0" el="64" ec="0" bec="0" bev="0" fileid="2">
                  <TrackedMethodRefs>
                    <TrackedMethodRef uid="0" vc="0" />
                  </TrackedMethodRefs>
                </SequencePoint>
                <SequencePoint vc="0" uspid="10352063" ordinal="0" offset="54" sl="76" sc="0" el="76" ec="0" bec="0" bev="0" fileid="2">
                  <TrackedMethodRefs>
                    <TrackedMethodRef uid="0" vc="0" />
                  </TrackedMethodRefs>
                </SequencePoint>
                <SequencePoint vc="0" uspid="10352064" ordinal="0" offset="58" sl="77" sc="0" el="77" ec="0" bec="0" bev="0" fileid="2">
                  <TrackedMethodRefs>
                    <TrackedMethodRef uid="0" vc="0" />
                  </TrackedMethodRefs>
                </SequencePoint>
              </SequencePoints>
              <BranchPoints />
            </Method>
            <Method visited="false" cyclomaticComplexity="3" nPathComplexity="0" sequenceCoverage="0.0" branchCoverage="0" crapScore="12" isConstructor="false" isStatic="true" isGetter="false" isSetter="false">
              <Summary numSequencePoints="12" visitedSequencePoints="0" numBranchPoints="0" visitedBranchPoints="0" sequenceCoverage="0.0" branchCoverage="0" maxCyclomaticComplexity="3" minCyclomaticComplexity="3" maxCrapScore="12" minCrapScore="12" visitedClasses="0" numClasses="0" visitedMethods="0" numMethods="1" />
              <MetadataToken>100663309</MetadataToken>
              <Name>static System.Boolean GDX.ArrayExtensions::ContainsValue[T](, T)</Name>
              <FileRef uid="2" />
              <SequencePoints>
                <SequencePoint vc="0" uspid="10352065" ordinal="0" offset="0" sl="88" sc="0" el="88" ec="0" bec="0" bev="0" fileid="2">
                  <TrackedMethodRefs>
                    <TrackedMethodRef uid="0" vc="0" />
                  </TrackedMethodRefs>
                </SequencePoint>
                <SequencePoint vc="0" uspid="10352066" ordinal="0" offset="1" sl="89" sc="0" el="89" ec="0" bec="0" bev="0" fileid="2">
                  <TrackedMethodRefs>
                    <TrackedMethodRef uid="0" vc="0" />
                  </TrackedMethodRefs>
                </SequencePoint>
                <SequencePoint vc="0" uspid="10352067" ordinal="0" offset="5" sl="90" sc="0" el="90" ec="0" bec="0" bev="0" fileid="2">
                  <TrackedMethodRefs>
                    <TrackedMethodRef uid="0" vc="0" />
                  </TrackedMethodRefs>
                </SequencePoint>
                <SequencePoint vc="0" uspid="10352068" ordinal="0" offset="9" sl="91" sc="0" el="91" ec="0" bec="0" bev="0" fileid="2">
                  <TrackedMethodRefs>
                    <TrackedMethodRef uid="0" vc="0" />
                  </TrackedMethodRefs>
                </SequencePoint>
                <SequencePoint vc="0" uspid="10352069" ordinal="0" offset="10" sl="92" sc="0" el="92" ec="0" bec="0" bev="0" fileid="2">
                  <TrackedMethodRefs>
                    <TrackedMethodRef uid="0" vc="0" />
                  </TrackedMethodRefs>
                </SequencePoint>
                <SequencePoint vc="0" uspid="10352070" ordinal="0" offset="35" sl="93" sc="0" el="93" ec="0" bec="0" bev="0" fileid="2">
                  <TrackedMethodRefs>
                    <TrackedMethodRef uid="0" vc="0" />
                  </TrackedMethodRefs>
                </SequencePoint>
                <SequencePoint vc="0" uspid="10352071" ordinal="0" offset="36" sl="94" sc="0" el="94" ec="0" bec="0" bev="0" fileid="2">
                  <TrackedMethodRefs>
                    <TrackedMethodRef uid="0" vc="0" />
                  </TrackedMethodRefs>
                </SequencePoint>
                <SequencePoint vc="0" uspid="10352072" ordinal="0" offset="40" sl="96" sc="0" el="96" ec="0" bec="0" bev="0" fileid="2">
                  <TrackedMethodRefs>
                    <TrackedMethodRef uid="0" vc="0" />
                  </TrackedMethodRefs>
                </SequencePoint>
                <SequencePoint vc="0" uspid="10352073" ordinal="0" offset="41" sl="90" sc="0" el="90" ec="0" bec="0" bev="0" fileid="2">
                  <TrackedMethodRefs>
                    <TrackedMethodRef uid="0" vc="0" />
                  </TrackedMethodRefs>
                </SequencePoint>
                <SequencePoint vc="0" uspid="10352074" ordinal="0" offset="45" sl="90" sc="0" el="90" ec="0" bec="0" bev="0" fileid="2">
                  <TrackedMethodRefs>
                    <TrackedMethodRef uid="0" vc="0" />
                  </TrackedMethodRefs>
                </SequencePoint>
                <SequencePoint vc="0" uspid="10352075" ordinal="0" offset="55" sl="98" sc="0" el="98" ec="0" bec="0" bev="0" fileid="2">
                  <TrackedMethodRefs>
                    <TrackedMethodRef uid="0" vc="0" />
                  </TrackedMethodRefs>
                </SequencePoint>
                <SequencePoint vc="0" uspid="10352076" ordinal="0" offset="59" sl="99" sc="0" el="99" ec="0" bec="0" bev="0" fileid="2">
                  <TrackedMethodRefs>
                    <TrackedMethodRef uid="0" vc="0" />
                  </TrackedMethodRefs>
                </SequencePoint>
              </SequencePoints>
              <BranchPoints />
            </Method>
            <Method visited="false" cyclomaticComplexity="3" nPathComplexity="0" sequenceCoverage="0.0" branchCoverage="0" crapScore="12" isConstructor="false" isStatic="true" isGetter="false" isSetter="false">
              <Summary numSequencePoints="12" visitedSequencePoints="0" numBranchPoints="0" visitedBranchPoints="0" sequenceCoverage="0.0" branchCoverage="0" maxCyclomaticComplexity="3" minCyclomaticComplexity="3" maxCrapScore="12" minCrapScore="12" visitedClasses="0" numClasses="0" visitedMethods="0" numMethods="1" />
              <MetadataToken>100663310</MetadataToken>
              <Name>static System.Int32 GDX.ArrayExtensions::FirstIndexOf[T](, T)</Name>
              <FileRef uid="2" />
              <SequencePoints>
                <SequencePoint vc="0" uspid="10352077" ordinal="0" offset="0" sl="110" sc="0" el="110" ec="0" bec="0" bev="0" fileid="2">
                  <TrackedMethodRefs>
                    <TrackedMethodRef uid="0" vc="0" />
                  </TrackedMethodRefs>
                </SequencePoint>
                <SequencePoint vc="0" uspid="10352078" ordinal="0" offset="1" sl="111" sc="0" el="111" ec="0" bec="0" bev="0" fileid="2">
                  <TrackedMethodRefs>
                    <TrackedMethodRef uid="0" vc="0" />
                  </TrackedMethodRefs>
                </SequencePoint>
                <SequencePoint vc="0" uspid="10352079" ordinal="0" offset="5" sl="112" sc="0" el="112" ec="0" bec="0" bev="0" fileid="2">
                  <TrackedMethodRefs>
                    <TrackedMethodRef uid="0" vc="0" />
                  </TrackedMethodRefs>
                </SequencePoint>
                <SequencePoint vc="0" uspid="10352080" ordinal="0" offset="9" sl="113" sc="0" el="113" ec="0" bec="0" bev="0" fileid="2">
                  <TrackedMethodRefs>
                    <TrackedMethodRef uid="0" vc="0" />
                  </TrackedMethodRefs>
                </SequencePoint>
                <SequencePoint vc="0" uspid="10352081" ordinal="0" offset="10" sl="114" sc="0" el="114" ec="0" bec="0" bev="0" fileid="2">
                  <TrackedMethodRefs>
                    <TrackedMethodRef uid="0" vc="0" />
                  </TrackedMethodRefs>
                </SequencePoint>
                <SequencePoint vc="0" uspid="10352082" ordinal="0" offset="35" sl="115" sc="0" el="115" ec="0" bec="0" bev="0" fileid="2">
                  <TrackedMethodRefs>
                    <TrackedMethodRef uid="0" vc="0" />
                  </TrackedMethodRefs>
                </SequencePoint>
                <SequencePoint vc="0" uspid="10352083" ordinal="0" offset="36" sl="116" sc="0" el="116" ec="0" bec="0" bev="0" fileid="2">
                  <TrackedMethodRefs>
                    <TrackedMethodRef uid="0" vc="0" />
                  </TrackedMethodRefs>
                </SequencePoint>
                <SequencePoint vc="0" uspid="10352084" ordinal="0" offset="40" sl="118" sc="0" el="118" ec="0" bec="0" bev="0" fileid="2">
                  <TrackedMethodRefs>
                    <TrackedMethodRef uid="0" vc="0" />
                  </TrackedMethodRefs>
                </SequencePoint>
                <SequencePoint vc="0" uspid="10352085" ordinal="0" offset="41" sl="112" sc="0" el="112" ec="0" bec="0" bev="0" fileid="2">
                  <TrackedMethodRefs>
                    <TrackedMethodRef uid="0" vc="0" />
                  </TrackedMethodRefs>
                </SequencePoint>
                <SequencePoint vc="0" uspid="10352086" ordinal="0" offset="45" sl="112" sc="0" el="112" ec="0" bec="0" bev="0" fileid="2">
                  <TrackedMethodRefs>
                    <TrackedMethodRef uid="0" vc="0" />
                  </TrackedMethodRefs>
                </SequencePoint>
                <SequencePoint vc="0" uspid="10352087" ordinal="0" offset="55" sl="120" sc="0" el="120" ec="0" bec="0" bev="0" fileid="2">
                  <TrackedMethodRefs>
                    <TrackedMethodRef uid="0" vc="0" />
                  </TrackedMethodRefs>
                </SequencePoint>
                <SequencePoint vc="0" uspid="10352088" ordinal="0" offset="59" sl="121" sc="0" el="121" ec="0" bec="0" bev="0" fileid="2">
                  <TrackedMethodRefs>
                    <TrackedMethodRef uid="0" vc="0" />
                  </TrackedMethodRefs>
                </SequencePoint>
              </SequencePoints>
              <BranchPoints />
            </Method>
            <Method visited="false" cyclomaticComplexity="3" nPathComplexity="0" sequenceCoverage="0.0" branchCoverage="0" crapScore="12" isConstructor="false" isStatic="true" isGetter="false" isSetter="false">
              <Summary numSequencePoints="12" visitedSequencePoints="0" numBranchPoints="0" visitedBranchPoints="0" sequenceCoverage="0.0" branchCoverage="0" maxCyclomaticComplexity="3" minCyclomaticComplexity="3" maxCrapScore="12" minCrapScore="12" visitedClasses="0" numClasses="0" visitedMethods="0" numMethods="1" />
              <MetadataToken>100663311</MetadataToken>
              <Name>static System.Int32 GDX.ArrayExtensions::FirstIndexOfItem[T](, T)</Name>
              <FileRef uid="2" />
              <SequencePoints>
                <SequencePoint vc="0" uspid="10352089" ordinal="0" offset="0" sl="132" sc="0" el="132" ec="0" bec="0" bev="0" fileid="2">
                  <TrackedMethodRefs>
                    <TrackedMethodRef uid="0" vc="0" />
                  </TrackedMethodRefs>
                </SequencePoint>
                <SequencePoint vc="0" uspid="10352090" ordinal="0" offset="1" sl="133" sc="0" el="133" ec="0" bec="0" bev="0" fileid="2">
                  <TrackedMethodRefs>
                    <TrackedMethodRef uid="0" vc="0" />
                  </TrackedMethodRefs>
                </SequencePoint>
                <SequencePoint vc="0" uspid="10352091" ordinal="0" offset="5" sl="134" sc="0" el="134" ec="0" bec="0" bev="0" fileid="2">
                  <TrackedMethodRefs>
                    <TrackedMethodRef uid="0" vc="0" />
                  </TrackedMethodRefs>
                </SequencePoint>
                <SequencePoint vc="0" uspid="10352092" ordinal="0" offset="9" sl="135" sc="0" el="135" ec="0" bec="0" bev="0" fileid="2">
                  <TrackedMethodRefs>
                    <TrackedMethodRef uid="0" vc="0" />
                  </TrackedMethodRefs>
                </SequencePoint>
                <SequencePoint vc="0" uspid="10352093" ordinal="0" offset="10" sl="136" sc="0" el="136" ec="0" bec="0" bev="0" fileid="2">
                  <TrackedMethodRefs>
                    <TrackedMethodRef uid="0" vc="0" />
                  </TrackedMethodRefs>
                </SequencePoint>
                <SequencePoint vc="0" uspid="10352094" ordinal="0" offset="34" sl="137" sc="0" el="137" ec="0" bec="0" bev="0" fileid="2">
                  <TrackedMethodRefs>
                    <TrackedMethodRef uid="0" vc="0" />
                  </TrackedMethodRefs>
                </SequencePoint>
                <SequencePoint vc="0" uspid="10352095" ordinal="0" offset="35" sl="138" sc="0" el="138" ec="0" bec="0" bev="0" fileid="2">
                  <TrackedMethodRefs>
                    <TrackedMethodRef uid="0" vc="0" />
                  </TrackedMethodRefs>
                </SequencePoint>
                <SequencePoint vc="0" uspid="10352096" ordinal="0" offset="39" sl="140" sc="0" el="140" ec="0" bec="0" bev="0" fileid="2">
                  <TrackedMethodRefs>
                    <TrackedMethodRef uid="0" vc="0" />
                  </TrackedMethodRefs>
                </SequencePoint>
                <SequencePoint vc="0" uspid="10352097" ordinal="0" offset="40" sl="134" sc="0" el="134" ec="0" bec="0" bev="0" fileid="2">
                  <TrackedMethodRefs>
                    <TrackedMethodRef uid="0" vc="0" />
                  </TrackedMethodRefs>
                </SequencePoint>
                <SequencePoint vc="0" uspid="10352098" ordinal="0" offset="44" sl="134" sc="0" el="134" ec="0" bec="0" bev="0" fileid="2">
                  <TrackedMethodRefs>
                    <TrackedMethodRef uid="0" vc="0" />
                  </TrackedMethodRefs>
                </SequencePoint>
                <SequencePoint vc="0" uspid="10352099" ordinal="0" offset="54" sl="142" sc="0" el="142" ec="0" bec="0" bev="0" fileid="2">
                  <TrackedMethodRefs>
                    <TrackedMethodRef uid="0" vc="0" />
                  </TrackedMethodRefs>
                </SequencePoint>
                <SequencePoint vc="0" uspid="10352100" ordinal="0" offset="58" sl="143" sc="0" el="143" ec="0" bec="0" bev="0" fileid="2">
                  <TrackedMethodRefs>
                    <TrackedMethodRef uid="0" vc="0" />
                  </TrackedMethodRefs>
                </SequencePoint>
              </SequencePoints>
              <BranchPoints />
            </Method>
            <Method visited="false" cyclomaticComplexity="3" nPathComplexity="0" sequenceCoverage="0.0" branchCoverage="0" crapScore="12" isConstructor="false" isStatic="true" isGetter="false" isSetter="false">
              <Summary numSequencePoints="12" visitedSequencePoints="0" numBranchPoints="0" visitedBranchPoints="0" sequenceCoverage="0.0" branchCoverage="0" maxCyclomaticComplexity="3" minCyclomaticComplexity="3" maxCrapScore="12" minCrapScore="12" visitedClasses="0" numClasses="0" visitedMethods="0" numMethods="1" />
              <MetadataToken>100663312</MetadataToken>
              <Name>static System.Int32 GDX.ArrayExtensions::FirstIndexOfValue[T](, T)</Name>
              <FileRef uid="2" />
              <SequencePoints>
                <SequencePoint vc="0" uspid="10352101" ordinal="0" offset="0" sl="153" sc="0" el="153" ec="0" bec="0" bev="0" fileid="2">
                  <TrackedMethodRefs>
                    <TrackedMethodRef uid="0" vc="0" />
                  </TrackedMethodRefs>
                </SequencePoint>
                <SequencePoint vc="0" uspid="10352102" ordinal="0" offset="1" sl="154" sc="0" el="154" ec="0" bec="0" bev="0" fileid="2">
                  <TrackedMethodRefs>
                    <TrackedMethodRef uid="0" vc="0" />
                  </TrackedMethodRefs>
                </SequencePoint>
                <SequencePoint vc="0" uspid="10352103" ordinal="0" offset="5" sl="155" sc="0" el="155" ec="0" bec="0" bev="0" fileid="2">
                  <TrackedMethodRefs>
                    <TrackedMethodRef uid="0" vc="0" />
                  </TrackedMethodRefs>
                </SequencePoint>
                <SequencePoint vc="0" uspid="10352104" ordinal="0" offset="9" sl="156" sc="0" el="156" ec="0" bec="0" bev="0" fileid="2">
                  <TrackedMethodRefs>
                    <TrackedMethodRef uid="0" vc="0" />
                  </TrackedMethodRefs>
                </SequencePoint>
                <SequencePoint vc="0" uspid="10352105" ordinal="0" offset="10" sl="157" sc="0" el="157" ec="0" bec="0" bev="0" fileid="2">
                  <TrackedMethodRefs>
                    <TrackedMethodRef uid="0" vc="0" />
                  </TrackedMethodRefs>
                </SequencePoint>
                <SequencePoint vc="0" uspid="10352106" ordinal="0" offset="40" sl="158" sc="0" el="158" ec="0" bec="0" bev="0" fileid="2">
                  <TrackedMethodRefs>
                    <TrackedMethodRef uid="0" vc="0" />
                  </TrackedMethodRefs>
                </SequencePoint>
                <SequencePoint vc="0" uspid="10352107" ordinal="0" offset="41" sl="159" sc="0" el="159" ec="0" bec="0" bev="0" fileid="2">
                  <TrackedMethodRefs>
                    <TrackedMethodRef uid="0" vc="0" />
                  </TrackedMethodRefs>
                </SequencePoint>
                <SequencePoint vc="0" uspid="10352108" ordinal="0" offset="45" sl="161" sc="0" el="161" ec="0" bec="0" bev="0" fileid="2">
                  <TrackedMethodRefs>
                    <TrackedMethodRef uid="0" vc="0" />
                  </TrackedMethodRefs>
                </SequencePoint>
                <SequencePoint vc="0" uspid="10352109" ordinal="0" offset="46" sl="155" sc="0" el="155" ec="0" bec="0" bev="0" fileid="2">
                  <TrackedMethodRefs>
                    <TrackedMethodRef uid="0" vc="0" />
                  </TrackedMethodRefs>
                </SequencePoint>
                <SequencePoint vc="0" uspid="10352110" ordinal="0" offset="50" sl="155" sc="0" el="155" ec="0" bec="0" bev="0" fileid="2">
                  <TrackedMethodRefs>
                    <TrackedMethodRef uid="0" vc="0" />
                  </TrackedMethodRefs>
                </SequencePoint>
                <SequencePoint vc="0" uspid="10352111" ordinal="0" offset="60" sl="163" sc="0" el="163" ec="0" bec="0" bev="0" fileid="2">
                  <TrackedMethodRefs>
                    <TrackedMethodRef uid="0" vc="0" />
                  </TrackedMethodRefs>
                </SequencePoint>
                <SequencePoint vc="0" uspid="10352112" ordinal="0" offset="64" sl="164" sc="0" el="164" ec="0" bec="0" bev="0" fileid="2">
                  <TrackedMethodRefs>
                    <TrackedMethodRef uid="0" vc="0" />
                  </TrackedMethodRefs>
                </SequencePoint>
              </SequencePoints>
              <BranchPoints />
            </Method>
            <Method visited="false" cyclomaticComplexity="3" nPathComplexity="0" sequenceCoverage="0.0" branchCoverage="0" crapScore="12" isConstructor="false" isStatic="true" isGetter="false" isSetter="false">
              <Summary numSequencePoints="12" visitedSequencePoints="0" numBranchPoints="0" visitedBranchPoints="0" sequenceCoverage="0.0" branchCoverage="0" maxCyclomaticComplexity="3" minCyclomaticComplexity="3" maxCrapScore="12" minCrapScore="12" visitedClasses="0" numClasses="0" visitedMethods="0" numMethods="1" />
              <MetadataToken>100663313</MetadataToken>
              <Name>static System.Int32 GDX.ArrayExtensions::LastIndexOf[T](, T)</Name>
              <FileRef uid="2" />
              <SequencePoints>
                <SequencePoint vc="0" uspid="10352113" ordinal="0" offset="0" sl="175" sc="0" el="175" ec="0" bec="0" bev="0" fileid="2">
                  <TrackedMethodRefs>
                    <TrackedMethodRef uid="0" vc="0" />
                  </TrackedMethodRefs>
                </SequencePoint>
                <SequencePoint vc="0" uspid="10352114" ordinal="0" offset="1" sl="176" sc="0" el="176" ec="0" bec="0" bev="0" fileid="2">
                  <TrackedMethodRefs>
                    <TrackedMethodRef uid="0" vc="0" />
                  </TrackedMethodRefs>
                </SequencePoint>
                <SequencePoint vc="0" uspid="10352115" ordinal="0" offset="5" sl="177" sc="0" el="177" ec="0" bec="0" bev="0" fileid="2">
                  <TrackedMethodRefs>
                    <TrackedMethodRef uid="0" vc="0" />
                  </TrackedMethodRefs>
                </SequencePoint>
                <SequencePoint vc="0" uspid="10352116" ordinal="0" offset="11" sl="178" sc="0" el="178" ec="0" bec="0" bev="0" fileid="2">
                  <TrackedMethodRefs>
                    <TrackedMethodRef uid="0" vc="0" />
                  </TrackedMethodRefs>
                </SequencePoint>
                <SequencePoint vc="0" uspid="10352117" ordinal="0" offset="12" sl="179" sc="0" el="179" ec="0" bec="0" bev="0" fileid="2">
                  <TrackedMethodRefs>
                    <TrackedMethodRef uid="0" vc="0" />
                  </TrackedMethodRefs>
                </SequencePoint>
                <SequencePoint vc="0" uspid="10352118" ordinal="0" offset="37" sl="180" sc="0" el="180" ec="0" bec="0" bev="0" fileid="2">
                  <TrackedMethodRefs>
                    <TrackedMethodRef uid="0" vc="0" />
                  </TrackedMethodRefs>
                </SequencePoint>
                <SequencePoint vc="0" uspid="10352119" ordinal="0" offset="38" sl="181" sc="0" el="181" ec="0" bec="0" bev="0" fileid="2">
                  <TrackedMethodRefs>
                    <TrackedMethodRef uid="0" vc="0" />
                  </TrackedMethodRefs>
                </SequencePoint>
                <SequencePoint vc="0" uspid="10352120" ordinal="0" offset="42" sl="183" sc="0" el="183" ec="0" bec="0" bev="0" fileid="2">
                  <TrackedMethodRefs>
                    <TrackedMethodRef uid="0" vc="0" />
                  </TrackedMethodRefs>
                </SequencePoint>
                <SequencePoint vc="0" uspid="10352121" ordinal="0" offset="43" sl="177" sc="0" el="177" ec="0" bec="0" bev="0" fileid="2">
                  <TrackedMethodRefs>
                    <TrackedMethodRef uid="0" vc="0" />
                  </TrackedMethodRefs>
                </SequencePoint>
                <SequencePoint vc="0" uspid="10352122" ordinal="0" offset="47" sl="177" sc="0" el="177" ec="0" bec="0" bev="0" fileid="2">
                  <TrackedMethodRefs>
                    <TrackedMethodRef uid="0" vc="0" />
                  </TrackedMethodRefs>
                </SequencePoint>
                <SequencePoint vc="0" uspid="10352123" ordinal="0" offset="60" sl="185" sc="0" el="185" ec="0" bec="0" bev="0" fileid="2">
                  <TrackedMethodRefs>
                    <TrackedMethodRef uid="0" vc="0" />
                  </TrackedMethodRefs>
                </SequencePoint>
                <SequencePoint vc="0" uspid="10352124" ordinal="0" offset="64" sl="186" sc="0" el="186" ec="0" bec="0" bev="0" fileid="2">
                  <TrackedMethodRefs>
                    <TrackedMethodRef uid="0" vc="0" />
                  </TrackedMethodRefs>
                </SequencePoint>
              </SequencePoints>
              <BranchPoints />
            </Method>
            <Method visited="false" cyclomaticComplexity="3" nPathComplexity="0" sequenceCoverage="0.0" branchCoverage="0" crapScore="12" isConstructor="false" isStatic="true" isGetter="false" isSetter="false">
              <Summary numSequencePoints="12" visitedSequencePoints="0" numBranchPoints="0" visitedBranchPoints="0" sequenceCoverage="0.0" branchCoverage="0" maxCyclomaticComplexity="3" minCyclomaticComplexity="3" maxCrapScore="12" minCrapScore="12" visitedClasses="0" numClasses="0" visitedMethods="0" numMethods="1" />
              <MetadataToken>100663314</MetadataToken>
              <Name>static System.Int32 GDX.ArrayExtensions::LastIndexOfItem[T](, T)</Name>
              <FileRef uid="2" />
              <SequencePoints>
                <SequencePoint vc="0" uspid="10352125" ordinal="0" offset="0" sl="196" sc="0" el="196" ec="0" bec="0" bev="0" fileid="2">
                  <TrackedMethodRefs>
                    <TrackedMethodRef uid="0" vc="0" />
                  </TrackedMethodRefs>
                </SequencePoint>
                <SequencePoint vc="0" uspid="10352126" ordinal="0" offset="1" sl="197" sc="0" el="197" ec="0" bec="0" bev="0" fileid="2">
                  <TrackedMethodRefs>
                    <TrackedMethodRef uid="0" vc="0" />
                  </TrackedMethodRefs>
                </SequencePoint>
                <SequencePoint vc="0" uspid="10352127" ordinal="0" offset="5" sl="198" sc="0" el="198" ec="0" bec="0" bev="0" fileid="2">
                  <TrackedMethodRefs>
                    <TrackedMethodRef uid="0" vc="0" />
                  </TrackedMethodRefs>
                </SequencePoint>
                <SequencePoint vc="0" uspid="10352128" ordinal="0" offset="11" sl="199" sc="0" el="199" ec="0" bec="0" bev="0" fileid="2">
                  <TrackedMethodRefs>
                    <TrackedMethodRef uid="0" vc="0" />
                  </TrackedMethodRefs>
                </SequencePoint>
                <SequencePoint vc="0" uspid="10352129" ordinal="0" offset="12" sl="200" sc="0" el="200" ec="0" bec="0" bev="0" fileid="2">
                  <TrackedMethodRefs>
                    <TrackedMethodRef uid="0" vc="0" />
                  </TrackedMethodRefs>
                </SequencePoint>
                <SequencePoint vc="0" uspid="10352130" ordinal="0" offset="36" sl="201" sc="0" el="201" ec="0" bec="0" bev="0" fileid="2">
                  <TrackedMethodRefs>
                    <TrackedMethodRef uid="0" vc="0" />
                  </TrackedMethodRefs>
                </SequencePoint>
                <SequencePoint vc="0" uspid="10352131" ordinal="0" offset="37" sl="202" sc="0" el="202" ec="0" bec="0" bev="0" fileid="2">
                  <TrackedMethodRefs>
                    <TrackedMethodRef uid="0" vc="0" />
                  </TrackedMethodRefs>
                </SequencePoint>
                <SequencePoint vc="0" uspid="10352132" ordinal="0" offset="41" sl="204" sc="0" el="204" ec="0" bec="0" bev="0" fileid="2">
                  <TrackedMethodRefs>
                    <TrackedMethodRef uid="0" vc="0" />
                  </TrackedMethodRefs>
                </SequencePoint>
                <SequencePoint vc="0" uspid="10352133" ordinal="0" offset="42" sl="198" sc="0" el="198" ec="0" bec="0" bev="0" fileid="2">
                  <TrackedMethodRefs>
                    <TrackedMethodRef uid="0" vc="0" />
                  </TrackedMethodRefs>
                </SequencePoint>
                <SequencePoint vc="0" uspid="10352134" ordinal="0" offset="46" sl="198" sc="0" el="198" ec="0" bec="0" bev="0" fileid="2">
                  <TrackedMethodRefs>
                    <TrackedMethodRef uid="0" vc="0" />
                  </TrackedMethodRefs>
                </SequencePoint>
                <SequencePoint vc="0" uspid="10352135" ordinal="0" offset="59" sl="206" sc="0" el="206" ec="0" bec="0" bev="0" fileid="2">
                  <TrackedMethodRefs>
                    <TrackedMethodRef uid="0" vc="0" />
                  </TrackedMethodRefs>
                </SequencePoint>
                <SequencePoint vc="0" uspid="10352136" ordinal="0" offset="63" sl="207" sc="0" el="207" ec="0" bec="0" bev="0" fileid="2">
                  <TrackedMethodRefs>
                    <TrackedMethodRef uid="0" vc="0" />
                  </TrackedMethodRefs>
                </SequencePoint>
              </SequencePoints>
              <BranchPoints />
            </Method>
          </Methods>
        </Class>
        <Class>
          <Summary numSequencePoints="32" visitedSequencePoints="13" numBranchPoints="0" visitedBranchPoints="0" sequenceCoverage="40.62" branchCoverage="0.0" maxCyclomaticComplexity="5" minCyclomaticComplexity="1" maxCrapScore="16.06" minCrapScore="1" visitedClasses="1" numClasses="1" visitedMethods="3" numMethods="3" />
          <FullName>GDX.Core</FullName>
          <Methods>
            <Method visited="true" cyclomaticComplexity="2" nPathComplexity="0" sequenceCoverage="62.50" branchCoverage="0" crapScore="2.21" isConstructor="false" isStatic="true" isGetter="false" isSetter="false">
              <Summary numSequencePoints="8" visitedSequencePoints="5" numBranchPoints="0" visitedBranchPoints="0" sequenceCoverage="62.50" branchCoverage="0" maxCyclomaticComplexity="2" minCyclomaticComplexity="2" maxCrapScore="2.21" minCrapScore="2.21" visitedClasses="0" numClasses="0" visitedMethods="1" numMethods="1" />
              <MetadataToken>100663326</MetadataToken>
              <Name>static System.Void GDX.Core::InitializeOnMainThread()</Name>
              <FileRef uid="8" />
              <SequencePoints>
                <SequencePoint vc="1" uspid="10352268" ordinal="0" offset="0" sl="109" sc="9" el="109" ec="9" bec="0" bev="0" fileid="8">
                  <TrackedMethodRefs>
                    <TrackedMethodRef uid="0" vc="1" />
                  </TrackedMethodRefs>
                </SequencePoint>
                <SequencePoint vc="1" uspid="10352269" ordinal="0" offset="1" sl="110" sc="13" el="110" ec="13" bec="0" bev="0" fileid="8">
                  <TrackedMethodRefs>
                    <TrackedMethodRef uid="0" vc="1" />
                  </TrackedMethodRefs>
                </SequencePoint>
                <SequencePoint vc="1" uspid="10352270" ordinal="0" offset="10" sl="111" sc="13" el="111" ec="13" bec="0" bev="0" fileid="8">
                  <TrackedMethodRefs>
                    <TrackedMethodRef uid="0" vc="1" />
                  </TrackedMethodRefs>
                </SequencePoint>
                <SequencePoint vc="1" uspid="10352271" ordinal="0" offset="11" sl="112" sc="17" el="112" ec="17" bec="0" bev="0" fileid="8">
                  <TrackedMethodRefs>
                    <TrackedMethodRef uid="0" vc="1" />
                  </TrackedMethodRefs>
                </SequencePoint>
                <SequencePoint vc="0" uspid="10352272" ordinal="0" offset="13" sl="115" sc="13" el="115" ec="13" bec="0" bev="0" fileid="8">
                  <TrackedMethodRefs>
                    <TrackedMethodRef uid="0" vc="0" />
                  </TrackedMethodRefs>
                </SequencePoint>
                <SequencePoint vc="0" uspid="10352273" ordinal="0" offset="28" sl="117" sc="13" el="117" ec="13" bec="0" bev="0" fileid="8">
                  <TrackedMethodRefs>
                    <TrackedMethodRef uid="0" vc="0" />
                  </TrackedMethodRefs>
                </SequencePoint>
                <SequencePoint vc="0" uspid="10352274" ordinal="0" offset="34" sl="119" sc="13" el="119" ec="13" bec="0" bev="0" fileid="8">
                  <TrackedMethodRefs>
                    <TrackedMethodRef uid="0" vc="0" />
                  </TrackedMethodRefs>
                </SequencePoint>
                <SequencePoint vc="1" uspid="10352275" ordinal="0" offset="40" sl="120" sc="9" el="120" ec="9" bec="0" bev="0" fileid="8">
                  <TrackedMethodRefs>
                    <TrackedMethodRef uid="0" vc="1" />
                  </TrackedMethodRefs>
                </SequencePoint>
              </SequencePoints>
              <BranchPoints />
            </Method>
            <Method visited="true" cyclomaticComplexity="5" nPathComplexity="0" sequenceCoverage="23.81" branchCoverage="0" crapScore="16.06" isConstructor="false" isStatic="true" isGetter="false" isSetter="false">
              <Summary numSequencePoints="21" visitedSequencePoints="5" numBranchPoints="0" visitedBranchPoints="0" sequenceCoverage="23.81" branchCoverage="0" maxCyclomaticComplexity="5" minCyclomaticComplexity="5" maxCrapScore="16.06" minCrapScore="16.06" visitedClasses="0" numClasses="0" visitedMethods="1" numMethods="1" />
              <MetadataToken>100663327</MetadataToken>
              <Name>static System.Void GDX.Core::InitializeAtRuntime()</Name>
              <FileRef uid="8" />
              <SequencePoints>
                <SequencePoint vc="1" uspid="10352276" ordinal="0" offset="0" sl="124" sc="9" el="124" ec="9" bec="0" bev="0" fileid="8">
                  <TrackedMethodRefs>
                    <TrackedMethodRef uid="0" vc="1" />
                  </TrackedMethodRefs>
                </SequencePoint>
                <SequencePoint vc="1" uspid="10352277" ordinal="0" offset="1" sl="125" sc="13" el="125" ec="13" bec="0" bev="0" fileid="8">
                  <TrackedMethodRefs>
                    <TrackedMethodRef uid="0" vc="1" />
                  </TrackedMethodRefs>
                </SequencePoint>
                <SequencePoint vc="1" uspid="10352278" ordinal="0" offset="10" sl="126" sc="13" el="126" ec="13" bec="0" bev="0" fileid="8">
                  <TrackedMethodRefs>
                    <TrackedMethodRef uid="0" vc="1" />
                  </TrackedMethodRefs>
                </SequencePoint>
                <SequencePoint vc="1" uspid="10352279" ordinal="0" offset="11" sl="127" sc="17" el="127" ec="17" bec="0" bev="0" fileid="8">
                  <TrackedMethodRefs>
                    <TrackedMethodRef uid="0" vc="1" />
                  </TrackedMethodRefs>
                </SequencePoint>
                <SequencePoint vc="0" uspid="10352280" ordinal="0" offset="16" sl="130" sc="13" el="130" ec="13" bec="0" bev="0" fileid="8">
                  <TrackedMethodRefs>
                    <TrackedMethodRef uid="0" vc="0" />
                  </TrackedMethodRefs>
                </SequencePoint>
                <SequencePoint vc="0" uspid="10352281" ordinal="0" offset="22" sl="132" sc="13" el="132" ec="13" bec="0" bev="0" fileid="8">
                  <TrackedMethodRefs>
                    <TrackedMethodRef uid="0" vc="0" />
                  </TrackedMethodRefs>
                </SequencePoint>
                <SequencePoint vc="0" uspid="10352282" ordinal="0" offset="31" sl="133" sc="13" el="133" ec="13" bec="0" bev="0" fileid="8">
                  <TrackedMethodRefs>
                    <TrackedMethodRef uid="0" vc="0" />
                  </TrackedMethodRefs>
                </SequencePoint>
                <SequencePoint vc="0" uspid="10352283" ordinal="0" offset="32" sl="134" sc="17" el="134" ec="17" bec="0" bev="0" fileid="8">
                  <TrackedMethodRefs>
                    <TrackedMethodRef uid="0" vc="0" />
                  </TrackedMethodRefs>
                </SequencePoint>
                <SequencePoint vc="0" uspid="10352284" ordinal="0" offset="39" sl="135" sc="13" el="135" ec="13" bec="0" bev="0" fileid="8">
                  <TrackedMethodRefs>
                    <TrackedMethodRef uid="0" vc="0" />
                  </TrackedMethodRefs>
                </SequencePoint>
                <SequencePoint vc="0" uspid="10352285" ordinal="0" offset="40" sl="138" sc="13" el="138" ec="13" bec="0" bev="0" fileid="8">
                  <TrackedMethodRefs>
                    <TrackedMethodRef uid="0" vc="0" />
                  </TrackedMethodRefs>
                </SequencePoint>
                <SequencePoint vc="0" uspid="10352286" ordinal="0" offset="49" sl="139" sc="13" el="139" ec="13" bec="0" bev="0" fileid="8">
                  <TrackedMethodRefs>
                    <TrackedMethodRef uid="0" vc="0" />
                  </TrackedMethodRefs>
                </SequencePoint>
                <SequencePoint vc="0" uspid="10352287" ordinal="0" offset="50" sl="140" sc="17" el="140" ec="17" bec="0" bev="0" fileid="8">
                  <TrackedMethodRefs>
                    <TrackedMethodRef uid="0" vc="0" />
                  </TrackedMethodRefs>
                </SequencePoint>
                <SequencePoint vc="0" uspid="10352288" ordinal="0" offset="90" sl="143" sc="13" el="143" ec="13" bec="0" bev="0" fileid="8">
                  <TrackedMethodRefs>
                    <TrackedMethodRef uid="0" vc="0" />
                  </TrackedMethodRefs>
                </SequencePoint>
                <SequencePoint vc="0" uspid="10352289" ordinal="0" offset="91" sl="147" sc="13" el="147" ec="13" bec="0" bev="0" fileid="8">
                  <TrackedMethodRefs>
                    <TrackedMethodRef uid="0" vc="0" />
                  </TrackedMethodRefs>
                </SequencePoint>
                <SequencePoint vc="0" uspid="10352290" ordinal="0" offset="102" sl="148" sc="13" el="148" ec="13" bec="0" bev="0" fileid="8">
                  <TrackedMethodRefs>
                    <TrackedMethodRef uid="0" vc="0" />
                  </TrackedMethodRefs>
                </SequencePoint>
                <SequencePoint vc="0" uspid="10352291" ordinal="0" offset="103" sl="150" sc="17" el="150" ec="17" bec="0" bev="0" fileid="8">
                  <TrackedMethodRefs>
                    <TrackedMethodRef uid="0" vc="0" />
                  </TrackedMethodRefs>
                </SequencePoint>
                <SequencePoint vc="0" uspid="10352292" ordinal="0" offset="110" sl="152" sc="17" el="152" ec="17" bec="0" bev="0" fileid="8">
                  <TrackedMethodRefs>
                    <TrackedMethodRef uid="0" vc="0" />
                  </TrackedMethodRefs>
                </SequencePoint>
                <SequencePoint vc="0" uspid="10352293" ordinal="0" offset="150" sl="155" sc="13" el="155" ec="13" bec="0" bev="0" fileid="8">
                  <TrackedMethodRefs>
                    <TrackedMethodRef uid="0" vc="0" />
                  </TrackedMethodRefs>
                </SequencePoint>
                <SequencePoint vc="0" uspid="10352294" ordinal="0" offset="151" sl="158" sc="13" el="158" ec="13" bec="0" bev="0" fileid="8">
                  <TrackedMethodRefs>
                    <TrackedMethodRef uid="0" vc="0" />
                  </TrackedMethodRefs>
                </SequencePoint>
                <SequencePoint vc="0" uspid="10352295" ordinal="0" offset="158" sl="160" sc="13" el="160" ec="13" bec="0" bev="0" fileid="8">
                  <TrackedMethodRefs>
                    <TrackedMethodRef uid="0" vc="0" />
                  </TrackedMethodRefs>
                </SequencePoint>
                <SequencePoint vc="1" uspid="10352296" ordinal="0" offset="164" sl="161" sc="9" el="161" ec="9" bec="0" bev="0" fileid="8">
                  <TrackedMethodRefs>
                    <TrackedMethodRef uid="0" vc="1" />
                  </TrackedMethodRefs>
                </SequencePoint>
              </SequencePoints>
              <BranchPoints />
            </Method>
            <Method visited="true" cyclomaticComplexity="1" nPathComplexity="0" sequenceCoverage="100.0" branchCoverage="0" crapScore="1" isConstructor="false" isStatic="true" isGetter="false" isSetter="false">
              <Summary numSequencePoints="3" visitedSequencePoints="3" numBranchPoints="0" visitedBranchPoints="0" sequenceCoverage="100.0" branchCoverage="0" maxCyclomaticComplexity="1" minCyclomaticComplexity="1" maxCrapScore="1" minCrapScore="1" visitedClasses="0" numClasses="0" visitedMethods="1" numMethods="1" />
              <MetadataToken>100663328</MetadataToken>
              <Name>static System.Void GDX.Core::DeveloperConsoleTick()</Name>
              <FileRef uid="8" />
              <SequencePoints>
                <SequencePoint vc="10" uspid="10352297" ordinal="0" offset="0" sl="164" sc="9" el="164" ec="9" bec="0" bev="0" fileid="8">
                  <TrackedMethodRefs>
                    <TrackedMethodRef uid="0" vc="10" />
                  </TrackedMethodRefs>
                </SequencePoint>
                <SequencePoint vc="10" uspid="10352298" ordinal="0" offset="1" sl="167" sc="13" el="167" ec="13" bec="0" bev="0" fileid="8">
                  <TrackedMethodRefs>
                    <TrackedMethodRef uid="0" vc="10" />
                  </TrackedMethodRefs>
                </SequencePoint>
                <SequencePoint vc="10" uspid="10352299" ordinal="0" offset="12" sl="169" sc="9" el="169" ec="9" bec="0" bev="0" fileid="8">
                  <TrackedMethodRefs>
                    <TrackedMethodRef uid="0" vc="10" />
                  </TrackedMethodRefs>
                </SequencePoint>
              </SequencePoints>
              <BranchPoints />
            </Method>
          </Methods>
        </Class>
        <Class>
          <Summary numSequencePoints="13" visitedSequencePoints="0" numBranchPoints="0" visitedBranchPoints="0" sequenceCoverage="0.0" branchCoverage="0.0" maxCyclomaticComplexity="3" minCyclomaticComplexity="3" maxCrapScore="12" minCrapScore="12" visitedClasses="0" numClasses="1" visitedMethods="0" numMethods="1" />
          <FullName>GDX.EnumExtensions</FullName>
          <Methods>
            <Method visited="false" cyclomaticComplexity="3" nPathComplexity="0" sequenceCoverage="0.0" branchCoverage="0" crapScore="12" isConstructor="false" isStatic="true" isGetter="false" isSetter="false">
              <Summary numSequencePoints="13" visitedSequencePoints="0" numBranchPoints="0" visitedBranchPoints="0" sequenceCoverage="0.0" branchCoverage="0" maxCyclomaticComplexity="3" minCyclomaticComplexity="3" maxCrapScore="12" minCrapScore="12" visitedClasses="0" numClasses="0" visitedMethods="0" numMethods="1" />
              <MetadataToken>100663337</MetadataToken>
              <Name>static System.Boolean GDX.EnumExtensions::HasFlags[T](, )</Name>
              <FileRef uid="10" />
              <SequencePoints>
                <SequencePoint vc="0" uspid="10352312" ordinal="0" offset="0" sl="25" sc="0" el="25" ec="0" bec="0" bev="0" fileid="10">
                  <TrackedMethodRefs>
                    <TrackedMethodRef uid="0" vc="0" />
                  </TrackedMethodRefs>
                </SequencePoint>
                <SequencePoint vc="0" uspid="10352313" ordinal="0" offset="1" sl="26" sc="0" el="26" ec="0" bec="0" bev="0" fileid="10">
                  <TrackedMethodRefs>
                    <TrackedMethodRef uid="0" vc="0" />
                  </TrackedMethodRefs>
                </SequencePoint>
                <SequencePoint vc="0" uspid="10352314" ordinal="0" offset="3" sl="27" sc="0" el="27" ec="0" bec="0" bev="0" fileid="10">
                  <TrackedMethodRefs>
                    <TrackedMethodRef uid="0" vc="0" />
                  </TrackedMethodRefs>
                </SequencePoint>
                <SequencePoint vc="0" uspid="10352315" ordinal="0" offset="5" sl="29" sc="0" el="29" ec="0" bec="0" bev="0" fileid="10">
                  <TrackedMethodRefs>
                    <TrackedMethodRef uid="0" vc="0" />
                  </TrackedMethodRefs>
                </SequencePoint>
                <SequencePoint vc="0" uspid="10352316" ordinal="0" offset="9" sl="30" sc="0" el="30" ec="0" bec="0" bev="0" fileid="10">
                  <TrackedMethodRefs>
                    <TrackedMethodRef uid="0" vc="0" />
                  </TrackedMethodRefs>
                </SequencePoint>
                <SequencePoint vc="0" uspid="10352317" ordinal="0" offset="10" sl="31" sc="0" el="31" ec="0" bec="0" bev="0" fileid="10">
                  <TrackedMethodRefs>
                    <TrackedMethodRef uid="0" vc="0" />
                  </TrackedMethodRefs>
                </SequencePoint>
                <SequencePoint vc="0" uspid="10352318" ordinal="0" offset="32" sl="32" sc="0" el="32" ec="0" bec="0" bev="0" fileid="10">
                  <TrackedMethodRefs>
                    <TrackedMethodRef uid="0" vc="0" />
                  </TrackedMethodRefs>
                </SequencePoint>
                <SequencePoint vc="0" uspid="10352319" ordinal="0" offset="33" sl="33" sc="0" el="33" ec="0" bec="0" bev="0" fileid="10">
                  <TrackedMethodRefs>
                    <TrackedMethodRef uid="0" vc="0" />
                  </TrackedMethodRefs>
                </SequencePoint>
                <SequencePoint vc="0" uspid="10352320" ordinal="0" offset="38" sl="35" sc="0" el="35" ec="0" bec="0" bev="0" fileid="10">
                  <TrackedMethodRefs>
                    <TrackedMethodRef uid="0" vc="0" />
                  </TrackedMethodRefs>
                </SequencePoint>
                <SequencePoint vc="0" uspid="10352321" ordinal="0" offset="39" sl="29" sc="0" el="29" ec="0" bec="0" bev="0" fileid="10">
                  <TrackedMethodRefs>
                    <TrackedMethodRef uid="0" vc="0" />
                  </TrackedMethodRefs>
                </SequencePoint>
                <SequencePoint vc="0" uspid="10352322" ordinal="0" offset="43" sl="29" sc="0" el="29" ec="0" bec="0" bev="0" fileid="10">
                  <TrackedMethodRefs>
                    <TrackedMethodRef uid="0" vc="0" />
                  </TrackedMethodRefs>
                </SequencePoint>
                <SequencePoint vc="0" uspid="10352323" ordinal="0" offset="58" sl="37" sc="0" el="37" ec="0" bec="0" bev="0" fileid="10">
                  <TrackedMethodRefs>
                    <TrackedMethodRef uid="0" vc="0" />
                  </TrackedMethodRefs>
                </SequencePoint>
                <SequencePoint vc="0" uspid="10352324" ordinal="0" offset="63" sl="38" sc="0" el="38" ec="0" bec="0" bev="0" fileid="10">
                  <TrackedMethodRefs>
                    <TrackedMethodRef uid="0" vc="0" />
                  </TrackedMethodRefs>
                </SequencePoint>
              </SequencePoints>
              <BranchPoints />
            </Method>
          </Methods>
        </Class>
        <Class>
          <Summary numSequencePoints="18" visitedSequencePoints="0" numBranchPoints="0" visitedBranchPoints="0" sequenceCoverage="0.0" branchCoverage="0.0" maxCyclomaticComplexity="5" minCyclomaticComplexity="2" maxCrapScore="30" minCrapScore="6" visitedClasses="0" numClasses="1" visitedMethods="0" numMethods="2" />
          <FullName>GDX.GameObjectExtensions</FullName>
          <Methods>
            <Method visited="false" cyclomaticComplexity="5" nPathComplexity="0" sequenceCoverage="0.0" branchCoverage="0" crapScore="30" isConstructor="false" isStatic="true" isGetter="false" isSetter="false">
[...]
          <Methods />
        </Class>
        <Class>
          <Summary numSequencePoints="0" visitedSequencePoints="0" numBranchPoints="0" visitedBranchPoints="0" sequenceCoverage="0" branchCoverage="0" maxCyclomaticComplexity="0" minCyclomaticComplexity="0" maxCrapScore="0" minCrapScore="0" visitedClasses="0" numClasses="1" visitedMethods="0" numMethods="0" />
          <FullName>GDX.Collections.Generic.Array2D[T]</FullName>
          <Methods />
        </Class>
        <Class>
          <Summary numSequencePoints="0" visitedSequencePoints="0" numBranchPoints="0" visitedBranchPoints="0" sequenceCoverage="0" branchCoverage="0" maxCyclomaticComplexity="0" minCyclomaticComplexity="0" maxCrapScore="0" minCrapScore="0" visitedClasses="0" numClasses="1" visitedMethods="0" numMethods="0" />
          <FullName>GDX.Collections.Generic.Array3D[T]</FullName>
          <Methods />
        </Class>
        <Class>
          <Summary numSequencePoints="0" visitedSequencePoints="0" numBranchPoints="0" visitedBranchPoints="0" sequenceCoverage="0" branchCoverage="0" maxCyclomaticComplexity="0" minCyclomaticComplexity="0" maxCrapScore="0" minCrapScore="0" visitedClasses="0" numClasses="1" visitedMethods="0" numMethods="0" />
          <FullName>GDX.Collections.Generic.CircularBuffer[T]</FullName>
          <Methods />
        </Class>
        <Class>
          <Summary numSequencePoints="0" visitedSequencePoints="0" numBranchPoints="0" visitedBranchPoints="0" sequenceCoverage="0" branchCoverage="0" maxCyclomaticComplexity="0" minCyclomaticComplexity="0" maxCrapScore="0" minCrapScore="0" visitedClasses="0" numClasses="1" visitedMethods="0" numMethods="0" />
          <FullName>GDX.Collections.Generic.CoalesceArray[T]</FullName>
          <Methods />
        </Class>
        <Class>
          <Summary numSequencePoints="0" visitedSequencePoints="0" numBranchPoints="0" visitedBranchPoints="0" sequenceCoverage="0" branchCoverage="0" maxCyclomaticComplexity="0" minCyclomaticComplexity="0" maxCrapScore="0" minCrapScore="0" visitedClasses="0" numClasses="1" visitedMethods="0" numMethods="0" />
          <FullName>GDX.Collections.Generic.ConcurrentCircularBuffer[T]</FullName>
          <Methods />
        </Class>
        <Class>
          <Summary numSequencePoints="0" visitedSequencePoints="0" numBranchPoints="0" visitedBranchPoints="0" sequenceCoverage="0" branchCoverage="0" maxCyclomaticComplexity="0" minCyclomaticComplexity="0" maxCrapScore="0" minCrapScore="0" visitedClasses="0" numClasses="1" visitedMethods="0" numMethods="0" />
          <FullName>GDX.Collections.Generic.IListExtensions</FullName>
          <Methods />
        </Class>
        <Class>
          <Summary numSequencePoints="0" visitedSequencePoints="0" numBranchPoints="0" visitedBranchPoints="0" sequenceCoverage="0" branchCoverage="0" maxCyclomaticComplexity="0" minCyclomaticComplexity="0" maxCrapScore="0" minCrapScore="0" visitedClasses="0" numClasses="1" visitedMethods="0" numMethods="0" />
          <FullName>GDX.Collections.Generic.IntKeyDictionary[TValue]</FullName>
          <Methods />
        </Class>
        <Class>
          <Summary numSequencePoints="0" visitedSequencePoints="0" numBranchPoints="0" visitedBranchPoints="0" sequenceCoverage="0" branchCoverage="0" maxCyclomaticComplexity="0" minCyclomaticComplexity="0" maxCrapScore="0" minCrapScore="0" visitedClasses="0" numClasses="1" visitedMethods="0" numMethods="0" />
          <FullName>GDX.Collections.Generic.NativeArray2D[T]</FullName>
          <Methods />
        </Class>
        <Class>
          <Summary numSequencePoints="13" visitedSequencePoints="0" numBranchPoints="0" visitedBranchPoints="0" sequenceCoverage="0.0" branchCoverage="0.0" maxCyclomaticComplexity="2" minCyclomaticComplexity="1" maxCrapScore="6" minCrapScore="2" visitedClasses="0" numClasses="1" visitedMethods="0" numMethods="2" />
          <FullName>GDX.Collections.Generic.NativeArray3D[T]</FullName>
          <Methods>
            <Method visited="false" cyclomaticComplexity="2" nPathComplexity="0" sequenceCoverage="0.0" branchCoverage="0" crapScore="6" isConstructor="false" isStatic="false" isGetter="false" isSetter="false">
              <Summary numSequencePoints="7" visitedSequencePoints="0" numBranchPoints="0" visitedBranchPoints="0" sequenceCoverage="0.0" branchCoverage="0" maxCyclomaticComplexity="2" minCyclomaticComplexity="2" maxCrapScore="6" minCrapScore="6" visitedClasses="0" numClasses="0" visitedMethods="0" numMethods="1" />
              <MetadataToken>100665280</MetadataToken>
              <Name>System.Void GDX.Collections.Generic.NativeArray3D[T]::Dispose()</Name>
              <FileRef uid="204" />
              <SequencePoints>
                <SequencePoint vc="0" uspid="10367033" ordinal="0" offset="0" sl="101" sc="0" el="101" ec="0" bec="0" bev="0" fileid="204">
                  <TrackedMethodRefs>
                    <TrackedMethodRef uid="0" vc="0" />
                  </TrackedMethodRefs>
                </SequencePoint>
                <SequencePoint vc="0" uspid="10367034" ordinal="0" offset="1" sl="102" sc="0" el="102" ec="0" bec="0" bev="0" fileid="204">
                  <TrackedMethodRefs>
                    <TrackedMethodRef uid="0" vc="0" />
                  </TrackedMethodRefs>
                </SequencePoint>
                <SequencePoint vc="0" uspid="10367035" ordinal="0" offset="19" sl="103" sc="0" el="103" ec="0" bec="0" bev="0" fileid="204">
                  <TrackedMethodRefs>
                    <TrackedMethodRef uid="0" vc="0" />
                  </TrackedMethodRefs>
                </SequencePoint>
                <SequencePoint vc="0" uspid="10367036" ordinal="0" offset="20" sl="104" sc="0" el="104" ec="0" bec="0" bev="0" fileid="204">
                  <TrackedMethodRefs>
                    <TrackedMethodRef uid="0" vc="0" />
                  </TrackedMethodRefs>
                </SequencePoint>
                <SequencePoint vc="0" uspid="10367037" ordinal="0" offset="22" sl="107" sc="0" el="107" ec="0" bec="0" bev="0" fileid="204">
                  <TrackedMethodRefs>
                    <TrackedMethodRef uid="0" vc="0" />
                  </TrackedMethodRefs>
                </SequencePoint>
                <SequencePoint vc="0" uspid="10367038" ordinal="0" offset="34" sl="108" sc="0" el="108" ec="0" bec="0" bev="0" fileid="204">
                  <TrackedMethodRefs>
                    <TrackedMethodRef uid="0" vc="0" />
                  </TrackedMethodRefs>
                </SequencePoint>
                <SequencePoint vc="0" uspid="10367039" ordinal="0" offset="46" sl="109" sc="0" el="109" ec="0" bec="0" bev="0" fileid="204">
                  <TrackedMethodRefs>
                    <TrackedMethodRef uid="0" vc="0" />
                  </TrackedMethodRefs>
                </SequencePoint>
              </SequencePoints>
              <BranchPoints />
            </Method>
            <Method visited="false" cyclomaticComplexity="1" nPathComplexity="0" sequenceCoverage="0.0" branchCoverage="0" crapScore="2" isConstructor="false" isStatic="false" isGetter="false" isSetter="false">
              <Summary numSequencePoints="6" visitedSequencePoints="0" numBranchPoints="0" visitedBranchPoints="0" sequenceCoverage="0.0" branchCoverage="0" maxCyclomaticComplexity="1" minCyclomaticComplexity="1" maxCrapScore="2" minCrapScore="2" visitedClasses="0" numClasses="0" visitedMethods="0" numMethods="1" />
              <MetadataToken>100665281</MetadataToken>
              <Name>Unity.Mathematics.int3 GDX.Collections.Generic.NativeArray3D[T]::GetFromIndex(System.Int32)</Name>
              <FileRef uid="204" />
              <SequencePoints>
                <SequencePoint vc="0" uspid="10367040" ordinal="0" offset="0" sl="117" sc="0" el="117" ec="0" bec="0" bev="0" fileid="204">
                  <TrackedMethodRefs>
                    <TrackedMethodRef uid="0" vc="0" />
                  </TrackedMethodRefs>
                </SequencePoint>
                <SequencePoint vc="0" uspid="10367041" ordinal="0" offset="1" sl="118" sc="0" el="118" ec="0" bec="0" bev="0" fileid="204">
                  <TrackedMethodRefs>
                    <TrackedMethodRef uid="0" vc="0" />
                  </TrackedMethodRefs>
                </SequencePoint>
                <SequencePoint vc="0" uspid="10367042" ordinal="0" offset="10" sl="119" sc="0" el="119" ec="0" bec="0" bev="0" fileid="204">
                  <TrackedMethodRefs>
                    <TrackedMethodRef uid="0" vc="0" />
                  </TrackedMethodRefs>
                </SequencePoint>
                <SequencePoint vc="0" uspid="10367043" ordinal="0" offset="28" sl="120" sc="0" el="120" ec="0" bec="0" bev="0" fileid="204">
                  <TrackedMethodRefs>
                    <TrackedMethodRef uid="0" vc="0" />
                  </TrackedMethodRefs>
                </SequencePoint>
                <SequencePoint vc="0" uspid="10367044" ordinal="0" offset="37" sl="122" sc="0" el="122" ec="0" bec="0" bev="0" fileid="204">
                  <TrackedMethodRefs>
                    <TrackedMethodRef uid="0" vc="0" />
                  </TrackedMethodRefs>
                </SequencePoint>
                <SequencePoint vc="0" uspid="10367045" ordinal="0" offset="48" sl="123" sc="0" el="123" ec="0" bec="0" bev="0" fileid="204">
                  <TrackedMethodRefs>
                    <TrackedMethodRef uid="0" vc="0" />
                  </TrackedMethodRefs>
                </SequencePoint>
              </SequencePoints>
              <BranchPoints />
            </Method>
          </Methods>
        </Class>
        <Class>
          <Summary numSequencePoints="1" visitedSequencePoints="0" numBranchPoints="0" visitedBranchPoints="0" sequenceCoverage="0.0" branchCoverage="0.0" maxCyclomaticComplexity="1" minCyclomaticComplexity="1" maxCrapScore="2" minCrapScore="2" visitedClasses="0" numClasses="1" visitedMethods="0" numMethods="1" />
          <FullName>GDX.Collections.Generic.NativeUniformArray3D[T]</FullName>
          <Methods>
            <Method visited="false" cyclomaticComplexity="1" nPathComplexity="0" sequenceCoverage="0.0" branchCoverage="0" crapScore="2" isConstructor="false" isStatic="false" isGetter="true" isSetter="false">
              <Summary numSequencePoints="1" visitedSequencePoints="0" numBranchPoints="0" visitedBranchPoints="0" sequenceCoverage="0.0" branchCoverage="0" maxCyclomaticComplexity="1" minCyclomaticComplexity="1" maxCrapScore="2" minCrapScore="2" visitedClasses="0" numClasses="0" visitedMethods="0" numMethods="1" />
              <MetadataToken>100665284</MetadataToken>
              <Name>T GDX.Collections.Generic.NativeUniformArray3D[T]::get_Item(System.Int32, System.Int32, System.Int32)</Name>
              <FileRef uid="205" />
              <SequencePoints>
                <SequencePoint vc="0" uspid="10367057" ordinal="0" offset="0" sl="63" sc="0" el="63" ec="0" bec="0" bev="0" fileid="205">
                  <TrackedMethodRefs>
                    <TrackedMethodRef uid="0" vc="0" />
                  </TrackedMethodRefs>
                </SequencePoint>
              </SequencePoints>
              <BranchPoints />
            </Method>
          </Methods>
        </Class>
        <Class>
          <Summary numSequencePoints="0" visitedSequencePoints="0" numBranchPoints="0" visitedBranchPoints="0" sequenceCoverage="0" branchCoverage="0" maxCyclomaticComplexity="0" minCyclomaticComplexity="0" maxCrapScore="0" minCrapScore="0" visitedClasses="0" numClasses="1" visitedMethods="0" numMethods="0" />
          <FullName>GDX.Collections.Generic.SerializableDictionary[TKey,TValue]</FullName>
          <Methods />
        </Class>
        <Class>
          <Summary numSequencePoints="0" visitedSequencePoints="0" numBranchPoints="0" visitedBranchPoints="0" sequenceCoverage="0" branchCoverage="0" maxCyclomaticComplexity="0" minCyclomaticComplexity="0" maxCrapScore="0" minCrapScore="0" visitedClasses="0" numClasses="1" visitedMethods="0" numMethods="0" />
          <FullName>GDX.Collections.Generic.SimpleList[T]</FullName>
          <Methods />
        </Class>
        <Class>
          <Summary numSequencePoints="0" visitedSequencePoints="0" numBranchPoints="0" visitedBranchPoints="0" sequenceCoverage="0" branchCoverage="0" maxCyclomaticComplexity="0" minCyclomaticComplexity="0" maxCrapScore="0" minCrapScore="0" visitedClasses="0" numClasses="1" visitedMethods="0" numMethods="0" />
          <FullName>GDX.Collections.Generic.SimpleListExtensions</FullName>
          <Methods />
        </Class>
        <Class>
          <Summary numSequencePoints="17" visitedSequencePoints="15" numBranchPoints="0" visitedBranchPoints="0" sequenceCoverage="88.24" branchCoverage="0.0" maxCyclomaticComplexity="4" minCyclomaticComplexity="4" maxCrapScore="4.03" minCrapScore="4.03" visitedClasses="1" numClasses="1" visitedMethods="1" numMethods="1" />
          <FullName>GDX.Collections.Generic.StringKeyDictionary[TValue]</FullName>
          <Methods>
            <Method visited="true" cyclomaticComplexity="4" nPathComplexity="0" sequenceCoverage="88.24" branchCoverage="0" crapScore="4.03" isConstructor="false" isStatic="false" isGetter="false" isSetter="false">
              <Summary numSequencePoints="17" visitedSequencePoints="15" numBranchPoints="0" visitedBranchPoints="0" sequenceCoverage="88.24" branchCoverage="0" maxCyclomaticComplexity="4" minCyclomaticComplexity="4" maxCrapScore="4.03" minCrapScore="4.03" visitedClasses="0" numClasses="0" visitedMethods="1" numMethods="1" />
              <MetadataToken>100665354</MetadataToken>
              <Name>System.Boolean GDX.Collections.Generic.StringKeyDictionary[TValue]::ContainsKey(System.String)</Name>
              <FileRef uid="209" />
              <SequencePoints>
                <SequencePoint vc="19" uspid="10367858" ordinal="0" offset="0" sl="279" sc="0" el="279" ec="0" bec="0" bev="0" fileid="209">
                  <TrackedMethodRefs>
                    <TrackedMethodRef uid="0" vc="19" />
                  </TrackedMethodRefs>
                </SequencePoint>
                <SequencePoint vc="19" uspid="10367859" ordinal="0" offset="1" sl="280" sc="0" el="280" ec="0" bec="0" bev="0" fileid="209">
                  <TrackedMethodRefs>
                    <TrackedMethodRef uid="0" vc="19" />
                  </TrackedMethodRefs>
                </SequencePoint>
                <SequencePoint vc="0" uspid="10367860" ordinal="0" offset="9" sl="281" sc="0" el="281" ec="0" bec="0" bev="0" fileid="209">
                  <TrackedMethodRefs>
                    <TrackedMethodRef uid="0" vc="0" />
                  </TrackedMethodRefs>
                </SequencePoint>
                <SequencePoint vc="0" uspid="10367861" ordinal="0" offset="10" sl="282" sc="0" el="282" ec="0" bec="0" bev="0" fileid="209">
                  <TrackedMethodRefs>
                    <TrackedMethodRef uid="0" vc="0" />
                  </TrackedMethodRefs>
                </SequencePoint>
                <SequencePoint vc="19" uspid="10367862" ordinal="0" offset="16" sl="285" sc="0" el="285" ec="0" bec="0" bev="0" fileid="209">
                  <TrackedMethodRefs>
                    <TrackedMethodRef uid="0" vc="19" />
                  </TrackedMethodRefs>
                </SequencePoint>
                <SequencePoint vc="19" uspid="10367863" ordinal="0" offset="29" sl="286" sc="0" el="286" ec="0" bec="0" bev="0" fileid="209">
                  <TrackedMethodRefs>
                    <TrackedMethodRef uid="0" vc="19" />
                  </TrackedMethodRefs>
                </SequencePoint>
                <SequencePoint vc="19" uspid="10367864" ordinal="0" offset="40" sl="287" sc="0" el="287" ec="0" bec="0" bev="0" fileid="209">
                  <TrackedMethodRefs>
                    <TrackedMethodRef uid="0" vc="19" />
                  </TrackedMethodRefs>
                </SequencePoint>
                <SequencePoint vc="20" uspid="10367865" ordinal="0" offset="51" sl="290" sc="0" el="290" ec="0" bec="0" bev="0" fileid="209">
                  <TrackedMethodRefs>
                    <TrackedMethodRef uid="0" vc="20" />
                  </TrackedMethodRefs>
                </SequencePoint>
                <SequencePoint vc="20" uspid="10367866" ordinal="0" offset="52" sl="291" sc="0" el="291" ec="0" bec="0" bev="0" fileid="209">
                  <TrackedMethodRefs>
                    <TrackedMethodRef uid="0" vc="20" />
                  </TrackedMethodRefs>
                </SequencePoint>
                <SequencePoint vc="20" uspid="10367867" ordinal="0" offset="66" sl="293" sc="0" el="293" ec="0" bec="0" bev="0" fileid="209">
                  <TrackedMethodRefs>
                    <TrackedMethodRef uid="0" vc="20" />
                  </TrackedMethodRefs>
                </SequencePoint>
                <SequencePoint vc="18" uspid="10367868" ordinal="0" offset="85" sl="294" sc="0" el="294" ec="0" bec="0" bev="0" fileid="209">
                  <TrackedMethodRefs>
                    <TrackedMethodRef uid="0" vc="18" />
                  </TrackedMethodRefs>
                </SequencePoint>
                <SequencePoint vc="18" uspid="10367869" ordinal="0" offset="86" sl="295" sc="0" el="295" ec="0" bec="0" bev="0" fileid="209">
                  <TrackedMethodRefs>
                    <TrackedMethodRef uid="0" vc="18" />
                  </TrackedMethodRefs>
                </SequencePoint>
                <SequencePoint vc="2" uspid="10367870" ordinal="0" offset="91" sl="298" sc="0" el="298" ec="0" bec="0" bev="0" fileid="209">
                  <TrackedMethodRefs>
                    <TrackedMethodRef uid="0" vc="2" />
                  </TrackedMethodRefs>
                </SequencePoint>
                <SequencePoint vc="2" uspid="10367871" ordinal="0" offset="99" sl="299" sc="0" el="299" ec="0" bec="0" bev="0" fileid="209">
                  <TrackedMethodRefs>
                    <TrackedMethodRef uid="0" vc="2" />
                  </TrackedMethodRefs>
                </SequencePoint>
                <SequencePoint vc="21" uspid="10367872" ordinal="0" offset="100" sl="289" sc="0" el="289" ec="0" bec="0" bev="0" fileid="209">
                  <TrackedMethodRefs>
                    <TrackedMethodRef uid="0" vc="21" />
                  </TrackedMethodRefs>
                </SequencePoint>
                <SequencePoint vc="1" uspid="10367873" ordinal="0" offset="113" sl="301" sc="0" el="301" ec="0" bec="0" bev="0" fileid="209">
                  <TrackedMethodRefs>
                    <TrackedMethodRef uid="0" vc="1" />
                  </TrackedMethodRefs>
                </SequencePoint>
                <SequencePoint vc="19" uspid="10367874" ordinal="0" offset="118" sl="302" sc="0" el="302" ec="0" bec="0" bev="0" fileid="209">
                  <TrackedMethodRefs>
                    <TrackedMethodRef uid="0" vc="19" />
                  </TrackedMethodRefs>
                </SequencePoint>
              </SequencePoints>
              <BranchPoints />
            </Method>
          </Methods>
        </Class>
        <Class>
          <Summary numSequencePoints="0" visitedSequencePoints="0" numBranchPoints="0" visitedBranchPoints="0" sequenceCoverage="0" branchCoverage="0" maxCyclomaticComplexity="0" minCyclomaticComplexity="0" maxCrapScore="0" minCrapScore="0" visitedClasses="0" numClasses="1" visitedMethods="0" numMethods="0" />
          <FullName>GDX.Collections.Generic.UniformArray3D[T]</FullName>
          <Methods />
        </Class>
      </Classes>
      <TrackedMethods>
        <TrackedMethod uid="0" token="100663431" name="System.Collections.IEnumerator GDX.TransformExtensionsTests::DestroyChildren_NotImmediate_OneChildRemaining()" strategy="Test" />
      </TrackedMethods>
    </Module>
  </Modules>
</CoverageSession>