<?xml version="1.0" encoding="utf-8"?>
<CoverageSession xmlns:xsd="http://www.w3.org/2001/XMLSchema" xmlns:xsi="http://www.w3.org/2001/XMLSchema-instance" Version="0.0.0.0">
  <Summary numSequencePoints="302" visitedSequencePoints="118" numBranchPoints="0" visitedBranchPoints="0" sequenceCoverage="39.07" branchCoverage="0.0" maxCyclomaticComplexity="10" minCyclomaticComplexity="0" maxCrapScore="110" minCrapScore="0" visitedClasses="8" numClasses="18" visitedMethods="15" numMethods="27" />
  <Modules>
    <Module>
      <Summary numSequencePoints="302" visitedSequencePoints="118" numBranchPoints="0" visitedBranchPoints="0" sequenceCoverage="39.07" branchCoverage="0.0" maxCyclomaticComplexity="10" minCyclomaticComplexity="0" maxCrapScore="110" minCrapScore="0" visitedClasses="8" numClasses="18" visitedMethods="15" numMethods="27" />
      <ModuleTime>0001-01-01T00:00:00</ModuleTime>
      <ModuleName>GDX</ModuleName>
      <Files>
        <File uid="1" fullPath="./Packages/com.dotbunny.gdx/GDX/AddressablesExtensions.cs" />
        <File uid="2" fullPath="./Packages/com.dotbunny.gdx/GDX/ArrayExtensions.cs" />
        <File uid="3" fullPath="./Packages/com.dotbunny.gdx/GDX/BoxColliderExtensions.cs" />
        <File uid="4" fullPath="./Packages/com.dotbunny.gdx/GDX/ByteExtensions.cs" />
        <File uid="5" fullPath="./Packages/com.dotbunny.gdx/GDX/CameraExtensions.cs" />
        <File uid="6" fullPath="./Packages/com.dotbunny.gdx/GDX/CapsuleColliderExtensions.cs" />
        <File uid="7" fullPath="./Packages/com.dotbunny.gdx/GDX/Config.cs" />
        <File uid="8" fullPath="./Packages/com.dotbunny.gdx/GDX/Core.cs" />
        <File uid="9" fullPath="./Packages/com.dotbunny.gdx/GDX/Display.cs" />
        <File uid="10" fullPath="./Packages/com.dotbunny.gdx/GDX/EnumExtensions.cs" />
        <File uid="11" fullPath="./Packages/com.dotbunny.gdx/GDX/GameObjectExtensions.cs" />
        <File uid="12" fullPath="./Packages/com.dotbunny.gdx/GDX/Localization.cs" />
        <File uid="13" fullPath="./Packages/com.dotbunny.gdx/GDX/Memory.cs" />
        <File uid="14" fullPath="./Packages/com.dotbunny.gdx/GDX/MeshExtensions.cs" />
        <File uid="15" fullPath="./Packages/com.dotbunny.gdx/GDX/ObjectExtensions.cs" />
        <File uid="16" fullPath="./Packages/com.dotbunny.gdx/GDX/Platform.cs" />
        <File uid="17" fullPath="./Packages/com.dotbunny.gdx/GDX/PlayerLoopSystemExtensions.cs" />
        <File uid="18" fullPath="./Packages/com.dotbunny.gdx/GDX/Reflection.cs" />
        <File uid="19" fullPath="./Packages/com.dotbunny.gdx/GDX/RigidbodyExtensions.cs" />
        <File uid="20" fullPath="./Packages/com.dotbunny.gdx/GDX/SegmentedString.cs" />
        <File uid="21" fullPath="./Packages/com.dotbunny.gdx/GDX/Serializable.cs" />
        <File uid="22" fullPath="./Packages/com.dotbunny.gdx/GDX/Space.cs" />
        <File uid="23" fullPath="./Packages/com.dotbunny.gdx/GDX/StringExtensions.cs" />
        <File uid="24" fullPath="./Packages/com.dotbunny.gdx/GDX/Trace.cs" />
        <File uid="25" fullPath="./Packages/com.dotbunny.gdx/GDX/TransformExtensions.cs" />
        <File uid="26" fullPath="./Packages/com.dotbunny.gdx/GDX/Vector2Extensions.cs" />
        <File uid="27" fullPath="./Packages/com.dotbunny.gdx/GDX/Vector3Extensions.cs" />
        <File uid="28" fullPath="./Packages/com.dotbunny.gdx/GDX/Threading/TaskBase.cs" />
        <File uid="29" fullPath="./Packages/com.dotbunny.gdx/GDX/Threading/TaskDirector.cs" />
        <File uid="30" fullPath="./Packages/com.dotbunny.gdx/GDX/Threading/TaskDirectorSystem.cs" />
        <File uid="31" fullPath="./Packages/com.dotbunny.gdx/GDX/Threading/TaskExtensions.cs" />
        <File uid="32" fullPath="./Packages/com.dotbunny.gdx/GDX/Threading/WaitFor.cs" />
        <File uid="33" fullPath="./Packages/com.dotbunny.gdx/GDX/Threading/WaitWhile.cs" />
        <File uid="34" fullPath="./Packages/com.dotbunny.gdx/GDX/Rendering/ShaderProvider.cs" />
        <File uid="35" fullPath="./Packages/com.dotbunny.gdx/GDX/Mathematics/Byte2.cs" />
        <File uid="36" fullPath="./Packages/com.dotbunny.gdx/GDX/Mathematics/FibonacciHash.cs" />
        <File uid="37" fullPath="./Packages/com.dotbunny.gdx/GDX/Mathematics/Range.cs" />
        <File uid="38" fullPath="./Packages/com.dotbunny.gdx/GDX/Mathematics/Rotate.cs" />
        <File uid="39" fullPath="./Packages/com.dotbunny.gdx/GDX/Mathematics/Smooth.cs" />
        <File uid="40" fullPath="./Packages/com.dotbunny.gdx/GDX/Mathematics/Random/RandomAdaptor.cs" />
        <File uid="41" fullPath="./Packages/com.dotbunny.gdx/GDX/Mathematics/Random/RandomWrapper.cs" />
        <File uid="42" fullPath="./Packages/com.dotbunny.gdx/GDX/Mathematics/Random/WELL1024a.cs" />
        <File uid="43" fullPath="./Packages/com.dotbunny.gdx/GDX/Jobs/ParallelFor/Color32CompareJob.cs" />
        <File uid="44" fullPath="./Packages/com.dotbunny.gdx/GDX/Jobs/ParallelFor/Color32MatchJob.cs" />
        <File uid="45" fullPath="./Packages/com.dotbunny.gdx/GDX/Jobs/ParallelFor/ColorCompareJob.cs" />
        <File uid="46" fullPath="./Packages/com.dotbunny.gdx/GDX/Jobs/ParallelFor/ColorMatchJob.cs" />
        <File uid="47" fullPath="./Packages/com.dotbunny.gdx/GDX/Jobs/ParallelFor/IntegerBufferCopyJob.cs" />
        <File uid="48" fullPath="./Packages/com.dotbunny.gdx/GDX/Jobs/ParallelFor/IntegerBufferFillJob.cs" />
        <File uid="49" fullPath="./Packages/com.dotbunny.gdx/GDX/Jobs/ParallelFor/IntegerBufferSwapJob.cs" />
        <File uid="50" fullPath="./Packages/com.dotbunny.gdx/GDX/IO/CoalesceStream.cs" />
        <File uid="51" fullPath="./Packages/com.dotbunny.gdx/GDX/IO/Compression/TarFile.cs" />
        <File uid="52" fullPath="./Packages/com.dotbunny.gdx/GDX/Experimental/DebugDraw.cs" />
        <File uid="53" fullPath="./Packages/com.dotbunny.gdx/GDX/Experimental/DebugDrawBuffer.cs" />
        <File uid="54" fullPath="./Packages/com.dotbunny.gdx/GDX/Experimental/DebugDrawShapes.cs" />
        <File uid="55" fullPath="./Packages/com.dotbunny.gdx/GDX/Developer/CommandLineParser.cs" />
        <File uid="56" fullPath="./Packages/com.dotbunny.gdx/GDX/Developer/InputProxy.cs" />
        <File uid="57" fullPath="./Packages/com.dotbunny.gdx/GDX/Developer/Profiling.cs" />
        <File uid="58" fullPath="./Packages/com.dotbunny.gdx/GDX/Developer/SemanticVersion.cs" />
        <File uid="59" fullPath="./Packages/com.dotbunny.gdx/GDX/Developer/TextGenerator.cs" />
        <File uid="60" fullPath="./Packages/com.dotbunny.gdx/GDX/Developer/TransientReference.cs" />
        <File uid="61" fullPath="./Packages/com.dotbunny.gdx/GDX/Developer/Reports/BuildVerificationReport.cs" />
        <File uid="62" fullPath="./Packages/com.dotbunny.gdx/GDX/Developer/Reports/NUnitReport.cs" />
        <File uid="63" fullPath="./Packages/com.dotbunny.gdx/GDX/Developer/Reports/ResourcesAuditReport.cs" />
        <File uid="64" fullPath="./Packages/com.dotbunny.gdx/GDX/Developer/Reports/ResourcesDiffReport.cs" />
        <File uid="65" fullPath="./Packages/com.dotbunny.gdx/GDX/Developer/Reports/Resource/IntegerDiff.cs" />
        <File uid="66" fullPath="./Packages/com.dotbunny.gdx/GDX/Developer/Reports/Resource/LongDiff.cs" />
        <File uid="67" fullPath="./Packages/com.dotbunny.gdx/GDX/Developer/Reports/Resource/ResourceReport.cs" />
        <File uid="68" fullPath="./Packages/com.dotbunny.gdx/GDX/Developer/Reports/Resource/ResourceReportContext.cs" />
        <File uid="69" fullPath="./Packages/com.dotbunny.gdx/GDX/Developer/Reports/Resource/Sections/ApplicationSection.cs" />
        <File uid="70" fullPath="./Packages/com.dotbunny.gdx/GDX/Developer/Reports/Resource/Sections/MemoryDiffSection.cs" />
        <File uid="71" fullPath="./Packages/com.dotbunny.gdx/GDX/Developer/Reports/Resource/Sections/MemorySection.cs" />
        <File uid="72" fullPath="./Packages/com.dotbunny.gdx/GDX/Developer/Reports/Resource/Objects/AssetBundleObjectInfo.cs" />
        <File uid="73" fullPath="./Packages/com.dotbunny.gdx/GDX/Developer/Reports/Resource/Objects/MeshObjectInfo.cs" />
        <File uid="74" fullPath="./Packages/com.dotbunny.gdx/GDX/Developer/Reports/Resource/Objects/ObjectInfo.cs" />
        <File uid="75" fullPath="./Packages/com.dotbunny.gdx/GDX/Developer/Reports/Resource/Objects/ObjectInfoFactory.cs" />
        <File uid="76" fullPath="./Packages/com.dotbunny.gdx/GDX/Developer/Reports/Resource/Objects/ShaderObjectInfo.cs" />
        <File uid="77" fullPath="./Packages/com.dotbunny.gdx/GDX/Developer/Reports/Resource/Objects/TextureObjectInfo.cs" />
        <File uid="78" fullPath="./Packages/com.dotbunny.gdx/GDX/Developer/Reports/BuildVerification/SimpleTestBehaviour.cs" />
        <File uid="79" fullPath="./Packages/com.dotbunny.gdx/GDX/Developer/Reports/BuildVerification/TestRunner.cs" />
        <File uid="80" fullPath="./Packages/com.dotbunny.gdx/GDX/Developer/Reports/BuildVerification/TestScene.cs" />
        <File uid="81" fullPath="./Packages/com.dotbunny.gdx/GDX/DataTables/ColumnDescription.cs" />
        <File uid="82" fullPath="./Packages/com.dotbunny.gdx/GDX/DataTables/DataTableExtensions.cs" />
        <File uid="83" fullPath="./Packages/com.dotbunny.gdx/GDX/DataTables/RowDescription.cs" />
        <File uid="84" fullPath="./Packages/com.dotbunny.gdx/GDX/DataTables/StableDataTable.cs" />
        <File uid="85" fullPath="./Packages/com.dotbunny.gdx/GDX/DataTables/ColumnSorters/BoolColumnSorter.cs" />
        <File uid="86" fullPath="./Packages/com.dotbunny.gdx/GDX/DataTables/ColumnSorters/ColumSorterBase.cs" />
        <File uid="87" fullPath="./Packages/com.dotbunny.gdx/GDX/DataTables/ColumnSorters/DoubleColumnSorter.cs" />
        <File uid="88" fullPath="./Packages/com.dotbunny.gdx/GDX/DataTables/ColumnSorters/FloatColumnSorter.cs" />
        <File uid="89" fullPath="./Packages/com.dotbunny.gdx/GDX/DataTables/ColumnSorters/IntColumnSorter.cs" />
        <File uid="90" fullPath="./Packages/com.dotbunny.gdx/GDX/DataTables/ColumnSorters/LongColumnSorter.cs" />
        <File uid="91" fullPath="./Packages/com.dotbunny.gdx/GDX/DataTables/ColumnSorters/StringColumnSorter.cs" />
        <File uid="92" fullPath="./Packages/com.dotbunny.gdx/GDX/DataTables/ColumnSorters/UIntColumnSorter.cs" />
        <File uid="93" fullPath="./Packages/com.dotbunny.gdx/GDX/DataTables/ColumnSorters/ULongColumnSorter.cs" />
        <File uid="94" fullPath="./Packages/com.dotbunny.gdx/GDX/DataTables/CellValues/AnimationCurveCellValue.cs" />
        <File uid="95" fullPath="./Packages/com.dotbunny.gdx/GDX/DataTables/CellValues/BoolCellValue.cs" />
        <File uid="96" fullPath="./Packages/com.dotbunny.gdx/GDX/DataTables/CellValues/BoundsCellValue.cs" />
        <File uid="97" fullPath="./Packages/com.dotbunny.gdx/GDX/DataTables/CellValues/BoundsIntCellValue.cs" />
        <File uid="98" fullPath="./Packages/com.dotbunny.gdx/GDX/DataTables/CellValues/ByteCellValue.cs" />
        <File uid="99" fullPath="./Packages/com.dotbunny.gdx/GDX/DataTables/CellValues/CharCellValue.cs" />
        <File uid="100" fullPath="./Packages/com.dotbunny.gdx/GDX/DataTables/CellValues/ColorCellValue.cs" />
        <File uid="101" fullPath="./Packages/com.dotbunny.gdx/GDX/DataTables/CellValues/DoubleCellValue.cs" />
        <File uid="102" fullPath="./Packages/com.dotbunny.gdx/GDX/DataTables/CellValues/FloatCellValue.cs" />
        <File uid="103" fullPath="./Packages/com.dotbunny.gdx/GDX/DataTables/CellValues/GradientCellValue.cs" />
        <File uid="104" fullPath="./Packages/com.dotbunny.gdx/GDX/DataTables/CellValues/Hash128CellValue.cs" />
        <File uid="105" fullPath="./Packages/com.dotbunny.gdx/GDX/DataTables/CellValues/IntCellValue.cs" />
        <File uid="106" fullPath="./Packages/com.dotbunny.gdx/GDX/DataTables/CellValues/LayerMaskCellValue.cs" />
        <File uid="107" fullPath="./Packages/com.dotbunny.gdx/GDX/DataTables/CellValues/LongCellValue.cs" />
        <File uid="108" fullPath="./Packages/com.dotbunny.gdx/GDX/DataTables/CellValues/ObjectCellValue.cs" />
        <File uid="109" fullPath="./Packages/com.dotbunny.gdx/GDX/DataTables/CellValues/QuaternionCellValue.cs" />
        <File uid="110" fullPath="./Packages/com.dotbunny.gdx/GDX/DataTables/CellValues/RectCellValue.cs" />
        <File uid="111" fullPath="./Packages/com.dotbunny.gdx/GDX/DataTables/CellValues/RectIntCellValue.cs" />
        <File uid="112" fullPath="./Packages/com.dotbunny.gdx/GDX/DataTables/CellValues/SByteCellValue.cs" />
        <File uid="113" fullPath="./Packages/com.dotbunny.gdx/GDX/DataTables/CellValues/ShortCellValue.cs" />
        <File uid="114" fullPath="./Packages/com.dotbunny.gdx/GDX/DataTables/CellValues/StringCellValue.cs" />
        <File uid="115" fullPath="./Packages/com.dotbunny.gdx/GDX/DataTables/CellValues/UIntCellValue.cs" />
        <File uid="116" fullPath="./Packages/com.dotbunny.gdx/GDX/DataTables/CellValues/ULongCellValue.cs" />
        <File uid="117" fullPath="./Packages/com.dotbunny.gdx/GDX/DataTables/CellValues/UShortCellValue.cs" />
        <File uid="118" fullPath="./Packages/com.dotbunny.gdx/GDX/DataTables/CellValues/Vector2CellValue.cs" />
        <File uid="119" fullPath="./Packages/com.dotbunny.gdx/GDX/DataTables/CellValues/Vector2IntCellValue.cs" />
        <File uid="120" fullPath="./Packages/com.dotbunny.gdx/GDX/DataTables/CellValues/Vector3CellValue.cs" />
        <File uid="121" fullPath="./Packages/com.dotbunny.gdx/GDX/DataTables/CellValues/Vector3IntCellValue.cs" />
        <File uid="122" fullPath="./Packages/com.dotbunny.gdx/GDX/DataTables/CellValues/Vector4CellValue.cs" />
        <File uid="123" fullPath="./Packages/com.dotbunny.gdx/GDX/Collections/ArrayHolder.cs" />
        <File uid="124" fullPath="./Packages/com.dotbunny.gdx/GDX/Collections/BitArray128.cs" />
        <File uid="125" fullPath="./Packages/com.dotbunny.gdx/GDX/Collections/BitArray16.cs" />
        <File uid="126" fullPath="./Packages/com.dotbunny.gdx/GDX/Collections/BitArray256.cs" />
        <File uid="127" fullPath="./Packages/com.dotbunny.gdx/GDX/Collections/BitArray32.cs" />
        <File uid="128" fullPath="./Packages/com.dotbunny.gdx/GDX/Collections/BitArray512.cs" />
        <File uid="129" fullPath="./Packages/com.dotbunny.gdx/GDX/Collections/BitArray64.cs" />
        <File uid="130" fullPath="./Packages/com.dotbunny.gdx/GDX/Collections/BitArray8.cs" />
        <File uid="131" fullPath="./Packages/com.dotbunny.gdx/GDX/Collections/FreeList.cs" />
        <File uid="132" fullPath="./Packages/com.dotbunny.gdx/GDX/Collections/NativeArraySparseSet.cs" />
        <File uid="133" fullPath="./Packages/com.dotbunny.gdx/GDX/Collections/SparseSet.cs" />
        <File uid="134" fullPath="./Packages/com.dotbunny.gdx/GDX/Collections/UnsafeSparseSet.cs" />
        <File uid="135" fullPath="./Packages/com.dotbunny.gdx/GDX/Collections/Pooling/ArrayPool.cs" />
        <File uid="136" fullPath="./Packages/com.dotbunny.gdx/GDX/Collections/Pooling/GameObjectPool.cs" />
        <File uid="137" fullPath="./Packages/com.dotbunny.gdx/GDX/Collections/Pooling/ManagedPoolBuilder.cs" />
        <File uid="138" fullPath="./Packages/com.dotbunny.gdx/GDX/Collections/Pooling/ManagedPools.cs" />
        <File uid="139" fullPath="./Packages/com.dotbunny.gdx/GDX/Collections/Pooling/SimpleListManagedPool.cs" />
        <File uid="140" fullPath="./Packages/com.dotbunny.gdx/GDX/Collections/Generic/Array2D.cs" />
        <File uid="141" fullPath="./Packages/com.dotbunny.gdx/GDX/Collections/Generic/Array2DExtensions.cs" />
        <File uid="142" fullPath="./Packages/com.dotbunny.gdx/GDX/Collections/Generic/Array3D.cs" />
        <File uid="143" fullPath="./Packages/com.dotbunny.gdx/GDX/Collections/Generic/CircularBuffer.cs" />
        <File uid="144" fullPath="./Packages/com.dotbunny.gdx/GDX/Collections/Generic/CoalesceArray.cs" />
        <File uid="145" fullPath="./Packages/com.dotbunny.gdx/GDX/Collections/Generic/DictionaryPrimes.cs" />
        <File uid="146" fullPath="./Packages/com.dotbunny.gdx/GDX/Collections/Generic/IListExtensions.cs" />
        <File uid="147" fullPath="./Packages/com.dotbunny.gdx/GDX/Collections/Generic/IntKeyDictionary.cs" />
        <File uid="148" fullPath="./Packages/com.dotbunny.gdx/GDX/Collections/Generic/NativeArray2D.cs" />
        <File uid="149" fullPath="./Packages/com.dotbunny.gdx/GDX/Collections/Generic/NativeArray3D.cs" />
        <File uid="150" fullPath="./Packages/com.dotbunny.gdx/GDX/Collections/Generic/NativeUniformArray3D.cs" />
        <File uid="151" fullPath="./Packages/com.dotbunny.gdx/GDX/Collections/Generic/SerializableDictionary.cs" />
        <File uid="152" fullPath="./Packages/com.dotbunny.gdx/GDX/Collections/Generic/SimpleList.cs" />
        <File uid="153" fullPath="./Packages/com.dotbunny.gdx/GDX/Collections/Generic/SimpleListExtensions.cs" />
        <File uid="154" fullPath="./Packages/com.dotbunny.gdx/GDX/Collections/Generic/StringKeyDictionary.cs" />
        <File uid="155" fullPath="./Packages/com.dotbunny.gdx/GDX/Collections/Generic/UniformArray3D.cs" />
      </Files>
      <Classes>
        <Class>
          <Summary numSequencePoints="96" visitedSequencePoints="0" numBranchPoints="0" visitedBranchPoints="0" sequenceCoverage="0.0" branchCoverage="0.0" maxCyclomaticComplexity="3" minCyclomaticComplexity="3" maxCrapScore="12" minCrapScore="12" visitedClasses="0" numClasses="1" visitedMethods="0" numMethods="8" />
          <FullName>GDX.ArrayExtensions</FullName>
          <Methods>
            <Method visited="false" cyclomaticComplexity="3" nPathComplexity="0" sequenceCoverage="0.0" branchCoverage="0" crapScore="12" isConstructor="false" isStatic="true" isGetter="false" isSetter="false">
              <Summary numSequencePoints="12" visitedSequencePoints="0" numBranchPoints="0" visitedBranchPoints="0" sequenceCoverage="0.0" branchCoverage="0" maxCyclomaticComplexity="3" minCyclomaticComplexity="3" maxCrapScore="12" minCrapScore="12" visitedClasses="0" numClasses="0" visitedMethods="0" numMethods="1" />
              <MetadataToken>100663307</MetadataToken>
              <Name>static System.Boolean GDX.ArrayExtensions::ContainsItem[T](, T)</Name>
              <FileRef uid="2" />
              <SequencePoints>
                <SequencePoint vc="0" uspid="5095162" ordinal="0" offset="0" sl="39" sc="0" el="39" ec="0" bec="0" bev="0" fileid="2">
                  <TrackedMethodRefs>
                    <TrackedMethodRef uid="0" vc="0" />
                  </TrackedMethodRefs>
                </SequencePoint>
                <SequencePoint vc="0" uspid="5095163" ordinal="0" offset="1" sl="40" sc="0" el="40" ec="0" bec="0" bev="0" fileid="2">
                  <TrackedMethodRefs>
                    <TrackedMethodRef uid="0" vc="0" />
                  </TrackedMethodRefs>
                </SequencePoint>
                <SequencePoint vc="0" uspid="5095164" ordinal="0" offset="5" sl="41" sc="0" el="41" ec="0" bec="0" bev="0" fileid="2">
                  <TrackedMethodRefs>
                    <TrackedMethodRef uid="0" vc="0" />
                  </TrackedMethodRefs>
                </SequencePoint>
                <SequencePoint vc="0" uspid="5095165" ordinal="0" offset="9" sl="42" sc="0" el="42" ec="0" bec="0" bev="0" fileid="2">
                  <TrackedMethodRefs>
                    <TrackedMethodRef uid="0" vc="0" />
                  </TrackedMethodRefs>
                </SequencePoint>
                <SequencePoint vc="0" uspid="5095166" ordinal="0" offset="10" sl="43" sc="0" el="43" ec="0" bec="0" bev="0" fileid="2">
                  <TrackedMethodRefs>
                    <TrackedMethodRef uid="0" vc="0" />
                  </TrackedMethodRefs>
                </SequencePoint>
                <SequencePoint vc="0" uspid="5095167" ordinal="0" offset="34" sl="44" sc="0" el="44" ec="0" bec="0" bev="0" fileid="2">
                  <TrackedMethodRefs>
                    <TrackedMethodRef uid="0" vc="0" />
                  </TrackedMethodRefs>
                </SequencePoint>
                <SequencePoint vc="0" uspid="5095168" ordinal="0" offset="35" sl="45" sc="0" el="45" ec="0" bec="0" bev="0" fileid="2">
                  <TrackedMethodRefs>
                    <TrackedMethodRef uid="0" vc="0" />
                  </TrackedMethodRefs>
                </SequencePoint>
                <SequencePoint vc="0" uspid="5095169" ordinal="0" offset="39" sl="47" sc="0" el="47" ec="0" bec="0" bev="0" fileid="2">
                  <TrackedMethodRefs>
                    <TrackedMethodRef uid="0" vc="0" />
                  </TrackedMethodRefs>
                </SequencePoint>
                <SequencePoint vc="0" uspid="5095170" ordinal="0" offset="40" sl="41" sc="0" el="41" ec="0" bec="0" bev="0" fileid="2">
                  <TrackedMethodRefs>
                    <TrackedMethodRef uid="0" vc="0" />
                  </TrackedMethodRefs>
                </SequencePoint>
                <SequencePoint vc="0" uspid="5095171" ordinal="0" offset="44" sl="41" sc="0" el="41" ec="0" bec="0" bev="0" fileid="2">
                  <TrackedMethodRefs>
                    <TrackedMethodRef uid="0" vc="0" />
                  </TrackedMethodRefs>
                </SequencePoint>
                <SequencePoint vc="0" uspid="5095172" ordinal="0" offset="54" sl="48" sc="0" el="48" ec="0" bec="0" bev="0" fileid="2">
                  <TrackedMethodRefs>
                    <TrackedMethodRef uid="0" vc="0" />
                  </TrackedMethodRefs>
                </SequencePoint>
                <SequencePoint vc="0" uspid="5095173" ordinal="0" offset="58" sl="49" sc="0" el="49" ec="0" bec="0" bev="0" fileid="2">
                  <TrackedMethodRefs>
                    <TrackedMethodRef uid="0" vc="0" />
                  </TrackedMethodRefs>
                </SequencePoint>
              </SequencePoints>
              <BranchPoints />
            </Method>
            <Method visited="false" cyclomaticComplexity="3" nPathComplexity="0" sequenceCoverage="0.0" branchCoverage="0" crapScore="12" isConstructor="false" isStatic="true" isGetter="false" isSetter="false">
              <Summary numSequencePoints="12" visitedSequencePoints="0" numBranchPoints="0" visitedBranchPoints="0" sequenceCoverage="0.0" branchCoverage="0" maxCyclomaticComplexity="3" minCyclomaticComplexity="3" maxCrapScore="12" minCrapScore="12" visitedClasses="0" numClasses="0" visitedMethods="0" numMethods="1" />
              <MetadataToken>100663308</MetadataToken>
              <Name>static System.Boolean GDX.ArrayExtensions::ContainsReference[T](, T)</Name>
              <FileRef uid="2" />
              <SequencePoints>
                <SequencePoint vc="0" uspid="5095174" ordinal="0" offset="0" sl="61" sc="0" el="61" ec="0" bec="0" bev="0" fileid="2">
                  <TrackedMethodRefs>
                    <TrackedMethodRef uid="0" vc="0" />
                  </TrackedMethodRefs>
                </SequencePoint>
                <SequencePoint vc="0" uspid="5095175" ordinal="0" offset="1" sl="62" sc="0" el="62" ec="0" bec="0" bev="0" fileid="2">
                  <TrackedMethodRefs>
                    <TrackedMethodRef uid="0" vc="0" />
                  </TrackedMethodRefs>
                </SequencePoint>
                <SequencePoint vc="0" uspid="5095176" ordinal="0" offset="5" sl="63" sc="0" el="63" ec="0" bec="0" bev="0" fileid="2">
                  <TrackedMethodRefs>
                    <TrackedMethodRef uid="0" vc="0" />
                  </TrackedMethodRefs>
                </SequencePoint>
                <SequencePoint vc="0" uspid="5095177" ordinal="0" offset="9" sl="64" sc="0" el="64" ec="0" bec="0" bev="0" fileid="2">
                  <TrackedMethodRefs>
                    <TrackedMethodRef uid="0" vc="0" />
                  </TrackedMethodRefs>
                </SequencePoint>
                <SequencePoint vc="0" uspid="5095178" ordinal="0" offset="10" sl="67" sc="0" el="67" ec="0" bec="0" bev="0" fileid="2">
                  <TrackedMethodRefs>
                    <TrackedMethodRef uid="0" vc="0" />
                  </TrackedMethodRefs>
                </SequencePoint>
                <SequencePoint vc="0" uspid="5095179" ordinal="0" offset="34" sl="68" sc="0" el="68" ec="0" bec="0" bev="0" fileid="2">
                  <TrackedMethodRefs>
                    <TrackedMethodRef uid="0" vc="0" />
                  </TrackedMethodRefs>
                </SequencePoint>
                <SequencePoint vc="0" uspid="5095180" ordinal="0" offset="35" sl="69" sc="0" el="69" ec="0" bec="0" bev="0" fileid="2">
                  <TrackedMethodRefs>
                    <TrackedMethodRef uid="0" vc="0" />
                  </TrackedMethodRefs>
                </SequencePoint>
                <SequencePoint vc="0" uspid="5095181" ordinal="0" offset="39" sl="73" sc="0" el="73" ec="0" bec="0" bev="0" fileid="2">
                  <TrackedMethodRefs>
                    <TrackedMethodRef uid="0" vc="0" />
                  </TrackedMethodRefs>
                </SequencePoint>
                <SequencePoint vc="0" uspid="5095182" ordinal="0" offset="40" sl="63" sc="0" el="63" ec="0" bec="0" bev="0" fileid="2">
                  <TrackedMethodRefs>
                    <TrackedMethodRef uid="0" vc="0" />
                  </TrackedMethodRefs>
                </SequencePoint>
                <SequencePoint vc="0" uspid="5095183" ordinal="0" offset="44" sl="63" sc="0" el="63" ec="0" bec="0" bev="0" fileid="2">
                  <TrackedMethodRefs>
                    <TrackedMethodRef uid="0" vc="0" />
                  </TrackedMethodRefs>
                </SequencePoint>
                <SequencePoint vc="0" uspid="5095184" ordinal="0" offset="54" sl="74" sc="0" el="74" ec="0" bec="0" bev="0" fileid="2">
                  <TrackedMethodRefs>
                    <TrackedMethodRef uid="0" vc="0" />
                  </TrackedMethodRefs>
                </SequencePoint>
                <SequencePoint vc="0" uspid="5095185" ordinal="0" offset="58" sl="75" sc="0" el="75" ec="0" bec="0" bev="0" fileid="2">
                  <TrackedMethodRefs>
                    <TrackedMethodRef uid="0" vc="0" />
                  </TrackedMethodRefs>
                </SequencePoint>
              </SequencePoints>
              <BranchPoints />
            </Method>
            <Method visited="false" cyclomaticComplexity="3" nPathComplexity="0" sequenceCoverage="0.0" branchCoverage="0" crapScore="12" isConstructor="false" isStatic="true" isGetter="false" isSetter="false">
              <Summary numSequencePoints="12" visitedSequencePoints="0" numBranchPoints="0" visitedBranchPoints="0" sequenceCoverage="0.0" branchCoverage="0" maxCyclomaticComplexity="3" minCyclomaticComplexity="3" maxCrapScore="12" minCrapScore="12" visitedClasses="0" numClasses="0" visitedMethods="0" numMethods="1" />
              <MetadataToken>100663309</MetadataToken>
              <Name>static System.Boolean GDX.ArrayExtensions::ContainsValue[T](, T)</Name>
              <FileRef uid="2" />
              <SequencePoints>
                <SequencePoint vc="0" uspid="5095186" ordinal="0" offset="0" sl="86" sc="0" el="86" ec="0" bec="0" bev="0" fileid="2">
                  <TrackedMethodRefs>
                    <TrackedMethodRef uid="0" vc="0" />
                  </TrackedMethodRefs>
                </SequencePoint>
                <SequencePoint vc="0" uspid="5095187" ordinal="0" offset="1" sl="87" sc="0" el="87" ec="0" bec="0" bev="0" fileid="2">
                  <TrackedMethodRefs>
                    <TrackedMethodRef uid="0" vc="0" />
                  </TrackedMethodRefs>
                </SequencePoint>
                <SequencePoint vc="0" uspid="5095188" ordinal="0" offset="5" sl="88" sc="0" el="88" ec="0" bec="0" bev="0" fileid="2">
                  <TrackedMethodRefs>
                    <TrackedMethodRef uid="0" vc="0" />
                  </TrackedMethodRefs>
                </SequencePoint>
                <SequencePoint vc="0" uspid="5095189" ordinal="0" offset="9" sl="89" sc="0" el="89" ec="0" bec="0" bev="0" fileid="2">
                  <TrackedMethodRefs>
                    <TrackedMethodRef uid="0" vc="0" />
                  </TrackedMethodRefs>
                </SequencePoint>
                <SequencePoint vc="0" uspid="5095190" ordinal="0" offset="10" sl="90" sc="0" el="90" ec="0" bec="0" bev="0" fileid="2">
                  <TrackedMethodRefs>
                    <TrackedMethodRef uid="0" vc="0" />
                  </TrackedMethodRefs>
                </SequencePoint>
                <SequencePoint vc="0" uspid="5095191" ordinal="0" offset="35" sl="91" sc="0" el="91" ec="0" bec="0" bev="0" fileid="2">
                  <TrackedMethodRefs>
                    <TrackedMethodRef uid="0" vc="0" />
                  </TrackedMethodRefs>
                </SequencePoint>
                <SequencePoint vc="0" uspid="5095192" ordinal="0" offset="36" sl="92" sc="0" el="92" ec="0" bec="0" bev="0" fileid="2">
                  <TrackedMethodRefs>
                    <TrackedMethodRef uid="0" vc="0" />
                  </TrackedMethodRefs>
                </SequencePoint>
                <SequencePoint vc="0" uspid="5095193" ordinal="0" offset="40" sl="94" sc="0" el="94" ec="0" bec="0" bev="0" fileid="2">
                  <TrackedMethodRefs>
                    <TrackedMethodRef uid="0" vc="0" />
                  </TrackedMethodRefs>
                </SequencePoint>
                <SequencePoint vc="0" uspid="5095194" ordinal="0" offset="41" sl="88" sc="0" el="88" ec="0" bec="0" bev="0" fileid="2">
                  <TrackedMethodRefs>
                    <TrackedMethodRef uid="0" vc="0" />
                  </TrackedMethodRefs>
                </SequencePoint>
                <SequencePoint vc="0" uspid="5095195" ordinal="0" offset="45" sl="88" sc="0" el="88" ec="0" bec="0" bev="0" fileid="2">
                  <TrackedMethodRefs>
                    <TrackedMethodRef uid="0" vc="0" />
                  </TrackedMethodRefs>
                </SequencePoint>
                <SequencePoint vc="0" uspid="5095196" ordinal="0" offset="55" sl="95" sc="0" el="95" ec="0" bec="0" bev="0" fileid="2">
                  <TrackedMethodRefs>
                    <TrackedMethodRef uid="0" vc="0" />
                  </TrackedMethodRefs>
                </SequencePoint>
                <SequencePoint vc="0" uspid="5095197" ordinal="0" offset="59" sl="96" sc="0" el="96" ec="0" bec="0" bev="0" fileid="2">
                  <TrackedMethodRefs>
                    <TrackedMethodRef uid="0" vc="0" />
                  </TrackedMethodRefs>
                </SequencePoint>
              </SequencePoints>
              <BranchPoints />
            </Method>
            <Method visited="false" cyclomaticComplexity="3" nPathComplexity="0" sequenceCoverage="0.0" branchCoverage="0" crapScore="12" isConstructor="false" isStatic="true" isGetter="false" isSetter="false">
              <Summary numSequencePoints="12" visitedSequencePoints="0" numBranchPoints="0" visitedBranchPoints="0" sequenceCoverage="0.0" branchCoverage="0" maxCyclomaticComplexity="3" minCyclomaticComplexity="3" maxCrapScore="12" minCrapScore="12" visitedClasses="0" numClasses="0" visitedMethods="0" numMethods="1" />
              <MetadataToken>100663310</MetadataToken>
              <Name>static System.Int32 GDX.ArrayExtensions::FirstIndexOf[T](, T)</Name>
              <FileRef uid="2" />
              <SequencePoints>
                <SequencePoint vc="0" uspid="5095198" ordinal="0" offset="0" sl="107" sc="0" el="107" ec="0" bec="0" bev="0" fileid="2">
                  <TrackedMethodRefs>
                    <TrackedMethodRef uid="0" vc="0" />
                  </TrackedMethodRefs>
                </SequencePoint>
                <SequencePoint vc="0" uspid="5095199" ordinal="0" offset="1" sl="108" sc="0" el="108" ec="0" bec="0" bev="0" fileid="2">
                  <TrackedMethodRefs>
                    <TrackedMethodRef uid="0" vc="0" />
                  </TrackedMethodRefs>
                </SequencePoint>
                <SequencePoint vc="0" uspid="5095200" ordinal="0" offset="5" sl="109" sc="0" el="109" ec="0" bec="0" bev="0" fileid="2">
                  <TrackedMethodRefs>
                    <TrackedMethodRef uid="0" vc="0" />
                  </TrackedMethodRefs>
                </SequencePoint>
                <SequencePoint vc="0" uspid="5095201" ordinal="0" offset="9" sl="110" sc="0" el="110" ec="0" bec="0" bev="0" fileid="2">
                  <TrackedMethodRefs>
                    <TrackedMethodRef uid="0" vc="0" />
                  </TrackedMethodRefs>
                </SequencePoint>
                <SequencePoint vc="0" uspid="5095202" ordinal="0" offset="10" sl="111" sc="0" el="111" ec="0" bec="0" bev="0" fileid="2">
                  <TrackedMethodRefs>
                    <TrackedMethodRef uid="0" vc="0" />
                  </TrackedMethodRefs>
                </SequencePoint>
                <SequencePoint vc="0" uspid="5095203" ordinal="0" offset="35" sl="112" sc="0" el="112" ec="0" bec="0" bev="0" fileid="2">
                  <TrackedMethodRefs>
                    <TrackedMethodRef uid="0" vc="0" />
                  </TrackedMethodRefs>
                </SequencePoint>
                <SequencePoint vc="0" uspid="5095204" ordinal="0" offset="36" sl="113" sc="0" el="113" ec="0" bec="0" bev="0" fileid="2">
                  <TrackedMethodRefs>
                    <TrackedMethodRef uid="0" vc="0" />
                  </TrackedMethodRefs>
                </SequencePoint>
                <SequencePoint vc="0" uspid="5095205" ordinal="0" offset="40" sl="115" sc="0" el="115" ec="0" bec="0" bev="0" fileid="2">
                  <TrackedMethodRefs>
                    <TrackedMethodRef uid="0" vc="0" />
                  </TrackedMethodRefs>
                </SequencePoint>
                <SequencePoint vc="0" uspid="5095206" ordinal="0" offset="41" sl="109" sc="0" el="109" ec="0" bec="0" bev="0" fileid="2">
                  <TrackedMethodRefs>
                    <TrackedMethodRef uid="0" vc="0" />
                  </TrackedMethodRefs>
                </SequencePoint>
                <SequencePoint vc="0" uspid="5095207" ordinal="0" offset="45" sl="109" sc="0" el="109" ec="0" bec="0" bev="0" fileid="2">
                  <TrackedMethodRefs>
                    <TrackedMethodRef uid="0" vc="0" />
                  </TrackedMethodRefs>
                </SequencePoint>
                <SequencePoint vc="0" uspid="5095208" ordinal="0" offset="55" sl="116" sc="0" el="116" ec="0" bec="0" bev="0" fileid="2">
                  <TrackedMethodRefs>
                    <TrackedMethodRef uid="0" vc="0" />
                  </TrackedMethodRefs>
                </SequencePoint>
                <SequencePoint vc="0" uspid="5095209" ordinal="0" offset="59" sl="117" sc="0" el="117" ec="0" bec="0" bev="0" fileid="2">
                  <TrackedMethodRefs>
                    <TrackedMethodRef uid="0" vc="0" />
                  </TrackedMethodRefs>
                </SequencePoint>
              </SequencePoints>
              <BranchPoints />
            </Method>
            <Method visited="false" cyclomaticComplexity="3" nPathComplexity="0" sequenceCoverage="0.0" branchCoverage="0" crapScore="12" isConstructor="false" isStatic="true" isGetter="false" isSetter="false">
              <Summary numSequencePoints="12" visitedSequencePoints="0" numBranchPoints="0" visitedBranchPoints="0" sequenceCoverage="0.0" branchCoverage="0" maxCyclomaticComplexity="3" minCyclomaticComplexity="3" maxCrapScore="12" minCrapScore="12" visitedClasses="0" numClasses="0" visitedMethods="0" numMethods="1" />
              <MetadataToken>100663311</MetadataToken>
              <Name>static System.Int32 GDX.ArrayExtensions::FirstIndexOfItem[T](, T)</Name>
              <FileRef uid="2" />
              <SequencePoints>
                <SequencePoint vc="0" uspid="5095210" ordinal="0" offset="0" sl="128" sc="0" el="128" ec="0" bec="0" bev="0" fileid="2">
                  <TrackedMethodRefs>
                    <TrackedMethodRef uid="0" vc="0" />
                  </TrackedMethodRefs>
                </SequencePoint>
                <SequencePoint vc="0" uspid="5095211" ordinal="0" offset="1" sl="129" sc="0" el="129" ec="0" bec="0" bev="0" fileid="2">
                  <TrackedMethodRefs>
                    <TrackedMethodRef uid="0" vc="0" />
                  </TrackedMethodRefs>
                </SequencePoint>
                <SequencePoint vc="0" uspid="5095212" ordinal="0" offset="5" sl="130" sc="0" el="130" ec="0" bec="0" bev="0" fileid="2">
                  <TrackedMethodRefs>
                    <TrackedMethodRef uid="0" vc="0" />
                  </TrackedMethodRefs>
                </SequencePoint>
                <SequencePoint vc="0" uspid="5095213" ordinal="0" offset="9" sl="131" sc="0" el="131" ec="0" bec="0" bev="0" fileid="2">
                  <TrackedMethodRefs>
                    <TrackedMethodRef uid="0" vc="0" />
                  </TrackedMethodRefs>
                </SequencePoint>
                <SequencePoint vc="0" uspid="5095214" ordinal="0" offset="10" sl="132" sc="0" el="132" ec="0" bec="0" bev="0" fileid="2">
                  <TrackedMethodRefs>
                    <TrackedMethodRef uid="0" vc="0" />
                  </TrackedMethodRefs>
                </SequencePoint>
                <SequencePoint vc="0" uspid="5095215" ordinal="0" offset="34" sl="133" sc="0" el="133" ec="0" bec="0" bev="0" fileid="2">
                  <TrackedMethodRefs>
                    <TrackedMethodRef uid="0" vc="0" />
                  </TrackedMethodRefs>
                </SequencePoint>
                <SequencePoint vc="0" uspid="5095216" ordinal="0" offset="35" sl="134" sc="0" el="134" ec="0" bec="0" bev="0" fileid="2">
                  <TrackedMethodRefs>
                    <TrackedMethodRef uid="0" vc="0" />
                  </TrackedMethodRefs>
                </SequencePoint>
                <SequencePoint vc="0" uspid="5095217" ordinal="0" offset="39" sl="136" sc="0" el="136" ec="0" bec="0" bev="0" fileid="2">
                  <TrackedMethodRefs>
                    <TrackedMethodRef uid="0" vc="0" />
                  </TrackedMethodRefs>
                </SequencePoint>
                <SequencePoint vc="0" uspid="5095218" ordinal="0" offset="40" sl="130" sc="0" el="130" ec="0" bec="0" bev="0" fileid="2">
                  <TrackedMethodRefs>
                    <TrackedMethodRef uid="0" vc="0" />
                  </TrackedMethodRefs>
                </SequencePoint>
                <SequencePoint vc="0" uspid="5095219" ordinal="0" offset="44" sl="130" sc="0" el="130" ec="0" bec="0" bev="0" fileid="2">
                  <TrackedMethodRefs>
                    <TrackedMethodRef uid="0" vc="0" />
                  </TrackedMethodRefs>
                </SequencePoint>
                <SequencePoint vc="0" uspid="5095220" ordinal="0" offset="54" sl="137" sc="0" el="137" ec="0" bec="0" bev="0" fileid="2">
                  <TrackedMethodRefs>
                    <TrackedMethodRef uid="0" vc="0" />
                  </TrackedMethodRefs>
                </SequencePoint>
                <SequencePoint vc="0" uspid="5095221" ordinal="0" offset="58" sl="138" sc="0" el="138" ec="0" bec="0" bev="0" fileid="2">
                  <TrackedMethodRefs>
                    <TrackedMethodRef uid="0" vc="0" />
                  </TrackedMethodRefs>
                </SequencePoint>
              </SequencePoints>
              <BranchPoints />
            </Method>
            <Method visited="false" cyclomaticComplexity="3" nPathComplexity="0" sequenceCoverage="0.0" branchCoverage="0" crapScore="12" isConstructor="false" isStatic="true" isGetter="false" isSetter="false">
              <Summary numSequencePoints="12" visitedSequencePoints="0" numBranchPoints="0" visitedBranchPoints="0" sequenceCoverage="0.0" branchCoverage="0" maxCyclomaticComplexity="3" minCyclomaticComplexity="3" maxCrapScore="12" minCrapScore="12" visitedClasses="0" numClasses="0" visitedMethods="0" numMethods="1" />
              <MetadataToken>100663312</MetadataToken>
              <Name>static System.Int32 GDX.ArrayExtensions::FirstIndexOfValue[T](, T)</Name>
              <FileRef uid="2" />
              <SequencePoints>
                <SequencePoint vc="0" uspid="5095222" ordinal="0" offset="0" sl="148" sc="0" el="148" ec="0" bec="0" bev="0" fileid="2">
                  <TrackedMethodRefs>
                    <TrackedMethodRef uid="0" vc="0" />
                  </TrackedMethodRefs>
                </SequencePoint>
                <SequencePoint vc="0" uspid="5095223" ordinal="0" offset="1" sl="149" sc="0" el="149" ec="0" bec="0" bev="0" fileid="2">
                  <TrackedMethodRefs>
                    <TrackedMethodRef uid="0" vc="0" />
                  </TrackedMethodRefs>
                </SequencePoint>
                <SequencePoint vc="0" uspid="5095224" ordinal="0" offset="5" sl="150" sc="0" el="150" ec="0" bec="0" bev="0" fileid="2">
                  <TrackedMethodRefs>
                    <TrackedMethodRef uid="0" vc="0" />
                  </TrackedMethodRefs>
                </SequencePoint>
                <SequencePoint vc="0" uspid="5095225" ordinal="0" offset="9" sl="151" sc="0" el="151" ec="0" bec="0" bev="0" fileid="2">
                  <TrackedMethodRefs>
                    <TrackedMethodRef uid="0" vc="0" />
                  </TrackedMethodRefs>
                </SequencePoint>
                <SequencePoint vc="0" uspid="5095226" ordinal="0" offset="10" sl="152" sc="0" el="152" ec="0" bec="0" bev="0" fileid="2">
                  <TrackedMethodRefs>
                    <TrackedMethodRef uid="0" vc="0" />
                  </TrackedMethodRefs>
                </SequencePoint>
                <SequencePoint vc="0" uspid="5095227" ordinal="0" offset="40" sl="153" sc="0" el="153" ec="0" bec="0" bev="0" fileid="2">
                  <TrackedMethodRefs>
                    <TrackedMethodRef uid="0" vc="0" />
                  </TrackedMethodRefs>
                </SequencePoint>
                <SequencePoint vc="0" uspid="5095228" ordinal="0" offset="41" sl="154" sc="0" el="154" ec="0" bec="0" bev="0" fileid="2">
                  <TrackedMethodRefs>
                    <TrackedMethodRef uid="0" vc="0" />
                  </TrackedMethodRefs>
                </SequencePoint>
                <SequencePoint vc="0" uspid="5095229" ordinal="0" offset="45" sl="156" sc="0" el="156" ec="0" bec="0" bev="0" fileid="2">
                  <TrackedMethodRefs>
                    <TrackedMethodRef uid="0" vc="0" />
                  </TrackedMethodRefs>
                </SequencePoint>
                <SequencePoint vc="0" uspid="5095230" ordinal="0" offset="46" sl="150" sc="0" el="150" ec="0" bec="0" bev="0" fileid="2">
                  <TrackedMethodRefs>
                    <TrackedMethodRef uid="0" vc="0" />
                  </TrackedMethodRefs>
                </SequencePoint>
                <SequencePoint vc="0" uspid="5095231" ordinal="0" offset="50" sl="150" sc="0" el="150" ec="0" bec="0" bev="0" fileid="2">
                  <TrackedMethodRefs>
                    <TrackedMethodRef uid="0" vc="0" />
                  </TrackedMethodRefs>
                </SequencePoint>
                <SequencePoint vc="0" uspid="5095232" ordinal="0" offset="60" sl="158" sc="0" el="158" ec="0" bec="0" bev="0" fileid="2">
                  <TrackedMethodRefs>
                    <TrackedMethodRef uid="0" vc="0" />
                  </TrackedMethodRefs>
                </SequencePoint>
                <SequencePoint vc="0" uspid="5095233" ordinal="0" offset="64" sl="159" sc="0" el="159" ec="0" bec="0" bev="0" fileid="2">
                  <TrackedMethodRefs>
                    <TrackedMethodRef uid="0" vc="0" />
                  </TrackedMethodRefs>
                </SequencePoint>
              </SequencePoints>
              <BranchPoints />
            </Method>
            <Method visited="false" cyclomaticComplexity="3" nPathComplexity="0" sequenceCoverage="0.0" branchCoverage="0" crapScore="12" isConstructor="false" isStatic="true" isGetter="false" isSetter="false">
              <Summary numSequencePoints="12" visitedSequencePoints="0" numBranchPoints="0" visitedBranchPoints="0" sequenceCoverage="0.0" branchCoverage="0" maxCyclomaticComplexity="3" minCyclomaticComplexity="3" maxCrapScore="12" minCrapScore="12" visitedClasses="0" numClasses="0" visitedMethods="0" numMethods="1" />
              <MetadataToken>100663313</MetadataToken>
              <Name>static System.Int32 GDX.ArrayExtensions::LastIndexOf[T](, T)</Name>
              <FileRef uid="2" />
              <SequencePoints>
                <SequencePoint vc="0" uspid="5095234" ordinal="0" offset="0" sl="170" sc="0" el="170" ec="0" bec="0" bev="0" fileid="2">
                  <TrackedMethodRefs>
                    <TrackedMethodRef uid="0" vc="0" />
                  </TrackedMethodRefs>
                </SequencePoint>
                <SequencePoint vc="0" uspid="5095235" ordinal="0" offset="1" sl="171" sc="0" el="171" ec="0" bec="0" bev="0" fileid="2">
                  <TrackedMethodRefs>
                    <TrackedMethodRef uid="0" vc="0" />
                  </TrackedMethodRefs>
                </SequencePoint>
                <SequencePoint vc="0" uspid="5095236" ordinal="0" offset="5" sl="172" sc="0" el="172" ec="0" bec="0" bev="0" fileid="2">
                  <TrackedMethodRefs>
                    <TrackedMethodRef uid="0" vc="0" />
                  </TrackedMethodRefs>
                </SequencePoint>
                <SequencePoint vc="0" uspid="5095237" ordinal="0" offset="11" sl="173" sc="0" el="173" ec="0" bec="0" bev="0" fileid="2">
                  <TrackedMethodRefs>
                    <TrackedMethodRef uid="0" vc="0" />
                  </TrackedMethodRefs>
                </SequencePoint>
                <SequencePoint vc="0" uspid="5095238" ordinal="0" offset="12" sl="174" sc="0" el="174" ec="0" bec="0" bev="0" fileid="2">
                  <TrackedMethodRefs>
                    <TrackedMethodRef uid="0" vc="0" />
                  </TrackedMethodRefs>
                </SequencePoint>
                <SequencePoint vc="0" uspid="5095239" ordinal="0" offset="37" sl="175" sc="0" el="175" ec="0" bec="0" bev="0" fileid="2">
                  <TrackedMethodRefs>
                    <TrackedMethodRef uid="0" vc="0" />
                  </TrackedMethodRefs>
                </SequencePoint>
                <SequencePoint vc="0" uspid="5095240" ordinal="0" offset="38" sl="176" sc="0" el="176" ec="0" bec="0" bev="0" fileid="2">
                  <TrackedMethodRefs>
                    <TrackedMethodRef uid="0" vc="0" />
                  </TrackedMethodRefs>
                </SequencePoint>
                <SequencePoint vc="0" uspid="5095241" ordinal="0" offset="42" sl="178" sc="0" el="178" ec="0" bec="0" bev="0" fileid="2">
                  <TrackedMethodRefs>
                    <TrackedMethodRef uid="0" vc="0" />
                  </TrackedMethodRefs>
                </SequencePoint>
                <SequencePoint vc="0" uspid="5095242" ordinal="0" offset="43" sl="172" sc="0" el="172" ec="0" bec="0" bev="0" fileid="2">
                  <TrackedMethodRefs>
                    <TrackedMethodRef uid="0" vc="0" />
                  </TrackedMethodRefs>
                </SequencePoint>
                <SequencePoint vc="0" uspid="5095243" ordinal="0" offset="47" sl="172" sc="0" el="172" ec="0" bec="0" bev="0" fileid="2">
                  <TrackedMethodRefs>
                    <TrackedMethodRef uid="0" vc="0" />
                  </TrackedMethodRefs>
                </SequencePoint>
                <SequencePoint vc="0" uspid="5095244" ordinal="0" offset="60" sl="180" sc="0" el="180" ec="0" bec="0" bev="0" fileid="2">
                  <TrackedMethodRefs>
                    <TrackedMethodRef uid="0" vc="0" />
                  </TrackedMethodRefs>
                </SequencePoint>
                <SequencePoint vc="0" uspid="5095245" ordinal="0" offset="64" sl="181" sc="0" el="181" ec="0" bec="0" bev="0" fileid="2">
                  <TrackedMethodRefs>
                    <TrackedMethodRef uid="0" vc="0" />
                  </TrackedMethodRefs>
                </SequencePoint>
              </SequencePoints>
              <BranchPoints />
            </Method>
            <Method visited="false" cyclomaticComplexity="3" nPathComplexity="0" sequenceCoverage="0.0" branchCoverage="0" crapScore="12" isConstructor="false" isStatic="true" isGetter="false" isSetter="false">
              <Summary numSequencePoints="12" visitedSequencePoints="0" numBranchPoints="0" visitedBranchPoints="0" sequenceCoverage="0.0" branchCoverage="0" maxCyclomaticComplexity="3" minCyclomaticComplexity="3" maxCrapScore="12" minCrapScore="12" visitedClasses="0" numClasses="0" visitedMethods="0" numMethods="1" />
              <MetadataToken>100663314</MetadataToken>
              <Name>static System.Int32 GDX.ArrayExtensions::LastIndexOfItem[T](, T)</Name>
              <FileRef uid="2" />
              <SequencePoints>
                <SequencePoint vc="0" uspid="5095246" ordinal="0" offset="0" sl="191" sc="0" el="191" ec="0" bec="0" bev="0" fileid="2">
                  <TrackedMethodRefs>
                    <TrackedMethodRef uid="0" vc="0" />
                  </TrackedMethodRefs>
                </SequencePoint>
                <SequencePoint vc="0" uspid="5095247" ordinal="0" offset="1" sl="192" sc="0" el="192" ec="0" bec="0" bev="0" fileid="2">
                  <TrackedMethodRefs>
                    <TrackedMethodRef uid="0" vc="0" />
                  </TrackedMethodRefs>
                </SequencePoint>
                <SequencePoint vc="0" uspid="5095248" ordinal="0" offset="5" sl="193" sc="0" el="193" ec="0" bec="0" bev="0" fileid="2">
                  <TrackedMethodRefs>
                    <TrackedMethodRef uid="0" vc="0" />
                  </TrackedMethodRefs>
                </SequencePoint>
                <SequencePoint vc="0" uspid="5095249" ordinal="0" offset="11" sl="194" sc="0" el="194" ec="0" bec="0" bev="0" fileid="2">
                  <TrackedMethodRefs>
                    <TrackedMethodRef uid="0" vc="0" />
                  </TrackedMethodRefs>
                </SequencePoint>
                <SequencePoint vc="0" uspid="5095250" ordinal="0" offset="12" sl="195" sc="0" el="195" ec="0" bec="0" bev="0" fileid="2">
                  <TrackedMethodRefs>
                    <TrackedMethodRef uid="0" vc="0" />
                  </TrackedMethodRefs>
                </SequencePoint>
                <SequencePoint vc="0" uspid="5095251" ordinal="0" offset="36" sl="196" sc="0" el="196" ec="0" bec="0" bev="0" fileid="2">
                  <TrackedMethodRefs>
                    <TrackedMethodRef uid="0" vc="0" />
                  </TrackedMethodRefs>
                </SequencePoint>
                <SequencePoint vc="0" uspid="5095252" ordinal="0" offset="37" sl="197" sc="0" el="197" ec="0" bec="0" bev="0" fileid="2">
                  <TrackedMethodRefs>
                    <TrackedMethodRef uid="0" vc="0" />
                  </TrackedMethodRefs>
                </SequencePoint>
                <SequencePoint vc="0" uspid="5095253" ordinal="0" offset="41" sl="199" sc="0" el="199" ec="0" bec="0" bev="0" fileid="2">
                  <TrackedMethodRefs>
                    <TrackedMethodRef uid="0" vc="0" />
                  </TrackedMethodRefs>
                </SequencePoint>
                <SequencePoint vc="0" uspid="5095254" ordinal="0" offset="42" sl="193" sc="0" el="193" ec="0" bec="0" bev="0" fileid="2">
                  <TrackedMethodRefs>
                    <TrackedMethodRef uid="0" vc="0" />
                  </TrackedMethodRefs>
                </SequencePoint>
                <SequencePoint vc="0" uspid="5095255" ordinal="0" offset="46" sl="193" sc="0" el="193" ec="0" bec="0" bev="0" fileid="2">
                  <TrackedMethodRefs>
                    <TrackedMethodRef uid="0" vc="0" />
                  </TrackedMethodRefs>
                </SequencePoint>
                <SequencePoint vc="0" uspid="5095256" ordinal="0" offset="59" sl="201" sc="0" el="201" ec="0" bec="0" bev="0" fileid="2">
                  <TrackedMethodRefs>
                    <TrackedMethodRef uid="0" vc="0" />
                  </TrackedMethodRefs>
                </SequencePoint>
                <SequencePoint vc="0" uspid="5095257" ordinal="0" offset="63" sl="202" sc="0" el="202" ec="0" bec="0" bev="0" fileid="2">
                  <TrackedMethodRefs>
                    <TrackedMethodRef uid="0" vc="0" />
                  </TrackedMethodRefs>
                </SequencePoint>
              </SequencePoints>
              <BranchPoints />
            </Method>
          </Methods>
        </Class>
        <Class>
          <Summary numSequencePoints="13" visitedSequencePoints="0" numBranchPoints="0" visitedBranchPoints="0" sequenceCoverage="0.0" branchCoverage="0.0" maxCyclomaticComplexity="3" minCyclomaticComplexity="3" maxCrapScore="12" minCrapScore="12" visitedClasses="0" numClasses="1" visitedMethods="0" numMethods="1" />
          <FullName>GDX.EnumExtensions</FullName>
          <Methods>
            <Method visited="false" cyclomaticComplexity="3" nPathComplexity="0" sequenceCoverage="0.0" branchCoverage="0" crapScore="12" isConstructor="false" isStatic="true" isGetter="false" isSetter="false">
              <Summary numSequencePoints="13" visitedSequencePoints="0" numBranchPoints="0" visitedBranchPoints="0" sequenceCoverage="0.0" branchCoverage="0" maxCyclomaticComplexity="3" minCyclomaticComplexity="3" maxCrapScore="12" minCrapScore="12" visitedClasses="0" numClasses="0" visitedMethods="0" numMethods="1" />
              <MetadataToken>100663334</MetadataToken>
              <Name>static System.Boolean GDX.EnumExtensions::HasFlags[T](, )</Name>
              <FileRef uid="10" />
              <SequencePoints>
                <SequencePoint vc="0" uspid="5095408" ordinal="0" offset="0" sl="25" sc="0" el="25" ec="0" bec="0" bev="0" fileid="10">
                  <TrackedMethodRefs>
                    <TrackedMethodRef uid="0" vc="0" />
                  </TrackedMethodRefs>
                </SequencePoint>
                <SequencePoint vc="0" uspid="5095409" ordinal="0" offset="1" sl="26" sc="0" el="26" ec="0" bec="0" bev="0" fileid="10">
                  <TrackedMethodRefs>
                    <TrackedMethodRef uid="0" vc="0" />
                  </TrackedMethodRefs>
                </SequencePoint>
                <SequencePoint vc="0" uspid="5095410" ordinal="0" offset="3" sl="27" sc="0" el="27" ec="0" bec="0" bev="0" fileid="10">
                  <TrackedMethodRefs>
                    <TrackedMethodRef uid="0" vc="0" />
                  </TrackedMethodRefs>
                </SequencePoint>
                <SequencePoint vc="0" uspid="5095411" ordinal="0" offset="5" sl="29" sc="0" el="29" ec="0" bec="0" bev="0" fileid="10">
                  <TrackedMethodRefs>
                    <TrackedMethodRef uid="0" vc="0" />
                  </TrackedMethodRefs>
                </SequencePoint>
                <SequencePoint vc="0" uspid="5095412" ordinal="0" offset="9" sl="30" sc="0" el="30" ec="0" bec="0" bev="0" fileid="10">
                  <TrackedMethodRefs>
                    <TrackedMethodRef uid="0" vc="0" />
                  </TrackedMethodRefs>
                </SequencePoint>
                <SequencePoint vc="0" uspid="5095413" ordinal="0" offset="10" sl="31" sc="0" el="31" ec="0" bec="0" bev="0" fileid="10">
                  <TrackedMethodRefs>
                    <TrackedMethodRef uid="0" vc="0" />
                  </TrackedMethodRefs>
                </SequencePoint>
                <SequencePoint vc="0" uspid="5095414" ordinal="0" offset="32" sl="32" sc="0" el="32" ec="0" bec="0" bev="0" fileid="10">
                  <TrackedMethodRefs>
                    <TrackedMethodRef uid="0" vc="0" />
                  </TrackedMethodRefs>
                </SequencePoint>
                <SequencePoint vc="0" uspid="5095415" ordinal="0" offset="33" sl="33" sc="0" el="33" ec="0" bec="0" bev="0" fileid="10">
                  <TrackedMethodRefs>
                    <TrackedMethodRef uid="0" vc="0" />
                  </TrackedMethodRefs>
                </SequencePoint>
                <SequencePoint vc="0" uspid="5095416" ordinal="0" offset="38" sl="35" sc="0" el="35" ec="0" bec="0" bev="0" fileid="10">
                  <TrackedMethodRefs>
                    <TrackedMethodRef uid="0" vc="0" />
                  </TrackedMethodRefs>
                </SequencePoint>
                <SequencePoint vc="0" uspid="5095417" ordinal="0" offset="39" sl="29" sc="0" el="29" ec="0" bec="0" bev="0" fileid="10">
                  <TrackedMethodRefs>
                    <TrackedMethodRef uid="0" vc="0" />
                  </TrackedMethodRefs>
                </SequencePoint>
                <SequencePoint vc="0" uspid="5095418" ordinal="0" offset="43" sl="29" sc="0" el="29" ec="0" bec="0" bev="0" fileid="10">
                  <TrackedMethodRefs>
                    <TrackedMethodRef uid="0" vc="0" />
                  </TrackedMethodRefs>
                </SequencePoint>
                <SequencePoint vc="0" uspid="5095419" ordinal="0" offset="58" sl="37" sc="0" el="37" ec="0" bec="0" bev="0" fileid="10">
                  <TrackedMethodRefs>
                    <TrackedMethodRef uid="0" vc="0" />
                  </TrackedMethodRefs>
                </SequencePoint>
                <SequencePoint vc="0" uspid="5095420" ordinal="0" offset="63" sl="38" sc="0" el="38" ec="0" bec="0" bev="0" fileid="10">
                  <TrackedMethodRefs>
                    <TrackedMethodRef uid="0" vc="0" />
                  </TrackedMethodRefs>
                </SequencePoint>
              </SequencePoints>
              <BranchPoints />
            </Method>
          </Methods>
        </Class>
        <Class>
          <Summary numSequencePoints="14" visitedSequencePoints="0" numBranchPoints="0" visitedBranchPoints="0" sequenceCoverage="0.0" branchCoverage="0.0" maxCyclomaticComplexity="5" minCyclomaticComplexity="5" maxCrapScore="30" minCrapScore="30" visitedClasses="0" numClasses="1" visitedMethods="0" numMethods="1" />
          <FullName>GDX.GameObjectExtensions</FullName>
          <Methods>
            <Method visited="false" cyclomaticComplexity="5" nPathComplexity="0" sequenceCoverage="0.0" branchCoverage="0" crapScore="30" isConstructor="false" isStatic="true" isGetter="false" isSetter="false">
              <Summary numSequencePoints="14" visitedSequencePoints="0" numBranchPoints="0" visitedBranchPoints="0" sequenceCoverage="0.0" branchCoverage="0" maxCyclomaticComplexity="5" minCyclomaticComplexity="5" maxCrapScore="30" minCrapScore="30" visitedClasses="0" numClasses="0" visitedMethods="0" numMethods="1" />
              <MetadataToken>100663337</MetadataToken>
              <Name>static T GDX.GameObjectExtensions::GetFirstComponentInChildrenComplex[T](UnityEngine.GameObject, System.Boolean, System.Boolean, System.Int32)</Name>
              <FileRef uid="11" />
              <SequencePoints>
                <SequencePoint vc="0" uspid="5095424" ordinal="0" offset="0" sl="69" sc="0" el="69" ec="0" bec="0" bev="0" fileid="11">
                  <TrackedMethodRefs>
                    <TrackedMethodRef uid="0" vc="0" />
                  </TrackedMethodRefs>
                </SequencePoint>
                <SequencePoint vc="0" uspid="5095425" ordinal="0" offset="1" sl="74" sc="0" el="74" ec="0" bec="0" bev="0" fileid="11">
                  <TrackedMethodRefs>
                    <TrackedMethodRef uid="0" vc="0" />
                  </TrackedMethodRefs>
                </SequencePoint>
                <SequencePoint vc="0" uspid="5095426" ordinal="0" offset="9" sl="75" sc="0" el="75" ec="0" bec="0" bev="0" fileid="11">
                  <TrackedMethodRefs>
                    <TrackedMethodRef uid="0" vc="0" />
                  </TrackedMethodRefs>
                </SequencePoint>
                <SequencePoint vc="0" uspid="5095427" ordinal="0" offset="10" sl="76" sc="0" el="76" ec="0" bec="0" bev="0" fileid="11">
                  <TrackedMethodRefs>
                    <TrackedMethodRef uid="0" vc="0" />
                  </TrackedMethodRefs>
                </SequencePoint>
                <SequencePoint vc="0" uspid="5095428" ordinal="0" offset="17" sl="77" sc="0" el="77" ec="0" bec="0" bev="0" fileid="11">
                  <TrackedMethodRefs>
                    <TrackedMethodRef uid="0" vc="0" />
                  </TrackedMethodRefs>
                </SequencePoint>
                <SequencePoint vc="0" uspid="5095429" ordinal="0" offset="33" sl="78" sc="0" el="78" ec="0" bec="0" bev="0" fileid="11">
                  <TrackedMethodRefs>
                    <TrackedMethodRef uid="0" vc="0" />
                  </TrackedMethodRefs>
                </SequencePoint>
                <SequencePoint vc="0" uspid="5095430" ordinal="0" offset="34" sl="79" sc="0" el="79" ec="0" bec="0" bev="0" fileid="11">
                  <TrackedMethodRefs>
                    <TrackedMethodRef uid="0" vc="0" />
                  </TrackedMethodRefs>
                </SequencePoint>
                <SequencePoint vc="0" uspid="5095431" ordinal="0" offset="38" sl="81" sc="0" el="81" ec="0" bec="0" bev="0" fileid="11">
                  <TrackedMethodRefs>
                    <TrackedMethodRef uid="0" vc="0" />
                  </TrackedMethodRefs>
                </SequencePoint>
                <SequencePoint vc="0" uspid="5095432" ordinal="0" offset="39" sl="83" sc="0" el="83" ec="0" bec="0" bev="0" fileid="11">
                  <TrackedMethodRefs>
                    <TrackedMethodRef uid="0" vc="0" />
                  </TrackedMethodRefs>
                </SequencePoint>
                <SequencePoint vc="0" uspid="5095433" ordinal="0" offset="54" sl="86" sc="0" el="86" ec="0" bec="0" bev="0" fileid="11">
                  <TrackedMethodRefs>
                    <TrackedMethodRef uid="0" vc="0" />
                  </TrackedMethodRefs>
                </SequencePoint>
                <SequencePoint vc="0" uspid="5095434" ordinal="0" offset="72" sl="87" sc="0" el="87" ec="0" bec="0" bev="0" fileid="11">
                  <TrackedMethodRefs>
                    <TrackedMethodRef uid="0" vc="0" />
                  </TrackedMethodRefs>
                </SequencePoint>
                <SequencePoint vc="0" uspid="5095435" ordinal="0" offset="73" sl="88" sc="0" el="88" ec="0" bec="0" bev="0" fileid="11">
                  <TrackedMethodRefs>
                    <TrackedMethodRef uid="0" vc="0" />
                  </TrackedMethodRefs>
                </SequencePoint>
                <SequencePoint vc="0" uspid="5095436" ordinal="0" offset="77" sl="91" sc="0" el="91" ec="0" bec="0" bev="0" fileid="11">
                  <TrackedMethodRefs>
                    <TrackedMethodRef uid="0" vc="0" />
                  </TrackedMethodRefs>
                </SequencePoint>
                <SequencePoint vc="0" uspid="5095437" ordinal="0" offset="101" sl="92" sc="0" el="92" ec="0" bec="0" bev="0" fileid="11">
                  <TrackedMethodRefs>
                    <TrackedMethodRef uid="0" vc="0" />
                  </TrackedMethodRefs>
                </SequencePoint>
              </SequencePoints>
              <BranchPoints />
            </Method>
          </Methods>
        </Class>
        <Class>
          <Summary numSequencePoints="13" visitedSequencePoints="0" numBranchPoints="0" visitedBranchPoints="0" sequenceCoverage="0.0" branchCoverage="0.0" maxCyclomaticComplexity="3" minCyclomaticComplexity="3" maxCrapScore="12" minCrapScore="12" visitedClasses="0" numClasses="1" visitedMethods="0" numMethods="1" />
          <FullName>GDX.Reflection</FullName>
          <Methods>
            <Method visited="false" cyclomaticComplexity="3" nPathComplexity="0" sequenceCoverage="0.0" branchCoverage="0" crapScore="12" isConstructor="false" isStatic="true" isGetter="false" isSetter="false">
              <Summary numSequencePoints="13" visitedSequencePoints="0" numBranchPoints="0" visitedBranchPoints="0" sequenceCoverage="0.0" branchCoverage="0" maxCyclomaticComplexity="3" minCyclomaticComplexity="3" maxCrapScore="12" minCrapScore="12" visitedClasses="0" numClasses="0" visitedMethods="0" numMethods="1" />
              <MetadataToken>100663391</MetadataToken>
              <Name>static System.Boolean GDX.Reflection::TryGetPropertyValue[T](System.Object, System.Type, System.String, , System.Reflection.BindingFlags)</Name>
              <FileRef uid="18" />
              <SequencePoints>
                <SequencePoint vc="0" uspid="5095939" ordinal="0" offset="0" sl="267" sc="0" el="267" ec="0" bec="0" bev="0" fileid="18">
                  <TrackedMethodRefs>
                    <TrackedMethodRef uid="0" vc="0" />
                  </TrackedMethodRefs>
                </SequencePoint>
                <SequencePoint vc="0" uspid="5095940" ordinal="0" offset="1" sl="268" sc="0" el="268" ec="0" bec="0" bev="0" fileid="18">
                  <TrackedMethodRefs>
                    <TrackedMethodRef uid="0" vc="0" />
                  </TrackedMethodRefs>
                </SequencePoint>
                <SequencePoint vc="0" uspid="5095941" ordinal="0" offset="12" sl="269" sc="0" el="269" ec="0" bec="0" bev="0" fileid="18">
                  <TrackedMethodRefs>
                    <TrackedMethodRef uid="0" vc="0" />
                  </TrackedMethodRefs>
                </SequencePoint>
                <SequencePoint vc="0" uspid="5095942" ordinal="0" offset="13" sl="270" sc="0" el="270" ec="0" bec="0" bev="0" fileid="18">
                  <TrackedMethodRefs>
                    <TrackedMethodRef uid="0" vc="0" />
                  </TrackedMethodRefs>
                </SequencePoint>
                <SequencePoint vc="0" uspid="5095943" ordinal="0" offset="20" sl="271" sc="0" el="271" ec="0" bec="0" bev="0" fileid="18">
                  <TrackedMethodRefs>
                    <TrackedMethodRef uid="0" vc="0" />
                  </TrackedMethodRefs>
                </SequencePoint>
                <SequencePoint vc="0" uspid="5095944" ordinal="0" offset="24" sl="273" sc="0" el="273" ec="0" bec="0" bev="0" fileid="18">
                  <TrackedMethodRefs>
                    <TrackedMethodRef uid="0" vc="0" />
                  </TrackedMethodRefs>
                </SequencePoint>
                <SequencePoint vc="0" uspid="5095945" ordinal="0" offset="34" sl="274" sc="0" el="274" ec="0" bec="0" bev="0" fileid="18">
                  <TrackedMethodRefs>
                    <TrackedMethodRef uid="0" vc="0" />
                  </TrackedMethodRefs>
                </SequencePoint>
                <SequencePoint vc="0" uspid="5095946" ordinal="0" offset="45" sl="275" sc="0" el="275" ec="0" bec="0" bev="0" fileid="18">
                  <TrackedMethodRefs>
                    <TrackedMethodRef uid="0" vc="0" />
                  </TrackedMethodRefs>
                </SequencePoint>
                <SequencePoint vc="0" uspid="5095947" ordinal="0" offset="46" sl="276" sc="0" el="276" ec="0" bec="0" bev="0" fileid="18">
                  <TrackedMethodRefs>
                    <TrackedMethodRef uid="0" vc="0" />
                  </TrackedMethodRefs>
                </SequencePoint>
                <SequencePoint vc="0" uspid="5095948" ordinal="0" offset="53" sl="277" sc="0" el="277" ec="0" bec="0" bev="0" fileid="18">
                  <TrackedMethodRefs>
                    <TrackedMethodRef uid="0" vc="0" />
                  </TrackedMethodRefs>
                </SequencePoint>
                <SequencePoint vc="0" uspid="5095949" ordinal="0" offset="57" sl="280" sc="0" el="280" ec="0" bec="0" bev="0" fileid="18">
                  <TrackedMethodRefs>
                    <TrackedMethodRef uid="0" vc="0" />
                  </TrackedMethodRefs>
                </SequencePoint>
                <SequencePoint vc="0" uspid="5095950" ordinal="0" offset="75" sl="281" sc="0" el="281" ec="0" bec="0" bev="0" fileid="18">
                  <TrackedMethodRefs>
                    <TrackedMethodRef uid="0" vc="0" />
                  </TrackedMethodRefs>
                </SequencePoint>
                <SequencePoint vc="0" uspid="5095951" ordinal="0" offset="79" sl="282" sc="0" el="282" ec="0" bec="0" bev="0" fileid="18">
                  <TrackedMethodRefs>
                    <TrackedMethodRef uid="0" vc="0" />
                  </TrackedMethodRefs>
                </SequencePoint>
              </SequencePoints>
              <BranchPoints />
            </Method>
          </Methods>
        </Class>
        <Class>
          <Summary numSequencePoints="23" visitedSequencePoints="0" numBranchPoints="0" visitedBranchPoints="0" sequenceCoverage="0.0" branchCoverage="0.0" maxCyclomaticComplexity="10" minCyclomaticComplexity="10" maxCrapScore="110" minCrapScore="110" visitedClasses="0" numClasses="1" visitedMethods="0" numMethods="1" />
          <FullName>GDX.TransformExtensions</FullName>
          <Methods>
            <Method visited="false" cyclomaticComplexity="10" nPathComplexity="0" sequenceCoverage="0.0" branchCoverage="0" crapScore="110" isConstructor="false" isStatic="true" isGetter="false" isSetter="false">
              <Summary numSequencePoints="23" visitedSequencePoints="0" numBranchPoints="0" visitedBranchPoints="0" sequenceCoverage="0.0" branchCoverage="0" maxCyclomaticComplexity="10" minCyclomaticComplexity="10" maxCrapScore="110" minCrapScore="110" visitedClasses="0" numClasses="0" visitedMethods="0" numMethods="1" />
              <MetadataToken>100663436</MetadataToken>
              <Name>static T GDX.TransformExtensions::GetFirstComponentInChildrenComplex[T](UnityEngine.Transform, System.Boolean, System.Int32, System.Int32)</Name>
              <FileRef uid="25" />
              <SequencePoints>
                <SequencePoint vc="0" uspid="5096518" ordinal="0" offset="0" sl="88" sc="0" el="88" ec="0" bec="0" bev="0" fileid="25">
                  <TrackedMethodRefs>
                    <TrackedMethodRef uid="0" vc="0" />
                  </TrackedMethodRefs>
                </SequencePoint>
                <SequencePoint vc="0" uspid="5096519" ordinal="0" offset="1" sl="90" sc="0" el="90" ec="0" bec="0" bev="0" fileid="25">
                  <TrackedMethodRefs>
                    <TrackedMethodRef uid="0" vc="0" />
                  </TrackedMethodRefs>
                </SequencePoint>
                <SequencePoint vc="0" uspid="5096520" ordinal="0" offset="6" sl="92" sc="0" el="92" ec="0" bec="0" bev="0" fileid="25">
                  <TrackedMethodRefs>
                    <TrackedMethodRef uid="0" vc="0" />
                  </TrackedMethodRefs>
                </SequencePoint>
                <SequencePoint vc="0" uspid="5096521" ordinal="0" offset="21" sl="92" sc="0" el="92" ec="0" bec="0" bev="0" fileid="25">
                  <TrackedMethodRefs>
                    <TrackedMethodRef uid="0" vc="0" />
                  </TrackedMethodRefs>
                </SequencePoint>
                <SequencePoint vc="0" uspid="5096522" ordinal="0" offset="36" sl="94" sc="0" el="94" ec="0" bec="0" bev="0" fileid="25">
                  <TrackedMethodRefs>
                    <TrackedMethodRef uid="0" vc="0" />
                  </TrackedMethodRefs>
                </SequencePoint>
                <SequencePoint vc="0" uspid="5096523" ordinal="0" offset="43" sl="95" sc="0" el="95" ec="0" bec="0" bev="0" fileid="25">
                  <TrackedMethodRefs>
                    <TrackedMethodRef uid="0" vc="0" />
                  </TrackedMethodRefs>
                </SequencePoint>
                <SequencePoint vc="0" uspid="5096524" ordinal="0" offset="51" sl="96" sc="0" el="96" ec="0" bec="0" bev="0" fileid="25">
                  <TrackedMethodRefs>
                    <TrackedMethodRef uid="0" vc="0" />
                  </TrackedMethodRefs>
                </SequencePoint>
                <SequencePoint vc="0" uspid="5096525" ordinal="0" offset="52" sl="97" sc="0" el="97" ec="0" bec="0" bev="0" fileid="25">
                  <TrackedMethodRefs>
                    <TrackedMethodRef uid="0" vc="0" />
                  </TrackedMethodRefs>
                </SequencePoint>
                <SequencePoint vc="0" uspid="5096526" ordinal="0" offset="62" sl="100" sc="0" el="100" ec="0" bec="0" bev="0" fileid="25">
                  <TrackedMethodRefs>
                    <TrackedMethodRef uid="0" vc="0" />
                  </TrackedMethodRefs>
                </SequencePoint>
                <SequencePoint vc="0" uspid="5096527" ordinal="0" offset="89" sl="102" sc="0" el="102" ec="0" bec="0" bev="0" fileid="25">
                  <TrackedMethodRefs>
                    <TrackedMethodRef uid="0" vc="0" />
                  </TrackedMethodRefs>
                </SequencePoint>
                <SequencePoint vc="0" uspid="5096528" ordinal="0" offset="91" sl="105" sc="0" el="105" ec="0" bec="0" bev="0" fileid="25">
                  <TrackedMethodRefs>
                    <TrackedMethodRef uid="0" vc="0" />
                  </TrackedMethodRefs>
                </SequencePoint>
                <SequencePoint vc="0" uspid="5096529" ordinal="0" offset="100" sl="108" sc="0" el="108" ec="0" bec="0" bev="0" fileid="25">
                  <TrackedMethodRefs>
                    <TrackedMethodRef uid="0" vc="0" />
                  </TrackedMethodRefs>
                </SequencePoint>
                <SequencePoint vc="0" uspid="5096530" ordinal="0" offset="119" sl="108" sc="0" el="108" ec="0" bec="0" bev="0" fileid="25">
                  <TrackedMethodRefs>
                    <TrackedMethodRef uid="0" vc="0" />
                  </TrackedMethodRefs>
                </SequencePoint>
                <SequencePoint vc="0" uspid="5096531" ordinal="0" offset="124" sl="111" sc="0" el="111" ec="0" bec="0" bev="0" fileid="25">
                  <TrackedMethodRefs>
                    <TrackedMethodRef uid="0" vc="0" />
                  </TrackedMethodRefs>
                </SequencePoint>
                <SequencePoint vc="0" uspid="5096532" ordinal="0" offset="144" sl="111" sc="0" el="111" ec="0" bec="0" bev="0" fileid="25">
                  <TrackedMethodRefs>
                    <TrackedMethodRef uid="0" vc="0" />
                  </TrackedMethodRefs>
                </SequencePoint>
                <SequencePoint vc="0" uspid="5096533" ordinal="0" offset="146" sl="113" sc="0" el="113" ec="0" bec="0" bev="0" fileid="25">
                  <TrackedMethodRefs>
                    <TrackedMethodRef uid="0" vc="0" />
                  </TrackedMethodRefs>
                </SequencePoint>
                <SequencePoint vc="0" uspid="5096534" ordinal="0" offset="158" sl="115" sc="0" el="115" ec="0" bec="0" bev="0" fileid="25">
                  <TrackedMethodRefs>
                    <TrackedMethodRef uid="0" vc="0" />
                  </TrackedMethodRefs>
                </SequencePoint>
                <SequencePoint vc="0" uspid="5096535" ordinal="0" offset="177" sl="115" sc="0" el="115" ec="0" bec="0" bev="0" fileid="25">
                  <TrackedMethodRefs>
                    <TrackedMethodRef uid="0" vc="0" />
                  </TrackedMethodRefs>
                </SequencePoint>
                <SequencePoint vc="0" uspid="5096536" ordinal="0" offset="182" sl="116" sc="0" el="116" ec="0" bec="0" bev="0" fileid="25">
                  <TrackedMethodRefs>
                    <TrackedMethodRef uid="0" vc="0" />
                  </TrackedMethodRefs>
                </SequencePoint>
                <SequencePoint vc="0" uspid="5096537" ordinal="0" offset="183" sl="95" sc="0" el="95" ec="0" bec="0" bev="0" fileid="25">
                  <TrackedMethodRefs>
                    <TrackedMethodRef uid="0" vc="0" />
                  </TrackedMethodRefs>
                </SequencePoint>
                <SequencePoint vc="0" uspid="5096538" ordinal="0" offset="189" sl="95" sc="0" el="95" ec="0" bec="0" bev="0" fileid="25">
                  <TrackedMethodRefs>
                    <TrackedMethodRef uid="0" vc="0" />
                  </TrackedMethodRefs>
                </SequencePoint>
                <SequencePoint vc="0" uspid="5096539" ordinal="0" offset="203" sl="118" sc="0" el="118" ec="0" bec="0" bev="0" fileid="25">
                  <TrackedMethodRefs>
                    <TrackedMethodRef uid="0" vc="0" />
                  </TrackedMethodRefs>
                </SequencePoint>
                <SequencePoint vc="0" uspid="5096540" ordinal="0" offset="215" sl="119" sc="0" el="119" ec="0" bec="0" bev="0" fileid="25">
                  <TrackedMethodRefs>
                    <TrackedMethodRef uid="0" vc="0" />
                  </TrackedMethodRefs>
                </SequencePoint>
              </SequencePoints>
              <BranchPoints />
            </Method>
          </Methods>
        </Class>
        <Class>
          <Summary numSequencePoints="12" visitedSequencePoints="10" numBranchPoints="0" visitedBranchPoints="0" sequenceCoverage="83.33" branchCoverage="0.0" maxCyclomaticComplexity="2" minCyclomaticComplexity="1" maxCrapScore="2.15" minCrapScore="1" visitedClasses="1" numClasses="1" visitedMethods="3" numMethods="3" />
          <FullName>GDX.Developer.TransientReference</FullName>
          <Methods>
            <Method visited="true" cyclomaticComplexity="2" nPathComplexity="0" sequenceCoverage="66.67" branchCoverage="0" crapScore="2.15" isConstructor="false" isStatic="false" isGetter="false" isSetter="false">
              <Summary numSequencePoints="6" visitedSequencePoints="4" numBranchPoints="0" visitedBranchPoints="0" sequenceCoverage="66.67" branchCoverage="0" maxCyclomaticComplexity="2" minCyclomaticComplexity="2" maxCrapScore="2.15" minCrapScore="2.15" visitedClasses="0" numClasses="0" visitedMethods="1" numMethods="1" />
              <MetadataToken>100663805</MetadataToken>
              <Name>System.Int32 GDX.Developer.TransientReference::GetHashCode()</Name>
              <FileRef uid="60" />
              <SequencePoints>
                <SequencePoint vc="1548" uspid="5098765" ordinal="0" offset="0" sl="154" sc="9" el="154" ec="9" bec="0" bev="0" fileid="60">
                  <TrackedMethodRefs>
                    <TrackedMethodRef uid="0" vc="1548" />
                  </TrackedMethodRefs>
                </SequencePoint>
                <SequencePoint vc="1548" uspid="5098766" ordinal="0" offset="1" sl="155" sc="13" el="155" ec="13" bec="0" bev="0" fileid="60">
                  <TrackedMethodRefs>
                    <TrackedMethodRef uid="0" vc="1548" />
                  </TrackedMethodRefs>
                </SequencePoint>
                <SequencePoint vc="0" uspid="5098767" ordinal="0" offset="14" sl="156" sc="13" el="156" ec="13" bec="0" bev="0" fileid="60">
                  <TrackedMethodRefs>
                    <TrackedMethodRef uid="0" vc="0" />
                  </TrackedMethodRefs>
                </SequencePoint>
                <SequencePoint vc="0" uspid="5098768" ordinal="0" offset="15" sl="157" sc="17" el="157" ec="17" bec="0" bev="0" fileid="60">
                  <TrackedMethodRefs>
[...]
                    <TrackedMethodRef uid="0" vc="1" />
                  </TrackedMethodRefs>
                </SequencePoint>
                <SequencePoint vc="1" uspid="5099556" ordinal="0" offset="39" sl="62" sc="9" el="62" ec="9" bec="0" bev="0" fileid="71">
                  <TrackedMethodRefs>
                    <TrackedMethodRef uid="0" vc="1" />
                  </TrackedMethodRefs>
                </SequencePoint>
              </SequencePoints>
              <BranchPoints />
            </Method>
            <Method visited="true" cyclomaticComplexity="1" nPathComplexity="0" sequenceCoverage="100.0" branchCoverage="0" crapScore="1" isConstructor="true" isStatic="false" isGetter="false" isSetter="false">
              <Summary numSequencePoints="8" visitedSequencePoints="8" numBranchPoints="0" visitedBranchPoints="0" sequenceCoverage="100.0" branchCoverage="0" maxCyclomaticComplexity="1" minCyclomaticComplexity="1" maxCrapScore="1" minCrapScore="1" visitedClasses="0" numClasses="0" visitedMethods="1" numMethods="1" />
              <MetadataToken>100663870</MetadataToken>
              <Name>GDX.Developer.Reports.Resource.Sections.MemorySection::MemorySection(System.Int64, System.Int64, System.Int64, System.Int64, System.Int64, System.Int64)</Name>
              <FileRef uid="71" />
              <SequencePoints>
                <SequencePoint vc="1" uspid="5099568" ordinal="0" offset="0" sl="49" sc="9" el="49" ec="9" bec="0" bev="0" fileid="71">
                  <TrackedMethodRefs>
                    <TrackedMethodRef uid="0" vc="1" />
                  </TrackedMethodRefs>
                </SequencePoint>
                <SequencePoint vc="1" uspid="5099569" ordinal="0" offset="1" sl="50" sc="13" el="50" ec="13" bec="0" bev="0" fileid="71">
                  <TrackedMethodRefs>
                    <TrackedMethodRef uid="0" vc="1" />
                  </TrackedMethodRefs>
                </SequencePoint>
                <SequencePoint vc="1" uspid="5099570" ordinal="0" offset="8" sl="51" sc="13" el="51" ec="13" bec="0" bev="0" fileid="71">
                  <TrackedMethodRefs>
                    <TrackedMethodRef uid="0" vc="1" />
                  </TrackedMethodRefs>
                </SequencePoint>
                <SequencePoint vc="1" uspid="5099571" ordinal="0" offset="15" sl="52" sc="13" el="52" ec="13" bec="0" bev="0" fileid="71">
                  <TrackedMethodRefs>
                    <TrackedMethodRef uid="0" vc="1" />
                  </TrackedMethodRefs>
                </SequencePoint>
                <SequencePoint vc="1" uspid="5099572" ordinal="0" offset="22" sl="53" sc="13" el="53" ec="13" bec="0" bev="0" fileid="71">
                  <TrackedMethodRefs>
                    <TrackedMethodRef uid="0" vc="1" />
                  </TrackedMethodRefs>
                </SequencePoint>
                <SequencePoint vc="1" uspid="5099573" ordinal="0" offset="30" sl="54" sc="13" el="54" ec="13" bec="0" bev="0" fileid="71">
                  <TrackedMethodRefs>
                    <TrackedMethodRef uid="0" vc="1" />
                  </TrackedMethodRefs>
                </SequencePoint>
                <SequencePoint vc="1" uspid="5099574" ordinal="0" offset="38" sl="55" sc="13" el="55" ec="13" bec="0" bev="0" fileid="71">
                  <TrackedMethodRefs>
                    <TrackedMethodRef uid="0" vc="1" />
                  </TrackedMethodRefs>
                </SequencePoint>
                <SequencePoint vc="1" uspid="5099575" ordinal="0" offset="46" sl="56" sc="9" el="56" ec="9" bec="0" bev="0" fileid="71">
                  <TrackedMethodRefs>
                    <TrackedMethodRef uid="0" vc="1" />
                  </TrackedMethodRefs>
                </SequencePoint>
              </SequencePoints>
              <BranchPoints />
            </Method>
          </Methods>
        </Class>
        <Class>
          <Summary numSequencePoints="8" visitedSequencePoints="8" numBranchPoints="0" visitedBranchPoints="0" sequenceCoverage="100.0" branchCoverage="0.0" maxCyclomaticComplexity="2" minCyclomaticComplexity="2" maxCrapScore="2" minCrapScore="2" visitedClasses="1" numClasses="1" visitedMethods="1" numMethods="1" />
          <FullName>GDX.Developer.Reports.Resource.Objects.ObjectInfo</FullName>
          <Methods>
            <Method visited="true" cyclomaticComplexity="2" nPathComplexity="0" sequenceCoverage="100.0" branchCoverage="0" crapScore="2" isConstructor="false" isStatic="false" isGetter="false" isSetter="false">
              <Summary numSequencePoints="8" visitedSequencePoints="8" numBranchPoints="0" visitedBranchPoints="0" sequenceCoverage="100.0" branchCoverage="0" maxCyclomaticComplexity="2" minCyclomaticComplexity="2" maxCrapScore="2" minCrapScore="2" visitedClasses="0" numClasses="0" visitedMethods="1" numMethods="1" />
              <MetadataToken>100663883</MetadataToken>
              <Name>System.Void GDX.Developer.Reports.Resource.Objects.ObjectInfo::Populate(UnityEngine.Object, GDX.Developer.TransientReference)</Name>
              <FileRef uid="74" />
              <SequencePoints>
                <SequencePoint vc="775" uspid="5099608" ordinal="0" offset="0" sl="88" sc="9" el="88" ec="9" bec="0" bev="0" fileid="74">
                  <TrackedMethodRefs>
                    <TrackedMethodRef uid="0" vc="775" />
                  </TrackedMethodRefs>
                </SequencePoint>
                <SequencePoint vc="775" uspid="5099609" ordinal="0" offset="1" sl="90" sc="13" el="90" ec="13" bec="0" bev="0" fileid="74">
                  <TrackedMethodRefs>
                    <TrackedMethodRef uid="0" vc="775" />
                  </TrackedMethodRefs>
                </SequencePoint>
                <SequencePoint vc="775" uspid="5099610" ordinal="0" offset="13" sl="91" sc="13" el="91" ec="13" bec="0" bev="0" fileid="74">
                  <TrackedMethodRefs>
                    <TrackedMethodRef uid="0" vc="775" />
                  </TrackedMethodRefs>
                </SequencePoint>
                <SequencePoint vc="775" uspid="5099611" ordinal="0" offset="25" sl="94" sc="13" el="94" ec="13" bec="0" bev="0" fileid="74">
                  <TrackedMethodRefs>
                    <TrackedMethodRef uid="0" vc="775" />
                  </TrackedMethodRefs>
                </SequencePoint>
                <SequencePoint vc="775" uspid="5099612" ordinal="0" offset="37" sl="95" sc="13" el="95" ec="13" bec="0" bev="0" fileid="74">
                  <TrackedMethodRefs>
                    <TrackedMethodRef uid="0" vc="775" />
                  </TrackedMethodRefs>
                </SequencePoint>
                <SequencePoint vc="775" uspid="5099613" ordinal="0" offset="49" sl="98" sc="13" el="98" ec="13" bec="0" bev="0" fileid="74">
                  <TrackedMethodRefs>
                    <TrackedMethodRef uid="0" vc="775" />
                  </TrackedMethodRefs>
                </SequencePoint>
                <SequencePoint vc="775" uspid="5099614" ordinal="0" offset="73" sl="101" sc="13" el="101" ec="13" bec="0" bev="0" fileid="74">
                  <TrackedMethodRefs>
                    <TrackedMethodRef uid="0" vc="775" />
                  </TrackedMethodRefs>
                </SequencePoint>
                <SequencePoint vc="775" uspid="5099615" ordinal="0" offset="80" sl="102" sc="9" el="102" ec="9" bec="0" bev="0" fileid="74">
                  <TrackedMethodRefs>
                    <TrackedMethodRef uid="0" vc="775" />
                  </TrackedMethodRefs>
                </SequencePoint>
              </SequencePoints>
              <BranchPoints />
            </Method>
          </Methods>
        </Class>
        <Class>
          <Summary numSequencePoints="15" visitedSequencePoints="5" numBranchPoints="0" visitedBranchPoints="0" sequenceCoverage="33.33" branchCoverage="0.0" maxCyclomaticComplexity="10" minCyclomaticComplexity="10" maxCrapScore="39.63" minCrapScore="39.63" visitedClasses="1" numClasses="1" visitedMethods="1" numMethods="1" />
          <FullName>GDX.Developer.Reports.Resource.Objects.ObjectInfoFactory</FullName>
          <Methods>
            <Method visited="true" cyclomaticComplexity="10" nPathComplexity="0" sequenceCoverage="33.33" branchCoverage="0" crapScore="39.63" isConstructor="false" isStatic="true" isGetter="false" isSetter="false">
              <Summary numSequencePoints="15" visitedSequencePoints="5" numBranchPoints="0" visitedBranchPoints="0" sequenceCoverage="33.33" branchCoverage="0" maxCyclomaticComplexity="10" minCyclomaticComplexity="10" maxCrapScore="39.63" minCrapScore="39.63" visitedClasses="0" numClasses="0" visitedMethods="1" numMethods="1" />
              <MetadataToken>100663888</MetadataToken>
              <Name>static System.Type GDX.Developer.Reports.Resource.Objects.ObjectInfoFactory::GetObjectInfoType(System.Type)</Name>
              <FileRef uid="75" />
              <SequencePoints>
                <SequencePoint vc="1" uspid="5099667" ordinal="0" offset="0" sl="45" sc="9" el="45" ec="9" bec="0" bev="0" fileid="75">
                  <TrackedMethodRefs>
                    <TrackedMethodRef uid="0" vc="1" />
                  </TrackedMethodRefs>
                </SequencePoint>
                <SequencePoint vc="1" uspid="5099668" ordinal="0" offset="1" sl="46" sc="13" el="46" ec="13" bec="0" bev="0" fileid="75">
                  <TrackedMethodRefs>
                    <TrackedMethodRef uid="0" vc="1" />
                  </TrackedMethodRefs>
                </SequencePoint>
                <SequencePoint vc="1" uspid="5099669" ordinal="0" offset="114" sl="52" sc="13" el="52" ec="13" bec="0" bev="0" fileid="75">
                  <TrackedMethodRefs>
                    <TrackedMethodRef uid="0" vc="1" />
                  </TrackedMethodRefs>
                </SequencePoint>
                <SequencePoint vc="1" uspid="5099670" ordinal="0" offset="115" sl="53" sc="17" el="53" ec="17" bec="0" bev="0" fileid="75">
                  <TrackedMethodRefs>
                    <TrackedMethodRef uid="0" vc="1" />
                  </TrackedMethodRefs>
                </SequencePoint>
                <SequencePoint vc="0" uspid="5099671" ordinal="0" offset="128" sl="56" sc="13" el="56" ec="13" bec="0" bev="0" fileid="75">
                  <TrackedMethodRefs>
                    <TrackedMethodRef uid="0" vc="0" />
                  </TrackedMethodRefs>
                </SequencePoint>
                <SequencePoint vc="0" uspid="5099672" ordinal="0" offset="148" sl="57" sc="13" el="57" ec="13" bec="0" bev="0" fileid="75">
                  <TrackedMethodRefs>
                    <TrackedMethodRef uid="0" vc="0" />
                  </TrackedMethodRefs>
                </SequencePoint>
                <SequencePoint vc="0" uspid="5099673" ordinal="0" offset="149" sl="58" sc="17" el="58" ec="17" bec="0" bev="0" fileid="75">
                  <TrackedMethodRefs>
                    <TrackedMethodRef uid="0" vc="0" />
                  </TrackedMethodRefs>
                </SequencePoint>
                <SequencePoint vc="0" uspid="5099674" ordinal="0" offset="162" sl="61" sc="13" el="61" ec="13" bec="0" bev="0" fileid="75">
                  <TrackedMethodRefs>
                    <TrackedMethodRef uid="0" vc="0" />
                  </TrackedMethodRefs>
                </SequencePoint>
                <SequencePoint vc="0" uspid="5099675" ordinal="0" offset="182" sl="62" sc="13" el="62" ec="13" bec="0" bev="0" fileid="75">
                  <TrackedMethodRefs>
                    <TrackedMethodRef uid="0" vc="0" />
                  </TrackedMethodRefs>
                </SequencePoint>
                <SequencePoint vc="0" uspid="5099676" ordinal="0" offset="183" sl="63" sc="17" el="63" ec="17" bec="0" bev="0" fileid="75">
                  <TrackedMethodRefs>
                    <TrackedMethodRef uid="0" vc="0" />
                  </TrackedMethodRefs>
                </SequencePoint>
                <SequencePoint vc="0" uspid="5099677" ordinal="0" offset="196" sl="66" sc="13" el="66" ec="13" bec="0" bev="0" fileid="75">
                  <TrackedMethodRefs>
                    <TrackedMethodRef uid="0" vc="0" />
                  </TrackedMethodRefs>
                </SequencePoint>
                <SequencePoint vc="0" uspid="5099678" ordinal="0" offset="218" sl="67" sc="13" el="67" ec="13" bec="0" bev="0" fileid="75">
                  <TrackedMethodRefs>
                    <TrackedMethodRef uid="0" vc="0" />
                  </TrackedMethodRefs>
                </SequencePoint>
                <SequencePoint vc="0" uspid="5099679" ordinal="0" offset="219" sl="68" sc="17" el="68" ec="17" bec="0" bev="0" fileid="75">
                  <TrackedMethodRefs>
                    <TrackedMethodRef uid="0" vc="0" />
                  </TrackedMethodRefs>
                </SequencePoint>
                <SequencePoint vc="0" uspid="5099680" ordinal="0" offset="232" sl="71" sc="13" el="71" ec="13" bec="0" bev="0" fileid="75">
                  <TrackedMethodRefs>
                    <TrackedMethodRef uid="0" vc="0" />
                  </TrackedMethodRefs>
                </SequencePoint>
                <SequencePoint vc="1" uspid="5099681" ordinal="0" offset="245" sl="72" sc="9" el="72" ec="9" bec="0" bev="0" fileid="75">
                  <TrackedMethodRefs>
                    <TrackedMethodRef uid="0" vc="1" />
                  </TrackedMethodRefs>
                </SequencePoint>
              </SequencePoints>
              <BranchPoints />
            </Method>
          </Methods>
        </Class>
        <Class>
          <Summary numSequencePoints="8" visitedSequencePoints="8" numBranchPoints="0" visitedBranchPoints="0" sequenceCoverage="100.0" branchCoverage="0.0" maxCyclomaticComplexity="1" minCyclomaticComplexity="1" maxCrapScore="1" minCrapScore="1" visitedClasses="1" numClasses="1" visitedMethods="1" numMethods="1" />
          <FullName>GDX.Developer.Reports.Resource.Objects.TextureObjectInfo</FullName>
          <Methods>
            <Method visited="true" cyclomaticComplexity="1" nPathComplexity="0" sequenceCoverage="100.0" branchCoverage="0" crapScore="1" isConstructor="false" isStatic="false" isGetter="false" isSetter="false">
              <Summary numSequencePoints="8" visitedSequencePoints="8" numBranchPoints="0" visitedBranchPoints="0" sequenceCoverage="100.0" branchCoverage="0" maxCyclomaticComplexity="1" minCyclomaticComplexity="1" maxCrapScore="1" minCrapScore="1" visitedClasses="0" numClasses="0" visitedMethods="1" numMethods="1" />
              <MetadataToken>100663894</MetadataToken>
              <Name>System.Void GDX.Developer.Reports.Resource.Objects.TextureObjectInfo::Populate(UnityEngine.Object, GDX.Developer.TransientReference)</Name>
              <FileRef uid="77" />
              <SequencePoints>
                <SequencePoint vc="775" uspid="5099697" ordinal="0" offset="0" sl="44" sc="9" el="44" ec="9" bec="0" bev="0" fileid="77">
                  <TrackedMethodRefs>
                    <TrackedMethodRef uid="0" vc="775" />
                  </TrackedMethodRefs>
                </SequencePoint>
                <SequencePoint vc="775" uspid="5099698" ordinal="0" offset="1" sl="45" sc="13" el="45" ec="13" bec="0" bev="0" fileid="77">
                  <TrackedMethodRefs>
                    <TrackedMethodRef uid="0" vc="775" />
                  </TrackedMethodRefs>
                </SequencePoint>
                <SequencePoint vc="775" uspid="5099699" ordinal="0" offset="10" sl="46" sc="13" el="46" ec="13" bec="0" bev="0" fileid="77">
                  <TrackedMethodRefs>
                    <TrackedMethodRef uid="0" vc="775" />
                  </TrackedMethodRefs>
                </SequencePoint>
                <SequencePoint vc="775" uspid="5099700" ordinal="0" offset="17" sl="49" sc="13" el="49" ec="13" bec="0" bev="0" fileid="77">
                  <TrackedMethodRefs>
                    <TrackedMethodRef uid="0" vc="775" />
                  </TrackedMethodRefs>
                </SequencePoint>
                <SequencePoint vc="775" uspid="5099701" ordinal="0" offset="29" sl="50" sc="13" el="50" ec="13" bec="0" bev="0" fileid="77">
                  <TrackedMethodRefs>
                    <TrackedMethodRef uid="0" vc="775" />
                  </TrackedMethodRefs>
                </SequencePoint>
                <SequencePoint vc="775" uspid="5099702" ordinal="0" offset="41" sl="51" sc="13" el="51" ec="13" bec="0" bev="0" fileid="77">
                  <TrackedMethodRefs>
                    <TrackedMethodRef uid="0" vc="775" />
                  </TrackedMethodRefs>
                </SequencePoint>
                <SequencePoint vc="775" uspid="5099703" ordinal="0" offset="53" sl="52" sc="13" el="52" ec="13" bec="0" bev="0" fileid="77">
                  <TrackedMethodRefs>
                    <TrackedMethodRef uid="0" vc="775" />
                  </TrackedMethodRefs>
                </SequencePoint>
                <SequencePoint vc="775" uspid="5099704" ordinal="0" offset="65" sl="53" sc="9" el="53" ec="9" bec="0" bev="0" fileid="77">
                  <TrackedMethodRefs>
                    <TrackedMethodRef uid="0" vc="775" />
                  </TrackedMethodRefs>
                </SequencePoint>
              </SequencePoints>
              <BranchPoints />
            </Method>
          </Methods>
        </Class>
        <Class>
          <Summary numSequencePoints="0" visitedSequencePoints="0" numBranchPoints="0" visitedBranchPoints="0" sequenceCoverage="0" branchCoverage="0" maxCyclomaticComplexity="0" minCyclomaticComplexity="0" maxCrapScore="0" minCrapScore="0" visitedClasses="0" numClasses="1" visitedMethods="0" numMethods="0" />
          <FullName>GDX.DataTables.StableDataTable</FullName>
          <Methods />
        </Class>
        <Class>
          <Summary numSequencePoints="0" visitedSequencePoints="0" numBranchPoints="0" visitedBranchPoints="0" sequenceCoverage="0" branchCoverage="0" maxCyclomaticComplexity="0" minCyclomaticComplexity="0" maxCrapScore="0" minCrapScore="0" visitedClasses="0" numClasses="1" visitedMethods="0" numMethods="0" />
          <FullName>GDX.Collections.SparseSet</FullName>
          <Methods />
        </Class>
        <Class>
          <Summary numSequencePoints="0" visitedSequencePoints="0" numBranchPoints="0" visitedBranchPoints="0" sequenceCoverage="0" branchCoverage="0" maxCyclomaticComplexity="0" minCyclomaticComplexity="0" maxCrapScore="0" minCrapScore="0" visitedClasses="0" numClasses="1" visitedMethods="0" numMethods="0" />
          <FullName>GDX.Collections.Pooling.ManagedPools</FullName>
          <Methods />
        </Class>
        <Class>
          <Summary numSequencePoints="0" visitedSequencePoints="0" numBranchPoints="0" visitedBranchPoints="0" sequenceCoverage="0" branchCoverage="0" maxCyclomaticComplexity="0" minCyclomaticComplexity="0" maxCrapScore="0" minCrapScore="0" visitedClasses="0" numClasses="1" visitedMethods="0" numMethods="0" />
          <FullName>GDX.Collections.Generic.IListExtensions</FullName>
          <Methods />
        </Class>
        <Class>
          <Summary numSequencePoints="0" visitedSequencePoints="0" numBranchPoints="0" visitedBranchPoints="0" sequenceCoverage="0" branchCoverage="0" maxCyclomaticComplexity="0" minCyclomaticComplexity="0" maxCrapScore="0" minCrapScore="0" visitedClasses="0" numClasses="1" visitedMethods="0" numMethods="0" />
          <FullName>GDX.Collections.Generic.SimpleListExtensions</FullName>
          <Methods />
        </Class>
      </Classes>
      <TrackedMethods>
        <TrackedMethod uid="0" token="100663673" name="System.Void GDX.Developer.Reports.ResourcesAuditReportTests::Get_MockData_ReturnsObject()" strategy="Test" />
      </TrackedMethods>
    </Module>
  </Modules>
</CoverageSession>