<?xml version="1.0" encoding="utf-8"?>
<CoverageSession xmlns:xsd="http://www.w3.org/2001/XMLSchema" xmlns:xsi="http://www.w3.org/2001/XMLSchema-instance" Version="0.0.0.0">
  <Summary numSequencePoints="361" visitedSequencePoints="6" numBranchPoints="0" visitedBranchPoints="0" sequenceCoverage="1.66" branchCoverage="0.0" maxCyclomaticComplexity="7" minCyclomaticComplexity="0" maxCrapScore="56" minCrapScore="0" visitedClasses="1" numClasses="12" visitedMethods="1" numMethods="33" />
  <Modules>
    <Module>
      <Summary numSequencePoints="361" visitedSequencePoints="6" numBranchPoints="0" visitedBranchPoints="0" sequenceCoverage="1.66" branchCoverage="0.0" maxCyclomaticComplexity="7" minCyclomaticComplexity="0" maxCrapScore="56" minCrapScore="0" visitedClasses="1" numClasses="12" visitedMethods="1" numMethods="33" />
      <ModuleTime>0001-01-01T00:00:00</ModuleTime>
      <ModuleName>GDX</ModuleName>
      <Files>
        <File uid="1" fullPath="D:/BuildAgent/work/GDX-Documentation/Projects/GDX_Development/Packages/com.dotbunny.gdx/GDX/AddressablesExtensions.cs" />
        <File uid="2" fullPath="D:/BuildAgent/work/GDX-Documentation/Projects/GDX_Development/Packages/com.dotbunny.gdx/GDX/Array2DExtensions.cs" />
        <File uid="3" fullPath="D:/BuildAgent/work/GDX-Documentation/Projects/GDX_Development/Packages/com.dotbunny.gdx/GDX/ArrayExtensions.cs" />
        <File uid="4" fullPath="D:/BuildAgent/work/GDX-Documentation/Projects/GDX_Development/Packages/com.dotbunny.gdx/GDX/BoxColliderExtensions.cs" />
        <File uid="5" fullPath="D:/BuildAgent/work/GDX-Documentation/Projects/GDX_Development/Packages/com.dotbunny.gdx/GDX/ByteExtensions.cs" />
        <File uid="6" fullPath="D:/BuildAgent/work/GDX-Documentation/Projects/GDX_Development/Packages/com.dotbunny.gdx/GDX/CameraExtensions.cs" />
        <File uid="7" fullPath="D:/BuildAgent/work/GDX-Documentation/Projects/GDX_Development/Packages/com.dotbunny.gdx/GDX/CapsuleColliderExtensions.cs" />
        <File uid="8" fullPath="D:/BuildAgent/work/GDX-Documentation/Projects/GDX_Development/Packages/com.dotbunny.gdx/GDX/Config.cs" />
        <File uid="9" fullPath="D:/BuildAgent/work/GDX-Documentation/Projects/GDX_Development/Packages/com.dotbunny.gdx/GDX/Core.cs" />
        <File uid="10" fullPath="D:/BuildAgent/work/GDX-Documentation/Projects/GDX_Development/Packages/com.dotbunny.gdx/GDX/Display.cs" />
        <File uid="11" fullPath="D:/BuildAgent/work/GDX-Documentation/Projects/GDX_Development/Packages/com.dotbunny.gdx/GDX/EnumExtensions.cs" />
        <File uid="12" fullPath="D:/BuildAgent/work/GDX-Documentation/Projects/GDX_Development/Packages/com.dotbunny.gdx/GDX/GameObjectExtensions.cs" />
        <File uid="13" fullPath="D:/BuildAgent/work/GDX-Documentation/Projects/GDX_Development/Packages/com.dotbunny.gdx/GDX/IListExtensions.cs" />
        <File uid="14" fullPath="D:/BuildAgent/work/GDX-Documentation/Projects/GDX_Development/Packages/com.dotbunny.gdx/GDX/Localization.cs" />
        <File uid="15" fullPath="D:/BuildAgent/work/GDX-Documentation/Projects/GDX_Development/Packages/com.dotbunny.gdx/GDX/Memory.cs" />
        <File uid="16" fullPath="D:/BuildAgent/work/GDX-Documentation/Projects/GDX_Development/Packages/com.dotbunny.gdx/GDX/MeshExtensions.cs" />
        <File uid="17" fullPath="D:/BuildAgent/work/GDX-Documentation/Projects/GDX_Development/Packages/com.dotbunny.gdx/GDX/ObjectExtensions.cs" />
        <File uid="18" fullPath="D:/BuildAgent/work/GDX-Documentation/Projects/GDX_Development/Packages/com.dotbunny.gdx/GDX/Platform.cs" />
        <File uid="19" fullPath="D:/BuildAgent/work/GDX-Documentation/Projects/GDX_Development/Packages/com.dotbunny.gdx/GDX/PlayerLoopSystemExtensions.cs" />
        <File uid="20" fullPath="D:/BuildAgent/work/GDX-Documentation/Projects/GDX_Development/Packages/com.dotbunny.gdx/GDX/Reflection.cs" />
        <File uid="21" fullPath="D:/BuildAgent/work/GDX-Documentation/Projects/GDX_Development/Packages/com.dotbunny.gdx/GDX/RigidbodyExtensions.cs" />
        <File uid="22" fullPath="D:/BuildAgent/work/GDX-Documentation/Projects/GDX_Development/Packages/com.dotbunny.gdx/GDX/SegmentedString.cs" />
        <File uid="23" fullPath="D:/BuildAgent/work/GDX-Documentation/Projects/GDX_Development/Packages/com.dotbunny.gdx/GDX/Serializable.cs" />
        <File uid="24" fullPath="D:/BuildAgent/work/GDX-Documentation/Projects/GDX_Development/Packages/com.dotbunny.gdx/GDX/SimpleListExtensions.cs" />
        <File uid="25" fullPath="D:/BuildAgent/work/GDX-Documentation/Projects/GDX_Development/Packages/com.dotbunny.gdx/GDX/Space.cs" />
        <File uid="26" fullPath="D:/BuildAgent/work/GDX-Documentation/Projects/GDX_Development/Packages/com.dotbunny.gdx/GDX/StringExtensions.cs" />
        <File uid="27" fullPath="D:/BuildAgent/work/GDX-Documentation/Projects/GDX_Development/Packages/com.dotbunny.gdx/GDX/TableExtensions.cs" />
        <File uid="28" fullPath="D:/BuildAgent/work/GDX-Documentation/Projects/GDX_Development/Packages/com.dotbunny.gdx/GDX/Trace.cs" />
        <File uid="29" fullPath="D:/BuildAgent/work/GDX-Documentation/Projects/GDX_Development/Packages/com.dotbunny.gdx/GDX/TransformExtensions.cs" />
        <File uid="30" fullPath="D:/BuildAgent/work/GDX-Documentation/Projects/GDX_Development/Packages/com.dotbunny.gdx/GDX/Vector2Extensions.cs" />
        <File uid="31" fullPath="D:/BuildAgent/work/GDX-Documentation/Projects/GDX_Development/Packages/com.dotbunny.gdx/GDX/Vector3Extensions.cs" />
        <File uid="32" fullPath="D:/BuildAgent/work/GDX-Documentation/Projects/GDX_Development/Packages/com.dotbunny.gdx/GDX/Threading/TaskBase.cs" />
        <File uid="33" fullPath="D:/BuildAgent/work/GDX-Documentation/Projects/GDX_Development/Packages/com.dotbunny.gdx/GDX/Threading/TaskDirector.cs" />
        <File uid="34" fullPath="D:/BuildAgent/work/GDX-Documentation/Projects/GDX_Development/Packages/com.dotbunny.gdx/GDX/Threading/TaskDirectorSystem.cs" />
        <File uid="35" fullPath="D:/BuildAgent/work/GDX-Documentation/Projects/GDX_Development/Packages/com.dotbunny.gdx/GDX/Tables/StableTable.cs" />
        <File uid="36" fullPath="D:/BuildAgent/work/GDX-Documentation/Projects/GDX_Development/Packages/com.dotbunny.gdx/GDX/Tables/CellValues/AnimationCurveCellValue.cs" />
        <File uid="37" fullPath="D:/BuildAgent/work/GDX-Documentation/Projects/GDX_Development/Packages/com.dotbunny.gdx/GDX/Tables/CellValues/BoolCellValue.cs" />
        <File uid="38" fullPath="D:/BuildAgent/work/GDX-Documentation/Projects/GDX_Development/Packages/com.dotbunny.gdx/GDX/Tables/CellValues/BoundsCellValue.cs" />
        <File uid="39" fullPath="D:/BuildAgent/work/GDX-Documentation/Projects/GDX_Development/Packages/com.dotbunny.gdx/GDX/Tables/CellValues/BoundsIntCellValue.cs" />
        <File uid="40" fullPath="D:/BuildAgent/work/GDX-Documentation/Projects/GDX_Development/Packages/com.dotbunny.gdx/GDX/Tables/CellValues/ByteCellValue.cs" />
        <File uid="41" fullPath="D:/BuildAgent/work/GDX-Documentation/Projects/GDX_Development/Packages/com.dotbunny.gdx/GDX/Tables/CellValues/CharCellValue.cs" />
        <File uid="42" fullPath="D:/BuildAgent/work/GDX-Documentation/Projects/GDX_Development/Packages/com.dotbunny.gdx/GDX/Tables/CellValues/ColorCellValue.cs" />
        <File uid="43" fullPath="D:/BuildAgent/work/GDX-Documentation/Projects/GDX_Development/Packages/com.dotbunny.gdx/GDX/Tables/CellValues/DoubleCellValue.cs" />
        <File uid="44" fullPath="D:/BuildAgent/work/GDX-Documentation/Projects/GDX_Development/Packages/com.dotbunny.gdx/GDX/Tables/CellValues/FloatCellValue.cs" />
        <File uid="45" fullPath="D:/BuildAgent/work/GDX-Documentation/Projects/GDX_Development/Packages/com.dotbunny.gdx/GDX/Tables/CellValues/GradientCellValue.cs" />
        <File uid="46" fullPath="D:/BuildAgent/work/GDX-Documentation/Projects/GDX_Development/Packages/com.dotbunny.gdx/GDX/Tables/CellValues/Hash128CellValue.cs" />
        <File uid="47" fullPath="D:/BuildAgent/work/GDX-Documentation/Projects/GDX_Development/Packages/com.dotbunny.gdx/GDX/Tables/CellValues/IntCellValue.cs" />
        <File uid="48" fullPath="D:/BuildAgent/work/GDX-Documentation/Projects/GDX_Development/Packages/com.dotbunny.gdx/GDX/Tables/CellValues/LayerMaskCellValue.cs" />
        <File uid="49" fullPath="D:/BuildAgent/work/GDX-Documentation/Projects/GDX_Development/Packages/com.dotbunny.gdx/GDX/Tables/CellValues/LongCellValue.cs" />
        <File uid="50" fullPath="D:/BuildAgent/work/GDX-Documentation/Projects/GDX_Development/Packages/com.dotbunny.gdx/GDX/Tables/CellValues/ObjectCellValue.cs" />
        <File uid="51" fullPath="D:/BuildAgent/work/GDX-Documentation/Projects/GDX_Development/Packages/com.dotbunny.gdx/GDX/Tables/CellValues/QuaternionCellValue.cs" />
        <File uid="52" fullPath="D:/BuildAgent/work/GDX-Documentation/Projects/GDX_Development/Packages/com.dotbunny.gdx/GDX/Tables/CellValues/RectCellValue.cs" />
        <File uid="53" fullPath="D:/BuildAgent/work/GDX-Documentation/Projects/GDX_Development/Packages/com.dotbunny.gdx/GDX/Tables/CellValues/RectIntCellValue.cs" />
        <File uid="54" fullPath="D:/BuildAgent/work/GDX-Documentation/Projects/GDX_Development/Packages/com.dotbunny.gdx/GDX/Tables/CellValues/SByteCellValue.cs" />
        <File uid="55" fullPath="D:/BuildAgent/work/GDX-Documentation/Projects/GDX_Development/Packages/com.dotbunny.gdx/GDX/Tables/CellValues/ShortCellValue.cs" />
        <File uid="56" fullPath="D:/BuildAgent/work/GDX-Documentation/Projects/GDX_Development/Packages/com.dotbunny.gdx/GDX/Tables/CellValues/StringCellValue.cs" />
        <File uid="57" fullPath="D:/BuildAgent/work/GDX-Documentation/Projects/GDX_Development/Packages/com.dotbunny.gdx/GDX/Tables/CellValues/UIntCellValue.cs" />
        <File uid="58" fullPath="D:/BuildAgent/work/GDX-Documentation/Projects/GDX_Development/Packages/com.dotbunny.gdx/GDX/Tables/CellValues/ULongCellValue.cs" />
        <File uid="59" fullPath="D:/BuildAgent/work/GDX-Documentation/Projects/GDX_Development/Packages/com.dotbunny.gdx/GDX/Tables/CellValues/UShortCellValue.cs" />
        <File uid="60" fullPath="D:/BuildAgent/work/GDX-Documentation/Projects/GDX_Development/Packages/com.dotbunny.gdx/GDX/Tables/CellValues/Vector2CellValue.cs" />
        <File uid="61" fullPath="D:/BuildAgent/work/GDX-Documentation/Projects/GDX_Development/Packages/com.dotbunny.gdx/GDX/Tables/CellValues/Vector2IntCellValue.cs" />
        <File uid="62" fullPath="D:/BuildAgent/work/GDX-Documentation/Projects/GDX_Development/Packages/com.dotbunny.gdx/GDX/Tables/CellValues/Vector3CellValue.cs" />
        <File uid="63" fullPath="D:/BuildAgent/work/GDX-Documentation/Projects/GDX_Development/Packages/com.dotbunny.gdx/GDX/Tables/CellValues/Vector3IntCellValue.cs" />
        <File uid="64" fullPath="D:/BuildAgent/work/GDX-Documentation/Projects/GDX_Development/Packages/com.dotbunny.gdx/GDX/Tables/CellValues/Vector4CellValue.cs" />
        <File uid="65" fullPath="D:/BuildAgent/work/GDX-Documentation/Projects/GDX_Development/Packages/com.dotbunny.gdx/GDX/Rendering/ShaderProvider.cs" />
        <File uid="66" fullPath="D:/BuildAgent/work/GDX-Documentation/Projects/GDX_Development/Packages/com.dotbunny.gdx/GDX/Mathematics/Byte2.cs" />
        <File uid="67" fullPath="D:/BuildAgent/work/GDX-Documentation/Projects/GDX_Development/Packages/com.dotbunny.gdx/GDX/Mathematics/FibonacciHash.cs" />
        <File uid="68" fullPath="D:/BuildAgent/work/GDX-Documentation/Projects/GDX_Development/Packages/com.dotbunny.gdx/GDX/Mathematics/Range.cs" />
        <File uid="69" fullPath="D:/BuildAgent/work/GDX-Documentation/Projects/GDX_Development/Packages/com.dotbunny.gdx/GDX/Mathematics/Rotate.cs" />
        <File uid="70" fullPath="D:/BuildAgent/work/GDX-Documentation/Projects/GDX_Development/Packages/com.dotbunny.gdx/GDX/Mathematics/Smooth.cs" />
        <File uid="71" fullPath="D:/BuildAgent/work/GDX-Documentation/Projects/GDX_Development/Packages/com.dotbunny.gdx/GDX/Mathematics/Random/RandomAdaptor.cs" />
        <File uid="72" fullPath="D:/BuildAgent/work/GDX-Documentation/Projects/GDX_Development/Packages/com.dotbunny.gdx/GDX/Mathematics/Random/RandomWrapper.cs" />
        <File uid="73" fullPath="D:/BuildAgent/work/GDX-Documentation/Projects/GDX_Development/Packages/com.dotbunny.gdx/GDX/Mathematics/Random/WELL1024a.cs" />
        <File uid="74" fullPath="D:/BuildAgent/work/GDX-Documentation/Projects/GDX_Development/Packages/com.dotbunny.gdx/GDX/Jobs/ParallelFor/Color32CompareJob.cs" />
        <File uid="75" fullPath="D:/BuildAgent/work/GDX-Documentation/Projects/GDX_Development/Packages/com.dotbunny.gdx/GDX/Jobs/ParallelFor/Color32MatchJob.cs" />
        <File uid="76" fullPath="D:/BuildAgent/work/GDX-Documentation/Projects/GDX_Development/Packages/com.dotbunny.gdx/GDX/Jobs/ParallelFor/ColorCompareJob.cs" />
        <File uid="77" fullPath="D:/BuildAgent/work/GDX-Documentation/Projects/GDX_Development/Packages/com.dotbunny.gdx/GDX/Jobs/ParallelFor/ColorMatchJob.cs" />
        <File uid="78" fullPath="D:/BuildAgent/work/GDX-Documentation/Projects/GDX_Development/Packages/com.dotbunny.gdx/GDX/Jobs/ParallelFor/IntegerBufferCopyJob.cs" />
        <File uid="79" fullPath="D:/BuildAgent/work/GDX-Documentation/Projects/GDX_Development/Packages/com.dotbunny.gdx/GDX/Jobs/ParallelFor/IntegerBufferFillJob.cs" />
        <File uid="80" fullPath="D:/BuildAgent/work/GDX-Documentation/Projects/GDX_Development/Packages/com.dotbunny.gdx/GDX/Jobs/ParallelFor/IntegerBufferSwapJob.cs" />
        <File uid="81" fullPath="D:/BuildAgent/work/GDX-Documentation/Projects/GDX_Development/Packages/com.dotbunny.gdx/GDX/IO/CoalesceStream.cs" />
        <File uid="82" fullPath="D:/BuildAgent/work/GDX-Documentation/Projects/GDX_Development/Packages/com.dotbunny.gdx/GDX/IO/Compression/TarFile.cs" />
        <File uid="83" fullPath="D:/BuildAgent/work/GDX-Documentation/Projects/GDX_Development/Packages/com.dotbunny.gdx/GDX/Developer/CommandLineParser.cs" />
        <File uid="84" fullPath="D:/BuildAgent/work/GDX-Documentation/Projects/GDX_Development/Packages/com.dotbunny.gdx/GDX/Developer/DebugDraw.cs" />
        <File uid="85" fullPath="D:/BuildAgent/work/GDX-Documentation/Projects/GDX_Development/Packages/com.dotbunny.gdx/GDX/Developer/DebugDrawBuffer.cs" />
        <File uid="86" fullPath="D:/BuildAgent/work/GDX-Documentation/Projects/GDX_Development/Packages/com.dotbunny.gdx/GDX/Developer/DebugDrawShapes.cs" />
        <File uid="87" fullPath="D:/BuildAgent/work/GDX-Documentation/Projects/GDX_Development/Packages/com.dotbunny.gdx/GDX/Developer/InputProxy.cs" />
        <File uid="88" fullPath="D:/BuildAgent/work/GDX-Documentation/Projects/GDX_Development/Packages/com.dotbunny.gdx/GDX/Developer/Profiling.cs" />
        <File uid="89" fullPath="D:/BuildAgent/work/GDX-Documentation/Projects/GDX_Development/Packages/com.dotbunny.gdx/GDX/Developer/SemanticVersion.cs" />
        <File uid="90" fullPath="D:/BuildAgent/work/GDX-Documentation/Projects/GDX_Development/Packages/com.dotbunny.gdx/GDX/Developer/TextGenerator.cs" />
        <File uid="91" fullPath="D:/BuildAgent/work/GDX-Documentation/Projects/GDX_Development/Packages/com.dotbunny.gdx/GDX/Developer/TransientReference.cs" />
        <File uid="92" fullPath="D:/BuildAgent/work/GDX-Documentation/Projects/GDX_Development/Packages/com.dotbunny.gdx/GDX/Developer/Reports/BuildVerificationReport.cs" />
        <File uid="93" fullPath="D:/BuildAgent/work/GDX-Documentation/Projects/GDX_Development/Packages/com.dotbunny.gdx/GDX/Developer/Reports/NUnitReport.cs" />
        <File uid="94" fullPath="D:/BuildAgent/work/GDX-Documentation/Projects/GDX_Development/Packages/com.dotbunny.gdx/GDX/Developer/Reports/ResourcesAuditReport.cs" />
        <File uid="95" fullPath="D:/BuildAgent/work/GDX-Documentation/Projects/GDX_Development/Packages/com.dotbunny.gdx/GDX/Developer/Reports/ResourcesDiffReport.cs" />
        <File uid="96" fullPath="D:/BuildAgent/work/GDX-Documentation/Projects/GDX_Development/Packages/com.dotbunny.gdx/GDX/Developer/Reports/Resource/IntegerDiff.cs" />
        <File uid="97" fullPath="D:/BuildAgent/work/GDX-Documentation/Projects/GDX_Development/Packages/com.dotbunny.gdx/GDX/Developer/Reports/Resource/LongDiff.cs" />
        <File uid="98" fullPath="D:/BuildAgent/work/GDX-Documentation/Projects/GDX_Development/Packages/com.dotbunny.gdx/GDX/Developer/Reports/Resource/ResourceReport.cs" />
        <File uid="99" fullPath="D:/BuildAgent/work/GDX-Documentation/Projects/GDX_Development/Packages/com.dotbunny.gdx/GDX/Developer/Reports/Resource/ResourceReportContext.cs" />
        <File uid="100" fullPath="D:/BuildAgent/work/GDX-Documentation/Projects/GDX_Development/Packages/com.dotbunny.gdx/GDX/Developer/Reports/Resource/Sections/ApplicationSection.cs" />
        <File uid="101" fullPath="D:/BuildAgent/work/GDX-Documentation/Projects/GDX_Development/Packages/com.dotbunny.gdx/GDX/Developer/Reports/Resource/Sections/MemoryDiffSection.cs" />
        <File uid="102" fullPath="D:/BuildAgent/work/GDX-Documentation/Projects/GDX_Development/Packages/com.dotbunny.gdx/GDX/Developer/Reports/Resource/Sections/MemorySection.cs" />
        <File uid="103" fullPath="D:/BuildAgent/work/GDX-Documentation/Projects/GDX_Development/Packages/com.dotbunny.gdx/GDX/Developer/Reports/Resource/Objects/AssetBundleObjectInfo.cs" />
        <File uid="104" fullPath="D:/BuildAgent/work/GDX-Documentation/Projects/GDX_Development/Packages/com.dotbunny.gdx/GDX/Developer/Reports/Resource/Objects/MeshObjectInfo.cs" />
        <File uid="105" fullPath="D:/BuildAgent/work/GDX-Documentation/Projects/GDX_Development/Packages/com.dotbunny.gdx/GDX/Developer/Reports/Resource/Objects/ObjectInfo.cs" />
        <File uid="106" fullPath="D:/BuildAgent/work/GDX-Documentation/Projects/GDX_Development/Packages/com.dotbunny.gdx/GDX/Developer/Reports/Resource/Objects/ObjectInfoFactory.cs" />
        <File uid="107" fullPath="D:/BuildAgent/work/GDX-Documentation/Projects/GDX_Development/Packages/com.dotbunny.gdx/GDX/Developer/Reports/Resource/Objects/ShaderObjectInfo.cs" />
        <File uid="108" fullPath="D:/BuildAgent/work/GDX-Documentation/Projects/GDX_Development/Packages/com.dotbunny.gdx/GDX/Developer/Reports/Resource/Objects/TextureObjectInfo.cs" />
        <File uid="109" fullPath="D:/BuildAgent/work/GDX-Documentation/Projects/GDX_Development/Packages/com.dotbunny.gdx/GDX/Developer/Reports/BuildVerification/SimpleTestBehaviour.cs" />
        <File uid="110" fullPath="D:/BuildAgent/work/GDX-Documentation/Projects/GDX_Development/Packages/com.dotbunny.gdx/GDX/Developer/Reports/BuildVerification/TestRunner.cs" />
        <File uid="111" fullPath="D:/BuildAgent/work/GDX-Documentation/Projects/GDX_Development/Packages/com.dotbunny.gdx/GDX/Developer/Reports/BuildVerification/TestScene.cs" />
        <File uid="112" fullPath="D:/BuildAgent/work/GDX-Documentation/Projects/GDX_Development/Packages/com.dotbunny.gdx/GDX/Collections/ArrayHolder.cs" />
        <File uid="113" fullPath="D:/BuildAgent/work/GDX-Documentation/Projects/GDX_Development/Packages/com.dotbunny.gdx/GDX/Collections/BitArray128.cs" />
        <File uid="114" fullPath="D:/BuildAgent/work/GDX-Documentation/Projects/GDX_Development/Packages/com.dotbunny.gdx/GDX/Collections/BitArray16.cs" />
        <File uid="115" fullPath="D:/BuildAgent/work/GDX-Documentation/Projects/GDX_Development/Packages/com.dotbunny.gdx/GDX/Collections/BitArray256.cs" />
        <File uid="116" fullPath="D:/BuildAgent/work/GDX-Documentation/Projects/GDX_Development/Packages/com.dotbunny.gdx/GDX/Collections/BitArray32.cs" />
        <File uid="117" fullPath="D:/BuildAgent/work/GDX-Documentation/Projects/GDX_Development/Packages/com.dotbunny.gdx/GDX/Collections/BitArray512.cs" />
        <File uid="118" fullPath="D:/BuildAgent/work/GDX-Documentation/Projects/GDX_Development/Packages/com.dotbunny.gdx/GDX/Collections/BitArray64.cs" />
        <File uid="119" fullPath="D:/BuildAgent/work/GDX-Documentation/Projects/GDX_Development/Packages/com.dotbunny.gdx/GDX/Collections/BitArray8.cs" />
        <File uid="120" fullPath="D:/BuildAgent/work/GDX-Documentation/Projects/GDX_Development/Packages/com.dotbunny.gdx/GDX/Collections/FreeList.cs" />
        <File uid="121" fullPath="D:/BuildAgent/work/GDX-Documentation/Projects/GDX_Development/Packages/com.dotbunny.gdx/GDX/Collections/NativeArraySparseSet.cs" />
        <File uid="122" fullPath="D:/BuildAgent/work/GDX-Documentation/Projects/GDX_Development/Packages/com.dotbunny.gdx/GDX/Collections/SparseSet.cs" />
        <File uid="123" fullPath="D:/BuildAgent/work/GDX-Documentation/Projects/GDX_Development/Packages/com.dotbunny.gdx/GDX/Collections/UnsafeSparseSet.cs" />
        <File uid="124" fullPath="D:/BuildAgent/work/GDX-Documentation/Projects/GDX_Development/Packages/com.dotbunny.gdx/GDX/Collections/Pooling/ArrayPool.cs" />
        <File uid="125" fullPath="D:/BuildAgent/work/GDX-Documentation/Projects/GDX_Development/Packages/com.dotbunny.gdx/GDX/Collections/Pooling/GameObjectPool.cs" />
        <File uid="126" fullPath="D:/BuildAgent/work/GDX-Documentation/Projects/GDX_Development/Packages/com.dotbunny.gdx/GDX/Collections/Pooling/ManagedPoolBuilder.cs" />
        <File uid="127" fullPath="D:/BuildAgent/work/GDX-Documentation/Projects/GDX_Development/Packages/com.dotbunny.gdx/GDX/Collections/Pooling/ManagedPools.cs" />
        <File uid="128" fullPath="D:/BuildAgent/work/GDX-Documentation/Projects/GDX_Development/Packages/com.dotbunny.gdx/GDX/Collections/Pooling/SimpleListManagedPool.cs" />
        <File uid="129" fullPath="D:/BuildAgent/work/GDX-Documentation/Projects/GDX_Development/Packages/com.dotbunny.gdx/GDX/Collections/Generic/Array2D.cs" />
        <File uid="130" fullPath="D:/BuildAgent/work/GDX-Documentation/Projects/GDX_Development/Packages/com.dotbunny.gdx/GDX/Collections/Generic/Array3D.cs" />
        <File uid="131" fullPath="D:/BuildAgent/work/GDX-Documentation/Projects/GDX_Development/Packages/com.dotbunny.gdx/GDX/Collections/Generic/CircularBuffer.cs" />
        <File uid="132" fullPath="D:/BuildAgent/work/GDX-Documentation/Projects/GDX_Development/Packages/com.dotbunny.gdx/GDX/Collections/Generic/CoalesceArray.cs" />
        <File uid="133" fullPath="D:/BuildAgent/work/GDX-Documentation/Projects/GDX_Development/Packages/com.dotbunny.gdx/GDX/Collections/Generic/DictionaryPrimes.cs" />
        <File uid="134" fullPath="D:/BuildAgent/work/GDX-Documentation/Projects/GDX_Development/Packages/com.dotbunny.gdx/GDX/Collections/Generic/IntKeyDictionary.cs" />
        <File uid="135" fullPath="D:/BuildAgent/work/GDX-Documentation/Projects/GDX_Development/Packages/com.dotbunny.gdx/GDX/Collections/Generic/NativeArray2D.cs" />
        <File uid="136" fullPath="D:/BuildAgent/work/GDX-Documentation/Projects/GDX_Development/Packages/com.dotbunny.gdx/GDX/Collections/Generic/NativeArray3D.cs" />
        <File uid="137" fullPath="D:/BuildAgent/work/GDX-Documentation/Projects/GDX_Development/Packages/com.dotbunny.gdx/GDX/Collections/Generic/NativeUniformArray3D.cs" />
        <File uid="138" fullPath="D:/BuildAgent/work/GDX-Documentation/Projects/GDX_Development/Packages/com.dotbunny.gdx/GDX/Collections/Generic/SerializableDictionary.cs" />
        <File uid="139" fullPath="D:/BuildAgent/work/GDX-Documentation/Projects/GDX_Development/Packages/com.dotbunny.gdx/GDX/Collections/Generic/SimpleList.cs" />
        <File uid="140" fullPath="D:/BuildAgent/work/GDX-Documentation/Projects/GDX_Development/Packages/com.dotbunny.gdx/GDX/Collections/Generic/StringKeyDictionary.cs" />
        <File uid="141" fullPath="D:/BuildAgent/work/GDX-Documentation/Projects/GDX_Development/Packages/com.dotbunny.gdx/GDX/Collections/Generic/UniformArray3D.cs" />
        <File uid="142" fullPath="D:/BuildAgent/work/GDX-Documentation/Projects/GDX_Development/Packages/com.dotbunny.gdx/GDX/Threading/TaskExtensions.cs" />
        <File uid="143" fullPath="D:/BuildAgent/work/GDX-Documentation/Projects/GDX_Development/Packages/com.dotbunny.gdx/GDX/Threading/WaitFor.cs" />
        <File uid="144" fullPath="D:/BuildAgent/work/GDX-Documentation/Projects/GDX_Development/Packages/com.dotbunny.gdx/GDX/Threading/WaitWhile.cs" />
      </Files>
      <Classes>
        <Class>
          <Summary numSequencePoints="99" visitedSequencePoints="0" numBranchPoints="0" visitedBranchPoints="0" sequenceCoverage="0.0" branchCoverage="0.0" maxCyclomaticComplexity="3" minCyclomaticComplexity="1" maxCrapScore="12" minCrapScore="2" visitedClasses="0" numClasses="1" visitedMethods="0" numMethods="9" />
          <FullName>GDX.ArrayExtensions</FullName>
          <Methods>
            <Method visited="false" cyclomaticComplexity="1" nPathComplexity="0" sequenceCoverage="0.0" branchCoverage="0" crapScore="2" isConstructor="false" isStatic="true" isGetter="false" isSetter="false">
              <Summary numSequencePoints="3" visitedSequencePoints="0" numBranchPoints="0" visitedBranchPoints="0" sequenceCoverage="0.0" branchCoverage="0" maxCyclomaticComplexity="1" minCyclomaticComplexity="1" maxCrapScore="2" minCrapScore="2" visitedClasses="0" numClasses="0" visitedMethods="0" numMethods="1" />
              <MetadataToken>100663305</MetadataToken>
              <Name>static System.Void GDX.ArrayExtensions::Clear[T]()</Name>
              <FileRef uid="3" />
              <SequencePoints>
                <SequencePoint vc="0" uspid="5048787" ordinal="0" offset="0" sl="26" sc="0" el="26" ec="0" bec="0" bev="0" fileid="3">
                  <TrackedMethodRefs>
                    <TrackedMethodRef uid="0" vc="0" />
                  </TrackedMethodRefs>
                </SequencePoint>
                <SequencePoint vc="0" uspid="5048788" ordinal="0" offset="1" sl="27" sc="0" el="27" ec="0" bec="0" bev="0" fileid="3">
                  <TrackedMethodRefs>
                    <TrackedMethodRef uid="0" vc="0" />
                  </TrackedMethodRefs>
                </SequencePoint>
                <SequencePoint vc="0" uspid="5048789" ordinal="0" offset="12" sl="28" sc="0" el="28" ec="0" bec="0" bev="0" fileid="3">
                  <TrackedMethodRefs>
                    <TrackedMethodRef uid="0" vc="0" />
                  </TrackedMethodRefs>
                </SequencePoint>
              </SequencePoints>
              <BranchPoints />
            </Method>
            <Method visited="false" cyclomaticComplexity="3" nPathComplexity="0" sequenceCoverage="0.0" branchCoverage="0" crapScore="12" isConstructor="false" isStatic="true" isGetter="false" isSetter="false">
              <Summary numSequencePoints="12" visitedSequencePoints="0" numBranchPoints="0" visitedBranchPoints="0" sequenceCoverage="0.0" branchCoverage="0" maxCyclomaticComplexity="3" minCyclomaticComplexity="3" maxCrapScore="12" minCrapScore="12" visitedClasses="0" numClasses="0" visitedMethods="0" numMethods="1" />
              <MetadataToken>100663306</MetadataToken>
              <Name>static System.Boolean GDX.ArrayExtensions::ContainsItem[T](, T)</Name>
              <FileRef uid="3" />
              <SequencePoints>
                <SequencePoint vc="0" uspid="5048790" ordinal="0" offset="0" sl="39" sc="0" el="39" ec="0" bec="0" bev="0" fileid="3">
                  <TrackedMethodRefs>
                    <TrackedMethodRef uid="0" vc="0" />
                  </TrackedMethodRefs>
                </SequencePoint>
                <SequencePoint vc="0" uspid="5048791" ordinal="0" offset="1" sl="40" sc="0" el="40" ec="0" bec="0" bev="0" fileid="3">
                  <TrackedMethodRefs>
                    <TrackedMethodRef uid="0" vc="0" />
                  </TrackedMethodRefs>
                </SequencePoint>
                <SequencePoint vc="0" uspid="5048792" ordinal="0" offset="5" sl="41" sc="0" el="41" ec="0" bec="0" bev="0" fileid="3">
                  <TrackedMethodRefs>
                    <TrackedMethodRef uid="0" vc="0" />
                  </TrackedMethodRefs>
                </SequencePoint>
                <SequencePoint vc="0" uspid="5048793" ordinal="0" offset="9" sl="42" sc="0" el="42" ec="0" bec="0" bev="0" fileid="3">
                  <TrackedMethodRefs>
                    <TrackedMethodRef uid="0" vc="0" />
                  </TrackedMethodRefs>
                </SequencePoint>
                <SequencePoint vc="0" uspid="5048794" ordinal="0" offset="10" sl="43" sc="0" el="43" ec="0" bec="0" bev="0" fileid="3">
                  <TrackedMethodRefs>
                    <TrackedMethodRef uid="0" vc="0" />
                  </TrackedMethodRefs>
                </SequencePoint>
                <SequencePoint vc="0" uspid="5048795" ordinal="0" offset="34" sl="44" sc="0" el="44" ec="0" bec="0" bev="0" fileid="3">
                  <TrackedMethodRefs>
                    <TrackedMethodRef uid="0" vc="0" />
                  </TrackedMethodRefs>
                </SequencePoint>
                <SequencePoint vc="0" uspid="5048796" ordinal="0" offset="35" sl="45" sc="0" el="45" ec="0" bec="0" bev="0" fileid="3">
                  <TrackedMethodRefs>
                    <TrackedMethodRef uid="0" vc="0" />
                  </TrackedMethodRefs>
                </SequencePoint>
                <SequencePoint vc="0" uspid="5048797" ordinal="0" offset="39" sl="47" sc="0" el="47" ec="0" bec="0" bev="0" fileid="3">
                  <TrackedMethodRefs>
                    <TrackedMethodRef uid="0" vc="0" />
                  </TrackedMethodRefs>
                </SequencePoint>
                <SequencePoint vc="0" uspid="5048798" ordinal="0" offset="40" sl="41" sc="0" el="41" ec="0" bec="0" bev="0" fileid="3">
                  <TrackedMethodRefs>
                    <TrackedMethodRef uid="0" vc="0" />
                  </TrackedMethodRefs>
                </SequencePoint>
                <SequencePoint vc="0" uspid="5048799" ordinal="0" offset="44" sl="41" sc="0" el="41" ec="0" bec="0" bev="0" fileid="3">
                  <TrackedMethodRefs>
                    <TrackedMethodRef uid="0" vc="0" />
                  </TrackedMethodRefs>
                </SequencePoint>
                <SequencePoint vc="0" uspid="5048800" ordinal="0" offset="54" sl="48" sc="0" el="48" ec="0" bec="0" bev="0" fileid="3">
                  <TrackedMethodRefs>
                    <TrackedMethodRef uid="0" vc="0" />
                  </TrackedMethodRefs>
                </SequencePoint>
                <SequencePoint vc="0" uspid="5048801" ordinal="0" offset="58" sl="49" sc="0" el="49" ec="0" bec="0" bev="0" fileid="3">
                  <TrackedMethodRefs>
                    <TrackedMethodRef uid="0" vc="0" />
                  </TrackedMethodRefs>
                </SequencePoint>
              </SequencePoints>
              <BranchPoints />
            </Method>
            <Method visited="false" cyclomaticComplexity="3" nPathComplexity="0" sequenceCoverage="0.0" branchCoverage="0" crapScore="12" isConstructor="false" isStatic="true" isGetter="false" isSetter="false">
              <Summary numSequencePoints="12" visitedSequencePoints="0" numBranchPoints="0" visitedBranchPoints="0" sequenceCoverage="0.0" branchCoverage="0" maxCyclomaticComplexity="3" minCyclomaticComplexity="3" maxCrapScore="12" minCrapScore="12" visitedClasses="0" numClasses="0" visitedMethods="0" numMethods="1" />
              <MetadataToken>100663307</MetadataToken>
              <Name>static System.Boolean GDX.ArrayExtensions::ContainsReference[T](, T)</Name>
              <FileRef uid="3" />
              <SequencePoints>
                <SequencePoint vc="0" uspid="5048802" ordinal="0" offset="0" sl="61" sc="0" el="61" ec="0" bec="0" bev="0" fileid="3">
                  <TrackedMethodRefs>
                    <TrackedMethodRef uid="0" vc="0" />
                  </TrackedMethodRefs>
                </SequencePoint>
                <SequencePoint vc="0" uspid="5048803" ordinal="0" offset="1" sl="62" sc="0" el="62" ec="0" bec="0" bev="0" fileid="3">
                  <TrackedMethodRefs>
                    <TrackedMethodRef uid="0" vc="0" />
                  </TrackedMethodRefs>
                </SequencePoint>
                <SequencePoint vc="0" uspid="5048804" ordinal="0" offset="5" sl="63" sc="0" el="63" ec="0" bec="0" bev="0" fileid="3">
                  <TrackedMethodRefs>
                    <TrackedMethodRef uid="0" vc="0" />
                  </TrackedMethodRefs>
                </SequencePoint>
                <SequencePoint vc="0" uspid="5048805" ordinal="0" offset="9" sl="64" sc="0" el="64" ec="0" bec="0" bev="0" fileid="3">
                  <TrackedMethodRefs>
                    <TrackedMethodRef uid="0" vc="0" />
                  </TrackedMethodRefs>
                </SequencePoint>
                <SequencePoint vc="0" uspid="5048806" ordinal="0" offset="10" sl="67" sc="0" el="67" ec="0" bec="0" bev="0" fileid="3">
                  <TrackedMethodRefs>
                    <TrackedMethodRef uid="0" vc="0" />
                  </TrackedMethodRefs>
                </SequencePoint>
                <SequencePoint vc="0" uspid="5048807" ordinal="0" offset="34" sl="68" sc="0" el="68" ec="0" bec="0" bev="0" fileid="3">
                  <TrackedMethodRefs>
                    <TrackedMethodRef uid="0" vc="0" />
                  </TrackedMethodRefs>
                </SequencePoint>
                <SequencePoint vc="0" uspid="5048808" ordinal="0" offset="35" sl="69" sc="0" el="69" ec="0" bec="0" bev="0" fileid="3">
                  <TrackedMethodRefs>
                    <TrackedMethodRef uid="0" vc="0" />
                  </TrackedMethodRefs>
                </SequencePoint>
                <SequencePoint vc="0" uspid="5048809" ordinal="0" offset="39" sl="73" sc="0" el="73" ec="0" bec="0" bev="0" fileid="3">
                  <TrackedMethodRefs>
                    <TrackedMethodRef uid="0" vc="0" />
                  </TrackedMethodRefs>
                </SequencePoint>
                <SequencePoint vc="0" uspid="5048810" ordinal="0" offset="40" sl="63" sc="0" el="63" ec="0" bec="0" bev="0" fileid="3">
                  <TrackedMethodRefs>
                    <TrackedMethodRef uid="0" vc="0" />
                  </TrackedMethodRefs>
                </SequencePoint>
                <SequencePoint vc="0" uspid="5048811" ordinal="0" offset="44" sl="63" sc="0" el="63" ec="0" bec="0" bev="0" fileid="3">
                  <TrackedMethodRefs>
                    <TrackedMethodRef uid="0" vc="0" />
                  </TrackedMethodRefs>
                </SequencePoint>
                <SequencePoint vc="0" uspid="5048812" ordinal="0" offset="54" sl="74" sc="0" el="74" ec="0" bec="0" bev="0" fileid="3">
                  <TrackedMethodRefs>
                    <TrackedMethodRef uid="0" vc="0" />
                  </TrackedMethodRefs>
                </SequencePoint>
                <SequencePoint vc="0" uspid="5048813" ordinal="0" offset="58" sl="75" sc="0" el="75" ec="0" bec="0" bev="0" fileid="3">
                  <TrackedMethodRefs>
                    <TrackedMethodRef uid="0" vc="0" />
                  </TrackedMethodRefs>
                </SequencePoint>
              </SequencePoints>
              <BranchPoints />
            </Method>
            <Method visited="false" cyclomaticComplexity="3" nPathComplexity="0" sequenceCoverage="0.0" branchCoverage="0" crapScore="12" isConstructor="false" isStatic="true" isGetter="false" isSetter="false">
              <Summary numSequencePoints="12" visitedSequencePoints="0" numBranchPoints="0" visitedBranchPoints="0" sequenceCoverage="0.0" branchCoverage="0" maxCyclomaticComplexity="3" minCyclomaticComplexity="3" maxCrapScore="12" minCrapScore="12" visitedClasses="0" numClasses="0" visitedMethods="0" numMethods="1" />
              <MetadataToken>100663308</MetadataToken>
              <Name>static System.Boolean GDX.ArrayExtensions::ContainsValue[T](, T)</Name>
              <FileRef uid="3" />
              <SequencePoints>
                <SequencePoint vc="0" uspid="5048814" ordinal="0" offset="0" sl="86" sc="0" el="86" ec="0" bec="0" bev="0" fileid="3">
                  <TrackedMethodRefs>
                    <TrackedMethodRef uid="0" vc="0" />
                  </TrackedMethodRefs>
                </SequencePoint>
                <SequencePoint vc="0" uspid="5048815" ordinal="0" offset="1" sl="87" sc="0" el="87" ec="0" bec="0" bev="0" fileid="3">
                  <TrackedMethodRefs>
                    <TrackedMethodRef uid="0" vc="0" />
                  </TrackedMethodRefs>
                </SequencePoint>
                <SequencePoint vc="0" uspid="5048816" ordinal="0" offset="5" sl="88" sc="0" el="88" ec="0" bec="0" bev="0" fileid="3">
                  <TrackedMethodRefs>
                    <TrackedMethodRef uid="0" vc="0" />
                  </TrackedMethodRefs>
                </SequencePoint>
                <SequencePoint vc="0" uspid="5048817" ordinal="0" offset="9" sl="89" sc="0" el="89" ec="0" bec="0" bev="0" fileid="3">
                  <TrackedMethodRefs>
                    <TrackedMethodRef uid="0" vc="0" />
                  </TrackedMethodRefs>
                </SequencePoint>
                <SequencePoint vc="0" uspid="5048818" ordinal="0" offset="10" sl="90" sc="0" el="90" ec="0" bec="0" bev="0" fileid="3">
                  <TrackedMethodRefs>
                    <TrackedMethodRef uid="0" vc="0" />
                  </TrackedMethodRefs>
                </SequencePoint>
                <SequencePoint vc="0" uspid="5048819" ordinal="0" offset="35" sl="91" sc="0" el="91" ec="0" bec="0" bev="0" fileid="3">
                  <TrackedMethodRefs>
                    <TrackedMethodRef uid="0" vc="0" />
                  </TrackedMethodRefs>
                </SequencePoint>
                <SequencePoint vc="0" uspid="5048820" ordinal="0" offset="36" sl="92" sc="0" el="92" ec="0" bec="0" bev="0" fileid="3">
                  <TrackedMethodRefs>
                    <TrackedMethodRef uid="0" vc="0" />
                  </TrackedMethodRefs>
                </SequencePoint>
                <SequencePoint vc="0" uspid="5048821" ordinal="0" offset="40" sl="94" sc="0" el="94" ec="0" bec="0" bev="0" fileid="3">
                  <TrackedMethodRefs>
                    <TrackedMethodRef uid="0" vc="0" />
                  </TrackedMethodRefs>
                </SequencePoint>
                <SequencePoint vc="0" uspid="5048822" ordinal="0" offset="41" sl="88" sc="0" el="88" ec="0" bec="0" bev="0" fileid="3">
                  <TrackedMethodRefs>
                    <TrackedMethodRef uid="0" vc="0" />
                  </TrackedMethodRefs>
                </SequencePoint>
                <SequencePoint vc="0" uspid="5048823" ordinal="0" offset="45" sl="88" sc="0" el="88" ec="0" bec="0" bev="0" fileid="3">
                  <TrackedMethodRefs>
                    <TrackedMethodRef uid="0" vc="0" />
                  </TrackedMethodRefs>
                </SequencePoint>
                <SequencePoint vc="0" uspid="5048824" ordinal="0" offset="55" sl="95" sc="0" el="95" ec="0" bec="0" bev="0" fileid="3">
                  <TrackedMethodRefs>
                    <TrackedMethodRef uid="0" vc="0" />
                  </TrackedMethodRefs>
                </SequencePoint>
                <SequencePoint vc="0" uspid="5048825" ordinal="0" offset="59" sl="96" sc="0" el="96" ec="0" bec="0" bev="0" fileid="3">
                  <TrackedMethodRefs>
                    <TrackedMethodRef uid="0" vc="0" />
                  </TrackedMethodRefs>
                </SequencePoint>
              </SequencePoints>
              <BranchPoints />
            </Method>
            <Method visited="false" cyclomaticComplexity="3" nPathComplexity="0" sequenceCoverage="0.0" branchCoverage="0" crapScore="12" isConstructor="false" isStatic="true" isGetter="false" isSetter="false">
              <Summary numSequencePoints="12" visitedSequencePoints="0" numBranchPoints="0" visitedBranchPoints="0" sequenceCoverage="0.0" branchCoverage="0" maxCyclomaticComplexity="3" minCyclomaticComplexity="3" maxCrapScore="12" minCrapScore="12" visitedClasses="0" numClasses="0" visitedMethods="0" numMethods="1" />
              <MetadataToken>100663309</MetadataToken>
              <Name>static System.Int32 GDX.ArrayExtensions::FirstIndexOf[T](, T)</Name>
              <FileRef uid="3" />
              <SequencePoints>
                <SequencePoint vc="0" uspid="5048826" ordinal="0" offset="0" sl="107" sc="0" el="107" ec="0" bec="0" bev="0" fileid="3">
                  <TrackedMethodRefs>
                    <TrackedMethodRef uid="0" vc="0" />
                  </TrackedMethodRefs>
                </SequencePoint>
                <SequencePoint vc="0" uspid="5048827" ordinal="0" offset="1" sl="108" sc="0" el="108" ec="0" bec="0" bev="0" fileid="3">
                  <TrackedMethodRefs>
                    <TrackedMethodRef uid="0" vc="0" />
                  </TrackedMethodRefs>
                </SequencePoint>
                <SequencePoint vc="0" uspid="5048828" ordinal="0" offset="5" sl="109" sc="0" el="109" ec="0" bec="0" bev="0" fileid="3">
                  <TrackedMethodRefs>
                    <TrackedMethodRef uid="0" vc="0" />
                  </TrackedMethodRefs>
                </SequencePoint>
                <SequencePoint vc="0" uspid="5048829" ordinal="0" offset="9" sl="110" sc="0" el="110" ec="0" bec="0" bev="0" fileid="3">
                  <TrackedMethodRefs>
                    <TrackedMethodRef uid="0" vc="0" />
                  </TrackedMethodRefs>
                </SequencePoint>
                <SequencePoint vc="0" uspid="5048830" ordinal="0" offset="10" sl="111" sc="0" el="111" ec="0" bec="0" bev="0" fileid="3">
                  <TrackedMethodRefs>
                    <TrackedMethodRef uid="0" vc="0" />
                  </TrackedMethodRefs>
                </SequencePoint>
                <SequencePoint vc="0" uspid="5048831" ordinal="0" offset="35" sl="112" sc="0" el="112" ec="0" bec="0" bev="0" fileid="3">
                  <TrackedMethodRefs>
                    <TrackedMethodRef uid="0" vc="0" />
                  </TrackedMethodRefs>
                </SequencePoint>
                <SequencePoint vc="0" uspid="5048832" ordinal="0" offset="36" sl="113" sc="0" el="113" ec="0" bec="0" bev="0" fileid="3">
                  <TrackedMethodRefs>
                    <TrackedMethodRef uid="0" vc="0" />
                  </TrackedMethodRefs>
                </SequencePoint>
                <SequencePoint vc="0" uspid="5048833" ordinal="0" offset="40" sl="115" sc="0" el="115" ec="0" bec="0" bev="0" fileid="3">
                  <TrackedMethodRefs>
                    <TrackedMethodRef uid="0" vc="0" />
                  </TrackedMethodRefs>
                </SequencePoint>
                <SequencePoint vc="0" uspid="5048834" ordinal="0" offset="41" sl="109" sc="0" el="109" ec="0" bec="0" bev="0" fileid="3">
                  <TrackedMethodRefs>
                    <TrackedMethodRef uid="0" vc="0" />
                  </TrackedMethodRefs>
                </SequencePoint>
                <SequencePoint vc="0" uspid="5048835" ordinal="0" offset="45" sl="109" sc="0" el="109" ec="0" bec="0" bev="0" fileid="3">
                  <TrackedMethodRefs>
                    <TrackedMethodRef uid="0" vc="0" />
                  </TrackedMethodRefs>
                </SequencePoint>
                <SequencePoint vc="0" uspid="5048836" ordinal="0" offset="55" sl="116" sc="0" el="116" ec="0" bec="0" bev="0" fileid="3">
                  <TrackedMethodRefs>
                    <TrackedMethodRef uid="0" vc="0" />
                  </TrackedMethodRefs>
                </SequencePoint>
                <SequencePoint vc="0" uspid="5048837" ordinal="0" offset="59" sl="117" sc="0" el="117" ec="0" bec="0" bev="0" fileid="3">
                  <TrackedMethodRefs>
                    <TrackedMethodRef uid="0" vc="0" />
                  </TrackedMethodRefs>
                </SequencePoint>
              </SequencePoints>
              <BranchPoints />
            </Method>
            <Method visited="false" cyclomaticComplexity="3" nPathComplexity="0" sequenceCoverage="0.0" branchCoverage="0" crapScore="12" isConstructor="false" isStatic="true" isGetter="false" isSetter="false">
              <Summary numSequencePoints="12" visitedSequencePoints="0" numBranchPoints="0" visitedBranchPoints="0" sequenceCoverage="0.0" branchCoverage="0" maxCyclomaticComplexity="3" minCyclomaticComplexity="3" maxCrapScore="12" minCrapScore="12" visitedClasses="0" numClasses="0" visitedMethods="0" numMethods="1" />
              <MetadataToken>100663310</MetadataToken>
              <Name>static System.Int32 GDX.ArrayExtensions::FirstIndexOfItem[T](, T)</Name>
              <FileRef uid="3" />
              <SequencePoints>
                <SequencePoint vc="0" uspid="5048838" ordinal="0" offset="0" sl="128" sc="0" el="128" ec="0" bec="0" bev="0" fileid="3">
                  <TrackedMethodRefs>
                    <TrackedMethodRef uid="0" vc="0" />
                  </TrackedMethodRefs>
                </SequencePoint>
                <SequencePoint vc="0" uspid="5048839" ordinal="0" offset="1" sl="129" sc="0" el="129" ec="0" bec="0" bev="0" fileid="3">
                  <TrackedMethodRefs>
                    <TrackedMethodRef uid="0" vc="0" />
                  </TrackedMethodRefs>
                </SequencePoint>
                <SequencePoint vc="0" uspid="5048840" ordinal="0" offset="5" sl="130" sc="0" el="130" ec="0" bec="0" bev="0" fileid="3">
                  <TrackedMethodRefs>
                    <TrackedMethodRef uid="0" vc="0" />
                  </TrackedMethodRefs>
                </SequencePoint>
                <SequencePoint vc="0" uspid="5048841" ordinal="0" offset="9" sl="131" sc="0" el="131" ec="0" bec="0" bev="0" fileid="3">
                  <TrackedMethodRefs>
                    <TrackedMethodRef uid="0" vc="0" />
                  </TrackedMethodRefs>
                </SequencePoint>
                <SequencePoint vc="0" uspid="5048842" ordinal="0" offset="10" sl="132" sc="0" el="132" ec="0" bec="0" bev="0" fileid="3">
                  <TrackedMethodRefs>
                    <TrackedMethodRef uid="0" vc="0" />
                  </TrackedMethodRefs>
                </SequencePoint>
                <SequencePoint vc="0" uspid="5048843" ordinal="0" offset="34" sl="133" sc="0" el="133" ec="0" bec="0" bev="0" fileid="3">
                  <TrackedMethodRefs>
                    <TrackedMethodRef uid="0" vc="0" />
                  </TrackedMethodRefs>
                </SequencePoint>
                <SequencePoint vc="0" uspid="5048844" ordinal="0" offset="35" sl="134" sc="0" el="134" ec="0" bec="0" bev="0" fileid="3">
                  <TrackedMethodRefs>
                    <TrackedMethodRef uid="0" vc="0" />
                  </TrackedMethodRefs>
                </SequencePoint>
                <SequencePoint vc="0" uspid="5048845" ordinal="0" offset="39" sl="136" sc="0" el="136" ec="0" bec="0" bev="0" fileid="3">
                  <TrackedMethodRefs>
                    <TrackedMethodRef uid="0" vc="0" />
                  </TrackedMethodRefs>
                </SequencePoint>
                <SequencePoint vc="0" uspid="5048846" ordinal="0" offset="40" sl="130" sc="0" el="130" ec="0" bec="0" bev="0" fileid="3">
                  <TrackedMethodRefs>
                    <TrackedMethodRef uid="0" vc="0" />
                  </TrackedMethodRefs>
                </SequencePoint>
                <SequencePoint vc="0" uspid="5048847" ordinal="0" offset="44" sl="130" sc="0" el="130" ec="0" bec="0" bev="0" fileid="3">
                  <TrackedMethodRefs>
                    <TrackedMethodRef uid="0" vc="0" />
                  </TrackedMethodRefs>
                </SequencePoint>
                <SequencePoint vc="0" uspid="5048848" ordinal="0" offset="54" sl="137" sc="0" el="137" ec="0" bec="0" bev="0" fileid="3">
                  <TrackedMethodRefs>
                    <TrackedMethodRef uid="0" vc="0" />
                  </TrackedMethodRefs>
                </SequencePoint>
                <SequencePoint vc="0" uspid="5048849" ordinal="0" offset="58" sl="138" sc="0" el="138" ec="0" bec="0" bev="0" fileid="3">
                  <TrackedMethodRefs>
                    <TrackedMethodRef uid="0" vc="0" />
                  </TrackedMethodRefs>
                </SequencePoint>
              </SequencePoints>
              <BranchPoints />
            </Method>
            <Method visited="false" cyclomaticComplexity="3" nPathComplexity="0" sequenceCoverage="0.0" branchCoverage="0" crapScore="12" isConstructor="false" isStatic="true" isGetter="false" isSetter="false">
              <Summary numSequencePoints="12" visitedSequencePoints="0" numBranchPoints="0" visitedBranchPoints="0" sequenceCoverage="0.0" branchCoverage="0" maxCyclomaticComplexity="3" minCyclomaticComplexity="3" maxCrapScore="12" minCrapScore="12" visitedClasses="0" numClasses="0" visitedMethods="0" numMethods="1" />
              <MetadataToken>100663311</MetadataToken>
              <Name>static System.Int32 GDX.ArrayExtensions::FirstIndexOfValue[T](, T)</Name>
              <FileRef uid="3" />
              <SequencePoints>
                <SequencePoint vc="0" uspid="5048850" ordinal="0" offset="0" sl="148" sc="0" el="148" ec="0" bec="0" bev="0" fileid="3">
                  <TrackedMethodRefs>
                    <TrackedMethodRef uid="0" vc="0" />
                  </TrackedMethodRefs>
                </SequencePoint>
                <SequencePoint vc="0" uspid="5048851" ordinal="0" offset="1" sl="149" sc="0" el="149" ec="0" bec="0" bev="0" fileid="3">
                  <TrackedMethodRefs>
                    <TrackedMethodRef uid="0" vc="0" />
                  </TrackedMethodRefs>
                </SequencePoint>
                <SequencePoint vc="0" uspid="5048852" ordinal="0" offset="5" sl="150" sc="0" el="150" ec="0" bec="0" bev="0" fileid="3">
                  <TrackedMethodRefs>
                    <TrackedMethodRef uid="0" vc="0" />
                  </TrackedMethodRefs>
                </SequencePoint>
                <SequencePoint vc="0" uspid="5048853" ordinal="0" offset="9" sl="151" sc="0" el="151" ec="0" bec="0" bev="0" fileid="3">
                  <TrackedMethodRefs>
                    <TrackedMethodRef uid="0" vc="0" />
                  </TrackedMethodRefs>
                </SequencePoint>
                <SequencePoint vc="0" uspid="5048854" ordinal="0" offset="10" sl="152" sc="0" el="152" ec="0" bec="0" bev="0" fileid="3">
                  <TrackedMethodRefs>
                    <TrackedMethodRef uid="0" vc="0" />
                  </TrackedMethodRefs>
                </SequencePoint>
                <SequencePoint vc="0" uspid="5048855" ordinal="0" offset="40" sl="153" sc="0" el="153" ec="0" bec="0" bev="0" fileid="3">
                  <TrackedMethodRefs>
                    <TrackedMethodRef uid="0" vc="0" />
                  </TrackedMethodRefs>
                </SequencePoint>
                <SequencePoint vc="0" uspid="5048856" ordinal="0" offset="41" sl="154" sc="0" el="154" ec="0" bec="0" bev="0" fileid="3">
                  <TrackedMethodRefs>
                    <TrackedMethodRef uid="0" vc="0" />
                  </TrackedMethodRefs>
                </SequencePoint>
                <SequencePoint vc="0" uspid="5048857" ordinal="0" offset="45" sl="156" sc="0" el="156" ec="0" bec="0" bev="0" fileid="3">
                  <TrackedMethodRefs>
                    <TrackedMethodRef uid="0" vc="0" />
                  </TrackedMethodRefs>
                </SequencePoint>
                <SequencePoint vc="0" uspid="5048858" ordinal="0" offset="46" sl="150" sc="0" el="150" ec="0" bec="0" bev="0" fileid="3">
                  <TrackedMethodRefs>
                    <TrackedMethodRef uid="0" vc="0" />
                  </TrackedMethodRefs>
                </SequencePoint>
                <SequencePoint vc="0" uspid="5048859" ordinal="0" offset="50" sl="150" sc="0" el="150" ec="0" bec="0" bev="0" fileid="3">
                  <TrackedMethodRefs>
                    <TrackedMethodRef uid="0" vc="0" />
                  </TrackedMethodRefs>
                </SequencePoint>
                <SequencePoint vc="0" uspid="5048860" ordinal="0" offset="60" sl="158" sc="0" el="158" ec="0" bec="0" bev="0" fileid="3">
                  <TrackedMethodRefs>
                    <TrackedMethodRef uid="0" vc="0" />
                  </TrackedMethodRefs>
                </SequencePoint>
                <SequencePoint vc="0" uspid="5048861" ordinal="0" offset="64" sl="159" sc="0" el="159" ec="0" bec="0" bev="0" fileid="3">
                  <TrackedMethodRefs>
                    <TrackedMethodRef uid="0" vc="0" />
                  </TrackedMethodRefs>
                </SequencePoint>
              </SequencePoints>
              <BranchPoints />
            </Method>
            <Method visited="false" cyclomaticComplexity="3" nPathComplexity="0" sequenceCoverage="0.0" branchCoverage="0" crapScore="12" isConstructor="false" isStatic="true" isGetter="false" isSetter="false">
              <Summary numSequencePoints="12" visitedSequencePoints="0" numBranchPoints="0" visitedBranchPoints="0" sequenceCoverage="0.0" branchCoverage="0" maxCyclomaticComplexity="3" minCyclomaticComplexity="3" maxCrapScore="12" minCrapScore="12" visitedClasses="0" numClasses="0" visitedMethods="0" numMethods="1" />
              <MetadataToken>100663312</MetadataToken>
              <Name>static System.Int32 GDX.ArrayExtensions::LastIndexOf[T](, T)</Name>
              <FileRef uid="3" />
              <SequencePoints>
                <SequencePoint vc="0" uspid="5048862" ordinal="0" offset="0" sl="170" sc="0" el="170" ec="0" bec="0" bev="0" fileid="3">
                  <TrackedMethodRefs>
                    <TrackedMethodRef uid="0" vc="0" />
                  </TrackedMethodRefs>
                </SequencePoint>
                <SequencePoint vc="0" uspid="5048863" ordinal="0" offset="1" sl="171" sc="0" el="171" ec="0" bec="0" bev="0" fileid="3">
                  <TrackedMethodRefs>
                    <TrackedMethodRef uid="0" vc="0" />
                  </TrackedMethodRefs>
                </SequencePoint>
                <SequencePoint vc="0" uspid="5048864" ordinal="0" offset="5" sl="172" sc="0" el="172" ec="0" bec="0" bev="0" fileid="3">
                  <TrackedMethodRefs>
                    <TrackedMethodRef uid="0" vc="0" />
                  </TrackedMethodRefs>
                </SequencePoint>
                <SequencePoint vc="0" uspid="5048865" ordinal="0" offset="11" sl="173" sc="0" el="173" ec="0" bec="0" bev="0" fileid="3">
                  <TrackedMethodRefs>
                    <TrackedMethodRef uid="0" vc="0" />
                  </TrackedMethodRefs>
                </SequencePoint>
                <SequencePoint vc="0" uspid="5048866" ordinal="0" offset="12" sl="174" sc="0" el="174" ec="0" bec="0" bev="0" fileid="3">
                  <TrackedMethodRefs>
                    <TrackedMethodRef uid="0" vc="0" />
                  </TrackedMethodRefs>
                </SequencePoint>
                <SequencePoint vc="0" uspid="5048867" ordinal="0" offset="37" sl="175" sc="0" el="175" ec="0" bec="0" bev="0" fileid="3">
                  <TrackedMethodRefs>
                    <TrackedMethodRef uid="0" vc="0" />
                  </TrackedMethodRefs>
                </SequencePoint>
                <SequencePoint vc="0" uspid="5048868" ordinal="0" offset="38" sl="176" sc="0" el="176" ec="0" bec="0" bev="0" fileid="3">
                  <TrackedMethodRefs>
                    <TrackedMethodRef uid="0" vc="0" />
                  </TrackedMethodRefs>
                </SequencePoint>
                <SequencePoint vc="0" uspid="5048869" ordinal="0" offset="42" sl="178" sc="0" el="178" ec="0" bec="0" bev="0" fileid="3">
                  <TrackedMethodRefs>
                    <TrackedMethodRef uid="0" vc="0" />
                  </TrackedMethodRefs>
                </SequencePoint>
                <SequencePoint vc="0" uspid="5048870" ordinal="0" offset="43" sl="172" sc="0" el="172" ec="0" bec="0" bev="0" fileid="3">
                  <TrackedMethodRefs>
                    <TrackedMethodRef uid="0" vc="0" />
                  </TrackedMethodRefs>
                </SequencePoint>
                <SequencePoint vc="0" uspid="5048871" ordinal="0" offset="47" sl="172" sc="0" el="172" ec="0" bec="0" bev="0" fileid="3">
                  <TrackedMethodRefs>
                    <TrackedMethodRef uid="0" vc="0" />
                  </TrackedMethodRefs>
                </SequencePoint>
                <SequencePoint vc="0" uspid="5048872" ordinal="0" offset="60" sl="180" sc="0" el="180" ec="0" bec="0" bev="0" fileid="3">
                  <TrackedMethodRefs>
                    <TrackedMethodRef uid="0" vc="0" />
                  </TrackedMethodRefs>
                </SequencePoint>
                <SequencePoint vc="0" uspid="5048873" ordinal="0" offset="64" sl="181" sc="0" el="181" ec="0" bec="0" bev="0" fileid="3">
                  <TrackedMethodRefs>
                    <TrackedMethodRef uid="0" vc="0" />
                  </TrackedMethodRefs>
                </SequencePoint>
              </SequencePoints>
              <BranchPoints />
            </Method>
            <Method visited="false" cyclomaticComplexity="3" nPathComplexity="0" sequenceCoverage="0.0" branchCoverage="0" crapScore="12" isConstructor="false" isStatic="true" isGetter="false" isSetter="false">
              <Summary numSequencePoints="12" visitedSequencePoints="0" numBranchPoints="0" visitedBranchPoints="0" sequenceCoverage="0.0" branchCoverage="0" maxCyclomaticComplexity="3" minCyclomaticComplexity="3" maxCrapScore="12" minCrapScore="12" visitedClasses="0" numClasses="0" visitedMethods="0" numMethods="1" />
              <MetadataToken>100663314</MetadataToken>
              <Name>static System.Int32 GDX.ArrayExtensions::LastIndexOfValue[T](, T)</Name>
              <FileRef uid="3" />
              <SequencePoints>
                <SequencePoint vc="0" uspid="5048886" ordinal="0" offset="0" sl="212" sc="0" el="212" ec="0" bec="0" bev="0" fileid="3">
                  <TrackedMethodRefs>
                    <TrackedMethodRef uid="0" vc="0" />
                  </TrackedMethodRefs>
                </SequencePoint>
                <SequencePoint vc="0" uspid="5048887" ordinal="0" offset="1" sl="213" sc="0" el="213" ec="0" bec="0" bev="0" fileid="3">
                  <TrackedMethodRefs>
                    <TrackedMethodRef uid="0" vc="0" />
                  </TrackedMethodRefs>
                </SequencePoint>
                <SequencePoint vc="0" uspid="5048888" ordinal="0" offset="5" sl="214" sc="0" el="214" ec="0" bec="0" bev="0" fileid="3">
                  <TrackedMethodRefs>
                    <TrackedMethodRef uid="0" vc="0" />
                  </TrackedMethodRefs>
                </SequencePoint>
                <SequencePoint vc="0" uspid="5048889" ordinal="0" offset="11" sl="215" sc="0" el="215" ec="0" bec="0" bev="0" fileid="3">
                  <TrackedMethodRefs>
                    <TrackedMethodRef uid="0" vc="0" />
                  </TrackedMethodRefs>
                </SequencePoint>
                <SequencePoint vc="0" uspid="5048890" ordinal="0" offset="12" sl="216" sc="0" el="216" ec="0" bec="0" bev="0" fileid="3">
                  <TrackedMethodRefs>
                    <TrackedMethodRef uid="0" vc="0" />
                  </TrackedMethodRefs>
                </SequencePoint>
                <SequencePoint vc="0" uspid="5048891" ordinal="0" offset="42" sl="217" sc="0" el="217" ec="0" bec="0" bev="0" fileid="3">
                  <TrackedMethodRefs>
                    <TrackedMethodRef uid="0" vc="0" />
                  </TrackedMethodRefs>
                </SequencePoint>
                <SequencePoint vc="0" uspid="5048892" ordinal="0" offset="43" sl="218" sc="0" el="218" ec="0" bec="0" bev="0" fileid="3">
                  <TrackedMethodRefs>
                    <TrackedMethodRef uid="0" vc="0" />
                  </TrackedMethodRefs>
                </SequencePoint>
                <SequencePoint vc="0" uspid="5048893" ordinal="0" offset="47" sl="220" sc="0" el="220" ec="0" bec="0" bev="0" fileid="3">
                  <TrackedMethodRefs>
                    <TrackedMethodRef uid="0" vc="0" />
                  </TrackedMethodRefs>
                </SequencePoint>
                <SequencePoint vc="0" uspid="5048894" ordinal="0" offset="48" sl="214" sc="0" el="214" ec="0" bec="0" bev="0" fileid="3">
                  <TrackedMethodRefs>
                    <TrackedMethodRef uid="0" vc="0" />
                  </TrackedMethodRefs>
                </SequencePoint>
                <SequencePoint vc="0" uspid="5048895" ordinal="0" offset="52" sl="214" sc="0" el="214" ec="0" bec="0" bev="0" fileid="3">
                  <TrackedMethodRefs>
                    <TrackedMethodRef uid="0" vc="0" />
                  </TrackedMethodRefs>
                </SequencePoint>
                <SequencePoint vc="0" uspid="5048896" ordinal="0" offset="65" sl="222" sc="0" el="222" ec="0" bec="0" bev="0" fileid="3">
                  <TrackedMethodRefs>
                    <TrackedMethodRef uid="0" vc="0" />
                  </TrackedMethodRefs>
                </SequencePoint>
                <SequencePoint vc="0" uspid="5048897" ordinal="0" offset="69" sl="223" sc="0" el="223" ec="0" bec="0" bev="0" fileid="3">
                  <TrackedMethodRefs>
                    <TrackedMethodRef uid="0" vc="0" />
                  </TrackedMethodRefs>
                </SequencePoint>
              </SequencePoints>
              <BranchPoints />
            </Method>
          </Methods>
        </Class>
        <Class>
          <Summary numSequencePoints="16" visitedSequencePoints="0" numBranchPoints="0" visitedBranchPoints="0" sequenceCoverage="0.0" branchCoverage="0.0" maxCyclomaticComplexity="3" minCyclomaticComplexity="1" maxCrapScore="12" minCrapScore="2" visitedClasses="0" numClasses="1" visitedMethods="0" numMethods="2" />
          <FullName>GDX.EnumExtensions</FullName>
          <Methods>
            <Method visited="false" cyclomaticComplexity="3" nPathComplexity="0" sequenceCoverage="0.0" branchCoverage="0" crapScore="12" isConstructor="false" isStatic="true" isGetter="false" isSetter="false">
              <Summary numSequencePoints="13" visitedSequencePoints="0" numBranchPoints="0" visitedBranchPoints="0" sequenceCoverage="0.0" branchCoverage="0" maxCyclomaticComplexity="3" minCyclomaticComplexity="3" maxCrapScore="12" minCrapScore="12" visitedClasses="0" numClasses="0" visitedMethods="0" numMethods="1" />
              <MetadataToken>100663330</MetadataToken>
              <Name>static System.Boolean GDX.EnumExtensions::HasFlags[T](, )</Name>
              <FileRef uid="11" />
              <SequencePoints>
                <SequencePoint vc="0" uspid="5049036" ordinal="0" offset="0" sl="25" sc="0" el="25" ec="0" bec="0" bev="0" fileid="11">
                  <TrackedMethodRefs>
                    <TrackedMethodRef uid="0" vc="0" />
                  </TrackedMethodRefs>
                </SequencePoint>
                <SequencePoint vc="0" uspid="5049037" ordinal="0" offset="1" sl="26" sc="0" el="26" ec="0" bec="0" bev="0" fileid="11">
                  <TrackedMethodRefs>
                    <TrackedMethodRef uid="0" vc="0" />
                  </TrackedMethodRefs>
                </SequencePoint>
                <SequencePoint vc="0" uspid="5049038" ordinal="0" offset="3" sl="27" sc="0" el="27" ec="0" bec="0" bev="0" fileid="11">
                  <TrackedMethodRefs>
                    <TrackedMethodRef uid="0" vc="0" />
                  </TrackedMethodRefs>
                </SequencePoint>
                <SequencePoint vc="0" uspid="5049039" ordinal="0" offset="5" sl="29" sc="0" el="29" ec="0" bec="0" bev="0" fileid="11">
                  <TrackedMethodRefs>
                    <TrackedMethodRef uid="0" vc="0" />
                  </TrackedMethodRefs>
                </SequencePoint>
                <SequencePoint vc="0" uspid="5049040" ordinal="0" offset="9" sl="30" sc="0" el="30" ec="0" bec="0" bev="0" fileid="11">
                  <TrackedMethodRefs>
                    <TrackedMethodRef uid="0" vc="0" />
                  </TrackedMethodRefs>
                </SequencePoint>
                <SequencePoint vc="0" uspid="5049041" ordinal="0" offset="10" sl="31" sc="0" el="31" ec="0" bec="0" bev="0" fileid="11">
                  <TrackedMethodRefs>
                    <TrackedMethodRef uid="0" vc="0" />
                  </TrackedMethodRefs>
                </SequencePoint>
                <SequencePoint vc="0" uspid="5049042" ordinal="0" offset="32" sl="32" sc="0" el="32" ec="0" bec="0" bev="0" fileid="11">
                  <TrackedMethodRefs>
                    <TrackedMethodRef uid="0" vc="0" />
                  </TrackedMethodRefs>
                </SequencePoint>
                <SequencePoint vc="0" uspid="5049043" ordinal="0" offset="33" sl="33" sc="0" el="33" ec="0" bec="0" bev="0" fileid="11">
                  <TrackedMethodRefs>
                    <TrackedMethodRef uid="0" vc="0" />
                  </TrackedMethodRefs>
                </SequencePoint>
                <SequencePoint vc="0" uspid="5049044" ordinal="0" offset="38" sl="35" sc="0" el="35" ec="0" bec="0" bev="0" fileid="11">
                  <TrackedMethodRefs>
                    <TrackedMethodRef uid="0" vc="0" />
                  </TrackedMethodRefs>
                </SequencePoint>
                <SequencePoint vc="0" uspid="5049045" ordinal="0" offset="39" sl="29" sc="0" el="29" ec="0" bec="0" bev="0" fileid="11">
                  <TrackedMethodRefs>
                    <TrackedMethodRef uid="0" vc="0" />
                  </TrackedMethodRefs>
                </SequencePoint>
                <SequencePoint vc="0" uspid="5049046" ordinal="0" offset="43" sl="29" sc="0" el="29" ec="0" bec="0" bev="0" fileid="11">
                  <TrackedMethodRefs>
                    <TrackedMethodRef uid="0" vc="0" />
                  </TrackedMethodRefs>
                </SequencePoint>
                <SequencePoint vc="0" uspid="5049047" ordinal="0" offset="58" sl="37" sc="0" el="37" ec="0" bec="0" bev="0" fileid="11">
                  <TrackedMethodRefs>
                    <TrackedMethodRef uid="0" vc="0" />
                  </TrackedMethodRefs>
                </SequencePoint>
                <SequencePoint vc="0" uspid="5049048" ordinal="0" offset="63" sl="38" sc="0" el="38" ec="0" bec="0" bev="0" fileid="11">
                  <TrackedMethodRefs>
                    <TrackedMethodRef uid="0" vc="0" />
                  </TrackedMethodRefs>
                </SequencePoint>
              </SequencePoints>
              <BranchPoints />
            </Method>
            <Method visited="false" cyclomaticComplexity="1" nPathComplexity="0" sequenceCoverage="0.0" branchCoverage="0" crapScore="2" isConstructor="false" isStatic="true" isGetter="false" isSetter="false">
              <Summary numSequencePoints="3" visitedSequencePoints="0" numBranchPoints="0" visitedBranchPoints="0" sequenceCoverage="0.0" branchCoverage="0" maxCyclomaticComplexity="1" minCyclomaticComplexity="1" maxCrapScore="2" minCrapScore="2" visitedClasses="0" numClasses="0" visitedMethods="0" numMethods="1" />
              <MetadataToken>100663331</MetadataToken>
              <Name>static System.Boolean GDX.EnumExtensions::HasFlags[T](T, T)</Name>
              <FileRef uid="11" />
              <SequencePoints>
                <SequencePoint vc="0" uspid="5049049" ordinal="0" offset="0" sl="50" sc="0" el="50" ec="0" bec="0" bev="0" fileid="11">
                  <TrackedMethodRefs>
                    <TrackedMethodRef uid="0" vc="0" />
                  </TrackedMethodRefs>
                </SequencePoint>
                <SequencePoint vc="0" uspid="5049050" ordinal="0" offset="1" sl="51" sc="0" el="51" ec="0" bec="0" bev="0" fileid="11">
                  <TrackedMethodRefs>
                    <TrackedMethodRef uid="0" vc="0" />
                  </TrackedMethodRefs>
                </SequencePoint>
                <SequencePoint vc="0" uspid="5049051" ordinal="0" offset="15" sl="52" sc="0" el="52" ec="0" bec="0" bev="0" fileid="11">
                  <TrackedMethodRefs>
                    <TrackedMethodRef uid="0" vc="0" />
                  </TrackedMethodRefs>
                </SequencePoint>
              </SequencePoints>
              <BranchPoints />
            </Method>
          </Methods>
        </Class>
        <Class>
          <Summary numSequencePoints="0" visitedSequencePoints="0" numBranchPoints="0" visitedBranchPoints="0" sequenceCoverage="0" branchCoverage="0" maxCyclomaticComplexity="0" minCyclomaticComplexity="0" maxCrapScore="0" minCrapScore="0" visitedClasses="0" numClasses="1" visitedMethods="0" numMethods="0" />
          <FullName>GDX.GameObjectExtensions</FullName>
          <Methods />
        </Class>
        <Class>
          <Summary numSequencePoints="58" visitedSequencePoints="0" numBranchPoints="0" visitedBranchPoints="0" sequenceCoverage="0.0" branchCoverage="0.0" maxCyclomaticComplexity="3" minCyclomaticComplexity="1" maxCrapScore="12" minCrapScore="2" visitedClasses="0" numClasses="1" visitedMethods="0" numMethods="6" />
          <FullName>GDX.IListExtensions</FullName>
          <Methods>
            <Method visited="false" cyclomaticComplexity="2" nPathComplexity="0" sequenceCoverage="0.0" branchCoverage="0" crapScore="6" isConstructor="false" isStatic="true" isGetter="false" isSetter="false">
              <Summary numSequencePoints="7" visitedSequencePoints="0" numBranchPoints="0" visitedBranchPoints="0" sequenceCoverage="0.0" branchCoverage="0" maxCyclomaticComplexity="2" minCyclomaticComplexity="2" maxCrapScore="6" minCrapScore="6" visitedClasses="0" numClasses="0" visitedMethods="0" numMethods="1" />
              <MetadataToken>100663337</MetadataToken>
              <Name>static System.Boolean GDX.IListExtensions::AddUniqueItem[T](System.Collections.Generic.IList[T], T)</Name>
              <FileRef uid="13" />
              <SequencePoints>
                <SequencePoint vc="0" uspid="5049070" ordinal="0" offset="0" sl="25" sc="0" el="25" ec="0" bec="0" bev="0" fileid="13">
                  <TrackedMethodRefs>
                    <TrackedMethodRef uid="0" vc="0" />
                  </TrackedMethodRefs>
                </SequencePoint>
                <SequencePoint vc="0" uspid="5049071" ordinal="0" offset="1" sl="26" sc="0" el="26" ec="0" bec="0" bev="0" fileid="13">
                  <TrackedMethodRefs>
                    <TrackedMethodRef uid="0" vc="0" />
                  </TrackedMethodRefs>
                </SequencePoint>
                <SequencePoint vc="0" uspid="5049072" ordinal="0" offset="12" sl="27" sc="0" el="27" ec="0" bec="0" bev="0" fileid="13">
                  <TrackedMethodRefs>
                    <TrackedMethodRef uid="0" vc="0" />
                  </TrackedMethodRefs>
                </SequencePoint>
                <SequencePoint vc="0" uspid="5049073" ordinal="0" offset="13" sl="28" sc="0" el="28" ec="0" bec="0" bev="0" fileid="13">
                  <TrackedMethodRefs>
                    <TrackedMethodRef uid="0" vc="0" />
                  </TrackedMethodRefs>
                </SequencePoint>
                <SequencePoint vc="0" uspid="5049074" ordinal="0" offset="17" sl="31" sc="0" el="31" ec="0" bec="0" bev="0" fileid="13">
                  <TrackedMethodRefs>
                    <TrackedMethodRef uid="0" vc="0" />
                  </TrackedMethodRefs>
                </SequencePoint>
                <SequencePoint vc="0" uspid="5049075" ordinal="0" offset="25" sl="32" sc="0" el="32" ec="0" bec="0" bev="0" fileid="13">
                  <TrackedMethodRefs>
                    <TrackedMethodRef uid="0" vc="0" />
                  </TrackedMethodRefs>
                </SequencePoint>
                <SequencePoint vc="0" uspid="5049076" ordinal="0" offset="29" sl="34" sc="0" el="34" ec="0" bec="0" bev="0" fileid="13">
                  <TrackedMethodRefs>
                    <TrackedMethodRef uid="0" vc="0" />
                  </TrackedMethodRefs>
                </SequencePoint>
              </SequencePoints>
              <BranchPoints />
            </Method>
            <Method visited="false" cyclomaticComplexity="2" nPathComplexity="0" sequenceCoverage="0.0" branchCoverage="0" crapScore="6" isConstructor="false" isStatic="true" isGetter="false" isSetter="false">
              <Summary numSequencePoints="9" visitedSequencePoints="0" numBranchPoints="0" visitedBranchPoints="0" sequenceCoverage="0.0" branchCoverage="0" maxCyclomaticComplexity="2" minCyclomaticComplexity="2" maxCrapScore="6" minCrapScore="6" visitedClasses="0" numClasses="0" visitedMethods="0" numMethods="1" />
              <MetadataToken>100663338</MetadataToken>
              <Name>static System.Void GDX.IListExtensions::AddUniqueRange[T](System.Collections.Generic.IList[T], )</Name>
              <FileRef uid="13" />
              <SequencePoints>
                <SequencePoint vc="0" uspid="5049077" ordinal="0" offset="0" sl="45" sc="0" el="45" ec="0" bec="0" bev="0" fileid="13">
                  <TrackedMethodRefs>
                    <TrackedMethodRef uid="0" vc="0" />
                  </TrackedMethodRefs>
                </SequencePoint>
                <SequencePoint vc="0" uspid="5049078" ordinal="0" offset="1" sl="46" sc="0" el="46" ec="0" bec="0" bev="0" fileid="13">
                  <TrackedMethodRefs>
                    <TrackedMethodRef uid="0" vc="0" />
                  </TrackedMethodRefs>
                </SequencePoint>
                <SequencePoint vc="0" uspid="5049079" ordinal="0" offset="5" sl="47" sc="0" el="47" ec="0" bec="0" bev="0" fileid="13">
                  <TrackedMethodRefs>
                    <TrackedMethodRef uid="0" vc="0" />
                  </TrackedMethodRefs>
                </SequencePoint>
                <SequencePoint vc="0" uspid="5049080" ordinal="0" offset="9" sl="48" sc="0" el="48" ec="0" bec="0" bev="0" fileid="13">
                  <TrackedMethodRefs>
                    <TrackedMethodRef uid="0" vc="0" />
                  </TrackedMethodRefs>
                </SequencePoint>
                <SequencePoint vc="0" uspid="5049081" ordinal="0" offset="10" sl="49" sc="0" el="49" ec="0" bec="0" bev="0" fileid="13">
                  <TrackedMethodRefs>
                    <TrackedMethodRef uid="0" vc="0" />
                  </TrackedMethodRefs>
                </SequencePoint>
                <SequencePoint vc="0" uspid="5049082" ordinal="0" offset="24" sl="50" sc="0" el="50" ec="0" bec="0" bev="0" fileid="13">
                  <TrackedMethodRefs>
                    <TrackedMethodRef uid="0" vc="0" />
                  </TrackedMethodRefs>
                </SequencePoint>
                <SequencePoint vc="0" uspid="5049083" ordinal="0" offset="25" sl="47" sc="0" el="47" ec="0" bec="0" bev="0" fileid="13">
                  <TrackedMethodRefs>
                    <TrackedMethodRef uid="0" vc="0" />
                  </TrackedMethodRefs>
                </SequencePoint>
                <SequencePoint vc="0" uspid="5049084" ordinal="0" offset="29" sl="47" sc="0" el="47" ec="0" bec="0" bev="0" fileid="13">
                  <TrackedMethodRefs>
                    <TrackedMethodRef uid="0" vc="0" />
                  </TrackedMethodRefs>
                </SequencePoint>
                <SequencePoint vc="0" uspid="5049085" ordinal="0" offset="37" sl="51" sc="0" el="51" ec="0" bec="0" bev="0" fileid="13">
                  <TrackedMethodRefs>
                    <TrackedMethodRef uid="0" vc="0" />
                  </TrackedMethodRefs>
                </SequencePoint>
              </SequencePoints>
              <BranchPoints />
            </Method>
            <Method visited="false" cyclomaticComplexity="3" nPathComplexity="0" sequenceCoverage="0.0" branchCoverage="0" crapScore="12" isConstructor="false" isStatic="true" isGetter="false" isSetter="false">
              <Summary numSequencePoints="12" visitedSequencePoints="0" numBranchPoints="0" visitedBranchPoints="0" sequenceCoverage="0.0" branchCoverage="0" maxCyclomaticComplexity="3" minCyclomaticComplexity="3" maxCrapScore="12" minCrapScore="12" visitedClasses="0" numClasses="0" visitedMethods="0" numMethods="1" />
              <MetadataToken>100663339</MetadataToken>
              <Name>static System.Boolean GDX.IListExtensions::ContainsItem[T](System.Collections.Generic.IList[T], T)</Name>
              <FileRef uid="13" />
              <SequencePoints>
                <SequencePoint vc="0" uspid="5049086" ordinal="0" offset="0" sl="63" sc="0" el="63" ec="0" bec="0" bev="0" fileid="13">
                  <TrackedMethodRefs>
                    <TrackedMethodRef uid="0" vc="0" />
                  </TrackedMethodRefs>
                </SequencePoint>
                <SequencePoint vc="0" uspid="5049087" ordinal="0" offset="1" sl="64" sc="0" el="64" ec="0" bec="0" bev="0" fileid="13">
                  <TrackedMethodRefs>
                    <TrackedMethodRef uid="0" vc="0" />
                  </TrackedMethodRefs>
                </SequencePoint>
                <SequencePoint vc="0" uspid="5049088" ordinal="0" offset="8" sl="65" sc="0" el="65" ec="0" bec="0" bev="0" fileid="13">
                  <TrackedMethodRefs>
                    <TrackedMethodRef uid="0" vc="0" />
                  </TrackedMethodRefs>
                </SequencePoint>
                <SequencePoint vc="0" uspid="5049089" ordinal="0" offset="12" sl="66" sc="0" el="66" ec="0" bec="0" bev="0" fileid="13">
                  <TrackedMethodRefs>
                    <TrackedMethodRef uid="0" vc="0" />
                  </TrackedMethodRefs>
                </SequencePoint>
                <SequencePoint vc="0" uspid="5049090" ordinal="0" offset="13" sl="67" sc="0" el="67" ec="0" bec="0" bev="0" fileid="13">
                  <TrackedMethodRefs>
                    <TrackedMethodRef uid="0" vc="0" />
                  </TrackedMethodRefs>
                </SequencePoint>
                <SequencePoint vc="0" uspid="5049091" ordinal="0" offset="37" sl="68" sc="0" el="68" ec="0" bec="0" bev="0" fileid="13">
                  <TrackedMethodRefs>
                    <TrackedMethodRef uid="0" vc="0" />
                  </TrackedMethodRefs>
                </SequencePoint>
                <SequencePoint vc="0" uspid="5049092" ordinal="0" offset="38" sl="69" sc="0" el="69" ec="0" bec="0" bev="0" fileid="13">
                  <TrackedMethodRefs>
                    <TrackedMethodRef uid="0" vc="0" />
                  </TrackedMethodRefs>
                </SequencePoint>
                <SequencePoint vc="0" uspid="5049093" ordinal="0" offset="42" sl="71" sc="0" el="71" ec="0" bec="0" bev="0" fileid="13">
                  <TrackedMethodRefs>
                    <TrackedMethodRef uid="0" vc="0" />
                  </TrackedMethodRefs>
                </SequencePoint>
                <SequencePoint vc="0" uspid="5049094" ordinal="0" offset="43" sl="65" sc="0" el="65" ec="0" bec="0" bev="0" fileid="13">
                  <TrackedMethodRefs>
                    <TrackedMethodRef uid="0" vc="0" />
                  </TrackedMethodRefs>
                </SequencePoint>
[...]
                  <TrackedMethodRefs>
                    <TrackedMethodRef uid="0" vc="0" />
                  </TrackedMethodRefs>
                </SequencePoint>
                <SequencePoint vc="0" uspid="5050072" ordinal="0" offset="49" sl="502" sc="0" el="502" ec="0" bec="0" bev="0" fileid="24">
                  <TrackedMethodRefs>
                    <TrackedMethodRef uid="0" vc="0" />
                  </TrackedMethodRefs>
                </SequencePoint>
                <SequencePoint vc="0" uspid="5050073" ordinal="0" offset="50" sl="503" sc="0" el="503" ec="0" bec="0" bev="0" fileid="24">
                  <TrackedMethodRefs>
                    <TrackedMethodRef uid="0" vc="0" />
                  </TrackedMethodRefs>
                </SequencePoint>
                <SequencePoint vc="0" uspid="5050074" ordinal="0" offset="52" sl="506" sc="0" el="506" ec="0" bec="0" bev="0" fileid="24">
                  <TrackedMethodRefs>
                    <TrackedMethodRef uid="0" vc="0" />
                  </TrackedMethodRefs>
                </SequencePoint>
                <SequencePoint vc="0" uspid="5050075" ordinal="0" offset="60" sl="507" sc="0" el="507" ec="0" bec="0" bev="0" fileid="24">
                  <TrackedMethodRefs>
                    <TrackedMethodRef uid="0" vc="0" />
                  </TrackedMethodRefs>
                </SequencePoint>
                <SequencePoint vc="0" uspid="5050076" ordinal="0" offset="65" sl="498" sc="0" el="498" ec="0" bec="0" bev="0" fileid="24">
                  <TrackedMethodRefs>
                    <TrackedMethodRef uid="0" vc="0" />
                  </TrackedMethodRefs>
                </SequencePoint>
                <SequencePoint vc="0" uspid="5050077" ordinal="0" offset="69" sl="498" sc="0" el="498" ec="0" bec="0" bev="0" fileid="24">
                  <TrackedMethodRefs>
                    <TrackedMethodRef uid="0" vc="0" />
                  </TrackedMethodRefs>
                </SequencePoint>
                <SequencePoint vc="0" uspid="5050078" ordinal="0" offset="82" sl="510" sc="0" el="510" ec="0" bec="0" bev="0" fileid="24">
                  <TrackedMethodRefs>
                    <TrackedMethodRef uid="0" vc="0" />
                  </TrackedMethodRefs>
                </SequencePoint>
                <SequencePoint vc="0" uspid="5050079" ordinal="0" offset="87" sl="511" sc="0" el="511" ec="0" bec="0" bev="0" fileid="24">
                  <TrackedMethodRefs>
                    <TrackedMethodRef uid="0" vc="0" />
                  </TrackedMethodRefs>
                </SequencePoint>
              </SequencePoints>
              <BranchPoints />
            </Method>
          </Methods>
        </Class>
        <Class>
          <Summary numSequencePoints="0" visitedSequencePoints="0" numBranchPoints="0" visitedBranchPoints="0" sequenceCoverage="0" branchCoverage="0" maxCyclomaticComplexity="0" minCyclomaticComplexity="0" maxCrapScore="0" minCrapScore="0" visitedClasses="0" numClasses="1" visitedMethods="0" numMethods="0" />
          <FullName>GDX.TransformExtensions</FullName>
          <Methods />
        </Class>
        <Class>
          <Summary numSequencePoints="37" visitedSequencePoints="0" numBranchPoints="0" visitedBranchPoints="0" sequenceCoverage="0.0" branchCoverage="0.0" maxCyclomaticComplexity="7" minCyclomaticComplexity="1" maxCrapScore="56" minCrapScore="2" visitedClasses="0" numClasses="1" visitedMethods="0" numMethods="4" />
          <FullName>GDX.Tables.StableTable</FullName>
          <Methods>
            <Method visited="false" cyclomaticComplexity="1" nPathComplexity="0" sequenceCoverage="0.0" branchCoverage="0" crapScore="2" isConstructor="false" isStatic="false" isGetter="false" isSetter="false">
              <Summary numSequencePoints="5" visitedSequencePoints="0" numBranchPoints="0" visitedBranchPoints="0" sequenceCoverage="0.0" branchCoverage="0" maxCyclomaticComplexity="1" minCyclomaticComplexity="1" maxCrapScore="2" minCrapScore="2" visitedClasses="0" numClasses="0" visitedMethods="0" numMethods="1" />
              <MetadataToken>100663613</MetadataToken>
              <Name>System.Void GDX.Tables.StableTable::SetTypeNameForObjectColumn[T](System.Int32)</Name>
              <FileRef uid="35" />
              <SequencePoints>
                <SequencePoint vc="0" uspid="5051944" ordinal="0" offset="0" sl="962" sc="0" el="962" ec="0" bec="0" bev="0" fileid="35">
                  <TrackedMethodRefs>
                    <TrackedMethodRef uid="0" vc="0" />
                  </TrackedMethodRefs>
                </SequencePoint>
                <SequencePoint vc="0" uspid="5051945" ordinal="0" offset="1" sl="963" sc="0" el="963" ec="0" bec="0" bev="0" fileid="35">
                  <TrackedMethodRefs>
                    <TrackedMethodRef uid="0" vc="0" />
                  </TrackedMethodRefs>
                </SequencePoint>
                <SequencePoint vc="0" uspid="5051946" ordinal="0" offset="9" sl="964" sc="0" el="964" ec="0" bec="0" bev="0" fileid="35">
                  <TrackedMethodRefs>
                    <TrackedMethodRef uid="0" vc="0" />
                  </TrackedMethodRefs>
                </SequencePoint>
                <SequencePoint vc="0" uspid="5051947" ordinal="0" offset="27" sl="965" sc="0" el="965" ec="0" bec="0" bev="0" fileid="35">
                  <TrackedMethodRefs>
                    <TrackedMethodRef uid="0" vc="0" />
                  </TrackedMethodRefs>
                </SequencePoint>
                <SequencePoint vc="0" uspid="5051948" ordinal="0" offset="50" sl="966" sc="0" el="966" ec="0" bec="0" bev="0" fileid="35">
                  <TrackedMethodRefs>
                    <TrackedMethodRef uid="0" vc="0" />
                  </TrackedMethodRefs>
                </SequencePoint>
              </SequencePoints>
              <BranchPoints />
            </Method>
            <Method visited="false" cyclomaticComplexity="1" nPathComplexity="0" sequenceCoverage="0.0" branchCoverage="0" crapScore="2" isConstructor="false" isStatic="false" isGetter="false" isSetter="false">
              <Summary numSequencePoints="7" visitedSequencePoints="0" numBranchPoints="0" visitedBranchPoints="0" sequenceCoverage="0.0" branchCoverage="0" maxCyclomaticComplexity="1" minCyclomaticComplexity="1" maxCrapScore="2" minCrapScore="2" visitedClasses="0" numClasses="0" visitedMethods="0" numMethods="1" />
              <MetadataToken>100663714</MetadataToken>
              <Name>T GDX.Tables.StableTable::GetCell[T](System.Int32, System.Int32, )</Name>
              <FileRef uid="35" />
              <SequencePoints>
                <SequencePoint vc="0" uspid="5052501" ordinal="0" offset="0" sl="1735" sc="0" el="1735" ec="0" bec="0" bev="0" fileid="35">
                  <TrackedMethodRefs>
                    <TrackedMethodRef uid="0" vc="0" />
                  </TrackedMethodRefs>
                </SequencePoint>
                <SequencePoint vc="0" uspid="5052502" ordinal="0" offset="1" sl="1736" sc="0" el="1736" ec="0" bec="0" bev="0" fileid="35">
                  <TrackedMethodRefs>
                    <TrackedMethodRef uid="0" vc="0" />
                  </TrackedMethodRefs>
                </SequencePoint>
                <SequencePoint vc="0" uspid="5052503" ordinal="0" offset="9" sl="1737" sc="0" el="1737" ec="0" bec="0" bev="0" fileid="35">
                  <TrackedMethodRefs>
                    <TrackedMethodRef uid="0" vc="0" />
                  </TrackedMethodRefs>
                </SequencePoint>
                <SequencePoint vc="0" uspid="5052504" ordinal="0" offset="17" sl="1738" sc="0" el="1738" ec="0" bec="0" bev="0" fileid="35">
                  <TrackedMethodRefs>
                    <TrackedMethodRef uid="0" vc="0" />
                  </TrackedMethodRefs>
                </SequencePoint>
                <SequencePoint vc="0" uspid="5052505" ordinal="0" offset="35" sl="1739" sc="0" el="1739" ec="0" bec="0" bev="0" fileid="35">
                  <TrackedMethodRefs>
                    <TrackedMethodRef uid="0" vc="0" />
                  </TrackedMethodRefs>
                </SequencePoint>
                <SequencePoint vc="0" uspid="5052506" ordinal="0" offset="44" sl="1740" sc="0" el="1740" ec="0" bec="0" bev="0" fileid="35">
                  <TrackedMethodRefs>
                    <TrackedMethodRef uid="0" vc="0" />
                  </TrackedMethodRefs>
                </SequencePoint>
                <SequencePoint vc="0" uspid="5052507" ordinal="0" offset="66" sl="1741" sc="0" el="1741" ec="0" bec="0" bev="0" fileid="35">
                  <TrackedMethodRefs>
                    <TrackedMethodRef uid="0" vc="0" />
                  </TrackedMethodRefs>
                </SequencePoint>
              </SequencePoints>
              <BranchPoints />
            </Method>
            <Method visited="false" cyclomaticComplexity="1" nPathComplexity="0" sequenceCoverage="0.0" branchCoverage="0" crapScore="2" isConstructor="false" isStatic="false" isGetter="false" isSetter="false">
              <Summary numSequencePoints="9" visitedSequencePoints="0" numBranchPoints="0" visitedBranchPoints="0" sequenceCoverage="0.0" branchCoverage="0" maxCyclomaticComplexity="1" minCyclomaticComplexity="1" maxCrapScore="2" minCrapScore="2" visitedClasses="0" numClasses="0" visitedMethods="0" numMethods="1" />
              <MetadataToken>100663715</MetadataToken>
              <Name>System.UInt64 GDX.Tables.StableTable::SetCell[T](System.Int32, System.Int32, , T)</Name>
              <FileRef uid="35" />
              <SequencePoints>
                <SequencePoint vc="0" uspid="5052508" ordinal="0" offset="0" sl="1744" sc="0" el="1744" ec="0" bec="0" bev="0" fileid="35">
                  <TrackedMethodRefs>
                    <TrackedMethodRef uid="0" vc="0" />
                  </TrackedMethodRefs>
                </SequencePoint>
                <SequencePoint vc="0" uspid="5052509" ordinal="0" offset="1" sl="1745" sc="0" el="1745" ec="0" bec="0" bev="0" fileid="35">
                  <TrackedMethodRefs>
                    <TrackedMethodRef uid="0" vc="0" />
                  </TrackedMethodRefs>
                </SequencePoint>
                <SequencePoint vc="0" uspid="5052510" ordinal="0" offset="9" sl="1746" sc="0" el="1746" ec="0" bec="0" bev="0" fileid="35">
                  <TrackedMethodRefs>
                    <TrackedMethodRef uid="0" vc="0" />
                  </TrackedMethodRefs>
                </SequencePoint>
                <SequencePoint vc="0" uspid="5052511" ordinal="0" offset="17" sl="1747" sc="0" el="1747" ec="0" bec="0" bev="0" fileid="35">
                  <TrackedMethodRefs>
                    <TrackedMethodRef uid="0" vc="0" />
                  </TrackedMethodRefs>
                </SequencePoint>
                <SequencePoint vc="0" uspid="5052512" ordinal="0" offset="35" sl="1748" sc="0" el="1748" ec="0" bec="0" bev="0" fileid="35">
                  <TrackedMethodRefs>
                    <TrackedMethodRef uid="0" vc="0" />
                  </TrackedMethodRefs>
                </SequencePoint>
                <SequencePoint vc="0" uspid="5052513" ordinal="0" offset="44" sl="1749" sc="0" el="1749" ec="0" bec="0" bev="0" fileid="35">
                  <TrackedMethodRefs>
                    <TrackedMethodRef uid="0" vc="0" />
                  </TrackedMethodRefs>
                </SequencePoint>
                <SequencePoint vc="0" uspid="5052514" ordinal="0" offset="65" sl="1750" sc="0" el="1750" ec="0" bec="0" bev="0" fileid="35">
                  <TrackedMethodRefs>
                    <TrackedMethodRef uid="0" vc="0" />
                  </TrackedMethodRefs>
                </SequencePoint>
                <SequencePoint vc="0" uspid="5052515" ordinal="0" offset="80" sl="1751" sc="0" el="1751" ec="0" bec="0" bev="0" fileid="35">
                  <TrackedMethodRefs>
                    <TrackedMethodRef uid="0" vc="0" />
                  </TrackedMethodRefs>
                </SequencePoint>
                <SequencePoint vc="0" uspid="5052516" ordinal="0" offset="89" sl="1752" sc="0" el="1752" ec="0" bec="0" bev="0" fileid="35">
                  <TrackedMethodRefs>
                    <TrackedMethodRef uid="0" vc="0" />
                  </TrackedMethodRefs>
                </SequencePoint>
              </SequencePoints>
              <BranchPoints />
            </Method>
            <Method visited="false" cyclomaticComplexity="7" nPathComplexity="0" sequenceCoverage="0.0" branchCoverage="0" crapScore="56" isConstructor="false" isStatic="false" isGetter="false" isSetter="false">
              <Summary numSequencePoints="16" visitedSequencePoints="0" numBranchPoints="0" visitedBranchPoints="0" sequenceCoverage="0.0" branchCoverage="0" maxCyclomaticComplexity="7" minCyclomaticComplexity="7" maxCrapScore="56" minCrapScore="56" visitedClasses="0" numClasses="0" visitedMethods="0" numMethods="1" />
              <MetadataToken>100663717</MetadataToken>
              <Name>System.Void GDX.Tables.StableTable::SetRowOrderForColumns[T](, System.Int32, System.Int32)</Name>
              <FileRef uid="35" />
              <SequencePoints>
                <SequencePoint vc="0" uspid="5052522" ordinal="0" offset="0" sl="1762" sc="0" el="1762" ec="0" bec="0" bev="0" fileid="35">
                  <TrackedMethodRefs>
                    <TrackedMethodRef uid="0" vc="0" />
                  </TrackedMethodRefs>
                </SequencePoint>
                <SequencePoint vc="0" uspid="5052523" ordinal="0" offset="1" sl="1763" sc="0" el="1763" ec="0" bec="0" bev="0" fileid="35">
                  <TrackedMethodRefs>
                    <TrackedMethodRef uid="0" vc="0" />
                  </TrackedMethodRefs>
                </SequencePoint>
                <SequencePoint vc="0" uspid="5052524" ordinal="0" offset="11" sl="1764" sc="0" el="1764" ec="0" bec="0" bev="0" fileid="35">
                  <TrackedMethodRefs>
                    <TrackedMethodRef uid="0" vc="0" />
                  </TrackedMethodRefs>
                </SequencePoint>
                <SequencePoint vc="0" uspid="5052525" ordinal="0" offset="20" sl="1765" sc="0" el="1765" ec="0" bec="0" bev="0" fileid="35">
                  <TrackedMethodRefs>
                    <TrackedMethodRef uid="0" vc="0" />
                  </TrackedMethodRefs>
                </SequencePoint>
                <SequencePoint vc="0" uspid="5052526" ordinal="0" offset="24" sl="1766" sc="0" el="1766" ec="0" bec="0" bev="0" fileid="35">
                  <TrackedMethodRefs>
                    <TrackedMethodRef uid="0" vc="0" />
                  </TrackedMethodRefs>
                </SequencePoint>
                <SequencePoint vc="0" uspid="5052527" ordinal="0" offset="25" sl="1767" sc="0" el="1767" ec="0" bec="0" bev="0" fileid="35">
                  <TrackedMethodRefs>
                    <TrackedMethodRef uid="0" vc="0" />
                  </TrackedMethodRefs>
                </SequencePoint>
                <SequencePoint vc="0" uspid="5052528" ordinal="0" offset="38" sl="1769" sc="0" el="1769" ec="0" bec="0" bev="0" fileid="35">
                  <TrackedMethodRefs>
                    <TrackedMethodRef uid="0" vc="0" />
                  </TrackedMethodRefs>
                </SequencePoint>
                <SequencePoint vc="0" uspid="5052529" ordinal="0" offset="43" sl="1770" sc="0" el="1770" ec="0" bec="0" bev="0" fileid="35">
                  <TrackedMethodRefs>
                    <TrackedMethodRef uid="0" vc="0" />
                  </TrackedMethodRefs>
                </SequencePoint>
                <SequencePoint vc="0" uspid="5052530" ordinal="0" offset="44" sl="1771" sc="0" el="1771" ec="0" bec="0" bev="0" fileid="35">
                  <TrackedMethodRefs>
                    <TrackedMethodRef uid="0" vc="0" />
                  </TrackedMethodRefs>
                </SequencePoint>
                <SequencePoint vc="0" uspid="5052531" ordinal="0" offset="62" sl="1772" sc="0" el="1772" ec="0" bec="0" bev="0" fileid="35">
                  <TrackedMethodRefs>
                    <TrackedMethodRef uid="0" vc="0" />
                  </TrackedMethodRefs>
                </SequencePoint>
                <SequencePoint vc="0" uspid="5052532" ordinal="0" offset="63" sl="1769" sc="0" el="1769" ec="0" bec="0" bev="0" fileid="35">
                  <TrackedMethodRefs>
                    <TrackedMethodRef uid="0" vc="0" />
                  </TrackedMethodRefs>
                </SequencePoint>
                <SequencePoint vc="0" uspid="5052533" ordinal="0" offset="69" sl="1769" sc="0" el="1769" ec="0" bec="0" bev="0" fileid="35">
                  <TrackedMethodRefs>
                    <TrackedMethodRef uid="0" vc="0" />
                  </TrackedMethodRefs>
                </SequencePoint>
                <SequencePoint vc="0" uspid="5052534" ordinal="0" offset="83" sl="1773" sc="0" el="1773" ec="0" bec="0" bev="0" fileid="35">
                  <TrackedMethodRefs>
                    <TrackedMethodRef uid="0" vc="0" />
                  </TrackedMethodRefs>
                </SequencePoint>
                <SequencePoint vc="0" uspid="5052535" ordinal="0" offset="84" sl="1765" sc="0" el="1765" ec="0" bec="0" bev="0" fileid="35">
                  <TrackedMethodRefs>
                    <TrackedMethodRef uid="0" vc="0" />
                  </TrackedMethodRefs>
                </SequencePoint>
                <SequencePoint vc="0" uspid="5052536" ordinal="0" offset="88" sl="1765" sc="0" el="1765" ec="0" bec="0" bev="0" fileid="35">
                  <TrackedMethodRefs>
                    <TrackedMethodRef uid="0" vc="0" />
                  </TrackedMethodRefs>
                </SequencePoint>
                <SequencePoint vc="0" uspid="5052537" ordinal="0" offset="98" sl="1774" sc="0" el="1774" ec="0" bec="0" bev="0" fileid="35">
                  <TrackedMethodRefs>
                    <TrackedMethodRef uid="0" vc="0" />
                  </TrackedMethodRefs>
                </SequencePoint>
              </SequencePoints>
              <BranchPoints />
            </Method>
          </Methods>
        </Class>
        <Class>
          <Summary numSequencePoints="0" visitedSequencePoints="0" numBranchPoints="0" visitedBranchPoints="0" sequenceCoverage="0" branchCoverage="0" maxCyclomaticComplexity="0" minCyclomaticComplexity="0" maxCrapScore="0" minCrapScore="0" visitedClasses="0" numClasses="1" visitedMethods="0" numMethods="0" />
          <FullName>GDX.Developer.Reports.ResourcesAuditReport</FullName>
          <Methods />
        </Class>
        <Class>
          <Summary numSequencePoints="0" visitedSequencePoints="0" numBranchPoints="0" visitedBranchPoints="0" sequenceCoverage="0" branchCoverage="0" maxCyclomaticComplexity="0" minCyclomaticComplexity="0" maxCrapScore="0" minCrapScore="0" visitedClasses="0" numClasses="1" visitedMethods="0" numMethods="0" />
          <FullName>GDX.Collections.SparseSet</FullName>
          <Methods />
        </Class>
        <Class>
          <Summary numSequencePoints="0" visitedSequencePoints="0" numBranchPoints="0" visitedBranchPoints="0" sequenceCoverage="0" branchCoverage="0" maxCyclomaticComplexity="0" minCyclomaticComplexity="0" maxCrapScore="0" minCrapScore="0" visitedClasses="0" numClasses="1" visitedMethods="0" numMethods="0" />
          <FullName>GDX.Collections.Pooling.ManagedPools</FullName>
          <Methods />
        </Class>
      </Classes>
      <TrackedMethods>
        <TrackedMethod uid="0" token="100663340" name="System.Void GDX.LocalizationTests::GetHumanReadableFileSize_100_ReturnsValidString()" strategy="Test" />
      </TrackedMethods>
    </Module>
  </Modules>
</CoverageSession>